<?xml version="1.0" encoding="UTF-8"?>
<testsuites name="TestSuite" time="3305" tests="2" failures="4" errors="2">
   <testsuite name="TestSuite" tests="2" failures="4" errors="2" time="3305" timestamp="2020-03-16 09:01:48" hostname="i331477 - localhost" id="Test Suites/TestSuite">
      <properties>
         <property name="deviceName" value=""/>
         <property name="devicePlatform" value=""/>
         <property name="logFolder" value="/Users/i331477/git/S4MicroServiceKatalon/Reports/TestSuite/20200316_090146"/>
         <property name="logFiles" value="/Users/i331477/git/S4MicroServiceKatalon/Reports/TestSuite/20200316_090146/execution0.log"/>
         <property name="attachments" value="/Users/i331477/git/S4MicroServiceKatalon/Reports/TestSuite/20200316_090146/1584330628924.png, /Users/i331477/git/S4MicroServiceKatalon/Reports/TestSuite/20200316_090146/1584330633794.png, /Users/i331477/git/S4MicroServiceKatalon/Reports/TestSuite/20200316_090146/1584330637218.png, /Users/i331477/git/S4MicroServiceKatalon/Reports/TestSuite/20200316_090146/1584330888355.png, /Users/i331477/git/S4MicroServiceKatalon/Reports/TestSuite/20200316_090146/1584330924158.png, /Users/i331477/git/S4MicroServiceKatalon/Reports/TestSuite/20200316_090146/1584330925989.png, /Users/i331477/git/S4MicroServiceKatalon/Reports/TestSuite/20200316_090146/1584330997789.png, /Users/i331477/git/S4MicroServiceKatalon/Reports/TestSuite/20200316_090146/1584331050213.png, /Users/i331477/git/S4MicroServiceKatalon/Reports/TestSuite/20200316_090146/1584331052069.png, /Users/i331477/git/S4MicroServiceKatalon/Reports/TestSuite/20200316_090146/1584332342760.png, /Users/i331477/git/S4MicroServiceKatalon/Reports/TestSuite/20200316_090146/1584332600556.png"/>
         <property name="hostName" value="i331477 - localhost"/>
         <property name="os" value="Mac OS X 64bit"/>
         <property name="katalonVersion" value="6.1.0.1"/>
         <property name="browser" value="Chrome 63.0.3239.132"/>
         <property name="hostAddress" value="127.0.0.1"/>
         <property name="sessionId" value="196509f4e4d16ec65d794ad2e9558130"/>
         <property name="seleniumVersion" value="3.7.1"/>
         <property name="proxyInformation" value="ProxyInformation{proxyOption=NO_PROXY, proxyServerType=HTTP, password=, proxyServerAddress=, proxyServerPort=0}"/>
         <property name="platform" value="Mac OS X"/>
      </properties>
      <testcase name="Test Cases/DMS/PricingConditionSupportForLots - Copy/DMSTC-3002_ContractHavingLotWithAPCTerm" classname="Test Cases/DMS/PricingConditionSupportForLots - Copy/DMSTC-3002_ContractHavingLotWithAPCTerm" status="PASSED">
         <system-out><![CDATA[2020-03-16 09:01:49 - [TEST_CASE][PASSED] - Test Cases/DMS/PricingConditionSupportForLots - Copy/DMSTC-3002_ContractHavingLotWithAPCTerm: Test Cases/DMS/PricingConditionSupportForLots - Copy/DMSTC-3002_ContractHavingLotWithAPCTerm

2020-03-16 09:01:49 - [TEST_STEP][PASSED] - Start listener action : sampleBeforeTestCase: null

2020-03-16 09:01:49 - [TEST_STEP][PASSED] - println(testCaseContext.getTestCaseId()): null

2020-03-16 09:01:49 - [TEST_STEP][PASSED] - println(testCaseContext.getTestCaseVariables()): null

2020-03-16 09:01:49 - [TEST_STEP][PASSED] - fileName = "TestData.xlsx": null

2020-03-16 09:01:49 - [TEST_STEP][PASSED] - fileRelPath = "/Test Files/dms/ExcelValidations/": null

2020-03-16 09:01:49 - [TEST_STEP][PASSED] - sheetName = "Shashi_pricingConditions": null

2020-03-16 09:01:49 - [TEST_STEP][PASSED] - dataTableName = "DataSet7": null

2020-03-16 09:01:49 - [TEST_STEP][PASSED] - columnHeader = "toggles": null

2020-03-16 09:01:49 - [TEST_STEP][PASSED] - LOT_TERM_APC_PRICE_LOC = "//input[@awname='_DerivedStringValue::PCCostTermView_DerivedStringValue:fieldValue']": null

2020-03-16 09:01:49 - [TEST_STEP][PASSED] - LOTTERMAPCLINK_LOC = "//a[contains(@awname,'CW Term') and text()='View pricing conditions ']": null

2020-03-16 09:01:49 - [TEST_STEP][PASSED] - service = baseURL: null

2020-03-16 09:01:49 - [TEST_STEP][PASSED] - realm = realm: null

2020-03-16 09:01:49 - [TEST_STEP][PASSED] - appLoginUrl = service + "/Sourcing/Main?realm=" + realm: null

2020-03-16 09:01:49 - [TEST_STEP][PASSED] - CW = contractName + System.currentTimeMillis(): null

2020-03-16 09:01:49 - [TEST_STEP][PASSED] - userName = "customersupportadmin": null

2020-03-16 09:01:49 - [TEST_STEP][PASSED] - callTestCase(findTestCase("DMS/UtilTests/LoginIntoApp"), ["appLoginUrl":appLoginUrl, "userName":userName], STOP_ON_FAILURE): Call Test Case 'Test Cases/DMS/UtilTests/LoginIntoApp' successfully

2020-03-16 09:01:49 - [TEST_CASE][PASSED] - Test Cases/DMS/UtilTests/LoginIntoApp: Test Cases/DMS/UtilTests/LoginIntoApp

2020-03-16 09:01:49 - [TEST_STEP][PASSED] - openBrowser(""): Browser is opened with url: ''

2020-03-16 09:01:49 - [MESSAGE][INFO] - Starting 'Remote' driver

2020-03-16 09:01:49 - [MESSAGE][INFO] - User set preference: ['browserName', 'chrome']

2020-03-16 09:01:50 - [MESSAGE][INFO] - Connecting to remote web server 'http://10.173.0.211:4444/wd/hub' with type 'Selenium'

2020-03-16 09:01:50 - [MESSAGE][INFO] - Action delay is set to 0 seconds

2020-03-16 09:01:52 - [MESSAGE][PASSED] - Browser is opened with url: ''

2020-03-16 09:01:52 - [TEST_STEP][PASSED] - navigateToUrl(appLoginUrl): Navigate to 'https://svcdev7ss.ariba.com/Sourcing/Main?realm=s4SVAll' successfully

2020-03-16 09:01:54 - [MESSAGE][PASSED] - Navigate to 'https://svcdev7ss.ariba.com/Sourcing/Main?realm=s4SVAll' successfully

2020-03-16 09:01:54 - [TEST_STEP][PASSED] - common.util.aribakeywords.aribaClick(findTestObject("Object Repository/a_Test Central")): Element has been clicked

2020-03-16 09:01:55 - [MESSAGE][PASSED] - Object 'Object Repository/a_Test Central' is clickable

2020-03-16 09:01:56 - [MESSAGE][PASSED] - Scroll to object 'Object Repository/a_Test Central' successfully

2020-03-16 09:01:57 - [MESSAGE][PASSED] - Object 'Object Repository/a_Test Central' is visible

2020-03-16 09:01:58 - [MESSAGE][INFO] - Clicking element

2020-03-16 09:02:00 - [MESSAGE][PASSED] - Object: 'Object Repository/a_Test Central' is clicked on

2020-03-16 09:02:01 - [MESSAGE][INFO] - ************* JS EXECUTED ************: true

2020-03-16 09:02:02 - [MESSAGE][PASSED] - Delayed 1 second(s)

2020-03-16 09:02:02 - [MESSAGE][PASSED] - Element has been clicked

2020-03-16 09:02:02 - [TEST_STEP][PASSED] - setText(findTestObject("Object Repository/testcentralpageusername"), userName): Text 'customersupportadmin' is set on object 'Object Repository/testcentralpageusername'

2020-03-16 09:02:04 - [MESSAGE][PASSED] - Text 'customersupportadmin' is set on object 'Object Repository/testcentralpageusername'

2020-03-16 09:02:04 - [TEST_STEP][PASSED] - common.util.aribakeywords.aribaClick(findTestObject("Object Repository/testcentralsetuserbutton")): Element has been clicked

2020-03-16 09:02:05 - [MESSAGE][PASSED] - Object 'Object Repository/testcentralsetuserbutton' is clickable

2020-03-16 09:02:06 - [MESSAGE][PASSED] - Scroll to object 'Object Repository/testcentralsetuserbutton' successfully

2020-03-16 09:02:06 - [MESSAGE][PASSED] - Object 'Object Repository/testcentralsetuserbutton' is visible

2020-03-16 09:02:08 - [MESSAGE][INFO] - Clicking element

2020-03-16 09:02:09 - [MESSAGE][PASSED] - Object: 'Object Repository/testcentralsetuserbutton' is clicked on

2020-03-16 09:02:14 - [MESSAGE][INFO] - ************* JS EXECUTED ************: false

2020-03-16 09:02:15 - [MESSAGE][PASSED] - Delayed 1 second(s)

2020-03-16 09:02:16 - [MESSAGE][INFO] - ************* JS EXECUTED ************: true

2020-03-16 09:02:17 - [MESSAGE][PASSED] - Delayed 1 second(s)

2020-03-16 09:02:17 - [MESSAGE][PASSED] - Element has been clicked

2020-03-16 09:02:17 - [MESSAGE][PASSED] - Call Test Case 'Test Cases/DMS/UtilTests/LoginIntoApp' successfully

2020-03-16 09:02:17 - [TEST_STEP][PASSED] - volumeScaleFeature = "ariba.sourcing.util.SourcingEventFeatures.PricingConditionsWithScales": null

2020-03-16 09:02:17 - [TEST_STEP][PASSED] - fromScaleFeature = "ariba.sourcing.util.SourcingEventFeatures.FromScalesInPricingCondition": null

2020-03-16 09:02:17 - [TEST_STEP][PASSED] - appendReplaceContract = "ariba.collaborate.util.CollaborateFeatures.AppendLineItemsInExistingContract": null

2020-03-16 09:02:17 - [TEST_STEP][PASSED] - apcForBasketLots = "ariba.sourcing.util.SourcingEventFeatures.PricingConditionForBasketLot": null

2020-03-16 09:02:17 - [TEST_STEP][PASSED] - prepackMixedCase = "ariba.sourcing.util.RetailSourcingFeatures.PrePackAndMixedCases": null

2020-03-16 09:02:17 - [TEST_STEP][PASSED] - itemHierarchy = "ariba.sourcing.util.SourcingEventFeatures.SourcingItemHierarchy": null

2020-03-16 09:02:17 - [TEST_STEP][PASSED] - mixedCasedPrepack = "ariba.sourcing.util.RetailSourcingFeatures.PrePackAndMixedCasesInContract": null

2020-03-16 09:02:17 - [TEST_STEP][PASSED] - toggleList = [volumeScaleFeature, fromScaleFeature, appendReplaceContract, prepackMixedCase, itemHierarchy, mixedCasedPrepack]: null

2020-03-16 09:02:17 - [TEST_STEP][PASSED] - for ([i = 0, i < toggleList.size(), (i++)]): Call Test Case 'Test Cases/DMS/UtilTests/SetFeatureToggle' successfully

2020-03-16 09:02:17 - [TEST_STEP][PASSED] - callTestCase(findTestCase("DMS/UtilTests/SetFeatureToggle"), ["featureToggleName":toggleList[i]], STOP_ON_FAILURE): Call Test Case 'Test Cases/DMS/UtilTests/SetFeatureToggle' successfully

2020-03-16 09:02:17 - [TEST_CASE][PASSED] - Test Cases/DMS/UtilTests/SetFeatureToggle: Test Cases/DMS/UtilTests/SetFeatureToggle

2020-03-16 09:02:17 - [TEST_STEP][PASSED] - common.util.aribakeywords.aribaClick(findTestObject("Object Repository/a_TA..")): Element has been clicked

2020-03-16 09:02:18 - [MESSAGE][PASSED] - Object 'Object Repository/a_TA..' is clickable

2020-03-16 09:02:19 - [MESSAGE][PASSED] - Scroll to object 'Object Repository/a_TA..' successfully

2020-03-16 09:02:20 - [MESSAGE][PASSED] - Object 'Object Repository/a_TA..' is visible

2020-03-16 09:02:21 - [MESSAGE][INFO] - Clicking element

2020-03-16 09:02:22 - [MESSAGE][PASSED] - Object: 'Object Repository/a_TA..' is clicked on

2020-03-16 09:02:23 - [MESSAGE][INFO] - ************* JS EXECUTED ************: true

2020-03-16 09:02:24 - [MESSAGE][PASSED] - Delayed 1 second(s)

2020-03-16 09:02:24 - [MESSAGE][PASSED] - Element has been clicked

2020-03-16 09:02:24 - [TEST_STEP][PASSED] - common.util.aribakeywords.aribaClick(findTestObject("Object Repository/testCentral")): Element has been clicked

2020-03-16 09:02:25 - [MESSAGE][PASSED] - Object 'Object Repository/testCentral' is clickable

2020-03-16 09:02:26 - [MESSAGE][PASSED] - Scroll to object 'Object Repository/testCentral' successfully

2020-03-16 09:02:27 - [MESSAGE][PASSED] - Object 'Object Repository/testCentral' is visible

2020-03-16 09:02:28 - [MESSAGE][INFO] - Clicking element

2020-03-16 09:02:29 - [MESSAGE][PASSED] - Object: 'Object Repository/testCentral' is clicked on

2020-03-16 09:02:30 - [MESSAGE][INFO] - ************* JS EXECUTED ************: true

2020-03-16 09:02:31 - [MESSAGE][PASSED] - Delayed 1 second(s)

2020-03-16 09:02:31 - [MESSAGE][PASSED] - Element has been clicked

2020-03-16 09:02:31 - [TEST_STEP][PASSED] - common.util.aribakeywords.aribaClick(findTestObject("Object Repository/Page_TestCentralPage/input_User__njzfkc")): Element has been clicked

2020-03-16 09:02:32 - [MESSAGE][PASSED] - Object 'Object Repository/Page_TestCentralPage/input_User__njzfkc' is clickable

2020-03-16 09:02:33 - [MESSAGE][PASSED] - Scroll to object 'Object Repository/Page_TestCentralPage/input_User__njzfkc' successfully

2020-03-16 09:02:33 - [MESSAGE][PASSED] - Object 'Object Repository/Page_TestCentralPage/input_User__njzfkc' is visible

2020-03-16 09:02:35 - [MESSAGE][INFO] - Clicking element

2020-03-16 09:02:36 - [MESSAGE][PASSED] - Object: 'Object Repository/Page_TestCentralPage/input_User__njzfkc' is clicked on

2020-03-16 09:02:37 - [MESSAGE][INFO] - ************* JS EXECUTED ************: true

2020-03-16 09:02:38 - [MESSAGE][PASSED] - Delayed 1 second(s)

2020-03-16 09:02:38 - [MESSAGE][PASSED] - Element has been clicked

2020-03-16 09:02:38 - [TEST_STEP][PASSED] - scrollToElement(findTestObject("Object Repository/Page_TestCentralPage/a_Enable  Or  Disable  Feature"), 3): Scroll to object 'Object Repository/Page_TestCentralPage/a_Enable  Or  Disable  Feature' successfully

2020-03-16 09:02:39 - [MESSAGE][PASSED] - Scroll to object 'Object Repository/Page_TestCentralPage/a_Enable  Or  Disable  Feature' successfully

2020-03-16 09:02:39 - [TEST_STEP][PASSED] - common.util.aribakeywords.aribaClick(findTestObject("Object Repository/Page_TestCentralPage/a_Enable  Or  Disable  Feature")): Element has been clicked

2020-03-16 09:02:40 - [MESSAGE][PASSED] - Object 'Object Repository/Page_TestCentralPage/a_Enable  Or  Disable  Feature' is clickable

2020-03-16 09:02:41 - [MESSAGE][PASSED] - Scroll to object 'Object Repository/Page_TestCentralPage/a_Enable  Or  Disable  Feature' successfully

2020-03-16 09:02:42 - [MESSAGE][PASSED] - Object 'Object Repository/Page_TestCentralPage/a_Enable  Or  Disable  Feature' is visible

2020-03-16 09:02:43 - [MESSAGE][INFO] - Clicking element

2020-03-16 09:02:44 - [MESSAGE][PASSED] - Object: 'Object Repository/Page_TestCentralPage/a_Enable  Or  Disable  Feature' is clicked on

2020-03-16 09:02:45 - [MESSAGE][INFO] - ************* JS EXECUTED ************: true

2020-03-16 09:02:46 - [MESSAGE][PASSED] - Delayed 1 second(s)

2020-03-16 09:02:46 - [MESSAGE][PASSED] - Element has been clicked

2020-03-16 09:02:46 - [TEST_STEP][PASSED] - setText(findTestObject("Object Repository/input_Full Qualified Name of F"), featureToggleName): Text 'ariba.sourcing.util.SourcingEventFeatures.PricingConditionsWithScales' is set on object 'Object Repository/input_Full Qualified Name of F'

2020-03-16 09:02:48 - [MESSAGE][PASSED] - Text 'ariba.sourcing.util.SourcingEventFeatures.PricingConditionsWithScales' is set on object 'Object Repository/input_Full Qualified Name of F'

2020-03-16 09:02:48 - [TEST_STEP][PASSED] - common.util.aribakeywords.aribaClick(findTestObject("Object Repository/div_Run Stager")): common.util.aribakeywords.aribaClick is PASSED

2020-03-16 09:02:49 - [MESSAGE][PASSED] - Object 'Object Repository/div_Run Stager' is clickable

2020-03-16 09:02:50 - [MESSAGE][PASSED] - Scroll to object 'Object Repository/div_Run Stager' successfully

2020-03-16 09:02:51 - [MESSAGE][PASSED] - Object 'Object Repository/div_Run Stager' is visible

2020-03-16 09:02:53 - [MESSAGE][PASSED] - Object: 'Object Repository/div_Run Stager' is clicked on

2020-03-16 09:02:54 - [MESSAGE][INFO] - ************* JS EXECUTED ************: false

2020-03-16 09:02:55 - [MESSAGE][PASSED] - Delayed 1 second(s)

2020-03-16 09:02:55 - [MESSAGE][INFO] - ************* JS EXECUTED ************: false

2020-03-16 09:02:56 - [MESSAGE][PASSED] - Delayed 1 second(s)

2020-03-16 09:02:57 - [MESSAGE][INFO] - ************* JS EXECUTED ************: true

2020-03-16 09:02:58 - [MESSAGE][PASSED] - Delayed 1 second(s)

2020-03-16 09:02:59 - [MESSAGE][PASSED] - Object 'Object Repository/Page_Ariba Spend Management/input__bt5lrc' is clickable

2020-03-16 09:02:59 - [MESSAGE][PASSED] - Web element with id: 'Object Repository/Page_Ariba Spend Management/StackTrace' located by 'By.xpath: //*[@awname = 'SHOW_STACK_TRACE']' is not present after '1' second(s)

2020-03-16 09:03:00 - [MESSAGE][PASSED] - Web element with id: 'Object Repository/Page_Ariba Spend Management/StagerError' located by 'By.xpath: //*[@awname = 'TestStagerErrorPage:toggleStackTrace']' is not present after '1' second(s)

2020-03-16 09:03:00 - [MESSAGE][PASSED] - Web element with id: 'Object Repository/Page_Ariba Spend Management/ReturnToLoginPage' located by 'By.xpath: //*[@awname = 'Return to the Ariba login page::ARPException:linkAction']' is not present after '1' second(s)

2020-03-16 09:03:00 - [MESSAGE][INFO] - in Run stager method

2020-03-16 09:03:00 - [MESSAGE][INFO] -  I am able to see set user. So returning from runstager wait.

2020-03-16 09:03:01 - [MESSAGE][INFO] - ************* JS EXECUTED ************: true

2020-03-16 09:03:02 - [MESSAGE][PASSED] - Delayed 1 second(s)

2020-03-16 09:03:03 - [MESSAGE][INFO] - ************* JS EXECUTED ************: true

2020-03-16 09:03:04 - [MESSAGE][PASSED] - Delayed 1 second(s)

2020-03-16 09:03:04 - [MESSAGE][PASSED] - common.util.aribakeywords.aribaClick is PASSED

2020-03-16 09:03:04 - [MESSAGE][PASSED] - Call Test Case 'Test Cases/DMS/UtilTests/SetFeatureToggle' successfully

2020-03-16 09:03:04 - [TEST_STEP][PASSED] - callTestCase(findTestCase("DMS/UtilTests/SetFeatureToggle"), ["featureToggleName":toggleList[i]], STOP_ON_FAILURE): Call Test Case 'Test Cases/DMS/UtilTests/SetFeatureToggle' successfully

2020-03-16 09:03:04 - [TEST_CASE][PASSED] - Test Cases/DMS/UtilTests/SetFeatureToggle: Test Cases/DMS/UtilTests/SetFeatureToggle

2020-03-16 09:03:04 - [TEST_STEP][PASSED] - common.util.aribakeywords.aribaClick(findTestObject("Object Repository/a_TA..")): Element has been clicked

2020-03-16 09:03:05 - [MESSAGE][PASSED] - Object 'Object Repository/a_TA..' is clickable

2020-03-16 09:03:06 - [MESSAGE][PASSED] - Scroll to object 'Object Repository/a_TA..' successfully

2020-03-16 09:03:07 - [MESSAGE][PASSED] - Object 'Object Repository/a_TA..' is visible

2020-03-16 09:03:09 - [MESSAGE][INFO] - Clicking element

2020-03-16 09:03:10 - [MESSAGE][PASSED] - Object: 'Object Repository/a_TA..' is clicked on

2020-03-16 09:03:11 - [MESSAGE][INFO] - ************* JS EXECUTED ************: true

2020-03-16 09:03:12 - [MESSAGE][PASSED] - Delayed 1 second(s)

2020-03-16 09:03:12 - [MESSAGE][PASSED] - Element has been clicked

2020-03-16 09:03:12 - [TEST_STEP][PASSED] - common.util.aribakeywords.aribaClick(findTestObject("Object Repository/testCentral")): Element has been clicked

2020-03-16 09:03:13 - [MESSAGE][PASSED] - Object 'Object Repository/testCentral' is clickable

2020-03-16 09:03:13 - [MESSAGE][PASSED] - Scroll to object 'Object Repository/testCentral' successfully

2020-03-16 09:03:14 - [MESSAGE][PASSED] - Object 'Object Repository/testCentral' is visible

2020-03-16 09:03:16 - [MESSAGE][INFO] - Clicking element

2020-03-16 09:03:17 - [MESSAGE][PASSED] - Object: 'Object Repository/testCentral' is clicked on

2020-03-16 09:03:18 - [MESSAGE][INFO] - ************* JS EXECUTED ************: true

2020-03-16 09:03:19 - [MESSAGE][PASSED] - Delayed 1 second(s)

2020-03-16 09:03:19 - [MESSAGE][PASSED] - Element has been clicked

2020-03-16 09:03:19 - [TEST_STEP][PASSED] - common.util.aribakeywords.aribaClick(findTestObject("Object Repository/Page_TestCentralPage/input_User__njzfkc")): Element has been clicked

2020-03-16 09:03:20 - [MESSAGE][PASSED] - Object 'Object Repository/Page_TestCentralPage/input_User__njzfkc' is clickable

2020-03-16 09:03:21 - [MESSAGE][PASSED] - Scroll to object 'Object Repository/Page_TestCentralPage/input_User__njzfkc' successfully

2020-03-16 09:03:22 - [MESSAGE][PASSED] - Object 'Object Repository/Page_TestCentralPage/input_User__njzfkc' is visible

2020-03-16 09:03:23 - [MESSAGE][INFO] - Clicking element

2020-03-16 09:03:24 - [MESSAGE][PASSED] - Object: 'Object Repository/Page_TestCentralPage/input_User__njzfkc' is clicked on

2020-03-16 09:03:25 - [MESSAGE][INFO] - ************* JS EXECUTED ************: true

2020-03-16 09:03:26 - [MESSAGE][PASSED] - Delayed 1 second(s)

2020-03-16 09:03:26 - [MESSAGE][PASSED] - Element has been clicked

2020-03-16 09:03:26 - [TEST_STEP][PASSED] - scrollToElement(findTestObject("Object Repository/Page_TestCentralPage/a_Enable  Or  Disable  Feature"), 3): Scroll to object 'Object Repository/Page_TestCentralPage/a_Enable  Or  Disable  Feature' successfully

2020-03-16 09:03:27 - [MESSAGE][PASSED] - Scroll to object 'Object Repository/Page_TestCentralPage/a_Enable  Or  Disable  Feature' successfully

2020-03-16 09:03:27 - [TEST_STEP][PASSED] - common.util.aribakeywords.aribaClick(findTestObject("Object Repository/Page_TestCentralPage/a_Enable  Or  Disable  Feature")): Element has been clicked

2020-03-16 09:03:28 - [MESSAGE][PASSED] - Object 'Object Repository/Page_TestCentralPage/a_Enable  Or  Disable  Feature' is clickable

2020-03-16 09:03:29 - [MESSAGE][PASSED] - Scroll to object 'Object Repository/Page_TestCentralPage/a_Enable  Or  Disable  Feature' successfully

2020-03-16 09:03:30 - [MESSAGE][PASSED] - Object 'Object Repository/Page_TestCentralPage/a_Enable  Or  Disable  Feature' is visible

2020-03-16 09:03:31 - [MESSAGE][INFO] - Clicking element

2020-03-16 09:03:32 - [MESSAGE][PASSED] - Object: 'Object Repository/Page_TestCentralPage/a_Enable  Or  Disable  Feature' is clicked on

2020-03-16 09:03:33 - [MESSAGE][INFO] - ************* JS EXECUTED ************: true

2020-03-16 09:03:34 - [MESSAGE][PASSED] - Delayed 1 second(s)

2020-03-16 09:03:34 - [MESSAGE][PASSED] - Element has been clicked

2020-03-16 09:03:34 - [TEST_STEP][PASSED] - setText(findTestObject("Object Repository/input_Full Qualified Name of F"), featureToggleName): Text 'ariba.sourcing.util.SourcingEventFeatures.FromScalesInPricingCondition' is set on object 'Object Repository/input_Full Qualified Name of F'

2020-03-16 09:03:36 - [MESSAGE][PASSED] - Text 'ariba.sourcing.util.SourcingEventFeatures.FromScalesInPricingCondition' is set on object 'Object Repository/input_Full Qualified Name of F'

2020-03-16 09:03:36 - [TEST_STEP][PASSED] - common.util.aribakeywords.aribaClick(findTestObject("Object Repository/div_Run Stager")): common.util.aribakeywords.aribaClick is PASSED

2020-03-16 09:03:37 - [MESSAGE][PASSED] - Object 'Object Repository/div_Run Stager' is clickable

2020-03-16 09:03:38 - [MESSAGE][PASSED] - Scroll to object 'Object Repository/div_Run Stager' successfully

2020-03-16 09:03:39 - [MESSAGE][PASSED] - Object 'Object Repository/div_Run Stager' is visible

2020-03-16 09:03:42 - [MESSAGE][PASSED] - Object: 'Object Repository/div_Run Stager' is clicked on

2020-03-16 09:03:43 - [MESSAGE][INFO] - ************* JS EXECUTED ************: false

2020-03-16 09:03:44 - [MESSAGE][PASSED] - Delayed 1 second(s)

2020-03-16 09:03:44 - [MESSAGE][INFO] - ************* JS EXECUTED ************: false

2020-03-16 09:03:45 - [MESSAGE][PASSED] - Delayed 1 second(s)

2020-03-16 09:03:46 - [MESSAGE][INFO] - ************* JS EXECUTED ************: true

2020-03-16 09:03:47 - [MESSAGE][PASSED] - Delayed 1 second(s)

2020-03-16 09:03:48 - [MESSAGE][PASSED] - Object 'Object Repository/Page_Ariba Spend Management/input__bt5lrc' is clickable

2020-03-16 09:03:48 - [MESSAGE][PASSED] - Web element with id: 'Object Repository/Page_Ariba Spend Management/StackTrace' located by 'By.xpath: //*[@awname = 'SHOW_STACK_TRACE']' is not present after '1' second(s)

2020-03-16 09:03:49 - [MESSAGE][PASSED] - Web element with id: 'Object Repository/Page_Ariba Spend Management/StagerError' located by 'By.xpath: //*[@awname = 'TestStagerErrorPage:toggleStackTrace']' is not present after '1' second(s)

2020-03-16 09:03:49 - [MESSAGE][PASSED] - Web element with id: 'Object Repository/Page_Ariba Spend Management/ReturnToLoginPage' located by 'By.xpath: //*[@awname = 'Return to the Ariba login page::ARPException:linkAction']' is not present after '1' second(s)

2020-03-16 09:03:49 - [MESSAGE][INFO] - in Run stager method

2020-03-16 09:03:49 - [MESSAGE][INFO] -  I am able to see set user. So returning from runstager wait.

2020-03-16 09:03:50 - [MESSAGE][INFO] - ************* JS EXECUTED ************: true

2020-03-16 09:03:51 - [MESSAGE][PASSED] - Delayed 1 second(s)

2020-03-16 09:03:52 - [MESSAGE][INFO] - ************* JS EXECUTED ************: true

2020-03-16 09:03:53 - [MESSAGE][PASSED] - Delayed 1 second(s)

2020-03-16 09:03:53 - [MESSAGE][PASSED] - common.util.aribakeywords.aribaClick is PASSED

2020-03-16 09:03:53 - [MESSAGE][PASSED] - Call Test Case 'Test Cases/DMS/UtilTests/SetFeatureToggle' successfully

2020-03-16 09:03:53 - [TEST_STEP][PASSED] - callTestCase(findTestCase("DMS/UtilTests/SetFeatureToggle"), ["featureToggleName":toggleList[i]], STOP_ON_FAILURE): Call Test Case 'Test Cases/DMS/UtilTests/SetFeatureToggle' successfully

2020-03-16 09:03:53 - [TEST_CASE][PASSED] - Test Cases/DMS/UtilTests/SetFeatureToggle: Test Cases/DMS/UtilTests/SetFeatureToggle

2020-03-16 09:03:53 - [TEST_STEP][PASSED] - common.util.aribakeywords.aribaClick(findTestObject("Object Repository/a_TA..")): Element has been clicked

2020-03-16 09:03:54 - [MESSAGE][PASSED] - Object 'Object Repository/a_TA..' is clickable

2020-03-16 09:03:56 - [MESSAGE][PASSED] - Scroll to object 'Object Repository/a_TA..' successfully

2020-03-16 09:03:57 - [MESSAGE][PASSED] - Object 'Object Repository/a_TA..' is visible

2020-03-16 09:03:59 - [MESSAGE][INFO] - Clicking element

2020-03-16 09:04:00 - [MESSAGE][PASSED] - Object: 'Object Repository/a_TA..' is clicked on

2020-03-16 09:04:00 - [MESSAGE][INFO] - ************* JS EXECUTED ************: true

2020-03-16 09:04:01 - [MESSAGE][PASSED] - Delayed 1 second(s)

2020-03-16 09:04:01 - [MESSAGE][PASSED] - Element has been clicked

2020-03-16 09:04:01 - [TEST_STEP][PASSED] - common.util.aribakeywords.aribaClick(findTestObject("Object Repository/testCentral")): Element has been clicked

2020-03-16 09:04:02 - [MESSAGE][PASSED] - Object 'Object Repository/testCentral' is clickable

2020-03-16 09:04:04 - [MESSAGE][PASSED] - Scroll to object 'Object Repository/testCentral' successfully

2020-03-16 09:04:04 - [MESSAGE][PASSED] - Object 'Object Repository/testCentral' is visible

2020-03-16 09:04:06 - [MESSAGE][INFO] - Clicking element

2020-03-16 09:04:07 - [MESSAGE][PASSED] - Object: 'Object Repository/testCentral' is clicked on

2020-03-16 09:04:08 - [MESSAGE][INFO] - ************* JS EXECUTED ************: true

2020-03-16 09:04:09 - [MESSAGE][PASSED] - Delayed 1 second(s)

2020-03-16 09:04:09 - [MESSAGE][PASSED] - Element has been clicked

2020-03-16 09:04:09 - [TEST_STEP][PASSED] - common.util.aribakeywords.aribaClick(findTestObject("Object Repository/Page_TestCentralPage/input_User__njzfkc")): Element has been clicked

2020-03-16 09:04:09 - [MESSAGE][PASSED] - Object 'Object Repository/Page_TestCentralPage/input_User__njzfkc' is clickable

2020-03-16 09:04:10 - [MESSAGE][PASSED] - Scroll to object 'Object Repository/Page_TestCentralPage/input_User__njzfkc' successfully

2020-03-16 09:04:11 - [MESSAGE][PASSED] - Object 'Object Repository/Page_TestCentralPage/input_User__njzfkc' is visible

2020-03-16 09:04:13 - [MESSAGE][INFO] - Clicking element

2020-03-16 09:04:14 - [MESSAGE][PASSED] - Object: 'Object Repository/Page_TestCentralPage/input_User__njzfkc' is clicked on

2020-03-16 09:04:14 - [MESSAGE][INFO] - ************* JS EXECUTED ************: true

2020-03-16 09:04:15 - [MESSAGE][PASSED] - Delayed 1 second(s)

2020-03-16 09:04:15 - [MESSAGE][PASSED] - Element has been clicked

2020-03-16 09:04:15 - [TEST_STEP][PASSED] - scrollToElement(findTestObject("Object Repository/Page_TestCentralPage/a_Enable  Or  Disable  Feature"), 3): Scroll to object 'Object Repository/Page_TestCentralPage/a_Enable  Or  Disable  Feature' successfully

2020-03-16 09:04:16 - [MESSAGE][PASSED] - Scroll to object 'Object Repository/Page_TestCentralPage/a_Enable  Or  Disable  Feature' successfully

2020-03-16 09:04:16 - [TEST_STEP][PASSED] - common.util.aribakeywords.aribaClick(findTestObject("Object Repository/Page_TestCentralPage/a_Enable  Or  Disable  Feature")): Element has been clicked

2020-03-16 09:04:17 - [MESSAGE][PASSED] - Object 'Object Repository/Page_TestCentralPage/a_Enable  Or  Disable  Feature' is clickable

2020-03-16 09:04:18 - [MESSAGE][PASSED] - Scroll to object 'Object Repository/Page_TestCentralPage/a_Enable  Or  Disable  Feature' successfully

2020-03-16 09:04:19 - [MESSAGE][PASSED] - Object 'Object Repository/Page_TestCentralPage/a_Enable  Or  Disable  Feature' is visible

2020-03-16 09:04:21 - [MESSAGE][INFO] - Clicking element

2020-03-16 09:04:22 - [MESSAGE][PASSED] - Object: 'Object Repository/Page_TestCentralPage/a_Enable  Or  Disable  Feature' is clicked on

2020-03-16 09:04:23 - [MESSAGE][INFO] - ************* JS EXECUTED ************: true

2020-03-16 09:04:24 - [MESSAGE][PASSED] - Delayed 1 second(s)

2020-03-16 09:04:24 - [MESSAGE][PASSED] - Element has been clicked

2020-03-16 09:04:24 - [TEST_STEP][PASSED] - setText(findTestObject("Object Repository/input_Full Qualified Name of F"), featureToggleName): Text 'ariba.collaborate.util.CollaborateFeatures.AppendLineItemsInExistingContract' is set on object 'Object Repository/input_Full Qualified Name of F'

2020-03-16 09:04:26 - [MESSAGE][PASSED] - Text 'ariba.collaborate.util.CollaborateFeatures.AppendLineItemsInExistingContract' is set on object 'Object Repository/input_Full Qualified Name of F'

2020-03-16 09:04:26 - [TEST_STEP][PASSED] - common.util.aribakeywords.aribaClick(findTestObject("Object Repository/div_Run Stager")): common.util.aribakeywords.aribaClick is PASSED

2020-03-16 09:04:27 - [MESSAGE][PASSED] - Object 'Object Repository/div_Run Stager' is clickable

2020-03-16 09:04:28 - [MESSAGE][PASSED] - Scroll to object 'Object Repository/div_Run Stager' successfully

2020-03-16 09:04:29 - [MESSAGE][PASSED] - Object 'Object Repository/div_Run Stager' is visible

2020-03-16 09:04:31 - [MESSAGE][PASSED] - Object: 'Object Repository/div_Run Stager' is clicked on

2020-03-16 09:04:32 - [MESSAGE][INFO] - ************* JS EXECUTED ************: false

2020-03-16 09:04:33 - [MESSAGE][PASSED] - Delayed 1 second(s)

2020-03-16 09:04:33 - [MESSAGE][INFO] - ************* JS EXECUTED ************: false

2020-03-16 09:04:34 - [MESSAGE][PASSED] - Delayed 1 second(s)

2020-03-16 09:04:35 - [MESSAGE][INFO] - ************* JS EXECUTED ************: true

2020-03-16 09:04:36 - [MESSAGE][PASSED] - Delayed 1 second(s)

2020-03-16 09:04:37 - [MESSAGE][PASSED] - Object 'Object Repository/Page_Ariba Spend Management/input__bt5lrc' is clickable

2020-03-16 09:04:38 - [MESSAGE][PASSED] - Web element with id: 'Object Repository/Page_Ariba Spend Management/StackTrace' located by 'By.xpath: //*[@awname = 'SHOW_STACK_TRACE']' is not present after '1' second(s)

2020-03-16 09:04:38 - [MESSAGE][PASSED] - Web element with id: 'Object Repository/Page_Ariba Spend Management/StagerError' located by 'By.xpath: //*[@awname = 'TestStagerErrorPage:toggleStackTrace']' is not present after '1' second(s)

2020-03-16 09:04:38 - [MESSAGE][PASSED] - Web element with id: 'Object Repository/Page_Ariba Spend Management/ReturnToLoginPage' located by 'By.xpath: //*[@awname = 'Return to the Ariba login page::ARPException:linkAction']' is not present after '1' second(s)

2020-03-16 09:04:38 - [MESSAGE][INFO] - in Run stager method

2020-03-16 09:04:38 - [MESSAGE][INFO] -  I am able to see set user. So returning from runstager wait.

2020-03-16 09:04:39 - [MESSAGE][INFO] - ************* JS EXECUTED ************: true

2020-03-16 09:04:40 - [MESSAGE][PASSED] - Delayed 1 second(s)

2020-03-16 09:04:41 - [MESSAGE][INFO] - ************* JS EXECUTED ************: true

2020-03-16 09:04:42 - [MESSAGE][PASSED] - Delayed 1 second(s)

2020-03-16 09:04:42 - [MESSAGE][PASSED] - common.util.aribakeywords.aribaClick is PASSED

2020-03-16 09:04:42 - [MESSAGE][PASSED] - Call Test Case 'Test Cases/DMS/UtilTests/SetFeatureToggle' successfully

2020-03-16 09:04:42 - [TEST_STEP][PASSED] - callTestCase(findTestCase("DMS/UtilTests/SetFeatureToggle"), ["featureToggleName":toggleList[i]], STOP_ON_FAILURE): Call Test Case 'Test Cases/DMS/UtilTests/SetFeatureToggle' successfully

2020-03-16 09:04:42 - [TEST_CASE][PASSED] - Test Cases/DMS/UtilTests/SetFeatureToggle: Test Cases/DMS/UtilTests/SetFeatureToggle

2020-03-16 09:04:42 - [TEST_STEP][PASSED] - common.util.aribakeywords.aribaClick(findTestObject("Object Repository/a_TA..")): Element has been clicked

2020-03-16 09:04:43 - [MESSAGE][PASSED] - Object 'Object Repository/a_TA..' is clickable

2020-03-16 09:04:44 - [MESSAGE][PASSED] - Scroll to object 'Object Repository/a_TA..' successfully

2020-03-16 09:04:45 - [MESSAGE][PASSED] - Object 'Object Repository/a_TA..' is visible

2020-03-16 09:04:47 - [MESSAGE][INFO] - Clicking element

2020-03-16 09:04:48 - [MESSAGE][PASSED] - Object: 'Object Repository/a_TA..' is clicked on

2020-03-16 09:04:49 - [MESSAGE][INFO] - ************* JS EXECUTED ************: true

2020-03-16 09:04:50 - [MESSAGE][PASSED] - Delayed 1 second(s)

2020-03-16 09:04:50 - [MESSAGE][PASSED] - Element has been clicked

2020-03-16 09:04:50 - [TEST_STEP][PASSED] - common.util.aribakeywords.aribaClick(findTestObject("Object Repository/testCentral")): Element has been clicked

2020-03-16 09:04:51 - [MESSAGE][PASSED] - Object 'Object Repository/testCentral' is clickable

2020-03-16 09:04:52 - [MESSAGE][PASSED] - Scroll to object 'Object Repository/testCentral' successfully

2020-03-16 09:04:53 - [MESSAGE][PASSED] - Object 'Object Repository/testCentral' is visible

2020-03-16 09:04:54 - [MESSAGE][INFO] - Clicking element

2020-03-16 09:04:55 - [MESSAGE][PASSED] - Object: 'Object Repository/testCentral' is clicked on

2020-03-16 09:04:56 - [MESSAGE][INFO] - ************* JS EXECUTED ************: true

2020-03-16 09:04:57 - [MESSAGE][PASSED] - Delayed 1 second(s)

2020-03-16 09:04:57 - [MESSAGE][PASSED] - Element has been clicked

2020-03-16 09:04:57 - [TEST_STEP][PASSED] - common.util.aribakeywords.aribaClick(findTestObject("Object Repository/Page_TestCentralPage/input_User__njzfkc")): Element has been clicked

2020-03-16 09:04:58 - [MESSAGE][PASSED] - Object 'Object Repository/Page_TestCentralPage/input_User__njzfkc' is clickable

2020-03-16 09:04:59 - [MESSAGE][PASSED] - Scroll to object 'Object Repository/Page_TestCentralPage/input_User__njzfkc' successfully

2020-03-16 09:05:00 - [MESSAGE][PASSED] - Object 'Object Repository/Page_TestCentralPage/input_User__njzfkc' is visible

2020-03-16 09:05:01 - [MESSAGE][INFO] - Clicking element

2020-03-16 09:05:02 - [MESSAGE][PASSED] - Object: 'Object Repository/Page_TestCentralPage/input_User__njzfkc' is clicked on

2020-03-16 09:05:03 - [MESSAGE][INFO] - ************* JS EXECUTED ************: true

2020-03-16 09:05:04 - [MESSAGE][PASSED] - Delayed 1 second(s)

2020-03-16 09:05:04 - [MESSAGE][PASSED] - Element has been clicked

2020-03-16 09:05:04 - [TEST_STEP][PASSED] - scrollToElement(findTestObject("Object Repository/Page_TestCentralPage/a_Enable  Or  Disable  Feature"), 3): Scroll to object 'Object Repository/Page_TestCentralPage/a_Enable  Or  Disable  Feature' successfully

2020-03-16 09:05:05 - [MESSAGE][PASSED] - Scroll to object 'Object Repository/Page_TestCentralPage/a_Enable  Or  Disable  Feature' successfully

2020-03-16 09:05:05 - [TEST_STEP][PASSED] - common.util.aribakeywords.aribaClick(findTestObject("Object Repository/Page_TestCentralPage/a_Enable  Or  Disable  Feature")): Element has been clicked

2020-03-16 09:05:06 - [MESSAGE][PASSED] - Object 'Object Repository/Page_TestCentralPage/a_Enable  Or  Disable  Feature' is clickable

2020-03-16 09:05:07 - [MESSAGE][PASSED] - Scroll to object 'Object Repository/Page_TestCentralPage/a_Enable  Or  Disable  Feature' successfully

2020-03-16 09:05:07 - [MESSAGE][PASSED] - Object 'Object Repository/Page_TestCentralPage/a_Enable  Or  Disable  Feature' is visible

2020-03-16 09:05:09 - [MESSAGE][INFO] - Clicking element

2020-03-16 09:05:10 - [MESSAGE][PASSED] - Object: 'Object Repository/Page_TestCentralPage/a_Enable  Or  Disable  Feature' is clicked on

2020-03-16 09:05:11 - [MESSAGE][INFO] - ************* JS EXECUTED ************: true

2020-03-16 09:05:12 - [MESSAGE][PASSED] - Delayed 1 second(s)

2020-03-16 09:05:12 - [MESSAGE][PASSED] - Element has been clicked

2020-03-16 09:05:12 - [TEST_STEP][PASSED] - setText(findTestObject("Object Repository/input_Full Qualified Name of F"), featureToggleName): Text 'ariba.sourcing.util.RetailSourcingFeatures.PrePackAndMixedCases' is set on object 'Object Repository/input_Full Qualified Name of F'

2020-03-16 09:05:14 - [MESSAGE][PASSED] - Text 'ariba.sourcing.util.RetailSourcingFeatures.PrePackAndMixedCases' is set on object 'Object Repository/input_Full Qualified Name of F'

2020-03-16 09:05:14 - [TEST_STEP][PASSED] - common.util.aribakeywords.aribaClick(findTestObject("Object Repository/div_Run Stager")): common.util.aribakeywords.aribaClick is PASSED

2020-03-16 09:05:15 - [MESSAGE][PASSED] - Object 'Object Repository/div_Run Stager' is clickable

2020-03-16 09:05:16 - [MESSAGE][PASSED] - Scroll to object 'Object Repository/div_Run Stager' successfully

2020-03-16 09:05:17 - [MESSAGE][PASSED] - Object 'Object Repository/div_Run Stager' is visible

2020-03-16 09:05:19 - [MESSAGE][PASSED] - Object: 'Object Repository/div_Run Stager' is clicked on

2020-03-16 09:05:20 - [MESSAGE][INFO] - ************* JS EXECUTED ************: false

2020-03-16 09:05:21 - [MESSAGE][PASSED] - Delayed 1 second(s)

2020-03-16 09:05:22 - [MESSAGE][INFO] - ************* JS EXECUTED ************: false

2020-03-16 09:05:23 - [MESSAGE][PASSED] - Delayed 1 second(s)

2020-03-16 09:05:24 - [MESSAGE][INFO] - ************* JS EXECUTED ************: true

2020-03-16 09:05:25 - [MESSAGE][PASSED] - Delayed 1 second(s)

2020-03-16 09:05:26 - [MESSAGE][PASSED] - Object 'Object Repository/Page_Ariba Spend Management/input__bt5lrc' is clickable

2020-03-16 09:05:26 - [MESSAGE][PASSED] - Web element with id: 'Object Repository/Page_Ariba Spend Management/StackTrace' located by 'By.xpath: //*[@awname = 'SHOW_STACK_TRACE']' is not present after '1' second(s)

2020-03-16 09:05:27 - [MESSAGE][PASSED] - Web element with id: 'Object Repository/Page_Ariba Spend Management/StagerError' located by 'By.xpath: //*[@awname = 'TestStagerErrorPage:toggleStackTrace']' is not present after '1' second(s)

2020-03-16 09:05:27 - [MESSAGE][PASSED] - Web element with id: 'Object Repository/Page_Ariba Spend Management/ReturnToLoginPage' located by 'By.xpath: //*[@awname = 'Return to the Ariba login page::ARPException:linkAction']' is not present after '1' second(s)

2020-03-16 09:05:27 - [MESSAGE][INFO] - in Run stager method

2020-03-16 09:05:27 - [MESSAGE][INFO] -  I am able to see set user. So returning from runstager wait.

2020-03-16 09:05:28 - [MESSAGE][INFO] - ************* JS EXECUTED ************: true

2020-03-16 09:05:29 - [MESSAGE][PASSED] - Delayed 1 second(s)

2020-03-16 09:05:30 - [MESSAGE][INFO] - ************* JS EXECUTED ************: true

2020-03-16 09:05:31 - [MESSAGE][PASSED] - Delayed 1 second(s)

2020-03-16 09:05:31 - [MESSAGE][PASSED] - common.util.aribakeywords.aribaClick is PASSED

2020-03-16 09:05:31 - [MESSAGE][PASSED] - Call Test Case 'Test Cases/DMS/UtilTests/SetFeatureToggle' successfully

2020-03-16 09:05:31 - [TEST_STEP][PASSED] - callTestCase(findTestCase("DMS/UtilTests/SetFeatureToggle"), ["featureToggleName":toggleList[i]], STOP_ON_FAILURE): Call Test Case 'Test Cases/DMS/UtilTests/SetFeatureToggle' successfully

2020-03-16 09:05:31 - [TEST_CASE][PASSED] - Test Cases/DMS/UtilTests/SetFeatureToggle: Test Cases/DMS/UtilTests/SetFeatureToggle

2020-03-16 09:05:31 - [TEST_STEP][PASSED] - common.util.aribakeywords.aribaClick(findTestObject("Object Repository/a_TA..")): Element has been clicked

2020-03-16 09:05:32 - [MESSAGE][PASSED] - Object 'Object Repository/a_TA..' is clickable

2020-03-16 09:05:33 - [MESSAGE][PASSED] - Scroll to object 'Object Repository/a_TA..' successfully

2020-03-16 09:05:34 - [MESSAGE][PASSED] - Object 'Object Repository/a_TA..' is visible

2020-03-16 09:05:36 - [MESSAGE][INFO] - Clicking element

2020-03-16 09:05:37 - [MESSAGE][PASSED] - Object: 'Object Repository/a_TA..' is clicked on

2020-03-16 09:05:37 - [MESSAGE][INFO] - ************* JS EXECUTED ************: true

2020-03-16 09:05:38 - [MESSAGE][PASSED] - Delayed 1 second(s)

2020-03-16 09:05:38 - [MESSAGE][PASSED] - Element has been clicked

2020-03-16 09:05:38 - [TEST_STEP][PASSED] - common.util.aribakeywords.aribaClick(findTestObject("Object Repository/testCentral")): Element has been clicked

2020-03-16 09:05:39 - [MESSAGE][PASSED] - Object 'Object Repository/testCentral' is clickable

2020-03-16 09:05:40 - [MESSAGE][PASSED] - Scroll to object 'Object Repository/testCentral' successfully

2020-03-16 09:05:41 - [MESSAGE][PASSED] - Object 'Object Repository/testCentral' is visible

2020-03-16 09:05:43 - [MESSAGE][INFO] - Clicking element

2020-03-16 09:05:44 - [MESSAGE][PASSED] - Object: 'Object Repository/testCentral' is clicked on

2020-03-16 09:05:45 - [MESSAGE][INFO] - ************* JS EXECUTED ************: true

2020-03-16 09:05:46 - [MESSAGE][PASSED] - Delayed 1 second(s)

2020-03-16 09:05:46 - [MESSAGE][PASSED] - Element has been clicked

2020-03-16 09:05:46 - [TEST_STEP][PASSED] - common.util.aribakeywords.aribaClick(findTestObject("Object Repository/Page_TestCentralPage/input_User__njzfkc")): Element has been clicked

2020-03-16 09:05:47 - [MESSAGE][PASSED] - Object 'Object Repository/Page_TestCentralPage/input_User__njzfkc' is clickable

2020-03-16 09:05:48 - [MESSAGE][PASSED] - Scroll to object 'Object Repository/Page_TestCentralPage/input_User__njzfkc' successfully

2020-03-16 09:05:49 - [MESSAGE][PASSED] - Object 'Object Repository/Page_TestCentralPage/input_User__njzfkc' is visible

2020-03-16 09:05:50 - [MESSAGE][INFO] - Clicking element

2020-03-16 09:05:51 - [MESSAGE][PASSED] - Object: 'Object Repository/Page_TestCentralPage/input_User__njzfkc' is clicked on

2020-03-16 09:05:52 - [MESSAGE][INFO] - ************* JS EXECUTED ************: true

2020-03-16 09:05:53 - [MESSAGE][PASSED] - Delayed 1 second(s)

2020-03-16 09:05:53 - [MESSAGE][PASSED] - Element has been clicked

2020-03-16 09:05:53 - [TEST_STEP][PASSED] - scrollToElement(findTestObject("Object Repository/Page_TestCentralPage/a_Enable  Or  Disable  Feature"), 3): Scroll to object 'Object Repository/Page_TestCentralPage/a_Enable  Or  Disable  Feature' successfully

2020-03-16 09:05:54 - [MESSAGE][PASSED] - Scroll to object 'Object Repository/Page_TestCentralPage/a_Enable  Or  Disable  Feature' successfully

2020-03-16 09:05:54 - [TEST_STEP][PASSED] - common.util.aribakeywords.aribaClick(findTestObject("Object Repository/Page_TestCentralPage/a_Enable  Or  Disable  Feature")): Element has been clicked

2020-03-16 09:05:55 - [MESSAGE][PASSED] - Object 'Object Repository/Page_TestCentralPage/a_Enable  Or  Disable  Feature' is clickable

2020-03-16 09:05:56 - [MESSAGE][PASSED] - Scroll to object 'Object Repository/Page_TestCentralPage/a_Enable  Or  Disable  Feature' successfully

2020-03-16 09:05:57 - [MESSAGE][PASSED] - Object 'Object Repository/Page_TestCentralPage/a_Enable  Or  Disable  Feature' is visible

2020-03-16 09:05:58 - [MESSAGE][INFO] - Clicking element

2020-03-16 09:05:59 - [MESSAGE][PASSED] - Object: 'Object Repository/Page_TestCentralPage/a_Enable  Or  Disable  Feature' is clicked on

2020-03-16 09:06:00 - [MESSAGE][INFO] - ************* JS EXECUTED ************: true

2020-03-16 09:06:01 - [MESSAGE][PASSED] - Delayed 1 second(s)

2020-03-16 09:06:01 - [MESSAGE][PASSED] - Element has been clicked

2020-03-16 09:06:01 - [TEST_STEP][PASSED] - setText(findTestObject("Object Repository/input_Full Qualified Name of F"), featureToggleName): Text 'ariba.sourcing.util.SourcingEventFeatures.SourcingItemHierarchy' is set on object 'Object Repository/input_Full Qualified Name of F'

2020-03-16 09:06:03 - [MESSAGE][PASSED] - Text 'ariba.sourcing.util.SourcingEventFeatures.SourcingItemHierarchy' is set on object 'Object Repository/input_Full Qualified Name of F'

2020-03-16 09:06:03 - [TEST_STEP][PASSED] - common.util.aribakeywords.aribaClick(findTestObject("Object Repository/div_Run Stager")): common.util.aribakeywords.aribaClick is PASSED

2020-03-16 09:06:04 - [MESSAGE][PASSED] - Object 'Object Repository/div_Run Stager' is clickable

2020-03-16 09:06:05 - [MESSAGE][PASSED] - Scroll to object 'Object Repository/div_Run Stager' successfully

2020-03-16 09:06:06 - [MESSAGE][PASSED] - Object 'Object Repository/div_Run Stager' is visible

2020-03-16 09:06:08 - [MESSAGE][PASSED] - Object: 'Object Repository/div_Run Stager' is clicked on

2020-03-16 09:06:09 - [MESSAGE][INFO] - ************* JS EXECUTED ************: false

2020-03-16 09:06:10 - [MESSAGE][PASSED] - Delayed 1 second(s)

2020-03-16 09:06:11 - [MESSAGE][INFO] - ************* JS EXECUTED ************: true

2020-03-16 09:06:12 - [MESSAGE][PASSED] - Delayed 1 second(s)

2020-03-16 09:06:13 - [MESSAGE][PASSED] - Object 'Object Repository/Page_Ariba Spend Management/input__bt5lrc' is clickable

2020-03-16 09:06:14 - [MESSAGE][PASSED] - Web element with id: 'Object Repository/Page_Ariba Spend Management/StackTrace' located by 'By.xpath: //*[@awname = 'SHOW_STACK_TRACE']' is not present after '1' second(s)

2020-03-16 09:06:14 - [MESSAGE][PASSED] - Web element with id: 'Object Repository/Page_Ariba Spend Management/StagerError' located by 'By.xpath: //*[@awname = 'TestStagerErrorPage:toggleStackTrace']' is not present after '1' second(s)

2020-03-16 09:06:15 - [MESSAGE][PASSED] - Web element with id: 'Object Repository/Page_Ariba Spend Management/ReturnToLoginPage' located by 'By.xpath: //*[@awname = 'Return to the Ariba login page::ARPException:linkAction']' is not present after '1' second(s)

2020-03-16 09:06:15 - [MESSAGE][INFO] - in Run stager method

2020-03-16 09:06:15 - [MESSAGE][INFO] -  I am able to see set user. So returning from runstager wait.

2020-03-16 09:06:16 - [MESSAGE][INFO] - ************* JS EXECUTED ************: true

2020-03-16 09:06:17 - [MESSAGE][PASSED] - Delayed 1 second(s)

2020-03-16 09:06:18 - [MESSAGE][INFO] - ************* JS EXECUTED ************: true

2020-03-16 09:06:19 - [MESSAGE][PASSED] - Delayed 1 second(s)

2020-03-16 09:06:19 - [MESSAGE][PASSED] - common.util.aribakeywords.aribaClick is PASSED

2020-03-16 09:06:19 - [MESSAGE][PASSED] - Call Test Case 'Test Cases/DMS/UtilTests/SetFeatureToggle' successfully

2020-03-16 09:06:19 - [TEST_STEP][PASSED] - callTestCase(findTestCase("DMS/UtilTests/SetFeatureToggle"), ["featureToggleName":toggleList[i]], STOP_ON_FAILURE): Call Test Case 'Test Cases/DMS/UtilTests/SetFeatureToggle' successfully

2020-03-16 09:06:19 - [TEST_CASE][PASSED] - Test Cases/DMS/UtilTests/SetFeatureToggle: Test Cases/DMS/UtilTests/SetFeatureToggle

2020-03-16 09:06:19 - [TEST_STEP][PASSED] - common.util.aribakeywords.aribaClick(findTestObject("Object Repository/a_TA..")): Element has been clicked

2020-03-16 09:06:20 - [MESSAGE][PASSED] - Object 'Object Repository/a_TA..' is clickable

2020-03-16 09:06:21 - [MESSAGE][PASSED] - Scroll to object 'Object Repository/a_TA..' successfully

2020-03-16 09:06:22 - [MESSAGE][PASSED] - Object 'Object Repository/a_TA..' is visible

2020-03-16 09:06:23 - [MESSAGE][INFO] - Clicking element

2020-03-16 09:06:24 - [MESSAGE][PASSED] - Object: 'Object Repository/a_TA..' is clicked on

2020-03-16 09:06:25 - [MESSAGE][INFO] - ************* JS EXECUTED ************: true

2020-03-16 09:06:26 - [MESSAGE][PASSED] - Delayed 1 second(s)

2020-03-16 09:06:26 - [MESSAGE][PASSED] - Element has been clicked

2020-03-16 09:06:26 - [TEST_STEP][PASSED] - common.util.aribakeywords.aribaClick(findTestObject("Object Repository/testCentral")): Element has been clicked

2020-03-16 09:06:27 - [MESSAGE][PASSED] - Object 'Object Repository/testCentral' is clickable

2020-03-16 09:06:28 - [MESSAGE][PASSED] - Scroll to object 'Object Repository/testCentral' successfully

2020-03-16 09:06:30 - [MESSAGE][PASSED] - Object 'Object Repository/testCentral' is visible

2020-03-16 09:06:31 - [MESSAGE][INFO] - Clicking element

2020-03-16 09:06:32 - [MESSAGE][PASSED] - Object: 'Object Repository/testCentral' is clicked on

2020-03-16 09:06:33 - [MESSAGE][INFO] - ************* JS EXECUTED ************: true

2020-03-16 09:06:34 - [MESSAGE][PASSED] - Delayed 1 second(s)

2020-03-16 09:06:34 - [MESSAGE][PASSED] - Element has been clicked

2020-03-16 09:06:34 - [TEST_STEP][PASSED] - common.util.aribakeywords.aribaClick(findTestObject("Object Repository/Page_TestCentralPage/input_User__njzfkc")): Element has been clicked

2020-03-16 09:06:35 - [MESSAGE][PASSED] - Object 'Object Repository/Page_TestCentralPage/input_User__njzfkc' is clickable

2020-03-16 09:06:36 - [MESSAGE][PASSED] - Scroll to object 'Object Repository/Page_TestCentralPage/input_User__njzfkc' successfully

2020-03-16 09:06:37 - [MESSAGE][PASSED] - Object 'Object Repository/Page_TestCentralPage/input_User__njzfkc' is visible

2020-03-16 09:06:38 - [MESSAGE][INFO] - Clicking element

2020-03-16 09:06:39 - [MESSAGE][PASSED] - Object: 'Object Repository/Page_TestCentralPage/input_User__njzfkc' is clicked on

2020-03-16 09:06:40 - [MESSAGE][INFO] - ************* JS EXECUTED ************: true

2020-03-16 09:06:41 - [MESSAGE][PASSED] - Delayed 1 second(s)

2020-03-16 09:06:41 - [MESSAGE][PASSED] - Element has been clicked

2020-03-16 09:06:41 - [TEST_STEP][PASSED] - scrollToElement(findTestObject("Object Repository/Page_TestCentralPage/a_Enable  Or  Disable  Feature"), 3): Scroll to object 'Object Repository/Page_TestCentralPage/a_Enable  Or  Disable  Feature' successfully

2020-03-16 09:06:42 - [MESSAGE][PASSED] - Scroll to object 'Object Repository/Page_TestCentralPage/a_Enable  Or  Disable  Feature' successfully

2020-03-16 09:06:42 - [TEST_STEP][PASSED] - common.util.aribakeywords.aribaClick(findTestObject("Object Repository/Page_TestCentralPage/a_Enable  Or  Disable  Feature")): Element has been clicked

2020-03-16 09:06:43 - [MESSAGE][PASSED] - Object 'Object Repository/Page_TestCentralPage/a_Enable  Or  Disable  Feature' is clickable

2020-03-16 09:06:44 - [MESSAGE][PASSED] - Scroll to object 'Object Repository/Page_TestCentralPage/a_Enable  Or  Disable  Feature' successfully

2020-03-16 09:06:45 - [MESSAGE][PASSED] - Object 'Object Repository/Page_TestCentralPage/a_Enable  Or  Disable  Feature' is visible

2020-03-16 09:06:47 - [MESSAGE][INFO] - Clicking element

2020-03-16 09:06:48 - [MESSAGE][PASSED] - Object: 'Object Repository/Page_TestCentralPage/a_Enable  Or  Disable  Feature' is clicked on

2020-03-16 09:06:49 - [MESSAGE][INFO] - ************* JS EXECUTED ************: true

2020-03-16 09:06:50 - [MESSAGE][PASSED] - Delayed 1 second(s)

2020-03-16 09:06:50 - [MESSAGE][PASSED] - Element has been clicked

2020-03-16 09:06:50 - [TEST_STEP][PASSED] - setText(findTestObject("Object Repository/input_Full Qualified Name of F"), featureToggleName): Text 'ariba.sourcing.util.RetailSourcingFeatures.PrePackAndMixedCasesInContract' is set on object 'Object Repository/input_Full Qualified Name of F'

2020-03-16 09:06:52 - [MESSAGE][PASSED] - Text 'ariba.sourcing.util.RetailSourcingFeatures.PrePackAndMixedCasesInContract' is set on object 'Object Repository/input_Full Qualified Name of F'

2020-03-16 09:06:52 - [TEST_STEP][PASSED] - common.util.aribakeywords.aribaClick(findTestObject("Object Repository/div_Run Stager")): common.util.aribakeywords.aribaClick is PASSED

2020-03-16 09:06:53 - [MESSAGE][PASSED] - Object 'Object Repository/div_Run Stager' is clickable

2020-03-16 09:06:54 - [MESSAGE][PASSED] - Scroll to object 'Object Repository/div_Run Stager' successfully

2020-03-16 09:06:55 - [MESSAGE][PASSED] - Object 'Object Repository/div_Run Stager' is visible

2020-03-16 09:06:57 - [MESSAGE][PASSED] - Object: 'Object Repository/div_Run Stager' is clicked on

2020-03-16 09:06:58 - [MESSAGE][INFO] - ************* JS EXECUTED ************: false

2020-03-16 09:06:59 - [MESSAGE][PASSED] - Delayed 1 second(s)

2020-03-16 09:07:00 - [MESSAGE][INFO] - ************* JS EXECUTED ************: true

2020-03-16 09:07:01 - [MESSAGE][PASSED] - Delayed 1 second(s)

2020-03-16 09:07:02 - [MESSAGE][PASSED] - Object 'Object Repository/Page_Ariba Spend Management/input__bt5lrc' is clickable

2020-03-16 09:07:02 - [MESSAGE][PASSED] - Web element with id: 'Object Repository/Page_Ariba Spend Management/StackTrace' located by 'By.xpath: //*[@awname = 'SHOW_STACK_TRACE']' is not present after '1' second(s)

2020-03-16 09:07:03 - [MESSAGE][PASSED] - Web element with id: 'Object Repository/Page_Ariba Spend Management/StagerError' located by 'By.xpath: //*[@awname = 'TestStagerErrorPage:toggleStackTrace']' is not present after '1' second(s)

2020-03-16 09:07:03 - [MESSAGE][PASSED] - Web element with id: 'Object Repository/Page_Ariba Spend Management/ReturnToLoginPage' located by 'By.xpath: //*[@awname = 'Return to the Ariba login page::ARPException:linkAction']' is not present after '1' second(s)

2020-03-16 09:07:03 - [MESSAGE][INFO] - in Run stager method

2020-03-16 09:07:03 - [MESSAGE][INFO] -  I am able to see set user. So returning from runstager wait.

2020-03-16 09:07:04 - [MESSAGE][INFO] - ************* JS EXECUTED ************: true

2020-03-16 09:07:05 - [MESSAGE][PASSED] - Delayed 1 second(s)

2020-03-16 09:07:06 - [MESSAGE][INFO] - ************* JS EXECUTED ************: true

2020-03-16 09:07:07 - [MESSAGE][PASSED] - Delayed 1 second(s)

2020-03-16 09:07:07 - [MESSAGE][PASSED] - common.util.aribakeywords.aribaClick is PASSED

2020-03-16 09:07:07 - [MESSAGE][PASSED] - Call Test Case 'Test Cases/DMS/UtilTests/SetFeatureToggle' successfully

2020-03-16 09:07:07 - [TEST_STEP][PASSED] - mixedCaseIntegration = "Application.AQS.ArticleIntegration.MixedCaseIntegration.Enabled": null

2020-03-16 09:07:07 - [TEST_STEP][PASSED] - mixedCases = "Application.AQS.ArticleIntegration.MixedCases.Enabled": null

2020-03-16 09:07:07 - [TEST_STEP][PASSED] - realmParamList = [mixedCaseIntegration, mixedCases]: null

2020-03-16 09:07:07 - [TEST_STEP][PASSED] - for ([i = 0, i < realmParamList.size(), (i++)]): Call Test Case 'Test Cases/DMS/UtilTests/SetRealmParameters' successfully

2020-03-16 09:07:07 - [TEST_STEP][PASSED] - callTestCase(findTestCase("DMS/UtilTests/SetRealmParameters"), ["parameterName":realmParamList[i]], STOP_ON_FAILURE): Call Test Case 'Test Cases/DMS/UtilTests/SetRealmParameters' successfully

2020-03-16 09:07:07 - [TEST_CASE][PASSED] - Test Cases/DMS/UtilTests/SetRealmParameters: Test Cases/DMS/UtilTests/SetRealmParameters

2020-03-16 09:07:07 - [TEST_STEP][PASSED] - common.util.aribakeywords.aribaClick(findTestObject("Object Repository/a_TA..")): Element has been clicked

2020-03-16 09:07:08 - [MESSAGE][PASSED] - Object 'Object Repository/a_TA..' is clickable

2020-03-16 09:07:09 - [MESSAGE][PASSED] - Scroll to object 'Object Repository/a_TA..' successfully

2020-03-16 09:07:10 - [MESSAGE][PASSED] - Object 'Object Repository/a_TA..' is visible

2020-03-16 09:07:11 - [MESSAGE][INFO] - Clicking element

2020-03-16 09:07:12 - [MESSAGE][PASSED] - Object: 'Object Repository/a_TA..' is clicked on

2020-03-16 09:07:13 - [MESSAGE][INFO] - ************* JS EXECUTED ************: true

2020-03-16 09:07:14 - [MESSAGE][PASSED] - Delayed 1 second(s)

2020-03-16 09:07:14 - [MESSAGE][PASSED] - Element has been clicked

2020-03-16 09:07:14 - [TEST_STEP][PASSED] - common.util.aribakeywords.aribaClick(findTestObject("Object Repository/testCentral")): Element has been clicked

2020-03-16 09:07:15 - [MESSAGE][PASSED] - Object 'Object Repository/testCentral' is clickable

2020-03-16 09:07:16 - [MESSAGE][PASSED] - Scroll to object 'Object Repository/testCentral' successfully

2020-03-16 09:07:17 - [MESSAGE][PASSED] - Object 'Object Repository/testCentral' is visible

2020-03-16 09:07:18 - [MESSAGE][INFO] - Clicking element

2020-03-16 09:07:19 - [MESSAGE][PASSED] - Object: 'Object Repository/testCentral' is clicked on

2020-03-16 09:07:20 - [MESSAGE][INFO] - ************* JS EXECUTED ************: true

2020-03-16 09:07:21 - [MESSAGE][PASSED] - Delayed 1 second(s)

2020-03-16 09:07:21 - [MESSAGE][PASSED] - Element has been clicked

2020-03-16 09:07:21 - [TEST_STEP][PASSED] - common.util.aribakeywords.aribaClick(findTestObject("Object Repository/setRealmParametersStager")): Element has been clicked

2020-03-16 09:07:22 - [MESSAGE][PASSED] - Object 'Object Repository/setRealmParametersStager' is clickable

2020-03-16 09:07:23 - [MESSAGE][PASSED] - Scroll to object 'Object Repository/setRealmParametersStager' successfully

2020-03-16 09:07:24 - [MESSAGE][PASSED] - Object 'Object Repository/setRealmParametersStager' is visible

2020-03-16 09:07:25 - [MESSAGE][INFO] - Clicking element

2020-03-16 09:07:26 - [MESSAGE][PASSED] - Object: 'Object Repository/setRealmParametersStager' is clicked on

2020-03-16 09:07:27 - [MESSAGE][INFO] - ************* JS EXECUTED ************: false

2020-03-16 09:07:28 - [MESSAGE][PASSED] - Delayed 1 second(s)

2020-03-16 09:07:29 - [MESSAGE][INFO] - ************* JS EXECUTED ************: true

2020-03-16 09:07:30 - [MESSAGE][PASSED] - Delayed 1 second(s)

2020-03-16 09:07:30 - [MESSAGE][PASSED] - Element has been clicked

2020-03-16 09:07:30 - [TEST_STEP][PASSED] - setText(findTestObject("Object Repository/setParamTextField"), parameterName): Text 'Application.AQS.ArticleIntegration.MixedCaseIntegration.Enabled' is set on object 'Object Repository/setParamTextField'

2020-03-16 09:07:32 - [MESSAGE][PASSED] - Text 'Application.AQS.ArticleIntegration.MixedCaseIntegration.Enabled' is set on object 'Object Repository/setParamTextField'

2020-03-16 09:07:32 - [TEST_STEP][PASSED] - common.util.aribakeywords.aribaClick(findTestObject("div_Run Stager")): common.util.aribakeywords.aribaClick is PASSED

2020-03-16 09:07:33 - [MESSAGE][PASSED] - Object 'Object Repository/div_Run Stager' is clickable

2020-03-16 09:07:34 - [MESSAGE][PASSED] - Scroll to object 'Object Repository/div_Run Stager' successfully

2020-03-16 09:07:35 - [MESSAGE][PASSED] - Object 'Object Repository/div_Run Stager' is visible

2020-03-16 09:07:37 - [MESSAGE][PASSED] - Object: 'Object Repository/div_Run Stager' is clicked on

2020-03-16 09:07:39 - [MESSAGE][INFO] - ************* JS EXECUTED ************: true

2020-03-16 09:07:40 - [MESSAGE][PASSED] - Delayed 1 second(s)

2020-03-16 09:07:41 - [MESSAGE][PASSED] - Object 'Object Repository/Page_Ariba Spend Management/input__bt5lrc' is clickable

2020-03-16 09:07:41 - [MESSAGE][PASSED] - Web element with id: 'Object Repository/Page_Ariba Spend Management/StackTrace' located by 'By.xpath: //*[@awname = 'SHOW_STACK_TRACE']' is not present after '1' second(s)

2020-03-16 09:07:42 - [MESSAGE][PASSED] - Web element with id: 'Object Repository/Page_Ariba Spend Management/StagerError' located by 'By.xpath: //*[@awname = 'TestStagerErrorPage:toggleStackTrace']' is not present after '1' second(s)

2020-03-16 09:07:42 - [MESSAGE][PASSED] - Web element with id: 'Object Repository/Page_Ariba Spend Management/ReturnToLoginPage' located by 'By.xpath: //*[@awname = 'Return to the Ariba login page::ARPException:linkAction']' is not present after '1' second(s)

2020-03-16 09:07:42 - [MESSAGE][INFO] - in Run stager method

2020-03-16 09:07:42 - [MESSAGE][INFO] -  I am able to see set user. So returning from runstager wait.

2020-03-16 09:07:43 - [MESSAGE][INFO] - ************* JS EXECUTED ************: true

2020-03-16 09:07:44 - [MESSAGE][PASSED] - Delayed 1 second(s)

2020-03-16 09:07:45 - [MESSAGE][INFO] - ************* JS EXECUTED ************: true

2020-03-16 09:07:46 - [MESSAGE][PASSED] - Delayed 1 second(s)

2020-03-16 09:07:46 - [MESSAGE][PASSED] - common.util.aribakeywords.aribaClick is PASSED

2020-03-16 09:07:46 - [MESSAGE][PASSED] - Call Test Case 'Test Cases/DMS/UtilTests/SetRealmParameters' successfully

2020-03-16 09:07:46 - [TEST_STEP][PASSED] - callTestCase(findTestCase("DMS/UtilTests/SetRealmParameters"), ["parameterName":realmParamList[i]], STOP_ON_FAILURE): Call Test Case 'Test Cases/DMS/UtilTests/SetRealmParameters' successfully

2020-03-16 09:07:46 - [TEST_CASE][PASSED] - Test Cases/DMS/UtilTests/SetRealmParameters: Test Cases/DMS/UtilTests/SetRealmParameters

2020-03-16 09:07:46 - [TEST_STEP][PASSED] - common.util.aribakeywords.aribaClick(findTestObject("Object Repository/a_TA..")): Element has been clicked

2020-03-16 09:07:47 - [MESSAGE][PASSED] - Object 'Object Repository/a_TA..' is clickable

2020-03-16 09:07:48 - [MESSAGE][PASSED] - Scroll to object 'Object Repository/a_TA..' successfully

2020-03-16 09:07:49 - [MESSAGE][PASSED] - Object 'Object Repository/a_TA..' is visible

2020-03-16 09:07:51 - [MESSAGE][INFO] - Clicking element

2020-03-16 09:07:52 - [MESSAGE][PASSED] - Object: 'Object Repository/a_TA..' is clicked on

2020-03-16 09:07:52 - [MESSAGE][INFO] - ************* JS EXECUTED ************: true

2020-03-16 09:07:53 - [MESSAGE][PASSED] - Delayed 1 second(s)

2020-03-16 09:07:53 - [MESSAGE][PASSED] - Element has been clicked

2020-03-16 09:07:53 - [TEST_STEP][PASSED] - common.util.aribakeywords.aribaClick(findTestObject("Object Repository/testCentral")): Element has been clicked

2020-03-16 09:07:54 - [MESSAGE][PASSED] - Object 'Object Repository/testCentral' is clickable

2020-03-16 09:07:55 - [MESSAGE][PASSED] - Scroll to object 'Object Repository/testCentral' successfully

2020-03-16 09:07:56 - [MESSAGE][PASSED] - Object 'Object Repository/testCentral' is visible

2020-03-16 09:07:58 - [MESSAGE][INFO] - Clicking element

2020-03-16 09:07:59 - [MESSAGE][PASSED] - Object: 'Object Repository/testCentral' is clicked on

2020-03-16 09:08:00 - [MESSAGE][INFO] - ************* JS EXECUTED ************: true

2020-03-16 09:08:01 - [MESSAGE][PASSED] - Delayed 1 second(s)

2020-03-16 09:08:01 - [MESSAGE][PASSED] - Element has been clicked

2020-03-16 09:08:01 - [TEST_STEP][PASSED] - common.util.aribakeywords.aribaClick(findTestObject("Object Repository/setRealmParametersStager")): Element has been clicked

2020-03-16 09:08:02 - [MESSAGE][PASSED] - Object 'Object Repository/setRealmParametersStager' is clickable

2020-03-16 09:08:03 - [MESSAGE][PASSED] - Scroll to object 'Object Repository/setRealmParametersStager' successfully

2020-03-16 09:08:04 - [MESSAGE][PASSED] - Object 'Object Repository/setRealmParametersStager' is visible

2020-03-16 09:08:05 - [MESSAGE][INFO] - Clicking element

2020-03-16 09:08:06 - [MESSAGE][PASSED] - Object: 'Object Repository/setRealmParametersStager' is clicked on

2020-03-16 09:08:07 - [MESSAGE][INFO] - ************* JS EXECUTED ************: true

2020-03-16 09:08:08 - [MESSAGE][PASSED] - Delayed 1 second(s)

2020-03-16 09:08:08 - [MESSAGE][PASSED] - Element has been clicked

2020-03-16 09:08:08 - [TEST_STEP][PASSED] - setText(findTestObject("Object Repository/setParamTextField"), parameterName): Text 'Application.AQS.ArticleIntegration.MixedCases.Enabled' is set on object 'Object Repository/setParamTextField'

2020-03-16 09:08:10 - [MESSAGE][PASSED] - Text 'Application.AQS.ArticleIntegration.MixedCases.Enabled' is set on object 'Object Repository/setParamTextField'

2020-03-16 09:08:10 - [TEST_STEP][PASSED] - common.util.aribakeywords.aribaClick(findTestObject("div_Run Stager")): common.util.aribakeywords.aribaClick is PASSED

2020-03-16 09:08:11 - [MESSAGE][PASSED] - Object 'Object Repository/div_Run Stager' is clickable

2020-03-16 09:08:12 - [MESSAGE][PASSED] - Scroll to object 'Object Repository/div_Run Stager' successfully

2020-03-16 09:08:12 - [MESSAGE][PASSED] - Object 'Object Repository/div_Run Stager' is visible

2020-03-16 09:08:15 - [MESSAGE][PASSED] - Object: 'Object Repository/div_Run Stager' is clicked on

2020-03-16 09:08:17 - [MESSAGE][INFO] - ************* JS EXECUTED ************: false

2020-03-16 09:08:18 - [MESSAGE][PASSED] - Delayed 1 second(s)

2020-03-16 09:08:18 - [MESSAGE][INFO] - ************* JS EXECUTED ************: true

2020-03-16 09:08:19 - [MESSAGE][PASSED] - Delayed 1 second(s)

2020-03-16 09:08:20 - [MESSAGE][PASSED] - Object 'Object Repository/Page_Ariba Spend Management/input__bt5lrc' is clickable

2020-03-16 09:08:20 - [MESSAGE][PASSED] - Web element with id: 'Object Repository/Page_Ariba Spend Management/StackTrace' located by 'By.xpath: //*[@awname = 'SHOW_STACK_TRACE']' is not present after '1' second(s)

2020-03-16 09:08:21 - [MESSAGE][PASSED] - Web element with id: 'Object Repository/Page_Ariba Spend Management/StagerError' located by 'By.xpath: //*[@awname = 'TestStagerErrorPage:toggleStackTrace']' is not present after '1' second(s)

2020-03-16 09:08:21 - [MESSAGE][PASSED] - Web element with id: 'Object Repository/Page_Ariba Spend Management/ReturnToLoginPage' located by 'By.xpath: //*[@awname = 'Return to the Ariba login page::ARPException:linkAction']' is not present after '1' second(s)

2020-03-16 09:08:21 - [MESSAGE][INFO] - in Run stager method

2020-03-16 09:08:21 - [MESSAGE][INFO] -  I am able to see set user. So returning from runstager wait.

2020-03-16 09:08:22 - [MESSAGE][INFO] - ************* JS EXECUTED ************: true

2020-03-16 09:08:23 - [MESSAGE][PASSED] - Delayed 1 second(s)

2020-03-16 09:08:24 - [MESSAGE][INFO] - ************* JS EXECUTED ************: true

2020-03-16 09:08:25 - [MESSAGE][PASSED] - Delayed 1 second(s)

2020-03-16 09:08:25 - [MESSAGE][PASSED] - common.util.aribakeywords.aribaClick is PASSED

2020-03-16 09:08:25 - [MESSAGE][PASSED] - Call Test Case 'Test Cases/DMS/UtilTests/SetRealmParameters' successfully

2020-03-16 09:08:25 - [TEST_STEP][PASSED] - common.util.aribakeywords.aribaClick(findTestObject("Page_Ariba Spend Management/a_TA..")): Element has been clicked

2020-03-16 09:08:26 - [MESSAGE][PASSED] - Object 'Object Repository/Page_Ariba Spend Management/a_TA..' is clickable

2020-03-16 09:08:27 - [MESSAGE][PASSED] - Scroll to object 'Object Repository/Page_Ariba Spend Management/a_TA..' successfully

2020-03-16 09:08:28 - [MESSAGE][PASSED] - Object 'Object Repository/Page_Ariba Spend Management/a_TA..' is visible

2020-03-16 09:08:29 - [MESSAGE][INFO] - Clicking element

2020-03-16 09:08:30 - [MESSAGE][PASSED] - Object: 'Object Repository/Page_Ariba Spend Management/a_TA..' is clicked on

2020-03-16 09:08:31 - [MESSAGE][INFO] - ************* JS EXECUTED ************: true

2020-03-16 09:08:32 - [MESSAGE][PASSED] - Delayed 1 second(s)

2020-03-16 09:08:32 - [MESSAGE][PASSED] - Element has been clicked

2020-03-16 09:08:32 - [TEST_STEP][PASSED] - common.util.aribakeywords.aribaClick(findTestObject("Page_TestCentralPage/Test Central ACM")): Element has been clicked

2020-03-16 09:08:33 - [MESSAGE][PASSED] - Object 'Object Repository/Page_TestCentralPage/Test Central ACM' is clickable

2020-03-16 09:08:34 - [MESSAGE][PASSED] - Scroll to object 'Object Repository/Page_TestCentralPage/Test Central ACM' successfully

2020-03-16 09:08:35 - [MESSAGE][PASSED] - Object 'Object Repository/Page_TestCentralPage/Test Central ACM' is visible

2020-03-16 09:08:36 - [MESSAGE][INFO] - Clicking element

2020-03-16 09:08:37 - [MESSAGE][PASSED] - Object: 'Object Repository/Page_TestCentralPage/Test Central ACM' is clicked on

2020-03-16 09:08:38 - [MESSAGE][INFO] - ************* JS EXECUTED ************: true

2020-03-16 09:08:39 - [MESSAGE][PASSED] - Delayed 1 second(s)

2020-03-16 09:08:39 - [MESSAGE][PASSED] - Element has been clicked

2020-03-16 09:08:39 - [TEST_STEP][PASSED] - scrollToElement(findTestObject("Page_Ariba Spend Management/a_Create Workspace"), 3): Scroll to object 'Object Repository/Page_Ariba Spend Management/a_Create Workspace' successfully

2020-03-16 09:08:40 - [MESSAGE][PASSED] - Scroll to object 'Object Repository/Page_Ariba Spend Management/a_Create Workspace' successfully

2020-03-16 09:08:40 - [TEST_STEP][PASSED] - common.util.aribakeywords.aribaClick(findTestObject("Page_Ariba Spend Management/a_Create Workspace")): Element has been clicked

2020-03-16 09:08:41 - [MESSAGE][PASSED] - Object 'Object Repository/Page_Ariba Spend Management/a_Create Workspace' is clickable

2020-03-16 09:08:42 - [MESSAGE][PASSED] - Scroll to object 'Object Repository/Page_Ariba Spend Management/a_Create Workspace' successfully

2020-03-16 09:08:43 - [MESSAGE][PASSED] - Object 'Object Repository/Page_Ariba Spend Management/a_Create Workspace' is visible

2020-03-16 09:08:45 - [MESSAGE][INFO] - Clicking element

2020-03-16 09:08:46 - [MESSAGE][PASSED] - Object: 'Object Repository/Page_Ariba Spend Management/a_Create Workspace' is clicked on

2020-03-16 09:08:47 - [MESSAGE][INFO] - ************* JS EXECUTED ************: false

2020-03-16 09:08:48 - [MESSAGE][PASSED] - Delayed 1 second(s)

2020-03-16 09:08:48 - [MESSAGE][INFO] - ************* JS EXECUTED ************: true

2020-03-16 09:08:49 - [MESSAGE][PASSED] - Delayed 1 second(s)

2020-03-16 09:08:49 - [MESSAGE][PASSED] - Element has been clicked

2020-03-16 09:08:49 - [TEST_STEP][PASSED] - setText(findTestObject("Page_Ariba Spend Management/input_Name of Workspace__bdp8j"), CW): Text 'ContractWithLotAPCTerm_1584329509512' is set on object 'Object Repository/Page_Ariba Spend Management/input_Name of Workspace__bdp8j'

2020-03-16 09:08:51 - [MESSAGE][PASSED] - Text 'ContractWithLotAPCTerm_1584329509512' is set on object 'Object Repository/Page_Ariba Spend Management/input_Name of Workspace__bdp8j'

2020-03-16 09:08:51 - [TEST_STEP][PASSED] - setText(findTestObject("Page_Ariba Spend Management/input_Name of Template__x1sbod"), contractTemplate): Text 'ContractAPCTemplateWithBasketLot' is set on object 'Object Repository/Page_Ariba Spend Management/input_Name of Template__x1sbod'

2020-03-16 09:08:54 - [MESSAGE][PASSED] - Text 'ContractAPCTemplateWithBasketLot' is set on object 'Object Repository/Page_Ariba Spend Management/input_Name of Template__x1sbod'

2020-03-16 09:08:54 - [TEST_STEP][PASSED] - common.util.aribakeywords.aribaClick(findTestObject("Object Repository/div_Run Stager")): common.util.aribakeywords.aribaClick is PASSED

2020-03-16 09:08:55 - [MESSAGE][PASSED] - Object 'Object Repository/div_Run Stager' is clickable

2020-03-16 09:08:56 - [MESSAGE][PASSED] - Scroll to object 'Object Repository/div_Run Stager' successfully

2020-03-16 09:08:56 - [MESSAGE][PASSED] - Object 'Object Repository/div_Run Stager' is visible

2020-03-16 09:08:59 - [MESSAGE][PASSED] - Object: 'Object Repository/div_Run Stager' is clicked on

2020-03-16 09:09:00 - [MESSAGE][INFO] - ************* JS EXECUTED ************: false

2020-03-16 09:09:01 - [MESSAGE][PASSED] - Delayed 1 second(s)

2020-03-16 09:09:01 - [MESSAGE][INFO] - ************* JS EXECUTED ************: false

2020-03-16 09:09:02 - [MESSAGE][PASSED] - Delayed 1 second(s)

2020-03-16 09:09:03 - [MESSAGE][INFO] - ************* JS EXECUTED ************: false

2020-03-16 09:09:04 - [MESSAGE][PASSED] - Delayed 1 second(s)

2020-03-16 09:09:04 - [MESSAGE][INFO] - ************* JS EXECUTED ************: false

2020-03-16 09:09:05 - [MESSAGE][PASSED] - Delayed 1 second(s)

2020-03-16 09:09:06 - [MESSAGE][INFO] - ************* JS EXECUTED ************: false

2020-03-16 09:09:07 - [MESSAGE][PASSED] - Delayed 1 second(s)

2020-03-16 09:09:08 - [MESSAGE][INFO] - ************* JS EXECUTED ************: false

2020-03-16 09:09:09 - [MESSAGE][PASSED] - Delayed 1 second(s)

2020-03-16 09:09:09 - [MESSAGE][INFO] - ************* JS EXECUTED ************: true

2020-03-16 09:09:10 - [MESSAGE][PASSED] - Delayed 1 second(s)

2020-03-16 09:09:11 - [MESSAGE][PASSED] - Object 'Object Repository/Page_Ariba Spend Management/input__bt5lrc' is clickable

2020-03-16 09:09:12 - [MESSAGE][PASSED] - Web element with id: 'Object Repository/Page_Ariba Spend Management/StackTrace' located by 'By.xpath: //*[@awname = 'SHOW_STACK_TRACE']' is not present after '1' second(s)

2020-03-16 09:09:12 - [MESSAGE][PASSED] - Web element with id: 'Object Repository/Page_Ariba Spend Management/StagerError' located by 'By.xpath: //*[@awname = 'TestStagerErrorPage:toggleStackTrace']' is not present after '1' second(s)

2020-03-16 09:09:13 - [MESSAGE][PASSED] - Web element with id: 'Object Repository/Page_Ariba Spend Management/ReturnToLoginPage' located by 'By.xpath: //*[@awname = 'Return to the Ariba login page::ARPException:linkAction']' is not present after '1' second(s)

2020-03-16 09:09:13 - [MESSAGE][INFO] - in Run stager method

2020-03-16 09:09:13 - [MESSAGE][INFO] -  I am able to see set user. So returning from runstager wait.

2020-03-16 09:09:14 - [MESSAGE][INFO] - ************* JS EXECUTED ************: true

2020-03-16 09:09:15 - [MESSAGE][PASSED] - Delayed 1 second(s)

2020-03-16 09:09:16 - [MESSAGE][INFO] - ************* JS EXECUTED ************: true

2020-03-16 09:09:17 - [MESSAGE][PASSED] - Delayed 1 second(s)

2020-03-16 09:09:17 - [MESSAGE][PASSED] - common.util.aribakeywords.aribaClick is PASSED

2020-03-16 09:09:17 - [TEST_STEP][PASSED] - try: Call Test Case 'Test Cases/DMS/UtilTests/SetContractProjectCompactView' successfully

2020-03-16 09:09:17 - [TEST_STEP][PASSED] - callTestCase(findTestCase("DMS/UtilTests/SetContractProjectCompactView"), ["projectName":CW], OPTIONAL): Call Test Case 'Test Cases/DMS/UtilTests/SetContractProjectCompactView' successfully

2020-03-16 09:09:17 - [TEST_CASE][PASSED] - Test Cases/DMS/UtilTests/SetContractProjectCompactView: Test Cases/DMS/UtilTests/SetContractProjectCompactView

2020-03-16 09:09:17 - [TEST_STEP][PASSED] - refresh(): Refresh successfully

2020-03-16 09:09:18 - [MESSAGE][PASSED] - Refresh successfully

2020-03-16 09:09:18 - [TEST_STEP][PASSED] - common.util.aribakeywords.aribaClick(findTestObject("Object Repository/a_TA..")): Element has been clicked

2020-03-16 09:09:19 - [MESSAGE][PASSED] - Object 'Object Repository/a_TA..' is clickable

2020-03-16 09:09:20 - [MESSAGE][PASSED] - Scroll to object 'Object Repository/a_TA..' successfully

2020-03-16 09:09:21 - [MESSAGE][PASSED] - Object 'Object Repository/a_TA..' is visible

2020-03-16 09:09:22 - [MESSAGE][INFO] - Clicking element

2020-03-16 09:09:23 - [MESSAGE][PASSED] - Object: 'Object Repository/a_TA..' is clicked on

2020-03-16 09:09:24 - [MESSAGE][INFO] - ************* JS EXECUTED ************: true

2020-03-16 09:09:25 - [MESSAGE][PASSED] - Delayed 1 second(s)

2020-03-16 09:09:25 - [MESSAGE][PASSED] - Element has been clicked

2020-03-16 09:09:25 - [TEST_STEP][PASSED] - common.util.aribakeywords.aribaClick(findTestObject("Object Repository/testCentral")): Element has been clicked

2020-03-16 09:09:26 - [MESSAGE][PASSED] - Object 'Object Repository/testCentral' is clickable

2020-03-16 09:09:27 - [MESSAGE][PASSED] - Scroll to object 'Object Repository/testCentral' successfully

2020-03-16 09:09:28 - [MESSAGE][PASSED] - Object 'Object Repository/testCentral' is visible

2020-03-16 09:09:29 - [MESSAGE][INFO] - Clicking element

2020-03-16 09:09:30 - [MESSAGE][PASSED] - Object: 'Object Repository/testCentral' is clicked on

2020-03-16 09:09:31 - [MESSAGE][INFO] - ************* JS EXECUTED ************: true

2020-03-16 09:09:32 - [MESSAGE][PASSED] - Delayed 1 second(s)

2020-03-16 09:09:32 - [MESSAGE][PASSED] - Element has been clicked

2020-03-16 09:09:32 - [TEST_STEP][PASSED] - waitForElementClickable(findTestObject("Object Repository/a_Set Project View"), 2, OPTIONAL): Object 'Object Repository/a_Set Project View' is clickable

2020-03-16 09:09:33 - [MESSAGE][PASSED] - Object 'Object Repository/a_Set Project View' is clickable

2020-03-16 09:09:33 - [TEST_STEP][PASSED] - common.util.aribakeywords.aribaClick(findTestObject("Object Repository/a_Set Project View")): Element has been clicked

2020-03-16 09:09:34 - [MESSAGE][PASSED] - Object 'Object Repository/a_Set Project View' is clickable

2020-03-16 09:09:35 - [MESSAGE][PASSED] - Scroll to object 'Object Repository/a_Set Project View' successfully

2020-03-16 09:09:36 - [MESSAGE][PASSED] - Object 'Object Repository/a_Set Project View' is visible

2020-03-16 09:09:37 - [MESSAGE][INFO] - Clicking element

2020-03-16 09:09:38 - [MESSAGE][PASSED] - Object: 'Object Repository/a_Set Project View' is clicked on

2020-03-16 09:09:39 - [MESSAGE][INFO] - ************* JS EXECUTED ************: true

2020-03-16 09:09:40 - [MESSAGE][PASSED] - Delayed 1 second(s)

2020-03-16 09:09:40 - [MESSAGE][PASSED] - Element has been clicked

2020-03-16 09:09:40 - [TEST_STEP][PASSED] - refresh(): Refresh successfully

2020-03-16 09:09:41 - [MESSAGE][PASSED] - Refresh successfully

2020-03-16 09:09:41 - [TEST_STEP][PASSED] - setText(findTestObject("Object Repository/input_Workspace Title__kyhyhb"), projectName): Text 'ContractWithLotAPCTerm_1584329509512' is set on object 'Object Repository/input_Workspace Title__kyhyhb'

2020-03-16 09:09:43 - [MESSAGE][PASSED] - Text 'ContractWithLotAPCTerm_1584329509512' is set on object 'Object Repository/input_Workspace Title__kyhyhb'

2020-03-16 09:09:43 - [TEST_STEP][PASSED] - common.util.aribakeywords.aribaClick(findTestObject("Object Repository/input_Display__p7ugj")): Element has been clicked

2020-03-16 09:09:44 - [MESSAGE][PASSED] - Object 'Object Repository/input_Display__p7ugj' is clickable

2020-03-16 09:09:45 - [MESSAGE][PASSED] - Scroll to object 'Object Repository/input_Display__p7ugj' successfully

2020-03-16 09:09:46 - [MESSAGE][PASSED] - Object 'Object Repository/input_Display__p7ugj' is visible

2020-03-16 09:09:48 - [MESSAGE][INFO] - Clicking element

2020-03-16 09:09:49 - [MESSAGE][PASSED] - Object: 'Object Repository/input_Display__p7ugj' is clicked on

2020-03-16 09:09:50 - [MESSAGE][INFO] - ************* JS EXECUTED ************: true

2020-03-16 09:09:51 - [MESSAGE][PASSED] - Delayed 1 second(s)

2020-03-16 09:09:51 - [MESSAGE][PASSED] - Element has been clicked

2020-03-16 09:09:51 - [TEST_STEP][PASSED] - common.util.aribakeywords.aribaClick(findTestObject("Object Repository/div_Run Stager")): common.util.aribakeywords.aribaClick is PASSED

2020-03-16 09:09:51 - [MESSAGE][PASSED] - Object 'Object Repository/div_Run Stager' is clickable

2020-03-16 09:09:52 - [MESSAGE][PASSED] - Scroll to object 'Object Repository/div_Run Stager' successfully

2020-03-16 09:09:53 - [MESSAGE][PASSED] - Object 'Object Repository/div_Run Stager' is visible

2020-03-16 09:09:56 - [MESSAGE][PASSED] - Object: 'Object Repository/div_Run Stager' is clicked on

2020-03-16 09:09:57 - [MESSAGE][INFO] - ************* JS EXECUTED ************: true

2020-03-16 09:09:58 - [MESSAGE][PASSED] - Delayed 1 second(s)

2020-03-16 09:09:59 - [MESSAGE][PASSED] - Object 'Object Repository/Page_Ariba Spend Management/input__bt5lrc' is clickable

2020-03-16 09:09:59 - [MESSAGE][PASSED] - Web element with id: 'Object Repository/Page_Ariba Spend Management/StackTrace' located by 'By.xpath: //*[@awname = 'SHOW_STACK_TRACE']' is not present after '1' second(s)

2020-03-16 09:10:00 - [MESSAGE][PASSED] - Web element with id: 'Object Repository/Page_Ariba Spend Management/StagerError' located by 'By.xpath: //*[@awname = 'TestStagerErrorPage:toggleStackTrace']' is not present after '1' second(s)

2020-03-16 09:10:00 - [MESSAGE][PASSED] - Web element with id: 'Object Repository/Page_Ariba Spend Management/ReturnToLoginPage' located by 'By.xpath: //*[@awname = 'Return to the Ariba login page::ARPException:linkAction']' is not present after '1' second(s)

2020-03-16 09:10:00 - [MESSAGE][INFO] - in Run stager method

2020-03-16 09:10:00 - [MESSAGE][INFO] -  I am able to see set user. So returning from runstager wait.

2020-03-16 09:10:01 - [MESSAGE][INFO] - ************* JS EXECUTED ************: true

2020-03-16 09:10:02 - [MESSAGE][PASSED] - Delayed 1 second(s)

2020-03-16 09:10:03 - [MESSAGE][INFO] - ************* JS EXECUTED ************: true

2020-03-16 09:10:04 - [MESSAGE][PASSED] - Delayed 1 second(s)

2020-03-16 09:10:04 - [MESSAGE][PASSED] - common.util.aribakeywords.aribaClick is PASSED

2020-03-16 09:10:04 - [MESSAGE][PASSED] - Call Test Case 'Test Cases/DMS/UtilTests/SetContractProjectCompactView' successfully

2020-03-16 09:10:04 - [TEST_STEP][PASSED] - refresh(): Refresh successfully

2020-03-16 09:10:05 - [MESSAGE][PASSED] - Refresh successfully

2020-03-16 09:10:05 - [TEST_STEP][PASSED] - common.util.aribakeywords.aribaClick(findTestObject("Page_Ariba Spend Management/View_Project")): Element has been clicked

2020-03-16 09:10:06 - [MESSAGE][PASSED] - Object 'Object Repository/Page_Ariba Spend Management/View_Project' is clickable

2020-03-16 09:10:08 - [MESSAGE][PASSED] - Scroll to object 'Object Repository/Page_Ariba Spend Management/View_Project' successfully

2020-03-16 09:10:08 - [MESSAGE][PASSED] - Object 'Object Repository/Page_Ariba Spend Management/View_Project' is visible

2020-03-16 09:10:10 - [MESSAGE][INFO] - Clicking element

2020-03-16 09:10:11 - [MESSAGE][PASSED] - Object: 'Object Repository/Page_Ariba Spend Management/View_Project' is clicked on

2020-03-16 09:10:12 - [MESSAGE][INFO] - ************* JS EXECUTED ************: false

2020-03-16 09:10:13 - [MESSAGE][PASSED] - Delayed 1 second(s)

2020-03-16 09:10:13 - [MESSAGE][INFO] - ************* JS EXECUTED ************: false

2020-03-16 09:10:14 - [MESSAGE][PASSED] - Delayed 1 second(s)

2020-03-16 09:10:15 - [MESSAGE][INFO] - ************* JS EXECUTED ************: true

2020-03-16 09:10:16 - [MESSAGE][PASSED] - Delayed 1 second(s)

2020-03-16 09:10:16 - [MESSAGE][PASSED] - Element has been clicked

2020-03-16 09:10:16 - [TEST_STEP][PASSED] - common.util.aribakeywords.waitForPageToLoad(3): common.util.aribakeywords.waitForPageToLoad is PASSED

2020-03-16 09:10:17 - [MESSAGE][INFO] - ************* JS EXECUTED ************: true

2020-03-16 09:10:18 - [MESSAGE][PASSED] - Delayed 1 second(s)

2020-03-16 09:10:18 - [MESSAGE][PASSED] - common.util.aribakeywords.waitForPageToLoad is PASSED

2020-03-16 09:10:18 - [TEST_STEP][PASSED] - refresh(): Refresh successfully

2020-03-16 09:10:19 - [MESSAGE][PASSED] - Refresh successfully

2020-03-16 09:10:19 - [TEST_STEP][PASSED] - common.util.aribakeywords.aribaClick(findTestObject("Object Repository/Page_Ariba Spend Management/span_Documents_w-pml-icon")): Element has been clicked

2020-03-16 09:10:19 - [MESSAGE][PASSED] - Object 'Object Repository/Page_Ariba Spend Management/span_Documents_w-pml-icon' is clickable

2020-03-16 09:10:20 - [MESSAGE][PASSED] - Scroll to object 'Object Repository/Page_Ariba Spend Management/span_Documents_w-pml-icon' successfully

2020-03-16 09:10:21 - [MESSAGE][PASSED] - Object 'Object Repository/Page_Ariba Spend Management/span_Documents_w-pml-icon' is visible

2020-03-16 09:10:23 - [MESSAGE][INFO] - Clicking element

2020-03-16 09:10:24 - [MESSAGE][PASSED] - Object: 'Object Repository/Page_Ariba Spend Management/span_Documents_w-pml-icon' is clicked on

2020-03-16 09:10:24 - [MESSAGE][INFO] - ************* JS EXECUTED ************: true

2020-03-16 09:10:25 - [MESSAGE][PASSED] - Delayed 1 second(s)

2020-03-16 09:10:25 - [MESSAGE][PASSED] - Element has been clicked

2020-03-16 09:10:25 - [TEST_STEP][PASSED] - openDoc = "Open::AbstractDocumentDownloadIcon:itemAction": null

2020-03-16 09:10:25 - [TEST_STEP][PASSED] - openDocLink = modifyObjectProperty(findTestObject("Object Repository/Page_Ariba Spend Management/span_Import"), "awname", "contains", openDoc, true): Modify property of object successfully

2020-03-16 09:10:25 - [MESSAGE][PASSED] - Modify property of object successfully

2020-03-16 09:10:25 - [TEST_STEP][PASSED] - common.util.aribakeywords.aribaClick(openDocLink): Element has been clicked

2020-03-16 09:10:26 - [MESSAGE][PASSED] - Object 'Object Repository/Page_Ariba Spend Management/span_Import' is clickable

2020-03-16 09:10:27 - [MESSAGE][PASSED] - Scroll to object 'Object Repository/Page_Ariba Spend Management/span_Import' successfully

2020-03-16 09:10:28 - [MESSAGE][PASSED] - Object 'Object Repository/Page_Ariba Spend Management/span_Import' is visible

2020-03-16 09:10:30 - [MESSAGE][INFO] - Clicking element

2020-03-16 09:10:31 - [MESSAGE][PASSED] - Object: 'Object Repository/Page_Ariba Spend Management/span_Import' is clicked on

2020-03-16 09:10:32 - [MESSAGE][INFO] - ************* JS EXECUTED ************: false

2020-03-16 09:10:33 - [MESSAGE][PASSED] - Delayed 1 second(s)

2020-03-16 09:10:33 - [MESSAGE][INFO] - ************* JS EXECUTED ************: false

2020-03-16 09:10:34 - [MESSAGE][PASSED] - Delayed 1 second(s)

2020-03-16 09:10:35 - [MESSAGE][INFO] - ************* JS EXECUTED ************: false

2020-03-16 09:10:36 - [MESSAGE][PASSED] - Delayed 1 second(s)

2020-03-16 09:10:36 - [MESSAGE][INFO] - ************* JS EXECUTED ************: true

2020-03-16 09:10:37 - [MESSAGE][PASSED] - Delayed 1 second(s)

2020-03-16 09:10:37 - [MESSAGE][PASSED] - Element has been clicked

2020-03-16 09:10:37 - [TEST_STEP][PASSED] - common.util.aribakeywords.aribaClick(findTestObject("Object Repository/Page_ASPEditContentDocument/span_Excel Import")): Element has been clicked

2020-03-16 09:10:38 - [MESSAGE][PASSED] - Object 'Object Repository/Page_ASPEditContentDocument/span_Excel Import' is clickable

2020-03-16 09:10:39 - [MESSAGE][PASSED] - Scroll to object 'Object Repository/Page_ASPEditContentDocument/span_Excel Import' successfully

2020-03-16 09:10:40 - [MESSAGE][PASSED] - Object 'Object Repository/Page_ASPEditContentDocument/span_Excel Import' is visible

2020-03-16 09:10:41 - [MESSAGE][INFO] - Clicking element

2020-03-16 09:10:42 - [MESSAGE][PASSED] - Object: 'Object Repository/Page_ASPEditContentDocument/span_Excel Import' is clicked on

2020-03-16 09:10:43 - [MESSAGE][INFO] - ************* JS EXECUTED ************: true

2020-03-16 09:10:44 - [MESSAGE][PASSED] - Delayed 1 second(s)

2020-03-16 09:10:44 - [MESSAGE][PASSED] - Element has been clicked

2020-03-16 09:10:44 - [TEST_STEP][PASSED] - uploadDoc = "ASCContentFrame:excelImportAction": null

2020-03-16 09:10:44 - [TEST_STEP][PASSED] - uploadDocLink = modifyObjectProperty(findTestObject("Object Repository/Page_Ariba Spend Management/span_Import"), "awname", "equals", uploadDoc, true): Modify property of object successfully

2020-03-16 09:10:44 - [MESSAGE][PASSED] - Modify property of object successfully

2020-03-16 09:10:44 - [TEST_STEP][PASSED] - common.util.aribakeywords.aribaClick(uploadDocLink): Element has been clicked

2020-03-16 09:10:45 - [MESSAGE][PASSED] - Object 'Object Repository/Page_Ariba Spend Management/span_Import' is clickable

2020-03-16 09:10:46 - [MESSAGE][PASSED] - Scroll to object 'Object Repository/Page_Ariba Spend Management/span_Import' successfully

2020-03-16 09:10:47 - [MESSAGE][PASSED] - Object 'Object Repository/Page_Ariba Spend Management/span_Import' is visible

2020-03-16 09:10:49 - [MESSAGE][INFO] - Clicking element

2020-03-16 09:10:50 - [MESSAGE][PASSED] - Object: 'Object Repository/Page_Ariba Spend Management/span_Import' is clicked on

2020-03-16 09:10:50 - [MESSAGE][INFO] - ************* JS EXECUTED ************: true

2020-03-16 09:10:51 - [MESSAGE][PASSED] - Delayed 1 second(s)

2020-03-16 09:10:51 - [MESSAGE][PASSED] - Element has been clicked

2020-03-16 09:10:51 - [TEST_STEP][PASSED] - comment("File Upload with xls file and element and click done once it is uploaded"): File Upload with xls file and element and click done once it is uploaded

2020-03-16 09:10:51 - [MESSAGE][INFO] - File Upload with xls file and element and click done once it is uploaded

2020-03-16 09:10:51 - [TEST_STEP][PASSED] - common.util.aribakeywords.fileUpload(findTestObject("Object Repository/Page_Ariba Spend Management/awFileUploadButton"), filePath): common.util.aribakeywords.fileUpload is PASSED

2020-03-16 09:10:53 - [MESSAGE][PASSED] - common.util.aribakeywords.fileUpload is PASSED

2020-03-16 09:10:53 - [TEST_STEP][PASSED] - excelImportAwname = "ASPExcelImport:importExcelDocumentAction": null

2020-03-16 09:10:53 - [TEST_STEP][PASSED] - excelImportBtn = modifyObjectProperty(findTestObject("Object Repository/Page_Ariba Spend Management/span_Import"), "awname", "equals", excelImportAwname, true): Modify property of object successfully

2020-03-16 09:10:53 - [MESSAGE][PASSED] - Modify property of object successfully

2020-03-16 09:10:53 - [TEST_STEP][PASSED] - common.util.aribakeywords.aribaClick(excelImportBtn): Element has been clicked

2020-03-16 09:10:54 - [MESSAGE][PASSED] - Object 'Object Repository/Page_Ariba Spend Management/span_Import' is clickable

2020-03-16 09:10:55 - [MESSAGE][PASSED] - Scroll to object 'Object Repository/Page_Ariba Spend Management/span_Import' successfully

2020-03-16 09:10:56 - [MESSAGE][PASSED] - Object 'Object Repository/Page_Ariba Spend Management/span_Import' is visible

2020-03-16 09:10:57 - [MESSAGE][INFO] - Clicking element

2020-03-16 09:11:09 - [MESSAGE][PASSED] - Object: 'Object Repository/Page_Ariba Spend Management/span_Import' is clicked on

2020-03-16 09:11:09 - [MESSAGE][INFO] - ************* JS EXECUTED ************: true

2020-03-16 09:11:10 - [MESSAGE][PASSED] - Delayed 1 second(s)

2020-03-16 09:11:10 - [MESSAGE][PASSED] - Element has been clicked

2020-03-16 09:11:10 - [TEST_STEP][PASSED] - verifyTextPresent("View pricing conditions", false, STOP_ON_FAILURE): Text 'View pricing conditions' is present on page 

2020-03-16 09:11:12 - [MESSAGE][PASSED] - Text 'View pricing conditions' is present on page 

2020-03-16 09:11:12 - [TEST_STEP][PASSED] - termApcLink = aribakeywords.createTestObject(LOTTERMAPCLINK_LOC): null

2020-03-16 09:11:12 - [TEST_STEP][PASSED] - waitForElementPresent(termApcLink, 2, STOP_ON_FAILURE): Object '//a[contains(@awname,'CW Term') and text()='View pricing conditions ']' is present

2020-03-16 09:11:13 - [MESSAGE][PASSED] - Object '//a[contains(@awname,'CW Term') and text()='View pricing conditions ']' is present

2020-03-16 09:11:13 - [TEST_STEP][PASSED] - verifyElementPresent(termApcLink, 2, STOP_ON_FAILURE): Object '//a[contains(@awname,'CW Term') and text()='View pricing conditions ']' is present

2020-03-16 09:11:13 - [MESSAGE][PASSED] - Object '//a[contains(@awname,'CW Term') and text()='View pricing conditions ']' is present

2020-03-16 09:11:13 - [TEST_STEP][PASSED] - common.util.aribakeywords.aribaClick(termApcLink): Element has been clicked

2020-03-16 09:11:14 - [MESSAGE][PASSED] - Object '//a[contains(@awname,'CW Term') and text()='View pricing conditions ']' is clickable

2020-03-16 09:11:15 - [MESSAGE][PASSED] - Scroll to object '//a[contains(@awname,'CW Term') and text()='View pricing conditions ']' successfully

2020-03-16 09:11:16 - [MESSAGE][PASSED] - Object '//a[contains(@awname,'CW Term') and text()='View pricing conditions ']' is visible

2020-03-16 09:11:17 - [MESSAGE][INFO] - Clicking element

2020-03-16 09:11:18 - [MESSAGE][PASSED] - Object: '//a[contains(@awname,'CW Term') and text()='View pricing conditions ']' is clicked on

2020-03-16 09:11:19 - [MESSAGE][INFO] - ************* JS EXECUTED ************: false

2020-03-16 09:11:20 - [MESSAGE][PASSED] - Delayed 1 second(s)

2020-03-16 09:11:21 - [MESSAGE][INFO] - ************* JS EXECUTED ************: true

2020-03-16 09:11:22 - [MESSAGE][PASSED] - Delayed 1 second(s)

2020-03-16 09:11:22 - [MESSAGE][PASSED] - Element has been clicked

2020-03-16 09:11:22 - [TEST_STEP][PASSED] - common.util.aribakeywords.waitForPageToLoad(3): common.util.aribakeywords.waitForPageToLoad is PASSED

2020-03-16 09:11:23 - [MESSAGE][INFO] - ************* JS EXECUTED ************: true

2020-03-16 09:11:24 - [MESSAGE][PASSED] - Delayed 1 second(s)

2020-03-16 09:11:24 - [MESSAGE][PASSED] - common.util.aribakeywords.waitForPageToLoad is PASSED

2020-03-16 09:11:24 - [TEST_STEP][PASSED] - driver = getWebDriver(): null

2020-03-16 09:11:24 - [TEST_STEP][PASSED] - verifyTextPresent("Dec 2019 - Dec 9999", false, STOP_ON_FAILURE): Text 'Dec 2019 - Dec 9999' is present on page 

2020-03-16 09:11:25 - [MESSAGE][PASSED] - Text 'Dec 2019 - Dec 9999' is present on page 

2020-03-16 09:11:25 - [TEST_STEP][PASSED] - verifyTextPresent("To 5", false, STOP_ON_FAILURE): Text 'To 5' is present on page 

2020-03-16 09:11:26 - [MESSAGE][PASSED] - Text 'To 5' is present on page 

2020-03-16 09:11:26 - [TEST_STEP][PASSED] - termValue = xpath(LOT_TERM_APC_PRICE_LOC)).getAttribute("value"): null

2020-03-16 09:11:27 - [TEST_STEP][PASSED] - verifyMatch(termValue, "44", false, STOP_ON_FAILURE): Actual text '44' and expected text '44' are matched 

2020-03-16 09:11:27 - [MESSAGE][PASSED] - Actual text '44' and expected text '44' are matched 

2020-03-16 09:11:27 - [TEST_STEP][PASSED] - try: Element has been clicked

2020-03-16 09:11:27 - [TEST_STEP][PASSED] - aribakeywords.aribaClick(findTestObject("Page_Ariba Spend Management/span_Done")): Element has been clicked

2020-03-16 09:11:28 - [MESSAGE][PASSED] - Object 'Object Repository/Page_Ariba Spend Management/span_Done' is clickable

2020-03-16 09:11:29 - [MESSAGE][PASSED] - Scroll to object 'Object Repository/Page_Ariba Spend Management/span_Done' successfully

2020-03-16 09:11:29 - [MESSAGE][PASSED] - Object 'Object Repository/Page_Ariba Spend Management/span_Done' is visible

2020-03-16 09:11:31 - [MESSAGE][INFO] - Clicking element

2020-03-16 09:11:32 - [MESSAGE][PASSED] - Object: 'Object Repository/Page_Ariba Spend Management/span_Done' is clicked on

2020-03-16 09:11:33 - [MESSAGE][INFO] - ************* JS EXECUTED ************: false

2020-03-16 09:11:34 - [MESSAGE][PASSED] - Delayed 1 second(s)

2020-03-16 09:11:34 - [MESSAGE][INFO] - ************* JS EXECUTED ************: true

2020-03-16 09:11:35 - [MESSAGE][PASSED] - Delayed 1 second(s)

2020-03-16 09:11:35 - [MESSAGE][PASSED] - Element has been clicked

2020-03-16 09:11:35 - [TEST_STEP][PASSED] - common.util.aribakeywords.waitForPageToLoad(3): common.util.aribakeywords.waitForPageToLoad is PASSED

2020-03-16 09:11:36 - [MESSAGE][INFO] - ************* JS EXECUTED ************: true

2020-03-16 09:11:37 - [MESSAGE][PASSED] - Delayed 1 second(s)

2020-03-16 09:11:37 - [MESSAGE][PASSED] - common.util.aribakeywords.waitForPageToLoad is PASSED

2020-03-16 09:11:37 - [TEST_STEP][PASSED] - closeBrowser(): Browser is closed

2020-03-16 09:11:38 - [MESSAGE][PASSED] - Browser is closed]]></system-out>
         <system-err><![CDATA[]]></system-err>
      </testcase>
      <testcase name="Test Cases/DMS/PricingConditionSupportForLots - Copy/DMSTC-2917_DownloadBidComparisonWithAPCLot" classname="Test Cases/DMS/PricingConditionSupportForLots - Copy/DMSTC-2917_DownloadBidComparisonWithAPCLot" status="FAILED">
         <failure type="FAILED" message="Test Cases/DMS/PricingConditionSupportForLots - Copy/DMSTC-2917_DownloadBidComparisonWithAPCLot FAILED.
Reason:
com.kms.katalon.core.exception.StepFailedException: Call Test Case 'Test Cases/DMS/UtilTests/CreateSourcingEvent' failed
	at com.kms.katalon.core.keyword.builtin.CallTestCaseKeyword$_callTestCase_closure1.doCall(CallTestCaseKeyword.groovy:63)
	at com.kms.katalon.core.keyword.builtin.CallTestCaseKeyword$_callTestCase_closure1.call(CallTestCaseKeyword.groovy)
	at com.kms.katalon.core.keyword.internal.KeywordMain.runKeyword(KeywordMain.groovy:66)
	at com.kms.katalon.core.keyword.builtin.CallTestCaseKeyword.callTestCase(CallTestCaseKeyword.groovy:81)
	at com.kms.katalon.core.keyword.builtin.CallTestCaseKeyword.execute(CallTestCaseKeyword.groovy:44)
	at com.kms.katalon.core.keyword.internal.KeywordExecutor.executeKeywordForPlatform(KeywordExecutor.groovy:56)
	at com.kms.katalon.core.keyword.BuiltinKeywords.callTestCase(BuiltinKeywords.groovy:334)
	at DMSTC-2917_DownloadBidComparisonWithAPCLot.run(DMSTC-2917_DownloadBidComparisonWithAPCLot:103)
	at com.kms.katalon.core.main.ScriptEngine.run(ScriptEngine.java:194)
	at com.kms.katalon.core.main.ScriptEngine.runScriptAsRawText(ScriptEngine.java:119)
	at com.kms.katalon.core.main.TestCaseExecutor.runScript(TestCaseExecutor.java:331)
	at com.kms.katalon.core.main.TestCaseExecutor.doExecute(TestCaseExecutor.java:322)
	at com.kms.katalon.core.main.TestCaseExecutor.processExecutionPhase(TestCaseExecutor.java:301)
	at com.kms.katalon.core.main.TestCaseExecutor.accessMainPhase(TestCaseExecutor.java:293)
	at com.kms.katalon.core.main.TestCaseExecutor.execute(TestCaseExecutor.java:227)
	at com.kms.katalon.core.main.TestSuiteExecutor.accessTestCaseMainPhase(TestSuiteExecutor.java:129)
	at com.kms.katalon.core.main.TestSuiteExecutor.accessTestSuiteMainPhase(TestSuiteExecutor.java:112)
	at com.kms.katalon.core.main.TestSuiteExecutor.execute(TestSuiteExecutor.java:81)
	at com.kms.katalon.core.main.TestCaseMain.startTestSuite(TestCaseMain.java:157)
	at com.kms.katalon.core.main.TestCaseMain$startTestSuite$0.call(Unknown Source)
	at TempTestSuite1584329506754.run(TempTestSuite1584329506754.groovy:35)
Caused by: com.kms.katalon.core.exception.StepFailedException: Fail to click on Object : TestObject - 'Object Repository/div_Run Stager'
Test Element : [[CRemoteWebDriver: chrome on LINUX (2031313509a64c5dfac1d73a917290f5)] -> xpath: //td[@awname = 'TestStagerForm:runStager']]

Stack Trace : com.kms.katalon.core.exception.StepFailedException: Unable to verify object 'Object Repository/Page_Ariba Spend Management/StackTrace' is not present


	at com.kms.katalon.core.util.KeywordUtil.markFailedAndStop(KeywordUtil.java:27)
	at com.kms.katalon.core.util.KeywordUtil$markFailedAndStop$1.call(Unknown Source)
	at common.util.aribakeywords.aribaClick(aribakeywords.groovy:93)
	at common.util.aribakeywords.invokeMethod(aribakeywords.groovy)
	at com.kms.katalon.core.main.CustomKeywordDelegatingMetaClass.invokeStaticMethod(CustomKeywordDelegatingMetaClass.java:49)
	at CreateSourcingEvent.run(CreateSourcingEvent:48)
	at com.kms.katalon.core.main.ScriptEngine.run(ScriptEngine.java:194)
	at com.kms.katalon.core.main.ScriptEngine.runScriptAsRawText(ScriptEngine.java:119)
	at com.kms.katalon.core.main.TestCaseExecutor.runScript(TestCaseExecutor.java:331)
	at com.kms.katalon.core.main.TestCaseExecutor.doExecute(TestCaseExecutor.java:322)
	at com.kms.katalon.core.main.TestCaseExecutor.processExecutionPhase(TestCaseExecutor.java:301)
	at com.kms.katalon.core.main.TestCaseExecutor.accessMainPhase(TestCaseExecutor.java:293)
	at com.kms.katalon.core.main.TestCaseExecutor.execute(TestCaseExecutor.java:227)
	at com.kms.katalon.core.main.TestCaseMain.runTestCase(TestCaseMain.java:114)
	at com.kms.katalon.core.keyword.builtin.CallTestCaseKeyword$_callTestCase_closure1.doCall(CallTestCaseKeyword.groovy:59)
	... 20 more
"/>
         <system-out><![CDATA[2020-03-16 09:11:38 - [TEST_CASE][FAILED] - Test Cases/DMS/PricingConditionSupportForLots - Copy/DMSTC-2917_DownloadBidComparisonWithAPCLot: Test Cases/DMS/PricingConditionSupportForLots - Copy/DMSTC-2917_DownloadBidComparisonWithAPCLot FAILED.
Reason:
com.kms.katalon.core.exception.StepFailedException: Call Test Case 'Test Cases/DMS/UtilTests/CreateSourcingEvent' failed
	at com.kms.katalon.core.keyword.builtin.CallTestCaseKeyword$_callTestCase_closure1.doCall(CallTestCaseKeyword.groovy:63)
	at com.kms.katalon.core.keyword.builtin.CallTestCaseKeyword$_callTestCase_closure1.call(CallTestCaseKeyword.groovy)
	at com.kms.katalon.core.keyword.internal.KeywordMain.runKeyword(KeywordMain.groovy:66)
	at com.kms.katalon.core.keyword.builtin.CallTestCaseKeyword.callTestCase(CallTestCaseKeyword.groovy:81)
	at com.kms.katalon.core.keyword.builtin.CallTestCaseKeyword.execute(CallTestCaseKeyword.groovy:44)
	at com.kms.katalon.core.keyword.internal.KeywordExecutor.executeKeywordForPlatform(KeywordExecutor.groovy:56)
	at com.kms.katalon.core.keyword.BuiltinKeywords.callTestCase(BuiltinKeywords.groovy:334)
	at DMSTC-2917_DownloadBidComparisonWithAPCLot.run(DMSTC-2917_DownloadBidComparisonWithAPCLot:103)
	at com.kms.katalon.core.main.ScriptEngine.run(ScriptEngine.java:194)
	at com.kms.katalon.core.main.ScriptEngine.runScriptAsRawText(ScriptEngine.java:119)
	at com.kms.katalon.core.main.TestCaseExecutor.runScript(TestCaseExecutor.java:331)
	at com.kms.katalon.core.main.TestCaseExecutor.doExecute(TestCaseExecutor.java:322)
	at com.kms.katalon.core.main.TestCaseExecutor.processExecutionPhase(TestCaseExecutor.java:301)
	at com.kms.katalon.core.main.TestCaseExecutor.accessMainPhase(TestCaseExecutor.java:293)
	at com.kms.katalon.core.main.TestCaseExecutor.execute(TestCaseExecutor.java:227)
	at com.kms.katalon.core.main.TestSuiteExecutor.accessTestCaseMainPhase(TestSuiteExecutor.java:129)
	at com.kms.katalon.core.main.TestSuiteExecutor.accessTestSuiteMainPhase(TestSuiteExecutor.java:112)
	at com.kms.katalon.core.main.TestSuiteExecutor.execute(TestSuiteExecutor.java:81)
	at com.kms.katalon.core.main.TestCaseMain.startTestSuite(TestCaseMain.java:157)
	at com.kms.katalon.core.main.TestCaseMain$startTestSuite$0.call(Unknown Source)
	at TempTestSuite1584329506754.run(TempTestSuite1584329506754.groovy:35)
Caused by: com.kms.katalon.core.exception.StepFailedException: Fail to click on Object : TestObject - 'Object Repository/div_Run Stager'
Test Element : [[CRemoteWebDriver: chrome on LINUX (2031313509a64c5dfac1d73a917290f5)] -> xpath: //td[@awname = 'TestStagerForm:runStager']]

Stack Trace : com.kms.katalon.core.exception.StepFailedException: Unable to verify object 'Object Repository/Page_Ariba Spend Management/StackTrace' is not present


	at com.kms.katalon.core.util.KeywordUtil.markFailedAndStop(KeywordUtil.java:27)
	at com.kms.katalon.core.util.KeywordUtil$markFailedAndStop$1.call(Unknown Source)
	at common.util.aribakeywords.aribaClick(aribakeywords.groovy:93)
	at common.util.aribakeywords.invokeMethod(aribakeywords.groovy)
	at com.kms.katalon.core.main.CustomKeywordDelegatingMetaClass.invokeStaticMethod(CustomKeywordDelegatingMetaClass.java:49)
	at CreateSourcingEvent.run(CreateSourcingEvent:48)
	at com.kms.katalon.core.main.ScriptEngine.run(ScriptEngine.java:194)
	at com.kms.katalon.core.main.ScriptEngine.runScriptAsRawText(ScriptEngine.java:119)
	at com.kms.katalon.core.main.TestCaseExecutor.runScript(TestCaseExecutor.java:331)
	at com.kms.katalon.core.main.TestCaseExecutor.doExecute(TestCaseExecutor.java:322)
	at com.kms.katalon.core.main.TestCaseExecutor.processExecutionPhase(TestCaseExecutor.java:301)
	at com.kms.katalon.core.main.TestCaseExecutor.accessMainPhase(TestCaseExecutor.java:293)
	at com.kms.katalon.core.main.TestCaseExecutor.execute(TestCaseExecutor.java:227)
	at com.kms.katalon.core.main.TestCaseMain.runTestCase(TestCaseMain.java:114)
	at com.kms.katalon.core.keyword.builtin.CallTestCaseKeyword$_callTestCase_closure1.doCall(CallTestCaseKeyword.groovy:59)
	... 20 more


2020-03-16 09:11:38 - [TEST_STEP][PASSED] - Start listener action : sampleBeforeTestCase: null

2020-03-16 09:11:38 - [TEST_STEP][PASSED] - println(testCaseContext.getTestCaseId()): null

2020-03-16 09:11:38 - [TEST_STEP][PASSED] - println(testCaseContext.getTestCaseVariables()): null

2020-03-16 09:11:38 - [TEST_STEP][PASSED] - fileName = "TestData.xlsx": null

2020-03-16 09:11:38 - [TEST_STEP][PASSED] - fileRelPath = "/Test Files/dms/ExcelValidations/": null

2020-03-16 09:11:38 - [TEST_STEP][PASSED] - sheetName = "Shashi_pricingConditions": null

2020-03-16 09:11:38 - [TEST_STEP][PASSED] - dataTableName = "DataSet7": null

2020-03-16 09:11:38 - [TEST_STEP][PASSED] - columnHeader = "toggles": null

2020-03-16 09:11:38 - [TEST_STEP][PASSED] - APCLOT_LOT = "//tr[@awname='0.3::AWRefreshRegion']": null

2020-03-16 09:11:38 - [TEST_STEP][PASSED] - APCLOT_CHILDITEM_LOC = "//tr[@awname='0.3_0.3.1::AWRefreshRegion']": null

2020-03-16 09:11:38 - [TEST_STEP][PASSED] - APCLINK_LOC = "//a[@awname='0.3_RITASHORTSTRINGIFZ000003Computed Term::RITASHORTSTRINGIFZ000003:pricingInfoDisplay']": null

2020-03-16 09:11:38 - [TEST_STEP][PASSED] - LOT_TERM_APC_PRICE_LOC = "//input[@awname='_DerivedStringValue::PCCostTermView_DerivedStringValue:fieldValue']": null

2020-03-16 09:11:38 - [TEST_STEP][PASSED] - EXPANDLOTBTN = "//a[@awname='_Award_8_4_Award::AWTRowAttributeExpandoColumnRenderer:table.pivotState.toggleDetailAttributesExpanded']//div": null

2020-03-16 09:11:38 - [TEST_STEP][PASSED] - BIDCOMPARISON_BTN = "//button[@awname='ASCContentPivot:advancedPricingBidComparisonExcelExportAction']": null

2020-03-16 09:11:38 - [TEST_STEP][PASSED] - service = baseURL: null

2020-03-16 09:11:38 - [TEST_STEP][PASSED] - realm = realm: null

2020-03-16 09:11:38 - [TEST_STEP][PASSED] - appLoginUrl = service + "/Sourcing/Main?realm=" + realm: null

2020-03-16 09:11:38 - [TEST_STEP][PASSED] - userName = "customersupportadmin": null

2020-03-16 09:11:38 - [TEST_STEP][PASSED] - CW = "ACPContractWithLot_" + System.currentTimeMillis(): null

2020-03-16 09:11:38 - [TEST_STEP][PASSED] - sourcingEvent = sourcingEvent + System.currentTimeMillis(): null

2020-03-16 09:11:38 - [TEST_STEP][PASSED] - callTestCase(findTestCase("DMS/UtilTests/LoginIntoApp"), ["appLoginUrl":appLoginUrl, "userName":userName], STOP_ON_FAILURE): Call Test Case 'Test Cases/DMS/UtilTests/LoginIntoApp' successfully

2020-03-16 09:11:38 - [TEST_CASE][PASSED] - Test Cases/DMS/UtilTests/LoginIntoApp: Test Cases/DMS/UtilTests/LoginIntoApp

2020-03-16 09:11:38 - [TEST_STEP][PASSED] - openBrowser(""): Browser is opened with url: ''

2020-03-16 09:11:38 - [MESSAGE][INFO] - Starting 'Remote' driver

2020-03-16 09:11:38 - [MESSAGE][INFO] - User set preference: ['browserName', 'chrome']

2020-03-16 09:11:38 - [MESSAGE][INFO] - Connecting to remote web server 'http://10.173.0.211:4444/wd/hub' with type 'Selenium'

2020-03-16 09:11:41 - [MESSAGE][PASSED] - Browser is opened with url: ''

2020-03-16 09:11:41 - [TEST_STEP][PASSED] - navigateToUrl(appLoginUrl): Navigate to 'https://svcdev7ss.ariba.com/Sourcing/Main?realm=s4SVAll' successfully

2020-03-16 09:11:43 - [MESSAGE][PASSED] - Navigate to 'https://svcdev7ss.ariba.com/Sourcing/Main?realm=s4SVAll' successfully

2020-03-16 09:11:43 - [TEST_STEP][PASSED] - common.util.aribakeywords.aribaClick(findTestObject("Object Repository/a_Test Central")): Element has been clicked

2020-03-16 09:11:44 - [MESSAGE][PASSED] - Object 'Object Repository/a_Test Central' is clickable

2020-03-16 09:11:45 - [MESSAGE][PASSED] - Scroll to object 'Object Repository/a_Test Central' successfully

2020-03-16 09:11:46 - [MESSAGE][PASSED] - Object 'Object Repository/a_Test Central' is visible

2020-03-16 09:11:46 - [MESSAGE][INFO] - Clicking element

2020-03-16 09:11:49 - [MESSAGE][PASSED] - Object: 'Object Repository/a_Test Central' is clicked on

2020-03-16 09:11:50 - [MESSAGE][INFO] - ************* JS EXECUTED ************: true

2020-03-16 09:11:51 - [MESSAGE][PASSED] - Delayed 1 second(s)

2020-03-16 09:11:51 - [MESSAGE][PASSED] - Element has been clicked

2020-03-16 09:11:51 - [TEST_STEP][PASSED] - setText(findTestObject("Object Repository/testcentralpageusername"), userName): Text 'customersupportadmin' is set on object 'Object Repository/testcentralpageusername'

2020-03-16 09:11:53 - [MESSAGE][PASSED] - Text 'customersupportadmin' is set on object 'Object Repository/testcentralpageusername'

2020-03-16 09:11:53 - [TEST_STEP][PASSED] - common.util.aribakeywords.aribaClick(findTestObject("Object Repository/testcentralsetuserbutton")): Element has been clicked

2020-03-16 09:11:54 - [MESSAGE][PASSED] - Object 'Object Repository/testcentralsetuserbutton' is clickable

2020-03-16 09:11:55 - [MESSAGE][PASSED] - Scroll to object 'Object Repository/testcentralsetuserbutton' successfully

2020-03-16 09:11:56 - [MESSAGE][PASSED] - Object 'Object Repository/testcentralsetuserbutton' is visible

2020-03-16 09:11:57 - [MESSAGE][INFO] - Clicking element

2020-03-16 09:11:58 - [MESSAGE][PASSED] - Object: 'Object Repository/testcentralsetuserbutton' is clicked on

2020-03-16 09:12:00 - [MESSAGE][INFO] - ************* JS EXECUTED ************: true

2020-03-16 09:12:01 - [MESSAGE][PASSED] - Delayed 1 second(s)

2020-03-16 09:12:01 - [MESSAGE][PASSED] - Element has been clicked

2020-03-16 09:12:01 - [MESSAGE][PASSED] - Call Test Case 'Test Cases/DMS/UtilTests/LoginIntoApp' successfully

2020-03-16 09:12:01 - [TEST_STEP][PASSED] - volumeScaleFeature = "ariba.sourcing.util.SourcingEventFeatures.PricingConditionsWithScales": null

2020-03-16 09:12:01 - [TEST_STEP][PASSED] - fromScaleFeature = "ariba.sourcing.util.SourcingEventFeatures.FromScalesInPricingCondition": null

2020-03-16 09:12:01 - [TEST_STEP][PASSED] - appendReplaceContract = "ariba.collaborate.util.CollaborateFeatures.AppendLineItemsInExistingContract": null

2020-03-16 09:12:01 - [TEST_STEP][PASSED] - apcForBasketLots = "ariba.sourcing.util.SourcingEventFeatures.PricingConditionForBasketLot": null

2020-03-16 09:12:01 - [TEST_STEP][PASSED] - prepackMixedCase = "ariba.sourcing.util.RetailSourcingFeatures.PrePackAndMixedCases": null

2020-03-16 09:12:01 - [TEST_STEP][PASSED] - itemHierarchy = "ariba.sourcing.util.SourcingEventFeatures.SourcingItemHierarchy": null

2020-03-16 09:12:01 - [TEST_STEP][PASSED] - mixedCasedPrepack = "ariba.sourcing.util.RetailSourcingFeatures.PrePackAndMixedCasesInContract": null

2020-03-16 09:12:01 - [TEST_STEP][PASSED] - toggleList = [volumeScaleFeature, fromScaleFeature, appendReplaceContract, prepackMixedCase, itemHierarchy, mixedCasedPrepack]: null

2020-03-16 09:12:01 - [TEST_STEP][PASSED] - for ([i = 0, i < toggleList.size(), (i++)]): Call Test Case 'Test Cases/DMS/UtilTests/SetFeatureToggle' successfully

2020-03-16 09:12:01 - [TEST_STEP][PASSED] - callTestCase(findTestCase("DMS/UtilTests/SetFeatureToggle"), ["featureToggleName":toggleList[i]], STOP_ON_FAILURE): Call Test Case 'Test Cases/DMS/UtilTests/SetFeatureToggle' successfully

2020-03-16 09:12:01 - [TEST_CASE][PASSED] - Test Cases/DMS/UtilTests/SetFeatureToggle: Test Cases/DMS/UtilTests/SetFeatureToggle

2020-03-16 09:12:01 - [TEST_STEP][PASSED] - common.util.aribakeywords.aribaClick(findTestObject("Object Repository/a_TA..")): Element has been clicked

2020-03-16 09:12:02 - [MESSAGE][PASSED] - Object 'Object Repository/a_TA..' is clickable

2020-03-16 09:12:03 - [MESSAGE][PASSED] - Scroll to object 'Object Repository/a_TA..' successfully

2020-03-16 09:12:04 - [MESSAGE][PASSED] - Object 'Object Repository/a_TA..' is visible

2020-03-16 09:12:06 - [MESSAGE][INFO] - Clicking element

2020-03-16 09:12:07 - [MESSAGE][PASSED] - Object: 'Object Repository/a_TA..' is clicked on

2020-03-16 09:12:08 - [MESSAGE][INFO] - ************* JS EXECUTED ************: true

2020-03-16 09:12:09 - [MESSAGE][PASSED] - Delayed 1 second(s)

2020-03-16 09:12:09 - [MESSAGE][PASSED] - Element has been clicked

2020-03-16 09:12:09 - [TEST_STEP][PASSED] - common.util.aribakeywords.aribaClick(findTestObject("Object Repository/testCentral")): Element has been clicked

2020-03-16 09:12:10 - [MESSAGE][PASSED] - Object 'Object Repository/testCentral' is clickable

2020-03-16 09:12:11 - [MESSAGE][PASSED] - Scroll to object 'Object Repository/testCentral' successfully

2020-03-16 09:12:12 - [MESSAGE][PASSED] - Object 'Object Repository/testCentral' is visible

2020-03-16 09:12:13 - [MESSAGE][INFO] - Clicking element

2020-03-16 09:12:14 - [MESSAGE][PASSED] - Object: 'Object Repository/testCentral' is clicked on

2020-03-16 09:12:15 - [MESSAGE][INFO] - ************* JS EXECUTED ************: true

2020-03-16 09:12:16 - [MESSAGE][PASSED] - Delayed 1 second(s)

2020-03-16 09:12:16 - [MESSAGE][PASSED] - Element has been clicked

2020-03-16 09:12:16 - [TEST_STEP][PASSED] - common.util.aribakeywords.aribaClick(findTestObject("Object Repository/Page_TestCentralPage/input_User__njzfkc")): Element has been clicked

2020-03-16 09:12:17 - [MESSAGE][PASSED] - Object 'Object Repository/Page_TestCentralPage/input_User__njzfkc' is clickable

2020-03-16 09:12:18 - [MESSAGE][PASSED] - Scroll to object 'Object Repository/Page_TestCentralPage/input_User__njzfkc' successfully

2020-03-16 09:12:19 - [MESSAGE][PASSED] - Object 'Object Repository/Page_TestCentralPage/input_User__njzfkc' is visible

2020-03-16 09:12:20 - [MESSAGE][INFO] - Clicking element

2020-03-16 09:12:21 - [MESSAGE][PASSED] - Object: 'Object Repository/Page_TestCentralPage/input_User__njzfkc' is clicked on

2020-03-16 09:12:22 - [MESSAGE][INFO] - ************* JS EXECUTED ************: true

2020-03-16 09:12:23 - [MESSAGE][PASSED] - Delayed 1 second(s)

2020-03-16 09:12:23 - [MESSAGE][PASSED] - Element has been clicked

2020-03-16 09:12:23 - [TEST_STEP][PASSED] - scrollToElement(findTestObject("Object Repository/Page_TestCentralPage/a_Enable  Or  Disable  Feature"), 3): Scroll to object 'Object Repository/Page_TestCentralPage/a_Enable  Or  Disable  Feature' successfully

2020-03-16 09:12:24 - [MESSAGE][PASSED] - Scroll to object 'Object Repository/Page_TestCentralPage/a_Enable  Or  Disable  Feature' successfully

2020-03-16 09:12:24 - [TEST_STEP][PASSED] - common.util.aribakeywords.aribaClick(findTestObject("Object Repository/Page_TestCentralPage/a_Enable  Or  Disable  Feature")): Element has been clicked

2020-03-16 09:12:25 - [MESSAGE][PASSED] - Object 'Object Repository/Page_TestCentralPage/a_Enable  Or  Disable  Feature' is clickable

2020-03-16 09:12:26 - [MESSAGE][PASSED] - Scroll to object 'Object Repository/Page_TestCentralPage/a_Enable  Or  Disable  Feature' successfully

2020-03-16 09:12:27 - [MESSAGE][PASSED] - Object 'Object Repository/Page_TestCentralPage/a_Enable  Or  Disable  Feature' is visible

2020-03-16 09:12:28 - [MESSAGE][INFO] - Clicking element

2020-03-16 09:12:29 - [MESSAGE][PASSED] - Object: 'Object Repository/Page_TestCentralPage/a_Enable  Or  Disable  Feature' is clicked on

2020-03-16 09:12:30 - [MESSAGE][INFO] - ************* JS EXECUTED ************: false

2020-03-16 09:12:31 - [MESSAGE][PASSED] - Delayed 1 second(s)

2020-03-16 09:12:31 - [MESSAGE][INFO] - ************* JS EXECUTED ************: true

2020-03-16 09:12:32 - [MESSAGE][PASSED] - Delayed 1 second(s)

2020-03-16 09:12:32 - [MESSAGE][PASSED] - Element has been clicked

2020-03-16 09:12:32 - [TEST_STEP][PASSED] - setText(findTestObject("Object Repository/input_Full Qualified Name of F"), featureToggleName): Text 'ariba.sourcing.util.SourcingEventFeatures.PricingConditionsWithScales' is set on object 'Object Repository/input_Full Qualified Name of F'

2020-03-16 09:12:35 - [MESSAGE][PASSED] - Text 'ariba.sourcing.util.SourcingEventFeatures.PricingConditionsWithScales' is set on object 'Object Repository/input_Full Qualified Name of F'

2020-03-16 09:12:35 - [TEST_STEP][PASSED] - common.util.aribakeywords.aribaClick(findTestObject("Object Repository/div_Run Stager")): common.util.aribakeywords.aribaClick is PASSED

2020-03-16 09:12:36 - [MESSAGE][PASSED] - Object 'Object Repository/div_Run Stager' is clickable

2020-03-16 09:12:37 - [MESSAGE][PASSED] - Scroll to object 'Object Repository/div_Run Stager' successfully

2020-03-16 09:12:37 - [MESSAGE][PASSED] - Object 'Object Repository/div_Run Stager' is visible

2020-03-16 09:12:40 - [MESSAGE][PASSED] - Object: 'Object Repository/div_Run Stager' is clicked on

2020-03-16 09:12:41 - [MESSAGE][INFO] - ************* JS EXECUTED ************: false

2020-03-16 09:12:42 - [MESSAGE][PASSED] - Delayed 1 second(s)

2020-03-16 09:12:43 - [MESSAGE][INFO] - ************* JS EXECUTED ************: false

2020-03-16 09:12:44 - [MESSAGE][PASSED] - Delayed 1 second(s)

2020-03-16 09:12:45 - [MESSAGE][INFO] - ************* JS EXECUTED ************: true

2020-03-16 09:12:46 - [MESSAGE][PASSED] - Delayed 1 second(s)

2020-03-16 09:12:47 - [MESSAGE][PASSED] - Object 'Object Repository/Page_Ariba Spend Management/input__bt5lrc' is clickable

2020-03-16 09:12:47 - [MESSAGE][PASSED] - Web element with id: 'Object Repository/Page_Ariba Spend Management/StackTrace' located by 'By.xpath: //*[@awname = 'SHOW_STACK_TRACE']' is not present after '1' second(s)

2020-03-16 09:12:48 - [MESSAGE][PASSED] - Web element with id: 'Object Repository/Page_Ariba Spend Management/StagerError' located by 'By.xpath: //*[@awname = 'TestStagerErrorPage:toggleStackTrace']' is not present after '1' second(s)

2020-03-16 09:12:48 - [MESSAGE][PASSED] - Web element with id: 'Object Repository/Page_Ariba Spend Management/ReturnToLoginPage' located by 'By.xpath: //*[@awname = 'Return to the Ariba login page::ARPException:linkAction']' is not present after '1' second(s)

2020-03-16 09:12:48 - [MESSAGE][INFO] - in Run stager method

2020-03-16 09:12:48 - [MESSAGE][INFO] -  I am able to see set user. So returning from runstager wait.

2020-03-16 09:12:49 - [MESSAGE][INFO] - ************* JS EXECUTED ************: true

2020-03-16 09:12:50 - [MESSAGE][PASSED] - Delayed 1 second(s)

2020-03-16 09:12:51 - [MESSAGE][INFO] - ************* JS EXECUTED ************: true

2020-03-16 09:12:52 - [MESSAGE][PASSED] - Delayed 1 second(s)

2020-03-16 09:12:52 - [MESSAGE][PASSED] - common.util.aribakeywords.aribaClick is PASSED

2020-03-16 09:12:52 - [MESSAGE][PASSED] - Call Test Case 'Test Cases/DMS/UtilTests/SetFeatureToggle' successfully

2020-03-16 09:12:52 - [TEST_STEP][PASSED] - callTestCase(findTestCase("DMS/UtilTests/SetFeatureToggle"), ["featureToggleName":toggleList[i]], STOP_ON_FAILURE): Call Test Case 'Test Cases/DMS/UtilTests/SetFeatureToggle' successfully

2020-03-16 09:12:52 - [TEST_CASE][PASSED] - Test Cases/DMS/UtilTests/SetFeatureToggle: Test Cases/DMS/UtilTests/SetFeatureToggle

2020-03-16 09:12:52 - [TEST_STEP][PASSED] - common.util.aribakeywords.aribaClick(findTestObject("Object Repository/a_TA..")): Element has been clicked

2020-03-16 09:12:53 - [MESSAGE][PASSED] - Object 'Object Repository/a_TA..' is clickable

2020-03-16 09:12:54 - [MESSAGE][PASSED] - Scroll to object 'Object Repository/a_TA..' successfully

2020-03-16 09:12:55 - [MESSAGE][PASSED] - Object 'Object Repository/a_TA..' is visible

2020-03-16 09:12:56 - [MESSAGE][INFO] - Clicking element

2020-03-16 09:12:57 - [MESSAGE][PASSED] - Object: 'Object Repository/a_TA..' is clicked on

2020-03-16 09:12:58 - [MESSAGE][INFO] - ************* JS EXECUTED ************: true

2020-03-16 09:12:59 - [MESSAGE][PASSED] - Delayed 1 second(s)

2020-03-16 09:12:59 - [MESSAGE][PASSED] - Element has been clicked

2020-03-16 09:12:59 - [TEST_STEP][PASSED] - common.util.aribakeywords.aribaClick(findTestObject("Object Repository/testCentral")): Element has been clicked

2020-03-16 09:13:00 - [MESSAGE][PASSED] - Object 'Object Repository/testCentral' is clickable

2020-03-16 09:13:01 - [MESSAGE][PASSED] - Scroll to object 'Object Repository/testCentral' successfully

2020-03-16 09:13:02 - [MESSAGE][PASSED] - Object 'Object Repository/testCentral' is visible

2020-03-16 09:13:03 - [MESSAGE][INFO] - Clicking element

2020-03-16 09:13:04 - [MESSAGE][PASSED] - Object: 'Object Repository/testCentral' is clicked on

2020-03-16 09:13:05 - [MESSAGE][INFO] - ************* JS EXECUTED ************: true

2020-03-16 09:13:06 - [MESSAGE][PASSED] - Delayed 1 second(s)

2020-03-16 09:13:06 - [MESSAGE][PASSED] - Element has been clicked

2020-03-16 09:13:06 - [TEST_STEP][PASSED] - common.util.aribakeywords.aribaClick(findTestObject("Object Repository/Page_TestCentralPage/input_User__njzfkc")): Element has been clicked

2020-03-16 09:13:07 - [MESSAGE][PASSED] - Object 'Object Repository/Page_TestCentralPage/input_User__njzfkc' is clickable

2020-03-16 09:13:08 - [MESSAGE][PASSED] - Scroll to object 'Object Repository/Page_TestCentralPage/input_User__njzfkc' successfully

2020-03-16 09:13:09 - [MESSAGE][PASSED] - Object 'Object Repository/Page_TestCentralPage/input_User__njzfkc' is visible

2020-03-16 09:13:11 - [MESSAGE][INFO] - Clicking element

2020-03-16 09:13:12 - [MESSAGE][PASSED] - Object: 'Object Repository/Page_TestCentralPage/input_User__njzfkc' is clicked on

2020-03-16 09:13:12 - [MESSAGE][INFO] - ************* JS EXECUTED ************: true

2020-03-16 09:13:13 - [MESSAGE][PASSED] - Delayed 1 second(s)

2020-03-16 09:13:13 - [MESSAGE][PASSED] - Element has been clicked

2020-03-16 09:13:13 - [TEST_STEP][PASSED] - scrollToElement(findTestObject("Object Repository/Page_TestCentralPage/a_Enable  Or  Disable  Feature"), 3): Scroll to object 'Object Repository/Page_TestCentralPage/a_Enable  Or  Disable  Feature' successfully

2020-03-16 09:13:15 - [MESSAGE][PASSED] - Scroll to object 'Object Repository/Page_TestCentralPage/a_Enable  Or  Disable  Feature' successfully

2020-03-16 09:13:15 - [TEST_STEP][PASSED] - common.util.aribakeywords.aribaClick(findTestObject("Object Repository/Page_TestCentralPage/a_Enable  Or  Disable  Feature")): Element has been clicked

2020-03-16 09:13:16 - [MESSAGE][PASSED] - Object 'Object Repository/Page_TestCentralPage/a_Enable  Or  Disable  Feature' is clickable

2020-03-16 09:13:16 - [MESSAGE][PASSED] - Scroll to object 'Object Repository/Page_TestCentralPage/a_Enable  Or  Disable  Feature' successfully

2020-03-16 09:13:17 - [MESSAGE][PASSED] - Object 'Object Repository/Page_TestCentralPage/a_Enable  Or  Disable  Feature' is visible

2020-03-16 09:13:19 - [MESSAGE][INFO] - Clicking element

2020-03-16 09:13:20 - [MESSAGE][PASSED] - Object: 'Object Repository/Page_TestCentralPage/a_Enable  Or  Disable  Feature' is clicked on

2020-03-16 09:13:21 - [MESSAGE][INFO] - ************* JS EXECUTED ************: true

2020-03-16 09:13:22 - [MESSAGE][PASSED] - Delayed 1 second(s)

2020-03-16 09:13:22 - [MESSAGE][PASSED] - Element has been clicked

2020-03-16 09:13:22 - [TEST_STEP][PASSED] - setText(findTestObject("Object Repository/input_Full Qualified Name of F"), featureToggleName): Text 'ariba.sourcing.util.SourcingEventFeatures.FromScalesInPricingCondition' is set on object 'Object Repository/input_Full Qualified Name of F'

2020-03-16 09:13:24 - [MESSAGE][PASSED] - Text 'ariba.sourcing.util.SourcingEventFeatures.FromScalesInPricingCondition' is set on object 'Object Repository/input_Full Qualified Name of F'

2020-03-16 09:13:24 - [TEST_STEP][PASSED] - common.util.aribakeywords.aribaClick(findTestObject("Object Repository/div_Run Stager")): common.util.aribakeywords.aribaClick is PASSED

2020-03-16 09:13:25 - [MESSAGE][PASSED] - Object 'Object Repository/div_Run Stager' is clickable

2020-03-16 09:13:26 - [MESSAGE][PASSED] - Scroll to object 'Object Repository/div_Run Stager' successfully

2020-03-16 09:13:27 - [MESSAGE][PASSED] - Object 'Object Repository/div_Run Stager' is visible

2020-03-16 09:13:29 - [MESSAGE][PASSED] - Object: 'Object Repository/div_Run Stager' is clicked on

2020-03-16 09:13:30 - [MESSAGE][INFO] - ************* JS EXECUTED ************: false

2020-03-16 09:13:31 - [MESSAGE][PASSED] - Delayed 1 second(s)

2020-03-16 09:13:32 - [MESSAGE][INFO] - ************* JS EXECUTED ************: true

2020-03-16 09:13:33 - [MESSAGE][PASSED] - Delayed 1 second(s)

2020-03-16 09:13:34 - [MESSAGE][PASSED] - Object 'Object Repository/Page_Ariba Spend Management/input__bt5lrc' is clickable

2020-03-16 09:13:35 - [MESSAGE][PASSED] - Web element with id: 'Object Repository/Page_Ariba Spend Management/StackTrace' located by 'By.xpath: //*[@awname = 'SHOW_STACK_TRACE']' is not present after '1' second(s)

2020-03-16 09:13:35 - [MESSAGE][PASSED] - Web element with id: 'Object Repository/Page_Ariba Spend Management/StagerError' located by 'By.xpath: //*[@awname = 'TestStagerErrorPage:toggleStackTrace']' is not present after '1' second(s)

2020-03-16 09:13:36 - [MESSAGE][PASSED] - Web element with id: 'Object Repository/Page_Ariba Spend Management/ReturnToLoginPage' located by 'By.xpath: //*[@awname = 'Return to the Ariba login page::ARPException:linkAction']' is not present after '1' second(s)

2020-03-16 09:13:36 - [MESSAGE][INFO] - in Run stager method

2020-03-16 09:13:36 - [MESSAGE][INFO] -  I am able to see set user. So returning from runstager wait.

2020-03-16 09:13:36 - [MESSAGE][INFO] - ************* JS EXECUTED ************: true

2020-03-16 09:13:37 - [MESSAGE][PASSED] - Delayed 1 second(s)

2020-03-16 09:13:38 - [MESSAGE][INFO] - ************* JS EXECUTED ************: true

2020-03-16 09:13:39 - [MESSAGE][PASSED] - Delayed 1 second(s)

2020-03-16 09:13:39 - [MESSAGE][PASSED] - common.util.aribakeywords.aribaClick is PASSED

2020-03-16 09:13:39 - [MESSAGE][PASSED] - Call Test Case 'Test Cases/DMS/UtilTests/SetFeatureToggle' successfully

2020-03-16 09:13:39 - [TEST_STEP][PASSED] - callTestCase(findTestCase("DMS/UtilTests/SetFeatureToggle"), ["featureToggleName":toggleList[i]], STOP_ON_FAILURE): Call Test Case 'Test Cases/DMS/UtilTests/SetFeatureToggle' successfully

2020-03-16 09:13:39 - [TEST_CASE][PASSED] - Test Cases/DMS/UtilTests/SetFeatureToggle: Test Cases/DMS/UtilTests/SetFeatureToggle

2020-03-16 09:13:39 - [TEST_STEP][PASSED] - common.util.aribakeywords.aribaClick(findTestObject("Object Repository/a_TA..")): Element has been clicked

2020-03-16 09:13:40 - [MESSAGE][PASSED] - Object 'Object Repository/a_TA..' is clickable

2020-03-16 09:13:41 - [MESSAGE][PASSED] - Scroll to object 'Object Repository/a_TA..' successfully

2020-03-16 09:13:42 - [MESSAGE][PASSED] - Object 'Object Repository/a_TA..' is visible

2020-03-16 09:13:44 - [MESSAGE][INFO] - Clicking element

2020-03-16 09:13:45 - [MESSAGE][PASSED] - Object: 'Object Repository/a_TA..' is clicked on

2020-03-16 09:13:46 - [MESSAGE][INFO] - ************* JS EXECUTED ************: true

2020-03-16 09:13:47 - [MESSAGE][PASSED] - Delayed 1 second(s)

2020-03-16 09:13:47 - [MESSAGE][PASSED] - Element has been clicked

2020-03-16 09:13:47 - [TEST_STEP][PASSED] - common.util.aribakeywords.aribaClick(findTestObject("Object Repository/testCentral")): Element has been clicked

2020-03-16 09:13:48 - [MESSAGE][PASSED] - Object 'Object Repository/testCentral' is clickable

2020-03-16 09:13:49 - [MESSAGE][PASSED] - Scroll to object 'Object Repository/testCentral' successfully

2020-03-16 09:13:50 - [MESSAGE][PASSED] - Object 'Object Repository/testCentral' is visible

2020-03-16 09:13:51 - [MESSAGE][INFO] - Clicking element

2020-03-16 09:13:52 - [MESSAGE][PASSED] - Object: 'Object Repository/testCentral' is clicked on

2020-03-16 09:13:53 - [MESSAGE][INFO] - ************* JS EXECUTED ************: true

2020-03-16 09:13:54 - [MESSAGE][PASSED] - Delayed 1 second(s)

2020-03-16 09:13:54 - [MESSAGE][PASSED] - Element has been clicked

2020-03-16 09:13:54 - [TEST_STEP][PASSED] - common.util.aribakeywords.aribaClick(findTestObject("Object Repository/Page_TestCentralPage/input_User__njzfkc")): Element has been clicked

2020-03-16 09:13:55 - [MESSAGE][PASSED] - Object 'Object Repository/Page_TestCentralPage/input_User__njzfkc' is clickable

2020-03-16 09:13:56 - [MESSAGE][PASSED] - Scroll to object 'Object Repository/Page_TestCentralPage/input_User__njzfkc' successfully

2020-03-16 09:13:57 - [MESSAGE][PASSED] - Object 'Object Repository/Page_TestCentralPage/input_User__njzfkc' is visible

2020-03-16 09:13:58 - [MESSAGE][INFO] - Clicking element

2020-03-16 09:13:59 - [MESSAGE][PASSED] - Object: 'Object Repository/Page_TestCentralPage/input_User__njzfkc' is clicked on

2020-03-16 09:14:00 - [MESSAGE][INFO] - ************* JS EXECUTED ************: true

2020-03-16 09:14:01 - [MESSAGE][PASSED] - Delayed 1 second(s)

2020-03-16 09:14:01 - [MESSAGE][PASSED] - Element has been clicked

2020-03-16 09:14:01 - [TEST_STEP][PASSED] - scrollToElement(findTestObject("Object Repository/Page_TestCentralPage/a_Enable  Or  Disable  Feature"), 3): Scroll to object 'Object Repository/Page_TestCentralPage/a_Enable  Or  Disable  Feature' successfully

2020-03-16 09:14:02 - [MESSAGE][PASSED] - Scroll to object 'Object Repository/Page_TestCentralPage/a_Enable  Or  Disable  Feature' successfully

2020-03-16 09:14:02 - [TEST_STEP][PASSED] - common.util.aribakeywords.aribaClick(findTestObject("Object Repository/Page_TestCentralPage/a_Enable  Or  Disable  Feature")): Element has been clicked

2020-03-16 09:14:03 - [MESSAGE][PASSED] - Object 'Object Repository/Page_TestCentralPage/a_Enable  Or  Disable  Feature' is clickable

2020-03-16 09:14:04 - [MESSAGE][PASSED] - Scroll to object 'Object Repository/Page_TestCentralPage/a_Enable  Or  Disable  Feature' successfully

2020-03-16 09:14:05 - [MESSAGE][PASSED] - Object 'Object Repository/Page_TestCentralPage/a_Enable  Or  Disable  Feature' is visible

2020-03-16 09:14:07 - [MESSAGE][INFO] - Clicking element

2020-03-16 09:14:08 - [MESSAGE][PASSED] - Object: 'Object Repository/Page_TestCentralPage/a_Enable  Or  Disable  Feature' is clicked on

2020-03-16 09:14:09 - [MESSAGE][INFO] - ************* JS EXECUTED ************: true

2020-03-16 09:14:10 - [MESSAGE][PASSED] - Delayed 1 second(s)

2020-03-16 09:14:10 - [MESSAGE][PASSED] - Element has been clicked

2020-03-16 09:14:10 - [TEST_STEP][PASSED] - setText(findTestObject("Object Repository/input_Full Qualified Name of F"), featureToggleName): Text 'ariba.collaborate.util.CollaborateFeatures.AppendLineItemsInExistingContract' is set on object 'Object Repository/input_Full Qualified Name of F'

2020-03-16 09:14:12 - [MESSAGE][PASSED] - Text 'ariba.collaborate.util.CollaborateFeatures.AppendLineItemsInExistingContract' is set on object 'Object Repository/input_Full Qualified Name of F'

2020-03-16 09:14:12 - [TEST_STEP][PASSED] - common.util.aribakeywords.aribaClick(findTestObject("Object Repository/div_Run Stager")): common.util.aribakeywords.aribaClick is PASSED

2020-03-16 09:14:13 - [MESSAGE][PASSED] - Object 'Object Repository/div_Run Stager' is clickable

2020-03-16 09:14:14 - [MESSAGE][PASSED] - Scroll to object 'Object Repository/div_Run Stager' successfully

2020-03-16 09:14:15 - [MESSAGE][PASSED] - Object 'Object Repository/div_Run Stager' is visible

2020-03-16 09:14:18 - [MESSAGE][PASSED] - Object: 'Object Repository/div_Run Stager' is clicked on

2020-03-16 09:14:18 - [MESSAGE][INFO] - ************* JS EXECUTED ************: false

2020-03-16 09:14:19 - [MESSAGE][PASSED] - Delayed 1 second(s)

2020-03-16 09:14:21 - [MESSAGE][INFO] - ************* JS EXECUTED ************: false

2020-03-16 09:14:22 - [MESSAGE][PASSED] - Delayed 1 second(s)

2020-03-16 09:14:22 - [MESSAGE][INFO] - ************* JS EXECUTED ************: true

2020-03-16 09:14:23 - [MESSAGE][PASSED] - Delayed 1 second(s)

2020-03-16 09:14:24 - [MESSAGE][PASSED] - Object 'Object Repository/Page_Ariba Spend Management/input__bt5lrc' is clickable

2020-03-16 09:14:24 - [MESSAGE][PASSED] - Web element with id: 'Object Repository/Page_Ariba Spend Management/StackTrace' located by 'By.xpath: //*[@awname = 'SHOW_STACK_TRACE']' is not present after '1' second(s)

2020-03-16 09:14:25 - [MESSAGE][PASSED] - Web element with id: 'Object Repository/Page_Ariba Spend Management/StagerError' located by 'By.xpath: //*[@awname = 'TestStagerErrorPage:toggleStackTrace']' is not present after '1' second(s)

2020-03-16 09:14:25 - [MESSAGE][PASSED] - Web element with id: 'Object Repository/Page_Ariba Spend Management/ReturnToLoginPage' located by 'By.xpath: //*[@awname = 'Return to the Ariba login page::ARPException:linkAction']' is not present after '1' second(s)

2020-03-16 09:14:25 - [MESSAGE][INFO] - in Run stager method

2020-03-16 09:14:25 - [MESSAGE][INFO] -  I am able to see set user. So returning from runstager wait.

2020-03-16 09:14:26 - [MESSAGE][INFO] - ************* JS EXECUTED ************: true

2020-03-16 09:14:27 - [MESSAGE][PASSED] - Delayed 1 second(s)

2020-03-16 09:14:28 - [MESSAGE][INFO] - ************* JS EXECUTED ************: true

2020-03-16 09:14:29 - [MESSAGE][PASSED] - Delayed 1 second(s)

2020-03-16 09:14:29 - [MESSAGE][PASSED] - common.util.aribakeywords.aribaClick is PASSED

2020-03-16 09:14:29 - [MESSAGE][PASSED] - Call Test Case 'Test Cases/DMS/UtilTests/SetFeatureToggle' successfully

2020-03-16 09:14:29 - [TEST_STEP][PASSED] - callTestCase(findTestCase("DMS/UtilTests/SetFeatureToggle"), ["featureToggleName":toggleList[i]], STOP_ON_FAILURE): Call Test Case 'Test Cases/DMS/UtilTests/SetFeatureToggle' successfully

2020-03-16 09:14:29 - [TEST_CASE][PASSED] - Test Cases/DMS/UtilTests/SetFeatureToggle: Test Cases/DMS/UtilTests/SetFeatureToggle

2020-03-16 09:14:29 - [TEST_STEP][PASSED] - common.util.aribakeywords.aribaClick(findTestObject("Object Repository/a_TA..")): Element has been clicked

2020-03-16 09:14:30 - [MESSAGE][PASSED] - Object 'Object Repository/a_TA..' is clickable

2020-03-16 09:14:31 - [MESSAGE][PASSED] - Scroll to object 'Object Repository/a_TA..' successfully

2020-03-16 09:14:32 - [MESSAGE][PASSED] - Object 'Object Repository/a_TA..' is visible

2020-03-16 09:14:33 - [MESSAGE][INFO] - Clicking element

2020-03-16 09:14:34 - [MESSAGE][PASSED] - Object: 'Object Repository/a_TA..' is clicked on

2020-03-16 09:14:35 - [MESSAGE][INFO] - ************* JS EXECUTED ************: true

2020-03-16 09:14:36 - [MESSAGE][PASSED] - Delayed 1 second(s)

2020-03-16 09:14:36 - [MESSAGE][PASSED] - Element has been clicked

2020-03-16 09:14:36 - [TEST_STEP][PASSED] - common.util.aribakeywords.aribaClick(findTestObject("Object Repository/testCentral")): Element has been clicked

2020-03-16 09:14:37 - [MESSAGE][PASSED] - Object 'Object Repository/testCentral' is clickable

2020-03-16 09:14:38 - [MESSAGE][PASSED] - Scroll to object 'Object Repository/testCentral' successfully

2020-03-16 09:14:39 - [MESSAGE][PASSED] - Object 'Object Repository/testCentral' is visible

2020-03-16 09:14:41 - [MESSAGE][INFO] - Clicking element

2020-03-16 09:14:42 - [MESSAGE][PASSED] - Object: 'Object Repository/testCentral' is clicked on

2020-03-16 09:14:43 - [MESSAGE][INFO] - ************* JS EXECUTED ************: true

2020-03-16 09:14:44 - [MESSAGE][PASSED] - Delayed 1 second(s)

2020-03-16 09:14:44 - [MESSAGE][PASSED] - Element has been clicked

2020-03-16 09:14:44 - [TEST_STEP][PASSED] - common.util.aribakeywords.aribaClick(findTestObject("Object Repository/Page_TestCentralPage/input_User__njzfkc")): Element has been clicked

2020-03-16 09:14:45 - [MESSAGE][PASSED] - Object 'Object Repository/Page_TestCentralPage/input_User__njzfkc' is clickable

2020-03-16 09:14:46 - [MESSAGE][PASSED] - Scroll to object 'Object Repository/Page_TestCentralPage/input_User__njzfkc' successfully

2020-03-16 09:14:47 - [MESSAGE][PASSED] - Object 'Object Repository/Page_TestCentralPage/input_User__njzfkc' is visible

2020-03-16 09:14:48 - [MESSAGE][INFO] - Clicking element

2020-03-16 09:14:49 - [MESSAGE][PASSED] - Object: 'Object Repository/Page_TestCentralPage/input_User__njzfkc' is clicked on

2020-03-16 09:14:50 - [MESSAGE][INFO] - ************* JS EXECUTED ************: true

2020-03-16 09:14:51 - [MESSAGE][PASSED] - Delayed 1 second(s)

2020-03-16 09:14:51 - [MESSAGE][PASSED] - Element has been clicked

2020-03-16 09:14:51 - [TEST_STEP][PASSED] - scrollToElement(findTestObject("Object Repository/Page_TestCentralPage/a_Enable  Or  Disable  Feature"), 3): Scroll to object 'Object Repository/Page_TestCentralPage/a_Enable  Or  Disable  Feature' successfully

2020-03-16 09:14:52 - [MESSAGE][PASSED] - Scroll to object 'Object Repository/Page_TestCentralPage/a_Enable  Or  Disable  Feature' successfully

2020-03-16 09:14:52 - [TEST_STEP][PASSED] - common.util.aribakeywords.aribaClick(findTestObject("Object Repository/Page_TestCentralPage/a_Enable  Or  Disable  Feature")): Element has been clicked

2020-03-16 09:14:53 - [MESSAGE][PASSED] - Object 'Object Repository/Page_TestCentralPage/a_Enable  Or  Disable  Feature' is clickable

2020-03-16 09:14:54 - [MESSAGE][PASSED] - Scroll to object 'Object Repository/Page_TestCentralPage/a_Enable  Or  Disable  Feature' successfully

2020-03-16 09:14:55 - [MESSAGE][PASSED] - Object 'Object Repository/Page_TestCentralPage/a_Enable  Or  Disable  Feature' is visible

2020-03-16 09:14:56 - [MESSAGE][INFO] - Clicking element

2020-03-16 09:14:57 - [MESSAGE][PASSED] - Object: 'Object Repository/Page_TestCentralPage/a_Enable  Or  Disable  Feature' is clicked on

2020-03-16 09:14:58 - [MESSAGE][INFO] - ************* JS EXECUTED ************: true

2020-03-16 09:14:59 - [MESSAGE][PASSED] - Delayed 1 second(s)

2020-03-16 09:14:59 - [MESSAGE][PASSED] - Element has been clicked

2020-03-16 09:14:59 - [TEST_STEP][PASSED] - setText(findTestObject("Object Repository/input_Full Qualified Name of F"), featureToggleName): Text 'ariba.sourcing.util.RetailSourcingFeatures.PrePackAndMixedCases' is set on object 'Object Repository/input_Full Qualified Name of F'

2020-03-16 09:15:02 - [MESSAGE][PASSED] - Text 'ariba.sourcing.util.RetailSourcingFeatures.PrePackAndMixedCases' is set on object 'Object Repository/input_Full Qualified Name of F'

2020-03-16 09:15:02 - [TEST_STEP][PASSED] - common.util.aribakeywords.aribaClick(findTestObject("Object Repository/div_Run Stager")): common.util.aribakeywords.aribaClick is PASSED

2020-03-16 09:15:03 - [MESSAGE][PASSED] - Object 'Object Repository/div_Run Stager' is clickable

2020-03-16 09:15:04 - [MESSAGE][PASSED] - Scroll to object 'Object Repository/div_Run Stager' successfully

2020-03-16 09:15:05 - [MESSAGE][PASSED] - Object 'Object Repository/div_Run Stager' is visible

2020-03-16 09:15:07 - [MESSAGE][PASSED] - Object: 'Object Repository/div_Run Stager' is clicked on

2020-03-16 09:15:08 - [MESSAGE][INFO] - ************* JS EXECUTED ************: false

2020-03-16 09:15:09 - [MESSAGE][PASSED] - Delayed 1 second(s)

2020-03-16 09:15:10 - [MESSAGE][INFO] - ************* JS EXECUTED ************: false

2020-03-16 09:15:11 - [MESSAGE][PASSED] - Delayed 1 second(s)

2020-03-16 09:15:12 - [MESSAGE][INFO] - ************* JS EXECUTED ************: true

2020-03-16 09:15:13 - [MESSAGE][PASSED] - Delayed 1 second(s)

2020-03-16 09:15:14 - [MESSAGE][PASSED] - Object 'Object Repository/Page_Ariba Spend Management/input__bt5lrc' is clickable

2020-03-16 09:15:14 - [MESSAGE][PASSED] - Web element with id: 'Object Repository/Page_Ariba Spend Management/StackTrace' located by 'By.xpath: //*[@awname = 'SHOW_STACK_TRACE']' is not present after '1' second(s)

2020-03-16 09:15:15 - [MESSAGE][PASSED] - Web element with id: 'Object Repository/Page_Ariba Spend Management/StagerError' located by 'By.xpath: //*[@awname = 'TestStagerErrorPage:toggleStackTrace']' is not present after '1' second(s)

2020-03-16 09:15:15 - [MESSAGE][PASSED] - Web element with id: 'Object Repository/Page_Ariba Spend Management/ReturnToLoginPage' located by 'By.xpath: //*[@awname = 'Return to the Ariba login page::ARPException:linkAction']' is not present after '1' second(s)

2020-03-16 09:15:15 - [MESSAGE][INFO] - in Run stager method

2020-03-16 09:15:15 - [MESSAGE][INFO] -  I am able to see set user. So returning from runstager wait.

2020-03-16 09:15:16 - [MESSAGE][INFO] - ************* JS EXECUTED ************: true

2020-03-16 09:15:17 - [MESSAGE][PASSED] - Delayed 1 second(s)

2020-03-16 09:15:18 - [MESSAGE][INFO] - ************* JS EXECUTED ************: true

2020-03-16 09:15:19 - [MESSAGE][PASSED] - Delayed 1 second(s)

2020-03-16 09:15:19 - [MESSAGE][PASSED] - common.util.aribakeywords.aribaClick is PASSED

2020-03-16 09:15:19 - [MESSAGE][PASSED] - Call Test Case 'Test Cases/DMS/UtilTests/SetFeatureToggle' successfully

2020-03-16 09:15:19 - [TEST_STEP][PASSED] - callTestCase(findTestCase("DMS/UtilTests/SetFeatureToggle"), ["featureToggleName":toggleList[i]], STOP_ON_FAILURE): Call Test Case 'Test Cases/DMS/UtilTests/SetFeatureToggle' successfully

2020-03-16 09:15:19 - [TEST_CASE][PASSED] - Test Cases/DMS/UtilTests/SetFeatureToggle: Test Cases/DMS/UtilTests/SetFeatureToggle

2020-03-16 09:15:19 - [TEST_STEP][PASSED] - common.util.aribakeywords.aribaClick(findTestObject("Object Repository/a_TA..")): Element has been clicked

2020-03-16 09:15:20 - [MESSAGE][PASSED] - Object 'Object Repository/a_TA..' is clickable

2020-03-16 09:15:21 - [MESSAGE][PASSED] - Scroll to object 'Object Repository/a_TA..' successfully

2020-03-16 09:15:22 - [MESSAGE][PASSED] - Object 'Object Repository/a_TA..' is visible

2020-03-16 09:15:23 - [MESSAGE][INFO] - Clicking element

2020-03-16 09:15:24 - [MESSAGE][PASSED] - Object: 'Object Repository/a_TA..' is clicked on

2020-03-16 09:15:25 - [MESSAGE][INFO] - ************* JS EXECUTED ************: true

2020-03-16 09:15:26 - [MESSAGE][PASSED] - Delayed 1 second(s)

2020-03-16 09:15:26 - [MESSAGE][PASSED] - Element has been clicked

2020-03-16 09:15:26 - [TEST_STEP][PASSED] - common.util.aribakeywords.aribaClick(findTestObject("Object Repository/testCentral")): Element has been clicked

2020-03-16 09:15:27 - [MESSAGE][PASSED] - Object 'Object Repository/testCentral' is clickable

2020-03-16 09:15:28 - [MESSAGE][PASSED] - Scroll to object 'Object Repository/testCentral' successfully

2020-03-16 09:15:29 - [MESSAGE][PASSED] - Object 'Object Repository/testCentral' is visible

2020-03-16 09:15:30 - [MESSAGE][INFO] - Clicking element

2020-03-16 09:15:31 - [MESSAGE][PASSED] - Object: 'Object Repository/testCentral' is clicked on

2020-03-16 09:15:32 - [MESSAGE][INFO] - ************* JS EXECUTED ************: true

2020-03-16 09:15:33 - [MESSAGE][PASSED] - Delayed 1 second(s)

2020-03-16 09:15:33 - [MESSAGE][PASSED] - Element has been clicked

2020-03-16 09:15:33 - [TEST_STEP][PASSED] - common.util.aribakeywords.aribaClick(findTestObject("Object Repository/Page_TestCentralPage/input_User__njzfkc")): Element has been clicked

2020-03-16 09:15:34 - [MESSAGE][PASSED] - Object 'Object Repository/Page_TestCentralPage/input_User__njzfkc' is clickable

2020-03-16 09:15:35 - [MESSAGE][PASSED] - Scroll to object 'Object Repository/Page_TestCentralPage/input_User__njzfkc' successfully

2020-03-16 09:15:36 - [MESSAGE][PASSED] - Object 'Object Repository/Page_TestCentralPage/input_User__njzfkc' is visible

2020-03-16 09:15:37 - [MESSAGE][INFO] - Clicking element

2020-03-16 09:15:38 - [MESSAGE][PASSED] - Object: 'Object Repository/Page_TestCentralPage/input_User__njzfkc' is clicked on

2020-03-16 09:15:39 - [MESSAGE][INFO] - ************* JS EXECUTED ************: true

2020-03-16 09:15:40 - [MESSAGE][PASSED] - Delayed 1 second(s)

2020-03-16 09:15:40 - [MESSAGE][PASSED] - Element has been clicked

2020-03-16 09:15:40 - [TEST_STEP][PASSED] - scrollToElement(findTestObject("Object Repository/Page_TestCentralPage/a_Enable  Or  Disable  Feature"), 3): Scroll to object 'Object Repository/Page_TestCentralPage/a_Enable  Or  Disable  Feature' successfully

2020-03-16 09:15:41 - [MESSAGE][PASSED] - Scroll to object 'Object Repository/Page_TestCentralPage/a_Enable  Or  Disable  Feature' successfully

2020-03-16 09:15:41 - [TEST_STEP][PASSED] - common.util.aribakeywords.aribaClick(findTestObject("Object Repository/Page_TestCentralPage/a_Enable  Or  Disable  Feature")): Element has been clicked

2020-03-16 09:15:42 - [MESSAGE][PASSED] - Object 'Object Repository/Page_TestCentralPage/a_Enable  Or  Disable  Feature' is clickable

2020-03-16 09:15:43 - [MESSAGE][PASSED] - Scroll to object 'Object Repository/Page_TestCentralPage/a_Enable  Or  Disable  Feature' successfully

2020-03-16 09:15:44 - [MESSAGE][PASSED] - Object 'Object Repository/Page_TestCentralPage/a_Enable  Or  Disable  Feature' is visible

2020-03-16 09:15:45 - [MESSAGE][INFO] - Clicking element

2020-03-16 09:15:46 - [MESSAGE][PASSED] - Object: 'Object Repository/Page_TestCentralPage/a_Enable  Or  Disable  Feature' is clicked on

2020-03-16 09:15:47 - [MESSAGE][INFO] - ************* JS EXECUTED ************: false

2020-03-16 09:15:48 - [MESSAGE][PASSED] - Delayed 1 second(s)

2020-03-16 09:15:49 - [MESSAGE][INFO] - ************* JS EXECUTED ************: true

2020-03-16 09:15:50 - [MESSAGE][PASSED] - Delayed 1 second(s)

2020-03-16 09:15:50 - [MESSAGE][PASSED] - Element has been clicked

2020-03-16 09:15:50 - [TEST_STEP][PASSED] - setText(findTestObject("Object Repository/input_Full Qualified Name of F"), featureToggleName): Text 'ariba.sourcing.util.SourcingEventFeatures.SourcingItemHierarchy' is set on object 'Object Repository/input_Full Qualified Name of F'

2020-03-16 09:15:52 - [MESSAGE][PASSED] - Text 'ariba.sourcing.util.SourcingEventFeatures.SourcingItemHierarchy' is set on object 'Object Repository/input_Full Qualified Name of F'

2020-03-16 09:15:52 - [TEST_STEP][PASSED] - common.util.aribakeywords.aribaClick(findTestObject("Object Repository/div_Run Stager")): common.util.aribakeywords.aribaClick is PASSED

2020-03-16 09:15:53 - [MESSAGE][PASSED] - Object 'Object Repository/div_Run Stager' is clickable

2020-03-16 09:15:54 - [MESSAGE][PASSED] - Scroll to object 'Object Repository/div_Run Stager' successfully

2020-03-16 09:15:55 - [MESSAGE][PASSED] - Object 'Object Repository/div_Run Stager' is visible

2020-03-16 09:15:58 - [MESSAGE][PASSED] - Object: 'Object Repository/div_Run Stager' is clicked on

2020-03-16 09:15:59 - [MESSAGE][INFO] - ************* JS EXECUTED ************: false

2020-03-16 09:16:00 - [MESSAGE][PASSED] - Delayed 1 second(s)

2020-03-16 09:16:01 - [MESSAGE][INFO] - ************* JS EXECUTED ************: false

2020-03-16 09:16:02 - [MESSAGE][PASSED] - Delayed 1 second(s)

2020-03-16 09:16:03 - [MESSAGE][INFO] - ************* JS EXECUTED ************: true

2020-03-16 09:16:04 - [MESSAGE][PASSED] - Delayed 1 second(s)

2020-03-16 09:16:05 - [MESSAGE][PASSED] - Object 'Object Repository/Page_Ariba Spend Management/input__bt5lrc' is clickable

2020-03-16 09:16:05 - [MESSAGE][PASSED] - Web element with id: 'Object Repository/Page_Ariba Spend Management/StackTrace' located by 'By.xpath: //*[@awname = 'SHOW_STACK_TRACE']' is not present after '1' second(s)

2020-03-16 09:16:05 - [MESSAGE][PASSED] - Web element with id: 'Object Repository/Page_Ariba Spend Management/StagerError' located by 'By.xpath: //*[@awname = 'TestStagerErrorPage:toggleStackTrace']' is not present after '1' second(s)

2020-03-16 09:16:06 - [MESSAGE][PASSED] - Web element with id: 'Object Repository/Page_Ariba Spend Management/ReturnToLoginPage' located by 'By.xpath: //*[@awname = 'Return to the Ariba login page::ARPException:linkAction']' is not present after '1' second(s)

2020-03-16 09:16:06 - [MESSAGE][INFO] - in Run stager method

2020-03-16 09:16:06 - [MESSAGE][INFO] -  I am able to see set user. So returning from runstager wait.

2020-03-16 09:16:07 - [MESSAGE][INFO] - ************* JS EXECUTED ************: true

2020-03-16 09:16:08 - [MESSAGE][PASSED] - Delayed 1 second(s)

2020-03-16 09:16:09 - [MESSAGE][INFO] - ************* JS EXECUTED ************: true

2020-03-16 09:16:10 - [MESSAGE][PASSED] - Delayed 1 second(s)

2020-03-16 09:16:10 - [MESSAGE][PASSED] - common.util.aribakeywords.aribaClick is PASSED

2020-03-16 09:16:10 - [MESSAGE][PASSED] - Call Test Case 'Test Cases/DMS/UtilTests/SetFeatureToggle' successfully

2020-03-16 09:16:10 - [TEST_STEP][PASSED] - callTestCase(findTestCase("DMS/UtilTests/SetFeatureToggle"), ["featureToggleName":toggleList[i]], STOP_ON_FAILURE): Call Test Case 'Test Cases/DMS/UtilTests/SetFeatureToggle' successfully

2020-03-16 09:16:10 - [TEST_CASE][PASSED] - Test Cases/DMS/UtilTests/SetFeatureToggle: Test Cases/DMS/UtilTests/SetFeatureToggle

2020-03-16 09:16:10 - [TEST_STEP][PASSED] - common.util.aribakeywords.aribaClick(findTestObject("Object Repository/a_TA..")): Element has been clicked

2020-03-16 09:16:11 - [MESSAGE][PASSED] - Object 'Object Repository/a_TA..' is clickable

2020-03-16 09:16:12 - [MESSAGE][PASSED] - Scroll to object 'Object Repository/a_TA..' successfully

2020-03-16 09:16:13 - [MESSAGE][PASSED] - Object 'Object Repository/a_TA..' is visible

2020-03-16 09:16:15 - [MESSAGE][INFO] - Clicking element

2020-03-16 09:16:16 - [MESSAGE][PASSED] - Object: 'Object Repository/a_TA..' is clicked on

2020-03-16 09:16:17 - [MESSAGE][INFO] - ************* JS EXECUTED ************: true

2020-03-16 09:16:18 - [MESSAGE][PASSED] - Delayed 1 second(s)

2020-03-16 09:16:18 - [MESSAGE][PASSED] - Element has been clicked

2020-03-16 09:16:18 - [TEST_STEP][PASSED] - common.util.aribakeywords.aribaClick(findTestObject("Object Repository/testCentral")): Element has been clicked

2020-03-16 09:16:19 - [MESSAGE][PASSED] - Object 'Object Repository/testCentral' is clickable

2020-03-16 09:16:20 - [MESSAGE][PASSED] - Scroll to object 'Object Repository/testCentral' successfully

2020-03-16 09:16:21 - [MESSAGE][PASSED] - Object 'Object Repository/testCentral' is visible

2020-03-16 09:16:22 - [MESSAGE][INFO] - Clicking element

2020-03-16 09:16:23 - [MESSAGE][PASSED] - Object: 'Object Repository/testCentral' is clicked on

2020-03-16 09:16:24 - [MESSAGE][INFO] - ************* JS EXECUTED ************: true

2020-03-16 09:16:25 - [MESSAGE][PASSED] - Delayed 1 second(s)

2020-03-16 09:16:25 - [MESSAGE][PASSED] - Element has been clicked

2020-03-16 09:16:25 - [TEST_STEP][PASSED] - common.util.aribakeywords.aribaClick(findTestObject("Object Repository/Page_TestCentralPage/input_User__njzfkc")): Element has been clicked

2020-03-16 09:16:26 - [MESSAGE][PASSED] - Object 'Object Repository/Page_TestCentralPage/input_User__njzfkc' is clickable

2020-03-16 09:16:27 - [MESSAGE][PASSED] - Scroll to object 'Object Repository/Page_TestCentralPage/input_User__njzfkc' successfully

2020-03-16 09:16:28 - [MESSAGE][PASSED] - Object 'Object Repository/Page_TestCentralPage/input_User__njzfkc' is visible

2020-03-16 09:16:29 - [MESSAGE][INFO] - Clicking element

2020-03-16 09:16:30 - [MESSAGE][PASSED] - Object: 'Object Repository/Page_TestCentralPage/input_User__njzfkc' is clicked on

2020-03-16 09:16:31 - [MESSAGE][INFO] - ************* JS EXECUTED ************: true

2020-03-16 09:16:32 - [MESSAGE][PASSED] - Delayed 1 second(s)

2020-03-16 09:16:32 - [MESSAGE][PASSED] - Element has been clicked

2020-03-16 09:16:32 - [TEST_STEP][PASSED] - scrollToElement(findTestObject("Object Repository/Page_TestCentralPage/a_Enable  Or  Disable  Feature"), 3): Scroll to object 'Object Repository/Page_TestCentralPage/a_Enable  Or  Disable  Feature' successfully

2020-03-16 09:16:33 - [MESSAGE][PASSED] - Scroll to object 'Object Repository/Page_TestCentralPage/a_Enable  Or  Disable  Feature' successfully

2020-03-16 09:16:33 - [TEST_STEP][PASSED] - common.util.aribakeywords.aribaClick(findTestObject("Object Repository/Page_TestCentralPage/a_Enable  Or  Disable  Feature")): Element has been clicked

2020-03-16 09:16:34 - [MESSAGE][PASSED] - Object 'Object Repository/Page_TestCentralPage/a_Enable  Or  Disable  Feature' is clickable

2020-03-16 09:16:35 - [MESSAGE][PASSED] - Scroll to object 'Object Repository/Page_TestCentralPage/a_Enable  Or  Disable  Feature' successfully

2020-03-16 09:16:36 - [MESSAGE][PASSED] - Object 'Object Repository/Page_TestCentralPage/a_Enable  Or  Disable  Feature' is visible

2020-03-16 09:16:37 - [MESSAGE][INFO] - Clicking element

2020-03-16 09:16:38 - [MESSAGE][PASSED] - Object: 'Object Repository/Page_TestCentralPage/a_Enable  Or  Disable  Feature' is clicked on

2020-03-16 09:16:39 - [MESSAGE][INFO] - ************* JS EXECUTED ************: true

2020-03-16 09:16:40 - [MESSAGE][PASSED] - Delayed 1 second(s)

2020-03-16 09:16:40 - [MESSAGE][PASSED] - Element has been clicked

2020-03-16 09:16:40 - [TEST_STEP][PASSED] - setText(findTestObject("Object Repository/input_Full Qualified Name of F"), featureToggleName): Text 'ariba.sourcing.util.RetailSourcingFeatures.PrePackAndMixedCasesInContract' is set on object 'Object Repository/input_Full Qualified Name of F'

2020-03-16 09:16:42 - [MESSAGE][PASSED] - Text 'ariba.sourcing.util.RetailSourcingFeatures.PrePackAndMixedCasesInContract' is set on object 'Object Repository/input_Full Qualified Name of F'

2020-03-16 09:16:42 - [TEST_STEP][PASSED] - common.util.aribakeywords.aribaClick(findTestObject("Object Repository/div_Run Stager")): common.util.aribakeywords.aribaClick is PASSED

2020-03-16 09:16:43 - [MESSAGE][PASSED] - Object 'Object Repository/div_Run Stager' is clickable

2020-03-16 09:16:44 - [MESSAGE][PASSED] - Scroll to object 'Object Repository/div_Run Stager' successfully

2020-03-16 09:16:45 - [MESSAGE][PASSED] - Object 'Object Repository/div_Run Stager' is visible

2020-03-16 09:16:47 - [MESSAGE][PASSED] - Object: 'Object Repository/div_Run Stager' is clicked on

2020-03-16 09:16:48 - [MESSAGE][INFO] - ************* JS EXECUTED ************: false

2020-03-16 09:16:49 - [MESSAGE][PASSED] - Delayed 1 second(s)

2020-03-16 09:16:51 - [MESSAGE][INFO] - ************* JS EXECUTED ************: true

2020-03-16 09:16:52 - [MESSAGE][PASSED] - Delayed 1 second(s)

2020-03-16 09:16:53 - [MESSAGE][PASSED] - Object 'Object Repository/Page_Ariba Spend Management/input__bt5lrc' is clickable

2020-03-16 09:16:53 - [MESSAGE][PASSED] - Web element with id: 'Object Repository/Page_Ariba Spend Management/StackTrace' located by 'By.xpath: //*[@awname = 'SHOW_STACK_TRACE']' is not present after '1' second(s)

2020-03-16 09:16:54 - [MESSAGE][PASSED] - Web element with id: 'Object Repository/Page_Ariba Spend Management/StagerError' located by 'By.xpath: //*[@awname = 'TestStagerErrorPage:toggleStackTrace']' is not present after '1' second(s)

2020-03-16 09:16:54 - [MESSAGE][PASSED] - Web element with id: 'Object Repository/Page_Ariba Spend Management/ReturnToLoginPage' located by 'By.xpath: //*[@awname = 'Return to the Ariba login page::ARPException:linkAction']' is not present after '1' second(s)

2020-03-16 09:16:54 - [MESSAGE][INFO] - in Run stager method

2020-03-16 09:16:54 - [MESSAGE][INFO] -  I am able to see set user. So returning from runstager wait.

2020-03-16 09:16:55 - [MESSAGE][INFO] - ************* JS EXECUTED ************: true

2020-03-16 09:16:56 - [MESSAGE][PASSED] - Delayed 1 second(s)

2020-03-16 09:16:57 - [MESSAGE][INFO] - ************* JS EXECUTED ************: true

2020-03-16 09:16:58 - [MESSAGE][PASSED] - Delayed 1 second(s)

2020-03-16 09:16:58 - [MESSAGE][PASSED] - common.util.aribakeywords.aribaClick is PASSED

2020-03-16 09:16:58 - [MESSAGE][PASSED] - Call Test Case 'Test Cases/DMS/UtilTests/SetFeatureToggle' successfully

2020-03-16 09:16:58 - [TEST_STEP][PASSED] - mixedCaseIntegration = "Application.AQS.ArticleIntegration.MixedCaseIntegration.Enabled": null

2020-03-16 09:16:58 - [TEST_STEP][PASSED] - mixedCases = "Application.AQS.ArticleIntegration.MixedCases.Enabled": null

2020-03-16 09:16:58 - [TEST_STEP][PASSED] - realmParamList = [mixedCaseIntegration, mixedCases]: null

2020-03-16 09:16:58 - [TEST_STEP][PASSED] - for ([i = 0, i < realmParamList.size(), (i++)]): Call Test Case 'Test Cases/DMS/UtilTests/SetRealmParameters' successfully

2020-03-16 09:16:58 - [TEST_STEP][PASSED] - callTestCase(findTestCase("DMS/UtilTests/SetRealmParameters"), ["parameterName":realmParamList[i]], STOP_ON_FAILURE): Call Test Case 'Test Cases/DMS/UtilTests/SetRealmParameters' successfully

2020-03-16 09:16:58 - [TEST_CASE][PASSED] - Test Cases/DMS/UtilTests/SetRealmParameters: Test Cases/DMS/UtilTests/SetRealmParameters

2020-03-16 09:16:58 - [TEST_STEP][PASSED] - common.util.aribakeywords.aribaClick(findTestObject("Object Repository/a_TA..")): Element has been clicked

2020-03-16 09:16:59 - [MESSAGE][PASSED] - Object 'Object Repository/a_TA..' is clickable

2020-03-16 09:17:00 - [MESSAGE][PASSED] - Scroll to object 'Object Repository/a_TA..' successfully

2020-03-16 09:17:01 - [MESSAGE][PASSED] - Object 'Object Repository/a_TA..' is visible

2020-03-16 09:17:03 - [MESSAGE][INFO] - Clicking element

2020-03-16 09:17:04 - [MESSAGE][PASSED] - Object: 'Object Repository/a_TA..' is clicked on

2020-03-16 09:17:05 - [MESSAGE][INFO] - ************* JS EXECUTED ************: true

2020-03-16 09:17:06 - [MESSAGE][PASSED] - Delayed 1 second(s)

2020-03-16 09:17:06 - [MESSAGE][PASSED] - Element has been clicked

2020-03-16 09:17:06 - [TEST_STEP][PASSED] - common.util.aribakeywords.aribaClick(findTestObject("Object Repository/testCentral")): Element has been clicked

2020-03-16 09:17:07 - [MESSAGE][PASSED] - Object 'Object Repository/testCentral' is clickable

2020-03-16 09:17:07 - [MESSAGE][PASSED] - Scroll to object 'Object Repository/testCentral' successfully

2020-03-16 09:17:08 - [MESSAGE][PASSED] - Object 'Object Repository/testCentral' is visible

2020-03-16 09:17:10 - [MESSAGE][INFO] - Clicking element

2020-03-16 09:17:11 - [MESSAGE][PASSED] - Object: 'Object Repository/testCentral' is clicked on

2020-03-16 09:17:12 - [MESSAGE][INFO] - ************* JS EXECUTED ************: true

2020-03-16 09:17:13 - [MESSAGE][PASSED] - Delayed 1 second(s)

2020-03-16 09:17:13 - [MESSAGE][PASSED] - Element has been clicked

2020-03-16 09:17:13 - [TEST_STEP][PASSED] - common.util.aribakeywords.aribaClick(findTestObject("Object Repository/setRealmParametersStager")): Element has been clicked

2020-03-16 09:17:14 - [MESSAGE][PASSED] - Object 'Object Repository/setRealmParametersStager' is clickable

2020-03-16 09:17:15 - [MESSAGE][PASSED] - Scroll to object 'Object Repository/setRealmParametersStager' successfully

2020-03-16 09:17:15 - [MESSAGE][PASSED] - Object 'Object Repository/setRealmParametersStager' is visible

2020-03-16 09:17:17 - [MESSAGE][INFO] - Clicking element

2020-03-16 09:17:18 - [MESSAGE][PASSED] - Object: 'Object Repository/setRealmParametersStager' is clicked on

2020-03-16 09:17:19 - [MESSAGE][INFO] - ************* JS EXECUTED ************: false

2020-03-16 09:17:20 - [MESSAGE][PASSED] - Delayed 1 second(s)

2020-03-16 09:17:21 - [MESSAGE][INFO] - ************* JS EXECUTED ************: true

2020-03-16 09:17:22 - [MESSAGE][PASSED] - Delayed 1 second(s)

2020-03-16 09:17:22 - [MESSAGE][PASSED] - Element has been clicked

2020-03-16 09:17:22 - [TEST_STEP][PASSED] - setText(findTestObject("Object Repository/setParamTextField"), parameterName): Text 'Application.AQS.ArticleIntegration.MixedCaseIntegration.Enabled' is set on object 'Object Repository/setParamTextField'

2020-03-16 09:17:24 - [MESSAGE][PASSED] - Text 'Application.AQS.ArticleIntegration.MixedCaseIntegration.Enabled' is set on object 'Object Repository/setParamTextField'

2020-03-16 09:17:24 - [TEST_STEP][PASSED] - common.util.aribakeywords.aribaClick(findTestObject("div_Run Stager")): common.util.aribakeywords.aribaClick is PASSED

2020-03-16 09:17:25 - [MESSAGE][PASSED] - Object 'Object Repository/div_Run Stager' is clickable

2020-03-16 09:17:26 - [MESSAGE][PASSED] - Scroll to object 'Object Repository/div_Run Stager' successfully

2020-03-16 09:17:27 - [MESSAGE][PASSED] - Object 'Object Repository/div_Run Stager' is visible

2020-03-16 09:17:29 - [MESSAGE][PASSED] - Object: 'Object Repository/div_Run Stager' is clicked on

2020-03-16 09:17:31 - [MESSAGE][INFO] - ************* JS EXECUTED ************: true

2020-03-16 09:17:32 - [MESSAGE][PASSED] - Delayed 1 second(s)

2020-03-16 09:17:33 - [MESSAGE][PASSED] - Object 'Object Repository/Page_Ariba Spend Management/input__bt5lrc' is clickable

2020-03-16 09:17:33 - [MESSAGE][PASSED] - Web element with id: 'Object Repository/Page_Ariba Spend Management/StackTrace' located by 'By.xpath: //*[@awname = 'SHOW_STACK_TRACE']' is not present after '1' second(s)

2020-03-16 09:17:34 - [MESSAGE][PASSED] - Web element with id: 'Object Repository/Page_Ariba Spend Management/StagerError' located by 'By.xpath: //*[@awname = 'TestStagerErrorPage:toggleStackTrace']' is not present after '1' second(s)

2020-03-16 09:17:34 - [MESSAGE][PASSED] - Web element with id: 'Object Repository/Page_Ariba Spend Management/ReturnToLoginPage' located by 'By.xpath: //*[@awname = 'Return to the Ariba login page::ARPException:linkAction']' is not present after '1' second(s)

2020-03-16 09:17:34 - [MESSAGE][INFO] - in Run stager method

2020-03-16 09:17:34 - [MESSAGE][INFO] -  I am able to see set user. So returning from runstager wait.

2020-03-16 09:17:35 - [MESSAGE][INFO] - ************* JS EXECUTED ************: true

2020-03-16 09:17:36 - [MESSAGE][PASSED] - Delayed 1 second(s)

2020-03-16 09:17:37 - [MESSAGE][INFO] - ************* JS EXECUTED ************: true

2020-03-16 09:17:38 - [MESSAGE][PASSED] - Delayed 1 second(s)

2020-03-16 09:17:38 - [MESSAGE][PASSED] - common.util.aribakeywords.aribaClick is PASSED

2020-03-16 09:17:38 - [MESSAGE][PASSED] - Call Test Case 'Test Cases/DMS/UtilTests/SetRealmParameters' successfully

2020-03-16 09:17:38 - [TEST_STEP][PASSED] - callTestCase(findTestCase("DMS/UtilTests/SetRealmParameters"), ["parameterName":realmParamList[i]], STOP_ON_FAILURE): Call Test Case 'Test Cases/DMS/UtilTests/SetRealmParameters' successfully

2020-03-16 09:17:38 - [TEST_CASE][PASSED] - Test Cases/DMS/UtilTests/SetRealmParameters: Test Cases/DMS/UtilTests/SetRealmParameters

2020-03-16 09:17:38 - [TEST_STEP][PASSED] - common.util.aribakeywords.aribaClick(findTestObject("Object Repository/a_TA..")): Element has been clicked

2020-03-16 09:17:39 - [MESSAGE][PASSED] - Object 'Object Repository/a_TA..' is clickable

2020-03-16 09:17:40 - [MESSAGE][PASSED] - Scroll to object 'Object Repository/a_TA..' successfully

2020-03-16 09:17:41 - [MESSAGE][PASSED] - Object 'Object Repository/a_TA..' is visible

2020-03-16 09:17:42 - [MESSAGE][INFO] - Clicking element

2020-03-16 09:17:43 - [MESSAGE][PASSED] - Object: 'Object Repository/a_TA..' is clicked on

2020-03-16 09:17:44 - [MESSAGE][INFO] - ************* JS EXECUTED ************: true

2020-03-16 09:17:45 - [MESSAGE][PASSED] - Delayed 1 second(s)

2020-03-16 09:17:45 - [MESSAGE][PASSED] - Element has been clicked

2020-03-16 09:17:45 - [TEST_STEP][PASSED] - common.util.aribakeywords.aribaClick(findTestObject("Object Repository/testCentral")): Element has been clicked

2020-03-16 09:17:46 - [MESSAGE][PASSED] - Object 'Object Repository/testCentral' is clickable

2020-03-16 09:17:47 - [MESSAGE][PASSED] - Scroll to object 'Object Repository/testCentral' successfully

2020-03-16 09:17:48 - [MESSAGE][PASSED] - Object 'Object Repository/testCentral' is visible

2020-03-16 09:17:49 - [MESSAGE][INFO] - Clicking element

2020-03-16 09:17:51 - [MESSAGE][PASSED] - Object: 'Object Repository/testCentral' is clicked on

2020-03-16 09:17:52 - [MESSAGE][INFO] - ************* JS EXECUTED ************: true

2020-03-16 09:17:53 - [MESSAGE][PASSED] - Delayed 1 second(s)

2020-03-16 09:17:53 - [MESSAGE][PASSED] - Element has been clicked

2020-03-16 09:17:53 - [TEST_STEP][PASSED] - common.util.aribakeywords.aribaClick(findTestObject("Object Repository/setRealmParametersStager")): Element has been clicked

2020-03-16 09:17:54 - [MESSAGE][PASSED] - Object 'Object Repository/setRealmParametersStager' is clickable

2020-03-16 09:17:54 - [MESSAGE][PASSED] - Scroll to object 'Object Repository/setRealmParametersStager' successfully

2020-03-16 09:17:55 - [MESSAGE][PASSED] - Object 'Object Repository/setRealmParametersStager' is visible

2020-03-16 09:17:57 - [MESSAGE][INFO] - Clicking element

2020-03-16 09:17:58 - [MESSAGE][PASSED] - Object: 'Object Repository/setRealmParametersStager' is clicked on

2020-03-16 09:17:59 - [MESSAGE][INFO] - ************* JS EXECUTED ************: true

2020-03-16 09:18:00 - [MESSAGE][PASSED] - Delayed 1 second(s)

2020-03-16 09:18:00 - [MESSAGE][PASSED] - Element has been clicked

2020-03-16 09:18:00 - [TEST_STEP][PASSED] - setText(findTestObject("Object Repository/setParamTextField"), parameterName): Text 'Application.AQS.ArticleIntegration.MixedCases.Enabled' is set on object 'Object Repository/setParamTextField'

2020-03-16 09:18:02 - [MESSAGE][PASSED] - Text 'Application.AQS.ArticleIntegration.MixedCases.Enabled' is set on object 'Object Repository/setParamTextField'

2020-03-16 09:18:02 - [TEST_STEP][PASSED] - common.util.aribakeywords.aribaClick(findTestObject("div_Run Stager")): common.util.aribakeywords.aribaClick is PASSED

2020-03-16 09:18:03 - [MESSAGE][PASSED] - Object 'Object Repository/div_Run Stager' is clickable

2020-03-16 09:18:04 - [MESSAGE][PASSED] - Scroll to object 'Object Repository/div_Run Stager' successfully

2020-03-16 09:18:05 - [MESSAGE][PASSED] - Object 'Object Repository/div_Run Stager' is visible

2020-03-16 09:18:08 - [MESSAGE][PASSED] - Object: 'Object Repository/div_Run Stager' is clicked on

2020-03-16 09:18:10 - [MESSAGE][INFO] - ************* JS EXECUTED ************: true

2020-03-16 09:18:11 - [MESSAGE][PASSED] - Delayed 1 second(s)

2020-03-16 09:18:12 - [MESSAGE][PASSED] - Object 'Object Repository/Page_Ariba Spend Management/input__bt5lrc' is clickable

2020-03-16 09:18:12 - [MESSAGE][PASSED] - Web element with id: 'Object Repository/Page_Ariba Spend Management/StackTrace' located by 'By.xpath: //*[@awname = 'SHOW_STACK_TRACE']' is not present after '1' second(s)

2020-03-16 09:18:13 - [MESSAGE][PASSED] - Web element with id: 'Object Repository/Page_Ariba Spend Management/StagerError' located by 'By.xpath: //*[@awname = 'TestStagerErrorPage:toggleStackTrace']' is not present after '1' second(s)

2020-03-16 09:18:13 - [MESSAGE][PASSED] - Web element with id: 'Object Repository/Page_Ariba Spend Management/ReturnToLoginPage' located by 'By.xpath: //*[@awname = 'Return to the Ariba login page::ARPException:linkAction']' is not present after '1' second(s)

2020-03-16 09:18:13 - [MESSAGE][INFO] - in Run stager method

2020-03-16 09:18:13 - [MESSAGE][INFO] -  I am able to see set user. So returning from runstager wait.

2020-03-16 09:18:14 - [MESSAGE][INFO] - ************* JS EXECUTED ************: true

2020-03-16 09:18:15 - [MESSAGE][PASSED] - Delayed 1 second(s)

2020-03-16 09:18:16 - [MESSAGE][INFO] - ************* JS EXECUTED ************: true

2020-03-16 09:18:17 - [MESSAGE][PASSED] - Delayed 1 second(s)

2020-03-16 09:18:17 - [MESSAGE][PASSED] - common.util.aribakeywords.aribaClick is PASSED

2020-03-16 09:18:17 - [MESSAGE][PASSED] - Call Test Case 'Test Cases/DMS/UtilTests/SetRealmParameters' successfully

2020-03-16 09:18:17 - [TEST_STEP][FAILED] - callTestCase(findTestCase("DMS/UtilTests/CreateSourcingEvent"), ["sourcingEvent":sourcingEvent, "eventType":eventType, "rfpEventTemplate":rfpEventTemplate, "eventContentFileName":eventContentFileName, ... ], STOP_ON_FAILURE): callTestCase(findTestCase("DMS/UtilTests/CreateSourcingEvent"), ["sourcingEvent":sourcingEvent, "eventType":eventType, "rfpEventTemplate":rfpEventTemplate, "eventContentFileName":eventContentFileName, ... ], STOP_ON_FAILURE) FAILED.
Reason:
com.kms.katalon.core.exception.StepFailedException: Call Test Case 'Test Cases/DMS/UtilTests/CreateSourcingEvent' failed
	at com.kms.katalon.core.keyword.builtin.CallTestCaseKeyword$_callTestCase_closure1.doCall(CallTestCaseKeyword.groovy:63)
	at com.kms.katalon.core.keyword.builtin.CallTestCaseKeyword$_callTestCase_closure1.call(CallTestCaseKeyword.groovy)
	at com.kms.katalon.core.keyword.internal.KeywordMain.runKeyword(KeywordMain.groovy:66)
	at com.kms.katalon.core.keyword.builtin.CallTestCaseKeyword.callTestCase(CallTestCaseKeyword.groovy:81)
	at com.kms.katalon.core.keyword.builtin.CallTestCaseKeyword.execute(CallTestCaseKeyword.groovy:44)
	at com.kms.katalon.core.keyword.internal.KeywordExecutor.executeKeywordForPlatform(KeywordExecutor.groovy:56)
	at com.kms.katalon.core.keyword.BuiltinKeywords.callTestCase(BuiltinKeywords.groovy:334)
	at DMSTC-2917_DownloadBidComparisonWithAPCLot.run(DMSTC-2917_DownloadBidComparisonWithAPCLot:103)
	at com.kms.katalon.core.main.ScriptEngine.run(ScriptEngine.java:194)
	at com.kms.katalon.core.main.ScriptEngine.runScriptAsRawText(ScriptEngine.java:119)
	at com.kms.katalon.core.main.TestCaseExecutor.runScript(TestCaseExecutor.java:331)
	at com.kms.katalon.core.main.TestCaseExecutor.doExecute(TestCaseExecutor.java:322)
	at com.kms.katalon.core.main.TestCaseExecutor.processExecutionPhase(TestCaseExecutor.java:301)
	at com.kms.katalon.core.main.TestCaseExecutor.accessMainPhase(TestCaseExecutor.java:293)
	at com.kms.katalon.core.main.TestCaseExecutor.execute(TestCaseExecutor.java:227)
	at com.kms.katalon.core.main.TestSuiteExecutor.accessTestCaseMainPhase(TestSuiteExecutor.java:129)
	at com.kms.katalon.core.main.TestSuiteExecutor.accessTestSuiteMainPhase(TestSuiteExecutor.java:112)
	at com.kms.katalon.core.main.TestSuiteExecutor.execute(TestSuiteExecutor.java:81)
	at com.kms.katalon.core.main.TestCaseMain.startTestSuite(TestCaseMain.java:157)
	at com.kms.katalon.core.main.TestCaseMain$startTestSuite$0.call(Unknown Source)
	at TempTestSuite1584329506754.run(TempTestSuite1584329506754.groovy:35)
Caused by: com.kms.katalon.core.exception.StepFailedException: Fail to click on Object : TestObject - 'Object Repository/div_Run Stager'
Test Element : [[CRemoteWebDriver: chrome on LINUX (2031313509a64c5dfac1d73a917290f5)] -> xpath: //td[@awname = 'TestStagerForm:runStager']]

Stack Trace : com.kms.katalon.core.exception.StepFailedException: Unable to verify object 'Object Repository/Page_Ariba Spend Management/StackTrace' is not present


	at com.kms.katalon.core.util.KeywordUtil.markFailedAndStop(KeywordUtil.java:27)
	at com.kms.katalon.core.util.KeywordUtil$markFailedAndStop$1.call(Unknown Source)
	at common.util.aribakeywords.aribaClick(aribakeywords.groovy:93)
	at common.util.aribakeywords.invokeMethod(aribakeywords.groovy)
	at com.kms.katalon.core.main.CustomKeywordDelegatingMetaClass.invokeStaticMethod(CustomKeywordDelegatingMetaClass.java:49)
	at CreateSourcingEvent.run(CreateSourcingEvent:48)
	at com.kms.katalon.core.main.ScriptEngine.run(ScriptEngine.java:194)
	at com.kms.katalon.core.main.ScriptEngine.runScriptAsRawText(ScriptEngine.java:119)
	at com.kms.katalon.core.main.TestCaseExecutor.runScript(TestCaseExecutor.java:331)
	at com.kms.katalon.core.main.TestCaseExecutor.doExecute(TestCaseExecutor.java:322)
	at com.kms.katalon.core.main.TestCaseExecutor.processExecutionPhase(TestCaseExecutor.java:301)
	at com.kms.katalon.core.main.TestCaseExecutor.accessMainPhase(TestCaseExecutor.java:293)
	at com.kms.katalon.core.main.TestCaseExecutor.execute(TestCaseExecutor.java:227)
	at com.kms.katalon.core.main.TestCaseMain.runTestCase(TestCaseMain.java:114)
	at com.kms.katalon.core.keyword.builtin.CallTestCaseKeyword$_callTestCase_closure1.doCall(CallTestCaseKeyword.groovy:59)
	... 20 more


2020-03-16 09:18:17 - [TEST_CASE][FAILED] - Test Cases/DMS/UtilTests/CreateSourcingEvent: Test Cases/DMS/UtilTests/CreateSourcingEvent FAILED.
Reason:
com.kms.katalon.core.exception.StepFailedException: Fail to click on Object : TestObject - 'Object Repository/div_Run Stager'
Test Element : [[CRemoteWebDriver: chrome on LINUX (2031313509a64c5dfac1d73a917290f5)] -> xpath: //td[@awname = 'TestStagerForm:runStager']]

Stack Trace : com.kms.katalon.core.exception.StepFailedException: Unable to verify object 'Object Repository/Page_Ariba Spend Management/StackTrace' is not present


	at com.kms.katalon.core.util.KeywordUtil.markFailedAndStop(KeywordUtil.java:27)
	at com.kms.katalon.core.util.KeywordUtil$markFailedAndStop$1.call(Unknown Source)
	at common.util.aribakeywords.aribaClick(aribakeywords.groovy:93)
	at common.util.aribakeywords.invokeMethod(aribakeywords.groovy)
	at com.kms.katalon.core.main.CustomKeywordDelegatingMetaClass.invokeStaticMethod(CustomKeywordDelegatingMetaClass.java:49)
	at CreateSourcingEvent.run(CreateSourcingEvent:48)
	at com.kms.katalon.core.main.ScriptEngine.run(ScriptEngine.java:194)
	at com.kms.katalon.core.main.ScriptEngine.runScriptAsRawText(ScriptEngine.java:119)
	at com.kms.katalon.core.main.TestCaseExecutor.runScript(TestCaseExecutor.java:331)
	at com.kms.katalon.core.main.TestCaseExecutor.doExecute(TestCaseExecutor.java:322)
	at com.kms.katalon.core.main.TestCaseExecutor.processExecutionPhase(TestCaseExecutor.java:301)
	at com.kms.katalon.core.main.TestCaseExecutor.accessMainPhase(TestCaseExecutor.java:293)
	at com.kms.katalon.core.main.TestCaseExecutor.execute(TestCaseExecutor.java:227)
	at com.kms.katalon.core.main.TestCaseMain.runTestCase(TestCaseMain.java:114)
	at com.kms.katalon.core.keyword.builtin.CallTestCaseKeyword$_callTestCase_closure1.doCall(CallTestCaseKeyword.groovy:59)
	at com.kms.katalon.core.keyword.builtin.CallTestCaseKeyword$_callTestCase_closure1.call(CallTestCaseKeyword.groovy)
	at com.kms.katalon.core.keyword.internal.KeywordMain.runKeyword(KeywordMain.groovy:66)
	at com.kms.katalon.core.keyword.builtin.CallTestCaseKeyword.callTestCase(CallTestCaseKeyword.groovy:81)
	at com.kms.katalon.core.keyword.builtin.CallTestCaseKeyword.execute(CallTestCaseKeyword.groovy:44)
	at com.kms.katalon.core.keyword.internal.KeywordExecutor.executeKeywordForPlatform(KeywordExecutor.groovy:56)
	at com.kms.katalon.core.keyword.BuiltinKeywords.callTestCase(BuiltinKeywords.groovy:334)
	at DMSTC-2917_DownloadBidComparisonWithAPCLot.run(DMSTC-2917_DownloadBidComparisonWithAPCLot:103)
	at com.kms.katalon.core.main.ScriptEngine.run(ScriptEngine.java:194)
	at com.kms.katalon.core.main.ScriptEngine.runScriptAsRawText(ScriptEngine.java:119)
	at com.kms.katalon.core.main.TestCaseExecutor.runScript(TestCaseExecutor.java:331)
	at com.kms.katalon.core.main.TestCaseExecutor.doExecute(TestCaseExecutor.java:322)
	at com.kms.katalon.core.main.TestCaseExecutor.processExecutionPhase(TestCaseExecutor.java:301)
	at com.kms.katalon.core.main.TestCaseExecutor.accessMainPhase(TestCaseExecutor.java:293)
	at com.kms.katalon.core.main.TestCaseExecutor.execute(TestCaseExecutor.java:227)
	at com.kms.katalon.core.main.TestSuiteExecutor.accessTestCaseMainPhase(TestSuiteExecutor.java:129)
	at com.kms.katalon.core.main.TestSuiteExecutor.accessTestSuiteMainPhase(TestSuiteExecutor.java:112)
	at com.kms.katalon.core.main.TestSuiteExecutor.execute(TestSuiteExecutor.java:81)
	at com.kms.katalon.core.main.TestCaseMain.startTestSuite(TestCaseMain.java:157)
	at com.kms.katalon.core.main.TestCaseMain$startTestSuite$0.call(Unknown Source)
	at TempTestSuite1584329506754.run(TempTestSuite1584329506754.groovy:35)


2020-03-16 09:18:17 - [TEST_STEP][PASSED] - common.util.aribakeywords.aribaClick(findTestObject("Object Repository/a_TA..")): Element has been clicked

2020-03-16 09:18:18 - [MESSAGE][PASSED] - Object 'Object Repository/a_TA..' is clickable

2020-03-16 09:18:19 - [MESSAGE][PASSED] - Scroll to object 'Object Repository/a_TA..' successfully

2020-03-16 09:18:20 - [MESSAGE][PASSED] - Object 'Object Repository/a_TA..' is visible

2020-03-16 09:18:22 - [MESSAGE][INFO] - Clicking element

2020-03-16 09:18:23 - [MESSAGE][PASSED] - Object: 'Object Repository/a_TA..' is clicked on

2020-03-16 09:18:24 - [MESSAGE][INFO] - ************* JS EXECUTED ************: true

2020-03-16 09:18:25 - [MESSAGE][PASSED] - Delayed 1 second(s)

2020-03-16 09:18:25 - [MESSAGE][PASSED] - Element has been clicked

2020-03-16 09:18:25 - [TEST_STEP][PASSED] - common.util.aribakeywords.aribaClick(findTestObject("Object Repository/testCentral")): Element has been clicked

2020-03-16 09:18:25 - [MESSAGE][PASSED] - Object 'Object Repository/testCentral' is clickable

2020-03-16 09:18:26 - [MESSAGE][PASSED] - Scroll to object 'Object Repository/testCentral' successfully

2020-03-16 09:18:27 - [MESSAGE][PASSED] - Object 'Object Repository/testCentral' is visible

2020-03-16 09:18:29 - [MESSAGE][INFO] - Clicking element

2020-03-16 09:18:30 - [MESSAGE][PASSED] - Object: 'Object Repository/testCentral' is clicked on

2020-03-16 09:18:31 - [MESSAGE][INFO] - ************* JS EXECUTED ************: true

2020-03-16 09:18:32 - [MESSAGE][PASSED] - Delayed 1 second(s)

2020-03-16 09:18:32 - [MESSAGE][PASSED] - Element has been clicked

2020-03-16 09:18:32 - [TEST_STEP][PASSED] - common.util.aribakeywords.aribaClick(findTestObject("Object Repository/a_Create Sourcing Event")): Element has been clicked

2020-03-16 09:18:33 - [MESSAGE][PASSED] - Object 'Object Repository/a_Create Sourcing Event' is clickable

2020-03-16 09:18:34 - [MESSAGE][PASSED] - Scroll to object 'Object Repository/a_Create Sourcing Event' successfully

2020-03-16 09:18:35 - [MESSAGE][PASSED] - Object 'Object Repository/a_Create Sourcing Event' is visible

2020-03-16 09:18:36 - [MESSAGE][INFO] - Clicking element

2020-03-16 09:18:37 - [MESSAGE][PASSED] - Object: 'Object Repository/a_Create Sourcing Event' is clicked on

2020-03-16 09:18:38 - [MESSAGE][INFO] - ************* JS EXECUTED ************: true

2020-03-16 09:18:39 - [MESSAGE][PASSED] - Delayed 1 second(s)

2020-03-16 09:18:39 - [MESSAGE][PASSED] - Element has been clicked

2020-03-16 09:18:39 - [TEST_STEP][PASSED] - common.util.aribakeywords.waitForPageToLoad(3): common.util.aribakeywords.waitForPageToLoad is PASSED

2020-03-16 09:18:40 - [MESSAGE][INFO] - ************* JS EXECUTED ************: true

2020-03-16 09:18:41 - [MESSAGE][PASSED] - Delayed 1 second(s)

2020-03-16 09:18:41 - [MESSAGE][PASSED] - common.util.aribakeywords.waitForPageToLoad is PASSED

2020-03-16 09:18:41 - [TEST_STEP][PASSED] - common.util.aribakeywords.aribaClick(findTestObject("Object Repository/input_Name of event__vusb0b")): Element has been clicked

2020-03-16 09:18:42 - [MESSAGE][PASSED] - Object 'Object Repository/input_Name of event__vusb0b' is clickable

2020-03-16 09:18:43 - [MESSAGE][PASSED] - Scroll to object 'Object Repository/input_Name of event__vusb0b' successfully

2020-03-16 09:18:44 - [MESSAGE][PASSED] - Object 'Object Repository/input_Name of event__vusb0b' is visible

2020-03-16 09:18:46 - [MESSAGE][INFO] - Clicking element

2020-03-16 09:18:47 - [MESSAGE][PASSED] - Object: 'Object Repository/input_Name of event__vusb0b' is clicked on

2020-03-16 09:18:47 - [MESSAGE][INFO] - ************* JS EXECUTED ************: true

2020-03-16 09:18:48 - [MESSAGE][PASSED] - Delayed 1 second(s)

2020-03-16 09:18:48 - [MESSAGE][PASSED] - Element has been clicked

2020-03-16 09:18:48 - [TEST_STEP][PASSED] - setText(findTestObject("Object Repository/input_Name of event__vusb0b"), sourcingEvent): Text 'EventLotWithAPCTerm_1584330098464' is set on object 'Object Repository/input_Name of event__vusb0b'

2020-03-16 09:18:51 - [MESSAGE][PASSED] - Text 'EventLotWithAPCTerm_1584330098464' is set on object 'Object Repository/input_Name of event__vusb0b'

2020-03-16 09:18:51 - [TEST_STEP][PASSED] - eventType = eventType: null

2020-03-16 09:18:51 - [TEST_STEP][PASSED] - selectOptionByValue(findTestObject("Page_TestStagerForm/select_(no selection)RFIRFPRFP"), eventType, true): All options with value '1' are selected in object 'Object Repository/Page_TestStagerForm/select_(no selection)RFIRFPRFP'  using regular expression

2020-03-16 09:19:01 - [MESSAGE][PASSED] - All options with value '1' are selected in object 'Object Repository/Page_TestStagerForm/select_(no selection)RFIRFPRFP'  using regular expression

2020-03-16 09:19:01 - [TEST_STEP][PASSED] - setText(findTestObject("Object Repository/input_Event Template Name__qty"), rfpEventTemplate): Text 'BasketLotTemplateforAPC' is set on object 'Object Repository/input_Event Template Name__qty'

2020-03-16 09:19:03 - [MESSAGE][PASSED] - Text 'BasketLotTemplateforAPC' is set on object 'Object Repository/input_Event Template Name__qty'

2020-03-16 09:19:03 - [TEST_STEP][PASSED] - setText(findTestObject("Object Repository/input_Event excel file to uplo"), eventContentFileName): Text 'APCLotBidComparisonEventContent.xls' is set on object 'Object Repository/input_Event excel file to uplo'

2020-03-16 09:19:06 - [MESSAGE][PASSED] - Text 'APCLotBidComparisonEventContent.xls' is set on object 'Object Repository/input_Event excel file to uplo'

2020-03-16 09:19:06 - [TEST_STEP][PASSED] - eventEndState = eventEndState: null

2020-03-16 09:19:06 - [TEST_STEP][PASSED] - selectOptionByValue(findTestObject("Object Repository/select_(no selection)draftprev"), eventEndState, true): All options with value '6' are selected in object 'Object Repository/select_(no selection)draftprev'  using regular expression

2020-03-16 09:19:17 - [MESSAGE][PASSED] - All options with value '6' are selected in object 'Object Repository/select_(no selection)draftprev'  using regular expression

2020-03-16 09:19:17 - [TEST_STEP][PASSED] - setText(findTestObject("Object Repository/input_Number Of Bids__yf32cb"), numberOfBids): Text '1' is set on object 'Object Repository/input_Number Of Bids__yf32cb'

2020-03-16 09:19:19 - [MESSAGE][PASSED] - Text '1' is set on object 'Object Repository/input_Number Of Bids__yf32cb'

2020-03-16 09:19:19 - [TEST_STEP][FAILED] - common.util.aribakeywords.aribaClick(findTestObject("Object Repository/div_Run Stager")): common.util.aribakeywords.aribaClick(findTestObject("Object Repository/div_Run Stager")) FAILED.
Reason:
com.kms.katalon.core.exception.StepFailedException: Fail to click on Object : TestObject - 'Object Repository/div_Run Stager'
Test Element : [[CRemoteWebDriver: chrome on LINUX (2031313509a64c5dfac1d73a917290f5)] -> xpath: //td[@awname = 'TestStagerForm:runStager']]

Stack Trace : com.kms.katalon.core.exception.StepFailedException: Unable to verify object 'Object Repository/Page_Ariba Spend Management/StackTrace' is not present


	at com.kms.katalon.core.util.KeywordUtil.markFailedAndStop(KeywordUtil.java:27)
	at com.kms.katalon.core.util.KeywordUtil$markFailedAndStop$1.call(Unknown Source)
	at common.util.aribakeywords.aribaClick(aribakeywords.groovy:93)
	at common.util.aribakeywords.invokeMethod(aribakeywords.groovy)
	at com.kms.katalon.core.main.CustomKeywordDelegatingMetaClass.invokeStaticMethod(CustomKeywordDelegatingMetaClass.java:49)
	at CreateSourcingEvent.run(CreateSourcingEvent:48)
	at com.kms.katalon.core.main.ScriptEngine.run(ScriptEngine.java:194)
	at com.kms.katalon.core.main.ScriptEngine.runScriptAsRawText(ScriptEngine.java:119)
	at com.kms.katalon.core.main.TestCaseExecutor.runScript(TestCaseExecutor.java:331)
	at com.kms.katalon.core.main.TestCaseExecutor.doExecute(TestCaseExecutor.java:322)
	at com.kms.katalon.core.main.TestCaseExecutor.processExecutionPhase(TestCaseExecutor.java:301)
	at com.kms.katalon.core.main.TestCaseExecutor.accessMainPhase(TestCaseExecutor.java:293)
	at com.kms.katalon.core.main.TestCaseExecutor.execute(TestCaseExecutor.java:227)
	at com.kms.katalon.core.main.TestCaseMain.runTestCase(TestCaseMain.java:114)
	at com.kms.katalon.core.keyword.builtin.CallTestCaseKeyword$_callTestCase_closure1.doCall(CallTestCaseKeyword.groovy:59)
	at com.kms.katalon.core.keyword.builtin.CallTestCaseKeyword$_callTestCase_closure1.call(CallTestCaseKeyword.groovy)
	at com.kms.katalon.core.keyword.internal.KeywordMain.runKeyword(KeywordMain.groovy:66)
	at com.kms.katalon.core.keyword.builtin.CallTestCaseKeyword.callTestCase(CallTestCaseKeyword.groovy:81)
	at com.kms.katalon.core.keyword.builtin.CallTestCaseKeyword.execute(CallTestCaseKeyword.groovy:44)
	at com.kms.katalon.core.keyword.internal.KeywordExecutor.executeKeywordForPlatform(KeywordExecutor.groovy:56)
	at com.kms.katalon.core.keyword.BuiltinKeywords.callTestCase(BuiltinKeywords.groovy:334)
	at DMSTC-2917_DownloadBidComparisonWithAPCLot.run(DMSTC-2917_DownloadBidComparisonWithAPCLot:103)
	at com.kms.katalon.core.main.ScriptEngine.run(ScriptEngine.java:194)
	at com.kms.katalon.core.main.ScriptEngine.runScriptAsRawText(ScriptEngine.java:119)
	at com.kms.katalon.core.main.TestCaseExecutor.runScript(TestCaseExecutor.java:331)
	at com.kms.katalon.core.main.TestCaseExecutor.doExecute(TestCaseExecutor.java:322)
	at com.kms.katalon.core.main.TestCaseExecutor.processExecutionPhase(TestCaseExecutor.java:301)
	at com.kms.katalon.core.main.TestCaseExecutor.accessMainPhase(TestCaseExecutor.java:293)
	at com.kms.katalon.core.main.TestCaseExecutor.execute(TestCaseExecutor.java:227)
	at com.kms.katalon.core.main.TestSuiteExecutor.accessTestCaseMainPhase(TestSuiteExecutor.java:129)
	at com.kms.katalon.core.main.TestSuiteExecutor.accessTestSuiteMainPhase(TestSuiteExecutor.java:112)
	at com.kms.katalon.core.main.TestSuiteExecutor.execute(TestSuiteExecutor.java:81)
	at com.kms.katalon.core.main.TestCaseMain.startTestSuite(TestCaseMain.java:157)
	at com.kms.katalon.core.main.TestCaseMain$startTestSuite$0.call(Unknown Source)
	at TempTestSuite1584329506754.run(TempTestSuite1584329506754.groovy:35)


2020-03-16 09:19:20 - [MESSAGE][PASSED] - Object 'Object Repository/div_Run Stager' is clickable

2020-03-16 09:19:21 - [MESSAGE][PASSED] - Scroll to object 'Object Repository/div_Run Stager' successfully

2020-03-16 09:19:22 - [MESSAGE][PASSED] - Object 'Object Repository/div_Run Stager' is visible

2020-03-16 09:19:24 - [MESSAGE][PASSED] - Object: 'Object Repository/div_Run Stager' is clicked on

2020-03-16 09:19:25 - [MESSAGE][INFO] - ************* JS EXECUTED ************: false

2020-03-16 09:19:26 - [MESSAGE][PASSED] - Delayed 1 second(s)

2020-03-16 09:19:27 - [MESSAGE][INFO] - ************* JS EXECUTED ************: false

2020-03-16 09:19:28 - [MESSAGE][PASSED] - Delayed 1 second(s)

2020-03-16 09:19:29 - [MESSAGE][INFO] - ************* JS EXECUTED ************: true

2020-03-16 09:19:30 - [MESSAGE][PASSED] - Delayed 1 second(s)

2020-03-16 09:20:28 - [MESSAGE][INFO] - Unable to find the element located by 'By.xpath: //*[@awname = 'TestSessionUserSetup:username']'. Please recheck the objects properties to make sure the desired element is located. 

2020-03-16 09:20:32 - [MESSAGE][WARNING] - Web element with id: 'Object Repository/Page_Ariba Spend Management/input__bt5lrc' located by 'By.xpath: //*[@awname = 'TestSessionUserSetup:username']' not found (Root cause: com.kms.katalon.core.exception.StepFailedException: Web element with id: 'Object Repository/Page_Ariba Spend Management/input__bt5lrc' located by 'By.xpath: //*[@awname = 'TestSessionUserSetup:username']' not found
	at com.kms.katalon.core.webui.keyword.internal.WebUIKeywordMain.stepFailed(WebUIKeywordMain.groovy:64)
	at com.kms.katalon.core.webui.keyword.builtin.VerifyElementClickableKeyword$_verifyElementClickable_closure1.doCall(VerifyElementClickableKeyword.groovy:88)
	at com.kms.katalon.core.webui.keyword.builtin.VerifyElementClickableKeyword$_verifyElementClickable_closure1.call(VerifyElementClickableKeyword.groovy)
	at com.kms.katalon.core.webui.keyword.internal.WebUIKeywordMain.runKeyword(WebUIKeywordMain.groovy:20)
	at com.kms.katalon.core.webui.keyword.builtin.VerifyElementClickableKeyword.verifyElementClickable(VerifyElementClickableKeyword.groovy:96)
	at com.kms.katalon.core.webui.keyword.builtin.VerifyElementClickableKeyword.execute(VerifyElementClickableKeyword.groovy:67)
	at com.kms.katalon.core.keyword.internal.KeywordExecutor.executeKeywordForPlatform(KeywordExecutor.groovy:56)
	at com.kms.katalon.core.webui.keyword.WebUiBuiltInKeywords.verifyElementClickable(WebUiBuiltInKeywords.groovy:548)
	at com.kms.katalon.core.webui.keyword.WebUiBuiltInKeywords$verifyElementClickable$7.call(Unknown Source)
	at common.util.aribakeywords.runStager(aribakeywords.groovy:275)
	at common.util.aribakeywords.aribaClick(aribakeywords.groovy:71)
	at common.util.aribakeywords.invokeMethod(aribakeywords.groovy)
	at com.kms.katalon.core.main.CustomKeywordDelegatingMetaClass.invokeStaticMethod(CustomKeywordDelegatingMetaClass.java:49)
	at CreateSourcingEvent.run(CreateSourcingEvent:48)
	at com.kms.katalon.core.main.ScriptEngine.run(ScriptEngine.java:194)
	at com.kms.katalon.core.main.ScriptEngine.runScriptAsRawText(ScriptEngine.java:119)
	at com.kms.katalon.core.main.TestCaseExecutor.runScript(TestCaseExecutor.java:331)
	at com.kms.katalon.core.main.TestCaseExecutor.doExecute(TestCaseExecutor.java:322)
	at com.kms.katalon.core.main.TestCaseExecutor.processExecutionPhase(TestCaseExecutor.java:301)
	at com.kms.katalon.core.main.TestCaseExecutor.accessMainPhase(TestCaseExecutor.java:293)
	at com.kms.katalon.core.main.TestCaseExecutor.execute(TestCaseExecutor.java:227)
	at com.kms.katalon.core.main.TestCaseMain.runTestCase(TestCaseMain.java:114)
	at com.kms.katalon.core.keyword.builtin.CallTestCaseKeyword$_callTestCase_closure1.doCall(CallTestCaseKeyword.groovy:59)
	at com.kms.katalon.core.keyword.builtin.CallTestCaseKeyword$_callTestCase_closure1.call(CallTestCaseKeyword.groovy)
	at com.kms.katalon.core.keyword.internal.KeywordMain.runKeyword(KeywordMain.groovy:66)
	at com.kms.katalon.core.keyword.builtin.CallTestCaseKeyword.callTestCase(CallTestCaseKeyword.groovy:81)
	at com.kms.katalon.core.keyword.builtin.CallTestCaseKeyword.execute(CallTestCaseKeyword.groovy:44)
	at com.kms.katalon.core.keyword.internal.KeywordExecutor.executeKeywordForPlatform(KeywordExecutor.groovy:56)
	at com.kms.katalon.core.keyword.BuiltinKeywords.callTestCase(BuiltinKeywords.groovy:334)
	at DMSTC-2917_DownloadBidComparisonWithAPCLot.run(DMSTC-2917_DownloadBidComparisonWithAPCLot:103)
	at com.kms.katalon.core.main.ScriptEngine.run(ScriptEngine.java:194)
	at com.kms.katalon.core.main.ScriptEngine.runScriptAsRawText(ScriptEngine.java:119)
	at com.kms.katalon.core.main.TestCaseExecutor.runScript(TestCaseExecutor.java:331)
	at com.kms.katalon.core.main.TestCaseExecutor.doExecute(TestCaseExecutor.java:322)
	at com.kms.katalon.core.main.TestCaseExecutor.processExecutionPhase(TestCaseExecutor.java:301)
	at com.kms.katalon.core.main.TestCaseExecutor.accessMainPhase(TestCaseExecutor.java:293)
	at com.kms.katalon.core.main.TestCaseExecutor.execute(TestCaseExecutor.java:227)
	at com.kms.katalon.core.main.TestSuiteExecutor.accessTestCaseMainPhase(TestSuiteExecutor.java:129)
	at com.kms.katalon.core.main.TestSuiteExecutor.accessTestSuiteMainPhase(TestSuiteExecutor.java:112)
	at com.kms.katalon.core.main.TestSuiteExecutor.execute(TestSuiteExecutor.java:81)
	at com.kms.katalon.core.main.TestCaseMain.startTestSuite(TestCaseMain.java:157)
	at com.kms.katalon.core.main.TestCaseMain$startTestSuite$0.call(Unknown Source)
	at TempTestSuite1584329506754.run(TempTestSuite1584329506754.groovy:35)
)
[[ATTACHMENT|/Users/i331477/git/S4MicroServiceKatalon/Reports/TestSuite/20200316_090146/1584330628924.png]]

2020-03-16 09:20:37 - [MESSAGE][FAILED] - Web element with id: 'Object Repository/Page_Ariba Spend Management/StackTrace' located by 'By.xpath: //*[@awname = 'SHOW_STACK_TRACE']' is present after '1' second(s) (Root cause: com.kms.katalon.core.exception.StepFailedException: Web element with id: 'Object Repository/Page_Ariba Spend Management/StackTrace' located by 'By.xpath: //*[@awname = 'SHOW_STACK_TRACE']' is present after '1' second(s)
	at com.kms.katalon.core.webui.keyword.internal.WebUIKeywordMain.stepFailed(WebUIKeywordMain.groovy:64)
	at com.kms.katalon.core.webui.keyword.builtin.VerifyElementNotPresentKeyword$_verifyElementNotPresent_closure1.doCall(VerifyElementNotPresentKeyword.groovy:107)
	at com.kms.katalon.core.webui.keyword.builtin.VerifyElementNotPresentKeyword$_verifyElementNotPresent_closure1.call(VerifyElementNotPresentKeyword.groovy)
	at com.kms.katalon.core.webui.keyword.internal.WebUIKeywordMain.runKeyword(WebUIKeywordMain.groovy:20)
	at com.kms.katalon.core.webui.keyword.builtin.VerifyElementNotPresentKeyword.verifyElementNotPresent(VerifyElementNotPresentKeyword.groovy:118)
	at com.kms.katalon.core.webui.keyword.builtin.VerifyElementNotPresentKeyword.execute(VerifyElementNotPresentKeyword.groovy:68)
	at com.kms.katalon.core.keyword.internal.KeywordExecutor.executeKeywordForPlatform(KeywordExecutor.groovy:56)
	at com.kms.katalon.core.webui.keyword.WebUiBuiltInKeywords.verifyElementNotPresent(WebUiBuiltInKeywords.groovy:1467)
	at com.kms.katalon.core.webui.keyword.WebUiBuiltInKeywords$verifyElementNotPresent$8.call(Unknown Source)
	at common.util.aribakeywords.runStager(aribakeywords.groovy:276)
	at common.util.aribakeywords.aribaClick(aribakeywords.groovy:71)
	at common.util.aribakeywords.invokeMethod(aribakeywords.groovy)
	at com.kms.katalon.core.main.CustomKeywordDelegatingMetaClass.invokeStaticMethod(CustomKeywordDelegatingMetaClass.java:49)
	at CreateSourcingEvent.run(CreateSourcingEvent:48)
	at com.kms.katalon.core.main.ScriptEngine.run(ScriptEngine.java:194)
	at com.kms.katalon.core.main.ScriptEngine.runScriptAsRawText(ScriptEngine.java:119)
	at com.kms.katalon.core.main.TestCaseExecutor.runScript(TestCaseExecutor.java:331)
	at com.kms.katalon.core.main.TestCaseExecutor.doExecute(TestCaseExecutor.java:322)
	at com.kms.katalon.core.main.TestCaseExecutor.processExecutionPhase(TestCaseExecutor.java:301)
	at com.kms.katalon.core.main.TestCaseExecutor.accessMainPhase(TestCaseExecutor.java:293)
	at com.kms.katalon.core.main.TestCaseExecutor.execute(TestCaseExecutor.java:227)
	at com.kms.katalon.core.main.TestCaseMain.runTestCase(TestCaseMain.java:114)
	at com.kms.katalon.core.keyword.builtin.CallTestCaseKeyword$_callTestCase_closure1.doCall(CallTestCaseKeyword.groovy:59)
	at com.kms.katalon.core.keyword.builtin.CallTestCaseKeyword$_callTestCase_closure1.call(CallTestCaseKeyword.groovy)
	at com.kms.katalon.core.keyword.internal.KeywordMain.runKeyword(KeywordMain.groovy:66)
	at com.kms.katalon.core.keyword.builtin.CallTestCaseKeyword.callTestCase(CallTestCaseKeyword.groovy:81)
	at com.kms.katalon.core.keyword.builtin.CallTestCaseKeyword.execute(CallTestCaseKeyword.groovy:44)
	at com.kms.katalon.core.keyword.internal.KeywordExecutor.executeKeywordForPlatform(KeywordExecutor.groovy:56)
	at com.kms.katalon.core.keyword.BuiltinKeywords.callTestCase(BuiltinKeywords.groovy:334)
	at DMSTC-2917_DownloadBidComparisonWithAPCLot.run(DMSTC-2917_DownloadBidComparisonWithAPCLot:103)
	at com.kms.katalon.core.main.ScriptEngine.run(ScriptEngine.java:194)
	at com.kms.katalon.core.main.ScriptEngine.runScriptAsRawText(ScriptEngine.java:119)
	at com.kms.katalon.core.main.TestCaseExecutor.runScript(TestCaseExecutor.java:331)
	at com.kms.katalon.core.main.TestCaseExecutor.doExecute(TestCaseExecutor.java:322)
	at com.kms.katalon.core.main.TestCaseExecutor.processExecutionPhase(TestCaseExecutor.java:301)
	at com.kms.katalon.core.main.TestCaseExecutor.accessMainPhase(TestCaseExecutor.java:293)
	at com.kms.katalon.core.main.TestCaseExecutor.execute(TestCaseExecutor.java:227)
	at com.kms.katalon.core.main.TestSuiteExecutor.accessTestCaseMainPhase(TestSuiteExecutor.java:129)
	at com.kms.katalon.core.main.TestSuiteExecutor.accessTestSuiteMainPhase(TestSuiteExecutor.java:112)
	at com.kms.katalon.core.main.TestSuiteExecutor.execute(TestSuiteExecutor.java:81)
	at com.kms.katalon.core.main.TestCaseMain.startTestSuite(TestCaseMain.java:157)
	at com.kms.katalon.core.main.TestCaseMain$startTestSuite$0.call(Unknown Source)
	at TempTestSuite1584329506754.run(TempTestSuite1584329506754.groovy:35)
)
[[ATTACHMENT|/Users/i331477/git/S4MicroServiceKatalon/Reports/TestSuite/20200316_090146/1584330633794.png]]

2020-03-16 09:20:39 - [MESSAGE][FAILED] - Unable to verify object 'Object Repository/Page_Ariba Spend Management/StackTrace' is not present (Root cause: com.kms.katalon.core.exception.StepFailedException: Unable to verify object 'Object Repository/Page_Ariba Spend Management/StackTrace' is not present
	at com.kms.katalon.core.webui.keyword.internal.WebUIKeywordMain.stepFailed(WebUIKeywordMain.groovy:64)
	at com.kms.katalon.core.webui.keyword.internal.WebUIKeywordMain.runKeyword(WebUIKeywordMain.groovy:26)
	at com.kms.katalon.core.webui.keyword.builtin.VerifyElementNotPresentKeyword.verifyElementNotPresent(VerifyElementNotPresentKeyword.groovy:118)
	at com.kms.katalon.core.webui.keyword.builtin.VerifyElementNotPresentKeyword.execute(VerifyElementNotPresentKeyword.groovy:68)
	at com.kms.katalon.core.keyword.internal.KeywordExecutor.executeKeywordForPlatform(KeywordExecutor.groovy:56)
	at com.kms.katalon.core.webui.keyword.WebUiBuiltInKeywords.verifyElementNotPresent(WebUiBuiltInKeywords.groovy:1467)
	at com.kms.katalon.core.webui.keyword.WebUiBuiltInKeywords$verifyElementNotPresent$8.call(Unknown Source)
	at common.util.aribakeywords.runStager(aribakeywords.groovy:276)
	at common.util.aribakeywords.aribaClick(aribakeywords.groovy:71)
	at common.util.aribakeywords.invokeMethod(aribakeywords.groovy)
	at com.kms.katalon.core.main.CustomKeywordDelegatingMetaClass.invokeStaticMethod(CustomKeywordDelegatingMetaClass.java:49)
	at CreateSourcingEvent.run(CreateSourcingEvent:48)
	at com.kms.katalon.core.main.ScriptEngine.run(ScriptEngine.java:194)
	at com.kms.katalon.core.main.ScriptEngine.runScriptAsRawText(ScriptEngine.java:119)
	at com.kms.katalon.core.main.TestCaseExecutor.runScript(TestCaseExecutor.java:331)
	at com.kms.katalon.core.main.TestCaseExecutor.doExecute(TestCaseExecutor.java:322)
	at com.kms.katalon.core.main.TestCaseExecutor.processExecutionPhase(TestCaseExecutor.java:301)
	at com.kms.katalon.core.main.TestCaseExecutor.accessMainPhase(TestCaseExecutor.java:293)
	at com.kms.katalon.core.main.TestCaseExecutor.execute(TestCaseExecutor.java:227)
	at com.kms.katalon.core.main.TestCaseMain.runTestCase(TestCaseMain.java:114)
	at com.kms.katalon.core.keyword.builtin.CallTestCaseKeyword$_callTestCase_closure1.doCall(CallTestCaseKeyword.groovy:59)
	at com.kms.katalon.core.keyword.builtin.CallTestCaseKeyword$_callTestCase_closure1.call(CallTestCaseKeyword.groovy)
	at com.kms.katalon.core.keyword.internal.KeywordMain.runKeyword(KeywordMain.groovy:66)
	at com.kms.katalon.core.keyword.builtin.CallTestCaseKeyword.callTestCase(CallTestCaseKeyword.groovy:81)
	at com.kms.katalon.core.keyword.builtin.CallTestCaseKeyword.execute(CallTestCaseKeyword.groovy:44)
	at com.kms.katalon.core.keyword.internal.KeywordExecutor.executeKeywordForPlatform(KeywordExecutor.groovy:56)
	at com.kms.katalon.core.keyword.BuiltinKeywords.callTestCase(BuiltinKeywords.groovy:334)
	at DMSTC-2917_DownloadBidComparisonWithAPCLot.run(DMSTC-2917_DownloadBidComparisonWithAPCLot:103)
	at com.kms.katalon.core.main.ScriptEngine.run(ScriptEngine.java:194)
	at com.kms.katalon.core.main.ScriptEngine.runScriptAsRawText(ScriptEngine.java:119)
	at com.kms.katalon.core.main.TestCaseExecutor.runScript(TestCaseExecutor.java:331)
	at com.kms.katalon.core.main.TestCaseExecutor.doExecute(TestCaseExecutor.java:322)
	at com.kms.katalon.core.main.TestCaseExecutor.processExecutionPhase(TestCaseExecutor.java:301)
	at com.kms.katalon.core.main.TestCaseExecutor.accessMainPhase(TestCaseExecutor.java:293)
	at com.kms.katalon.core.main.TestCaseExecutor.execute(TestCaseExecutor.java:227)
	at com.kms.katalon.core.main.TestSuiteExecutor.accessTestCaseMainPhase(TestSuiteExecutor.java:129)
	at com.kms.katalon.core.main.TestSuiteExecutor.accessTestSuiteMainPhase(TestSuiteExecutor.java:112)
	at com.kms.katalon.core.main.TestSuiteExecutor.execute(TestSuiteExecutor.java:81)
	at com.kms.katalon.core.main.TestCaseMain.startTestSuite(TestCaseMain.java:157)
	at com.kms.katalon.core.main.TestCaseMain$startTestSuite$0.call(Unknown Source)
	at TempTestSuite1584329506754.run(TempTestSuite1584329506754.groovy:35)
Caused by: com.kms.katalon.core.exception.StepFailedException: Web element with id: 'Object Repository/Page_Ariba Spend Management/StackTrace' located by 'By.xpath: //*[@awname = 'SHOW_STACK_TRACE']' is present after '1' second(s)
	at com.kms.katalon.core.webui.keyword.internal.WebUIKeywordMain.stepFailed(WebUIKeywordMain.groovy:64)
	at com.kms.katalon.core.webui.keyword.builtin.VerifyElementNotPresentKeyword$_verifyElementNotPresent_closure1.doCall(VerifyElementNotPresentKeyword.groovy:107)
	at com.kms.katalon.core.webui.keyword.builtin.VerifyElementNotPresentKeyword$_verifyElementNotPresent_closure1.call(VerifyElementNotPresentKeyword.groovy)
	at com.kms.katalon.core.webui.keyword.internal.WebUIKeywordMain.runKeyword(WebUIKeywordMain.groovy:20)
	... 39 more
)
[[ATTACHMENT|/Users/i331477/git/S4MicroServiceKatalon/Reports/TestSuite/20200316_090146/1584330637218.png]]

2020-03-16 09:20:39 - [MESSAGE][FAILED] - Fail to click on Object : TestObject - 'Object Repository/div_Run Stager'
Test Element : [[CRemoteWebDriver: chrome on LINUX (2031313509a64c5dfac1d73a917290f5)] -> xpath: //td[@awname = 'TestStagerForm:runStager']]

Stack Trace : com.kms.katalon.core.exception.StepFailedException: Unable to verify object 'Object Repository/Page_Ariba Spend Management/StackTrace' is not present



2020-03-16 09:20:39 - [MESSAGE][FAILED] - common.util.aribakeywords.aribaClick(findTestObject("Object Repository/div_Run Stager")) FAILED.
Reason:
com.kms.katalon.core.exception.StepFailedException: Fail to click on Object : TestObject - 'Object Repository/div_Run Stager'
Test Element : [[CRemoteWebDriver: chrome on LINUX (2031313509a64c5dfac1d73a917290f5)] -> xpath: //td[@awname = 'TestStagerForm:runStager']]

Stack Trace : com.kms.katalon.core.exception.StepFailedException: Unable to verify object 'Object Repository/Page_Ariba Spend Management/StackTrace' is not present


	at com.kms.katalon.core.util.KeywordUtil.markFailedAndStop(KeywordUtil.java:27)
	at com.kms.katalon.core.util.KeywordUtil$markFailedAndStop$1.call(Unknown Source)
	at common.util.aribakeywords.aribaClick(aribakeywords.groovy:93)
	at common.util.aribakeywords.invokeMethod(aribakeywords.groovy)
	at com.kms.katalon.core.main.CustomKeywordDelegatingMetaClass.invokeStaticMethod(CustomKeywordDelegatingMetaClass.java:49)
	at CreateSourcingEvent.run(CreateSourcingEvent:48)
	at com.kms.katalon.core.main.ScriptEngine.run(ScriptEngine.java:194)
	at com.kms.katalon.core.main.ScriptEngine.runScriptAsRawText(ScriptEngine.java:119)
	at com.kms.katalon.core.main.TestCaseExecutor.runScript(TestCaseExecutor.java:331)
	at com.kms.katalon.core.main.TestCaseExecutor.doExecute(TestCaseExecutor.java:322)
	at com.kms.katalon.core.main.TestCaseExecutor.processExecutionPhase(TestCaseExecutor.java:301)
	at com.kms.katalon.core.main.TestCaseExecutor.accessMainPhase(TestCaseExecutor.java:293)
	at com.kms.katalon.core.main.TestCaseExecutor.execute(TestCaseExecutor.java:227)
	at com.kms.katalon.core.main.TestCaseMain.runTestCase(TestCaseMain.java:114)
	at com.kms.katalon.core.keyword.builtin.CallTestCaseKeyword$_callTestCase_closure1.doCall(CallTestCaseKeyword.groovy:59)
	at com.kms.katalon.core.keyword.builtin.CallTestCaseKeyword$_callTestCase_closure1.call(CallTestCaseKeyword.groovy)
	at com.kms.katalon.core.keyword.internal.KeywordMain.runKeyword(KeywordMain.groovy:66)
	at com.kms.katalon.core.keyword.builtin.CallTestCaseKeyword.callTestCase(CallTestCaseKeyword.groovy:81)
	at com.kms.katalon.core.keyword.builtin.CallTestCaseKeyword.execute(CallTestCaseKeyword.groovy:44)
	at com.kms.katalon.core.keyword.internal.KeywordExecutor.executeKeywordForPlatform(KeywordExecutor.groovy:56)
	at com.kms.katalon.core.keyword.BuiltinKeywords.callTestCase(BuiltinKeywords.groovy:334)
	at DMSTC-2917_DownloadBidComparisonWithAPCLot.run(DMSTC-2917_DownloadBidComparisonWithAPCLot:103)
	at com.kms.katalon.core.main.ScriptEngine.run(ScriptEngine.java:194)
	at com.kms.katalon.core.main.ScriptEngine.runScriptAsRawText(ScriptEngine.java:119)
	at com.kms.katalon.core.main.TestCaseExecutor.runScript(TestCaseExecutor.java:331)
	at com.kms.katalon.core.main.TestCaseExecutor.doExecute(TestCaseExecutor.java:322)
	at com.kms.katalon.core.main.TestCaseExecutor.processExecutionPhase(TestCaseExecutor.java:301)
	at com.kms.katalon.core.main.TestCaseExecutor.accessMainPhase(TestCaseExecutor.java:293)
	at com.kms.katalon.core.main.TestCaseExecutor.execute(TestCaseExecutor.java:227)
	at com.kms.katalon.core.main.TestSuiteExecutor.accessTestCaseMainPhase(TestSuiteExecutor.java:129)
	at com.kms.katalon.core.main.TestSuiteExecutor.accessTestSuiteMainPhase(TestSuiteExecutor.java:112)
	at com.kms.katalon.core.main.TestSuiteExecutor.execute(TestSuiteExecutor.java:81)
	at com.kms.katalon.core.main.TestCaseMain.startTestSuite(TestCaseMain.java:157)
	at com.kms.katalon.core.main.TestCaseMain$startTestSuite$0.call(Unknown Source)
	at TempTestSuite1584329506754.run(TempTestSuite1584329506754.groovy:35)


2020-03-16 09:20:39 - [MESSAGE][FAILED] - Unable to call Test Case 'Test Cases/DMS/UtilTests/CreateSourcingEvent' (Root cause: com.kms.katalon.core.exception.StepFailedException: Call Test Case 'Test Cases/DMS/UtilTests/CreateSourcingEvent' failed
	at com.kms.katalon.core.keyword.builtin.CallTestCaseKeyword$_callTestCase_closure1.doCall(CallTestCaseKeyword.groovy:63)
	at com.kms.katalon.core.keyword.builtin.CallTestCaseKeyword$_callTestCase_closure1.call(CallTestCaseKeyword.groovy)
	at com.kms.katalon.core.keyword.internal.KeywordMain.runKeyword(KeywordMain.groovy:66)
	at com.kms.katalon.core.keyword.builtin.CallTestCaseKeyword.callTestCase(CallTestCaseKeyword.groovy:81)
	at com.kms.katalon.core.keyword.builtin.CallTestCaseKeyword.execute(CallTestCaseKeyword.groovy:44)
	at com.kms.katalon.core.keyword.internal.KeywordExecutor.executeKeywordForPlatform(KeywordExecutor.groovy:56)
	at com.kms.katalon.core.keyword.BuiltinKeywords.callTestCase(BuiltinKeywords.groovy:334)
	at DMSTC-2917_DownloadBidComparisonWithAPCLot.run(DMSTC-2917_DownloadBidComparisonWithAPCLot:103)
	at com.kms.katalon.core.main.ScriptEngine.run(ScriptEngine.java:194)
	at com.kms.katalon.core.main.ScriptEngine.runScriptAsRawText(ScriptEngine.java:119)
	at com.kms.katalon.core.main.TestCaseExecutor.runScript(TestCaseExecutor.java:331)
	at com.kms.katalon.core.main.TestCaseExecutor.doExecute(TestCaseExecutor.java:322)
	at com.kms.katalon.core.main.TestCaseExecutor.processExecutionPhase(TestCaseExecutor.java:301)
	at com.kms.katalon.core.main.TestCaseExecutor.accessMainPhase(TestCaseExecutor.java:293)
	at com.kms.katalon.core.main.TestCaseExecutor.execute(TestCaseExecutor.java:227)
	at com.kms.katalon.core.main.TestSuiteExecutor.accessTestCaseMainPhase(TestSuiteExecutor.java:129)
	at com.kms.katalon.core.main.TestSuiteExecutor.accessTestSuiteMainPhase(TestSuiteExecutor.java:112)
	at com.kms.katalon.core.main.TestSuiteExecutor.execute(TestSuiteExecutor.java:81)
	at com.kms.katalon.core.main.TestCaseMain.startTestSuite(TestCaseMain.java:157)
	at com.kms.katalon.core.main.TestCaseMain$startTestSuite$0.call(Unknown Source)
	at TempTestSuite1584329506754.run(TempTestSuite1584329506754.groovy:35)
Caused by: com.kms.katalon.core.exception.StepFailedException: Fail to click on Object : TestObject - 'Object Repository/div_Run Stager'
Test Element : [[CRemoteWebDriver: chrome on LINUX (2031313509a64c5dfac1d73a917290f5)] -> xpath: //td[@awname = 'TestStagerForm:runStager']]

Stack Trace : com.kms.katalon.core.exception.StepFailedException: Unable to verify object 'Object Repository/Page_Ariba Spend Management/StackTrace' is not present


	at com.kms.katalon.core.util.KeywordUtil.markFailedAndStop(KeywordUtil.java:27)
	at com.kms.katalon.core.util.KeywordUtil$markFailedAndStop$1.call(Unknown Source)
	at common.util.aribakeywords.aribaClick(aribakeywords.groovy:93)
	at common.util.aribakeywords.invokeMethod(aribakeywords.groovy)
	at com.kms.katalon.core.main.CustomKeywordDelegatingMetaClass.invokeStaticMethod(CustomKeywordDelegatingMetaClass.java:49)
	at CreateSourcingEvent.run(CreateSourcingEvent:48)
	at com.kms.katalon.core.main.ScriptEngine.run(ScriptEngine.java:194)
	at com.kms.katalon.core.main.ScriptEngine.runScriptAsRawText(ScriptEngine.java:119)
	at com.kms.katalon.core.main.TestCaseExecutor.runScript(TestCaseExecutor.java:331)
	at com.kms.katalon.core.main.TestCaseExecutor.doExecute(TestCaseExecutor.java:322)
	at com.kms.katalon.core.main.TestCaseExecutor.processExecutionPhase(TestCaseExecutor.java:301)
	at com.kms.katalon.core.main.TestCaseExecutor.accessMainPhase(TestCaseExecutor.java:293)
	at com.kms.katalon.core.main.TestCaseExecutor.execute(TestCaseExecutor.java:227)
	at com.kms.katalon.core.main.TestCaseMain.runTestCase(TestCaseMain.java:114)
	at com.kms.katalon.core.keyword.builtin.CallTestCaseKeyword$_callTestCase_closure1.doCall(CallTestCaseKeyword.groovy:59)
	... 20 more
)

2020-03-16 09:20:39 - [MESSAGE][FAILED] - callTestCase(findTestCase("DMS/UtilTests/CreateSourcingEvent"), ["sourcingEvent":sourcingEvent, "eventType":eventType, "rfpEventTemplate":rfpEventTemplate, "eventContentFileName":eventContentFileName, ... ], STOP_ON_FAILURE) FAILED.
Reason:
com.kms.katalon.core.exception.StepFailedException: Call Test Case 'Test Cases/DMS/UtilTests/CreateSourcingEvent' failed
	at com.kms.katalon.core.keyword.builtin.CallTestCaseKeyword$_callTestCase_closure1.doCall(CallTestCaseKeyword.groovy:63)
	at com.kms.katalon.core.keyword.builtin.CallTestCaseKeyword$_callTestCase_closure1.call(CallTestCaseKeyword.groovy)
	at com.kms.katalon.core.keyword.internal.KeywordMain.runKeyword(KeywordMain.groovy:66)
	at com.kms.katalon.core.keyword.builtin.CallTestCaseKeyword.callTestCase(CallTestCaseKeyword.groovy:81)
	at com.kms.katalon.core.keyword.builtin.CallTestCaseKeyword.execute(CallTestCaseKeyword.groovy:44)
	at com.kms.katalon.core.keyword.internal.KeywordExecutor.executeKeywordForPlatform(KeywordExecutor.groovy:56)
	at com.kms.katalon.core.keyword.BuiltinKeywords.callTestCase(BuiltinKeywords.groovy:334)
	at DMSTC-2917_DownloadBidComparisonWithAPCLot.run(DMSTC-2917_DownloadBidComparisonWithAPCLot:103)
	at com.kms.katalon.core.main.ScriptEngine.run(ScriptEngine.java:194)
	at com.kms.katalon.core.main.ScriptEngine.runScriptAsRawText(ScriptEngine.java:119)
	at com.kms.katalon.core.main.TestCaseExecutor.runScript(TestCaseExecutor.java:331)
	at com.kms.katalon.core.main.TestCaseExecutor.doExecute(TestCaseExecutor.java:322)
	at com.kms.katalon.core.main.TestCaseExecutor.processExecutionPhase(TestCaseExecutor.java:301)
	at com.kms.katalon.core.main.TestCaseExecutor.accessMainPhase(TestCaseExecutor.java:293)
	at com.kms.katalon.core.main.TestCaseExecutor.execute(TestCaseExecutor.java:227)
	at com.kms.katalon.core.main.TestSuiteExecutor.accessTestCaseMainPhase(TestSuiteExecutor.java:129)
	at com.kms.katalon.core.main.TestSuiteExecutor.accessTestSuiteMainPhase(TestSuiteExecutor.java:112)
	at com.kms.katalon.core.main.TestSuiteExecutor.execute(TestSuiteExecutor.java:81)
	at com.kms.katalon.core.main.TestCaseMain.startTestSuite(TestCaseMain.java:157)
	at com.kms.katalon.core.main.TestCaseMain$startTestSuite$0.call(Unknown Source)
	at TempTestSuite1584329506754.run(TempTestSuite1584329506754.groovy:35)
Caused by: com.kms.katalon.core.exception.StepFailedException: Fail to click on Object : TestObject - 'Object Repository/div_Run Stager'
Test Element : [[CRemoteWebDriver: chrome on LINUX (2031313509a64c5dfac1d73a917290f5)] -> xpath: //td[@awname = 'TestStagerForm:runStager']]

Stack Trace : com.kms.katalon.core.exception.StepFailedException: Unable to verify object 'Object Repository/Page_Ariba Spend Management/StackTrace' is not present


	at com.kms.katalon.core.util.KeywordUtil.markFailedAndStop(KeywordUtil.java:27)
	at com.kms.katalon.core.util.KeywordUtil$markFailedAndStop$1.call(Unknown Source)
	at common.util.aribakeywords.aribaClick(aribakeywords.groovy:93)
	at common.util.aribakeywords.invokeMethod(aribakeywords.groovy)
	at com.kms.katalon.core.main.CustomKeywordDelegatingMetaClass.invokeStaticMethod(CustomKeywordDelegatingMetaClass.java:49)
	at CreateSourcingEvent.run(CreateSourcingEvent:48)
	at com.kms.katalon.core.main.ScriptEngine.run(ScriptEngine.java:194)
	at com.kms.katalon.core.main.ScriptEngine.runScriptAsRawText(ScriptEngine.java:119)
	at com.kms.katalon.core.main.TestCaseExecutor.runScript(TestCaseExecutor.java:331)
	at com.kms.katalon.core.main.TestCaseExecutor.doExecute(TestCaseExecutor.java:322)
	at com.kms.katalon.core.main.TestCaseExecutor.processExecutionPhase(TestCaseExecutor.java:301)
	at com.kms.katalon.core.main.TestCaseExecutor.accessMainPhase(TestCaseExecutor.java:293)
	at com.kms.katalon.core.main.TestCaseExecutor.execute(TestCaseExecutor.java:227)
	at com.kms.katalon.core.main.TestCaseMain.runTestCase(TestCaseMain.java:114)
	at com.kms.katalon.core.keyword.builtin.CallTestCaseKeyword$_callTestCase_closure1.doCall(CallTestCaseKeyword.groovy:59)
	... 20 more]]></system-out>
         <system-err><![CDATA[2020-03-16 09:11:38 - [TEST_CASE][FAILED] - Test Cases/DMS/PricingConditionSupportForLots - Copy/DMSTC-2917_DownloadBidComparisonWithAPCLot: Test Cases/DMS/PricingConditionSupportForLots - Copy/DMSTC-2917_DownloadBidComparisonWithAPCLot FAILED.
Reason:
com.kms.katalon.core.exception.StepFailedException: Call Test Case 'Test Cases/DMS/UtilTests/CreateSourcingEvent' failed
	at com.kms.katalon.core.keyword.builtin.CallTestCaseKeyword$_callTestCase_closure1.doCall(CallTestCaseKeyword.groovy:63)
	at com.kms.katalon.core.keyword.builtin.CallTestCaseKeyword$_callTestCase_closure1.call(CallTestCaseKeyword.groovy)
	at com.kms.katalon.core.keyword.internal.KeywordMain.runKeyword(KeywordMain.groovy:66)
	at com.kms.katalon.core.keyword.builtin.CallTestCaseKeyword.callTestCase(CallTestCaseKeyword.groovy:81)
	at com.kms.katalon.core.keyword.builtin.CallTestCaseKeyword.execute(CallTestCaseKeyword.groovy:44)
	at com.kms.katalon.core.keyword.internal.KeywordExecutor.executeKeywordForPlatform(KeywordExecutor.groovy:56)
	at com.kms.katalon.core.keyword.BuiltinKeywords.callTestCase(BuiltinKeywords.groovy:334)
	at DMSTC-2917_DownloadBidComparisonWithAPCLot.run(DMSTC-2917_DownloadBidComparisonWithAPCLot:103)
	at com.kms.katalon.core.main.ScriptEngine.run(ScriptEngine.java:194)
	at com.kms.katalon.core.main.ScriptEngine.runScriptAsRawText(ScriptEngine.java:119)
	at com.kms.katalon.core.main.TestCaseExecutor.runScript(TestCaseExecutor.java:331)
	at com.kms.katalon.core.main.TestCaseExecutor.doExecute(TestCaseExecutor.java:322)
	at com.kms.katalon.core.main.TestCaseExecutor.processExecutionPhase(TestCaseExecutor.java:301)
	at com.kms.katalon.core.main.TestCaseExecutor.accessMainPhase(TestCaseExecutor.java:293)
	at com.kms.katalon.core.main.TestCaseExecutor.execute(TestCaseExecutor.java:227)
	at com.kms.katalon.core.main.TestSuiteExecutor.accessTestCaseMainPhase(TestSuiteExecutor.java:129)
	at com.kms.katalon.core.main.TestSuiteExecutor.accessTestSuiteMainPhase(TestSuiteExecutor.java:112)
	at com.kms.katalon.core.main.TestSuiteExecutor.execute(TestSuiteExecutor.java:81)
	at com.kms.katalon.core.main.TestCaseMain.startTestSuite(TestCaseMain.java:157)
	at com.kms.katalon.core.main.TestCaseMain$startTestSuite$0.call(Unknown Source)
	at TempTestSuite1584329506754.run(TempTestSuite1584329506754.groovy:35)
Caused by: com.kms.katalon.core.exception.StepFailedException: Fail to click on Object : TestObject - 'Object Repository/div_Run Stager'
Test Element : [[CRemoteWebDriver: chrome on LINUX (2031313509a64c5dfac1d73a917290f5)] -> xpath: //td[@awname = 'TestStagerForm:runStager']]

Stack Trace : com.kms.katalon.core.exception.StepFailedException: Unable to verify object 'Object Repository/Page_Ariba Spend Management/StackTrace' is not present


	at com.kms.katalon.core.util.KeywordUtil.markFailedAndStop(KeywordUtil.java:27)
	at com.kms.katalon.core.util.KeywordUtil$markFailedAndStop$1.call(Unknown Source)
	at common.util.aribakeywords.aribaClick(aribakeywords.groovy:93)
	at common.util.aribakeywords.invokeMethod(aribakeywords.groovy)
	at com.kms.katalon.core.main.CustomKeywordDelegatingMetaClass.invokeStaticMethod(CustomKeywordDelegatingMetaClass.java:49)
	at CreateSourcingEvent.run(CreateSourcingEvent:48)
	at com.kms.katalon.core.main.ScriptEngine.run(ScriptEngine.java:194)
	at com.kms.katalon.core.main.ScriptEngine.runScriptAsRawText(ScriptEngine.java:119)
	at com.kms.katalon.core.main.TestCaseExecutor.runScript(TestCaseExecutor.java:331)
	at com.kms.katalon.core.main.TestCaseExecutor.doExecute(TestCaseExecutor.java:322)
	at com.kms.katalon.core.main.TestCaseExecutor.processExecutionPhase(TestCaseExecutor.java:301)
	at com.kms.katalon.core.main.TestCaseExecutor.accessMainPhase(TestCaseExecutor.java:293)
	at com.kms.katalon.core.main.TestCaseExecutor.execute(TestCaseExecutor.java:227)
	at com.kms.katalon.core.main.TestCaseMain.runTestCase(TestCaseMain.java:114)
	at com.kms.katalon.core.keyword.builtin.CallTestCaseKeyword$_callTestCase_closure1.doCall(CallTestCaseKeyword.groovy:59)
	... 20 more]]></system-err>
      </testcase>
      <testcase name="Test Cases/DMS/PricingConditionSupportForLots - Copy/DMSTC-2920_CreateContractFromEventContentWithAPCLot" classname="Test Cases/DMS/PricingConditionSupportForLots - Copy/DMSTC-2920_CreateContractFromEventContentWithAPCLot" status="FAILED">
         <failure type="FAILED" message="Test Cases/DMS/PricingConditionSupportForLots - Copy/DMSTC-2920_CreateContractFromEventContentWithAPCLot FAILED.
Reason:
com.kms.katalon.core.exception.StepFailedException: Unable to verify object '//a[@awname='0.3_RITASHORTSTRINGIFZ000003Computed Term::RITASHORTSTRINGIFZ000003:pricingInfoDisplay']' is present
	at com.kms.katalon.core.webui.keyword.internal.WebUIKeywordMain.stepFailed(WebUIKeywordMain.groovy:64)
	at com.kms.katalon.core.webui.keyword.internal.WebUIKeywordMain.runKeyword(WebUIKeywordMain.groovy:26)
	at com.kms.katalon.core.webui.keyword.builtin.VerifyElementPresentKeyword.verifyElementPresent(VerifyElementPresentKeyword.groovy:92)
	at com.kms.katalon.core.webui.keyword.builtin.VerifyElementPresentKeyword.execute(VerifyElementPresentKeyword.groovy:68)
	at com.kms.katalon.core.keyword.internal.KeywordExecutor.executeKeywordForPlatform(KeywordExecutor.groovy:56)
	at com.kms.katalon.core.webui.keyword.WebUiBuiltInKeywords.verifyElementPresent(WebUiBuiltInKeywords.groovy:1418)
	at com.kms.katalon.core.webui.keyword.WebUiBuiltInKeywords$verifyElementPresent$14.call(Unknown Source)
	at DMSTC-2920_CreateContractFromEventContentWithAPCLot.run(DMSTC-2920_CreateContractFromEventContentWithAPCLot:194)
	at com.kms.katalon.core.main.ScriptEngine.run(ScriptEngine.java:194)
	at com.kms.katalon.core.main.ScriptEngine.runScriptAsRawText(ScriptEngine.java:119)
	at com.kms.katalon.core.main.TestCaseExecutor.runScript(TestCaseExecutor.java:331)
	at com.kms.katalon.core.main.TestCaseExecutor.doExecute(TestCaseExecutor.java:322)
	at com.kms.katalon.core.main.TestCaseExecutor.processExecutionPhase(TestCaseExecutor.java:301)
	at com.kms.katalon.core.main.TestCaseExecutor.accessMainPhase(TestCaseExecutor.java:293)
	at com.kms.katalon.core.main.TestCaseExecutor.execute(TestCaseExecutor.java:227)
	at com.kms.katalon.core.main.TestSuiteExecutor.accessTestCaseMainPhase(TestSuiteExecutor.java:129)
	at com.kms.katalon.core.main.TestSuiteExecutor.accessTestSuiteMainPhase(TestSuiteExecutor.java:112)
	at com.kms.katalon.core.main.TestSuiteExecutor.execute(TestSuiteExecutor.java:81)
	at com.kms.katalon.core.main.TestCaseMain.startTestSuite(TestCaseMain.java:157)
	at com.kms.katalon.core.main.TestCaseMain$startTestSuite$0.call(Unknown Source)
	at TempTestSuite1584329506754.run(TempTestSuite1584329506754.groovy:35)
Caused by: com.kms.katalon.core.exception.StepFailedException: com.kms.katalon.core.webui.exception.WebElementNotFoundException: Web element with id: '//a[@awname='0.3_RITASHORTSTRINGIFZ000003Computed Term::RITASHORTSTRINGIFZ000003:pricingInfoDisplay']' located by 'By.xpath: //a[@awname='0.3_RITASHORTSTRINGIFZ000003Computed Term::RITASHORTSTRINGIFZ000003:pricingInfoDisplay']' not found
	at com.kms.katalon.core.webui.keyword.internal.WebUIKeywordMain.stepFailed(WebUIKeywordMain.groovy:64)
	at com.kms.katalon.core.webui.keyword.builtin.VerifyElementPresentKeyword$_verifyElementPresent_closure1.doCall(VerifyElementPresentKeyword.groovy:85)
	at com.kms.katalon.core.webui.keyword.builtin.VerifyElementPresentKeyword$_verifyElementPresent_closure1.call(VerifyElementPresentKeyword.groovy)
	at com.kms.katalon.core.webui.keyword.internal.WebUIKeywordMain.runKeyword(WebUIKeywordMain.groovy:20)
	... 19 more
"/>
         <system-out><![CDATA[2020-03-16 09:20:39 - [TEST_CASE][FAILED] - Test Cases/DMS/PricingConditionSupportForLots - Copy/DMSTC-2920_CreateContractFromEventContentWithAPCLot: Test Cases/DMS/PricingConditionSupportForLots - Copy/DMSTC-2920_CreateContractFromEventContentWithAPCLot FAILED.
Reason:
com.kms.katalon.core.exception.StepFailedException: Unable to verify object '//a[@awname='0.3_RITASHORTSTRINGIFZ000003Computed Term::RITASHORTSTRINGIFZ000003:pricingInfoDisplay']' is present
	at com.kms.katalon.core.webui.keyword.internal.WebUIKeywordMain.stepFailed(WebUIKeywordMain.groovy:64)
	at com.kms.katalon.core.webui.keyword.internal.WebUIKeywordMain.runKeyword(WebUIKeywordMain.groovy:26)
	at com.kms.katalon.core.webui.keyword.builtin.VerifyElementPresentKeyword.verifyElementPresent(VerifyElementPresentKeyword.groovy:92)
	at com.kms.katalon.core.webui.keyword.builtin.VerifyElementPresentKeyword.execute(VerifyElementPresentKeyword.groovy:68)
	at com.kms.katalon.core.keyword.internal.KeywordExecutor.executeKeywordForPlatform(KeywordExecutor.groovy:56)
	at com.kms.katalon.core.webui.keyword.WebUiBuiltInKeywords.verifyElementPresent(WebUiBuiltInKeywords.groovy:1418)
	at com.kms.katalon.core.webui.keyword.WebUiBuiltInKeywords$verifyElementPresent$14.call(Unknown Source)
	at DMSTC-2920_CreateContractFromEventContentWithAPCLot.run(DMSTC-2920_CreateContractFromEventContentWithAPCLot:194)
	at com.kms.katalon.core.main.ScriptEngine.run(ScriptEngine.java:194)
	at com.kms.katalon.core.main.ScriptEngine.runScriptAsRawText(ScriptEngine.java:119)
	at com.kms.katalon.core.main.TestCaseExecutor.runScript(TestCaseExecutor.java:331)
	at com.kms.katalon.core.main.TestCaseExecutor.doExecute(TestCaseExecutor.java:322)
	at com.kms.katalon.core.main.TestCaseExecutor.processExecutionPhase(TestCaseExecutor.java:301)
	at com.kms.katalon.core.main.TestCaseExecutor.accessMainPhase(TestCaseExecutor.java:293)
	at com.kms.katalon.core.main.TestCaseExecutor.execute(TestCaseExecutor.java:227)
	at com.kms.katalon.core.main.TestSuiteExecutor.accessTestCaseMainPhase(TestSuiteExecutor.java:129)
	at com.kms.katalon.core.main.TestSuiteExecutor.accessTestSuiteMainPhase(TestSuiteExecutor.java:112)
	at com.kms.katalon.core.main.TestSuiteExecutor.execute(TestSuiteExecutor.java:81)
	at com.kms.katalon.core.main.TestCaseMain.startTestSuite(TestCaseMain.java:157)
	at com.kms.katalon.core.main.TestCaseMain$startTestSuite$0.call(Unknown Source)
	at TempTestSuite1584329506754.run(TempTestSuite1584329506754.groovy:35)
Caused by: com.kms.katalon.core.exception.StepFailedException: com.kms.katalon.core.webui.exception.WebElementNotFoundException: Web element with id: '//a[@awname='0.3_RITASHORTSTRINGIFZ000003Computed Term::RITASHORTSTRINGIFZ000003:pricingInfoDisplay']' located by 'By.xpath: //a[@awname='0.3_RITASHORTSTRINGIFZ000003Computed Term::RITASHORTSTRINGIFZ000003:pricingInfoDisplay']' not found
	at com.kms.katalon.core.webui.keyword.internal.WebUIKeywordMain.stepFailed(WebUIKeywordMain.groovy:64)
	at com.kms.katalon.core.webui.keyword.builtin.VerifyElementPresentKeyword$_verifyElementPresent_closure1.doCall(VerifyElementPresentKeyword.groovy:85)
	at com.kms.katalon.core.webui.keyword.builtin.VerifyElementPresentKeyword$_verifyElementPresent_closure1.call(VerifyElementPresentKeyword.groovy)
	at com.kms.katalon.core.webui.keyword.internal.WebUIKeywordMain.runKeyword(WebUIKeywordMain.groovy:20)
	... 19 more


2020-03-16 09:20:39 - [TEST_STEP][PASSED] - Start listener action : sampleBeforeTestCase: null

2020-03-16 09:20:39 - [TEST_STEP][PASSED] - println(testCaseContext.getTestCaseId()): null

2020-03-16 09:20:39 - [TEST_STEP][PASSED] - println(testCaseContext.getTestCaseVariables()): null

2020-03-16 09:20:39 - [TEST_STEP][PASSED] - fileName = "TestData.xlsx": null

2020-03-16 09:20:39 - [TEST_STEP][PASSED] - fileRelPath = "/Test Files/dms/ExcelValidations/": null

2020-03-16 09:20:39 - [TEST_STEP][PASSED] - sheetName = "Shashi_pricingConditions": null

2020-03-16 09:20:39 - [TEST_STEP][PASSED] - dataTableName = "DataSet7": null

2020-03-16 09:20:39 - [TEST_STEP][PASSED] - columnHeader = "toggles": null

2020-03-16 09:20:39 - [TEST_STEP][PASSED] - APCLOT_LOT = "//tr[@awname='0.3::AWRefreshRegion']": null

2020-03-16 09:20:39 - [TEST_STEP][PASSED] - APCLOT_CHILDITEM_LOC = "//tr[@awname='0.3_0.3.1::AWRefreshRegion']": null

2020-03-16 09:20:39 - [TEST_STEP][PASSED] - APCLINK_LOC = "//a[@awname='0.3_RITASHORTSTRINGIFZ000003Computed Term::RITASHORTSTRINGIFZ000003:pricingInfoDisplay']": null

2020-03-16 09:20:39 - [TEST_STEP][PASSED] - LOT_TERM_APC_PRICE_LOC = "//input[@awname='_DerivedStringValue::PCCostTermView_DerivedStringValue:fieldValue']": null

2020-03-16 09:20:39 - [TEST_STEP][PASSED] - EXPANDLOTBTN = "//a[@awname='_Award_8_4_Award::AWTRowAttributeExpandoColumnRenderer:table.pivotState.toggleDetailAttributesExpanded']//div": null

2020-03-16 09:20:39 - [TEST_STEP][PASSED] - service = baseURL: null

2020-03-16 09:20:39 - [TEST_STEP][PASSED] - realm = realm: null

2020-03-16 09:20:39 - [TEST_STEP][PASSED] - appLoginUrl = service + "/Sourcing/Main?realm=" + realm: null

2020-03-16 09:20:39 - [TEST_STEP][PASSED] - userName = "customersupportadmin": null

2020-03-16 09:20:39 - [TEST_STEP][PASSED] - CW = "ACPContractWithLot_" + System.currentTimeMillis(): null

2020-03-16 09:20:39 - [TEST_STEP][PASSED] - sourcingEvent = sourcingEvent + System.currentTimeMillis(): null

2020-03-16 09:20:39 - [TEST_STEP][PASSED] - callTestCase(findTestCase("DMS/UtilTests/LoginIntoApp"), ["appLoginUrl":appLoginUrl, "userName":userName], STOP_ON_FAILURE): Call Test Case 'Test Cases/DMS/UtilTests/LoginIntoApp' successfully

2020-03-16 09:20:39 - [TEST_CASE][PASSED] - Test Cases/DMS/UtilTests/LoginIntoApp: Test Cases/DMS/UtilTests/LoginIntoApp

2020-03-16 09:20:39 - [TEST_STEP][PASSED] - openBrowser(""): Browser is opened with url: ''

2020-03-16 09:20:39 - [MESSAGE][WARNING] - A browser is already opened. Closing browser and opening a new one

2020-03-16 09:20:39 - [MESSAGE][INFO] - Starting 'Remote' driver

2020-03-16 09:20:39 - [MESSAGE][INFO] - User set preference: ['browserName', 'chrome']

2020-03-16 09:20:39 - [MESSAGE][INFO] - Connecting to remote web server 'http://10.173.0.211:4444/wd/hub' with type 'Selenium'

2020-03-16 09:20:42 - [MESSAGE][PASSED] - Browser is opened with url: ''

2020-03-16 09:20:42 - [TEST_STEP][PASSED] - navigateToUrl(appLoginUrl): Navigate to 'https://svcdev7ss.ariba.com/Sourcing/Main?realm=s4SVAll' successfully

2020-03-16 09:20:43 - [MESSAGE][PASSED] - Navigate to 'https://svcdev7ss.ariba.com/Sourcing/Main?realm=s4SVAll' successfully

2020-03-16 09:20:43 - [TEST_STEP][PASSED] - common.util.aribakeywords.aribaClick(findTestObject("Object Repository/a_Test Central")): Element has been clicked

2020-03-16 09:20:44 - [MESSAGE][PASSED] - Object 'Object Repository/a_Test Central' is clickable

2020-03-16 09:20:45 - [MESSAGE][PASSED] - Scroll to object 'Object Repository/a_Test Central' successfully

2020-03-16 09:20:46 - [MESSAGE][PASSED] - Object 'Object Repository/a_Test Central' is visible

2020-03-16 09:20:47 - [MESSAGE][INFO] - Clicking element

2020-03-16 09:20:49 - [MESSAGE][PASSED] - Object: 'Object Repository/a_Test Central' is clicked on

2020-03-16 09:20:50 - [MESSAGE][INFO] - ************* JS EXECUTED ************: true

2020-03-16 09:20:51 - [MESSAGE][PASSED] - Delayed 1 second(s)

2020-03-16 09:20:51 - [MESSAGE][PASSED] - Element has been clicked

2020-03-16 09:20:51 - [TEST_STEP][PASSED] - setText(findTestObject("Object Repository/testcentralpageusername"), userName): Text 'customersupportadmin' is set on object 'Object Repository/testcentralpageusername'

2020-03-16 09:20:53 - [MESSAGE][PASSED] - Text 'customersupportadmin' is set on object 'Object Repository/testcentralpageusername'

2020-03-16 09:20:53 - [TEST_STEP][PASSED] - common.util.aribakeywords.aribaClick(findTestObject("Object Repository/testcentralsetuserbutton")): Element has been clicked

2020-03-16 09:20:54 - [MESSAGE][PASSED] - Object 'Object Repository/testcentralsetuserbutton' is clickable

2020-03-16 09:20:55 - [MESSAGE][PASSED] - Scroll to object 'Object Repository/testcentralsetuserbutton' successfully

2020-03-16 09:20:55 - [MESSAGE][PASSED] - Object 'Object Repository/testcentralsetuserbutton' is visible

2020-03-16 09:20:57 - [MESSAGE][INFO] - Clicking element

2020-03-16 09:20:58 - [MESSAGE][PASSED] - Object: 'Object Repository/testcentralsetuserbutton' is clicked on

2020-03-16 09:20:59 - [MESSAGE][INFO] - ************* JS EXECUTED ************: false

2020-03-16 09:21:00 - [MESSAGE][PASSED] - Delayed 1 second(s)

2020-03-16 09:21:01 - [MESSAGE][INFO] - ************* JS EXECUTED ************: true

2020-03-16 09:21:02 - [MESSAGE][PASSED] - Delayed 1 second(s)

2020-03-16 09:21:02 - [MESSAGE][PASSED] - Element has been clicked

2020-03-16 09:21:02 - [MESSAGE][PASSED] - Call Test Case 'Test Cases/DMS/UtilTests/LoginIntoApp' successfully

2020-03-16 09:21:02 - [TEST_STEP][PASSED] - callTestCase(findTestCase("DMS/UtilTests/CreateSourcingEvent"), ["sourcingEvent":sourcingEvent, "eventType":eventType, "rfpEventTemplate":rfpEventTemplate, "eventContentFileName":eventContentFileName, ... ], STOP_ON_FAILURE): Call Test Case 'Test Cases/DMS/UtilTests/CreateSourcingEvent' successfully

2020-03-16 09:21:02 - [TEST_CASE][PASSED] - Test Cases/DMS/UtilTests/CreateSourcingEvent: Test Cases/DMS/UtilTests/CreateSourcingEvent

2020-03-16 09:21:02 - [TEST_STEP][PASSED] - common.util.aribakeywords.aribaClick(findTestObject("Object Repository/a_TA..")): Element has been clicked

2020-03-16 09:21:03 - [MESSAGE][PASSED] - Object 'Object Repository/a_TA..' is clickable

2020-03-16 09:21:04 - [MESSAGE][PASSED] - Scroll to object 'Object Repository/a_TA..' successfully

2020-03-16 09:21:05 - [MESSAGE][PASSED] - Object 'Object Repository/a_TA..' is visible

2020-03-16 09:21:06 - [MESSAGE][INFO] - Clicking element

2020-03-16 09:21:07 - [MESSAGE][PASSED] - Object: 'Object Repository/a_TA..' is clicked on

2020-03-16 09:21:08 - [MESSAGE][INFO] - ************* JS EXECUTED ************: true

2020-03-16 09:21:09 - [MESSAGE][PASSED] - Delayed 1 second(s)

2020-03-16 09:21:09 - [MESSAGE][PASSED] - Element has been clicked

2020-03-16 09:21:09 - [TEST_STEP][PASSED] - common.util.aribakeywords.aribaClick(findTestObject("Object Repository/testCentral")): Element has been clicked

2020-03-16 09:21:10 - [MESSAGE][PASSED] - Object 'Object Repository/testCentral' is clickable

2020-03-16 09:21:11 - [MESSAGE][PASSED] - Scroll to object 'Object Repository/testCentral' successfully

2020-03-16 09:21:12 - [MESSAGE][PASSED] - Object 'Object Repository/testCentral' is visible

2020-03-16 09:21:14 - [MESSAGE][INFO] - Clicking element

2020-03-16 09:21:15 - [MESSAGE][PASSED] - Object: 'Object Repository/testCentral' is clicked on

2020-03-16 09:21:16 - [MESSAGE][INFO] - ************* JS EXECUTED ************: true

2020-03-16 09:21:17 - [MESSAGE][PASSED] - Delayed 1 second(s)

2020-03-16 09:21:17 - [MESSAGE][PASSED] - Element has been clicked

2020-03-16 09:21:17 - [TEST_STEP][PASSED] - common.util.aribakeywords.aribaClick(findTestObject("Object Repository/a_Create Sourcing Event")): Element has been clicked

2020-03-16 09:21:18 - [MESSAGE][PASSED] - Object 'Object Repository/a_Create Sourcing Event' is clickable

2020-03-16 09:21:19 - [MESSAGE][PASSED] - Scroll to object 'Object Repository/a_Create Sourcing Event' successfully

2020-03-16 09:21:19 - [MESSAGE][PASSED] - Object 'Object Repository/a_Create Sourcing Event' is visible

2020-03-16 09:21:21 - [MESSAGE][INFO] - Clicking element

2020-03-16 09:21:22 - [MESSAGE][PASSED] - Object: 'Object Repository/a_Create Sourcing Event' is clicked on

2020-03-16 09:21:23 - [MESSAGE][INFO] - ************* JS EXECUTED ************: false

2020-03-16 09:21:24 - [MESSAGE][PASSED] - Delayed 1 second(s)

2020-03-16 09:21:24 - [MESSAGE][INFO] - ************* JS EXECUTED ************: true

2020-03-16 09:21:25 - [MESSAGE][PASSED] - Delayed 1 second(s)

2020-03-16 09:21:25 - [MESSAGE][PASSED] - Element has been clicked

2020-03-16 09:21:25 - [TEST_STEP][PASSED] - common.util.aribakeywords.waitForPageToLoad(3): common.util.aribakeywords.waitForPageToLoad is PASSED

2020-03-16 09:21:26 - [MESSAGE][INFO] - ************* JS EXECUTED ************: true

2020-03-16 09:21:27 - [MESSAGE][PASSED] - Delayed 1 second(s)

2020-03-16 09:21:27 - [MESSAGE][PASSED] - common.util.aribakeywords.waitForPageToLoad is PASSED

2020-03-16 09:21:27 - [TEST_STEP][PASSED] - common.util.aribakeywords.aribaClick(findTestObject("Object Repository/input_Name of event__vusb0b")): Element has been clicked

2020-03-16 09:21:28 - [MESSAGE][PASSED] - Object 'Object Repository/input_Name of event__vusb0b' is clickable

2020-03-16 09:21:29 - [MESSAGE][PASSED] - Scroll to object 'Object Repository/input_Name of event__vusb0b' successfully

2020-03-16 09:21:30 - [MESSAGE][PASSED] - Object 'Object Repository/input_Name of event__vusb0b' is visible

2020-03-16 09:21:31 - [MESSAGE][INFO] - Clicking element

2020-03-16 09:21:32 - [MESSAGE][PASSED] - Object: 'Object Repository/input_Name of event__vusb0b' is clicked on

2020-03-16 09:21:33 - [MESSAGE][INFO] - ************* JS EXECUTED ************: true

2020-03-16 09:21:34 - [MESSAGE][PASSED] - Delayed 1 second(s)

2020-03-16 09:21:34 - [MESSAGE][PASSED] - Element has been clicked

2020-03-16 09:21:34 - [TEST_STEP][PASSED] - setText(findTestObject("Object Repository/input_Name of event__vusb0b"), sourcingEvent): Text 'EventLotWithAPCTerm_1584330639361' is set on object 'Object Repository/input_Name of event__vusb0b'

2020-03-16 09:21:36 - [MESSAGE][PASSED] - Text 'EventLotWithAPCTerm_1584330639361' is set on object 'Object Repository/input_Name of event__vusb0b'

2020-03-16 09:21:36 - [TEST_STEP][PASSED] - eventType = eventType: null

2020-03-16 09:21:36 - [TEST_STEP][PASSED] - selectOptionByValue(findTestObject("Page_TestStagerForm/select_(no selection)RFIRFPRFP"), eventType, true): All options with value '1' are selected in object 'Object Repository/Page_TestStagerForm/select_(no selection)RFIRFPRFP'  using regular expression

2020-03-16 09:21:46 - [MESSAGE][PASSED] - All options with value '1' are selected in object 'Object Repository/Page_TestStagerForm/select_(no selection)RFIRFPRFP'  using regular expression

2020-03-16 09:21:46 - [TEST_STEP][PASSED] - setText(findTestObject("Object Repository/input_Event Template Name__qty"), rfpEventTemplate): Text 'BasketLotTemplateforAPC' is set on object 'Object Repository/input_Event Template Name__qty'

2020-03-16 09:21:48 - [MESSAGE][PASSED] - Text 'BasketLotTemplateforAPC' is set on object 'Object Repository/input_Event Template Name__qty'

2020-03-16 09:21:48 - [TEST_STEP][PASSED] - setText(findTestObject("Object Repository/input_Event excel file to uplo"), eventContentFileName): Text 'BasketLotWithAPCEventContent.xls' is set on object 'Object Repository/input_Event excel file to uplo'

2020-03-16 09:21:50 - [MESSAGE][PASSED] - Text 'BasketLotWithAPCEventContent.xls' is set on object 'Object Repository/input_Event excel file to uplo'

2020-03-16 09:21:50 - [TEST_STEP][PASSED] - eventEndState = eventEndState: null

2020-03-16 09:21:50 - [TEST_STEP][PASSED] - selectOptionByValue(findTestObject("Object Repository/select_(no selection)draftprev"), eventEndState, true): All options with value '6' are selected in object 'Object Repository/select_(no selection)draftprev'  using regular expression

2020-03-16 09:22:02 - [MESSAGE][PASSED] - All options with value '6' are selected in object 'Object Repository/select_(no selection)draftprev'  using regular expression

2020-03-16 09:22:02 - [TEST_STEP][PASSED] - setText(findTestObject("Object Repository/input_Number Of Bids__yf32cb"), numberOfBids): Text '1' is set on object 'Object Repository/input_Number Of Bids__yf32cb'

2020-03-16 09:22:04 - [MESSAGE][PASSED] - Text '1' is set on object 'Object Repository/input_Number Of Bids__yf32cb'

2020-03-16 09:22:04 - [TEST_STEP][PASSED] - common.util.aribakeywords.aribaClick(findTestObject("Object Repository/div_Run Stager")): common.util.aribakeywords.aribaClick is PASSED

2020-03-16 09:22:05 - [MESSAGE][PASSED] - Object 'Object Repository/div_Run Stager' is clickable

2020-03-16 09:22:06 - [MESSAGE][PASSED] - Scroll to object 'Object Repository/div_Run Stager' successfully

2020-03-16 09:22:07 - [MESSAGE][PASSED] - Object 'Object Repository/div_Run Stager' is visible

2020-03-16 09:22:09 - [MESSAGE][PASSED] - Object: 'Object Repository/div_Run Stager' is clicked on

2020-03-16 09:22:10 - [MESSAGE][INFO] - ************* JS EXECUTED ************: false

2020-03-16 09:22:11 - [MESSAGE][PASSED] - Delayed 1 second(s)

2020-03-16 09:22:12 - [MESSAGE][INFO] - ************* JS EXECUTED ************: false

2020-03-16 09:22:13 - [MESSAGE][PASSED] - Delayed 1 second(s)

2020-03-16 09:22:13 - [MESSAGE][INFO] - ************* JS EXECUTED ************: false

2020-03-16 09:22:14 - [MESSAGE][PASSED] - Delayed 1 second(s)

2020-03-16 09:22:15 - [MESSAGE][INFO] - ************* JS EXECUTED ************: false

2020-03-16 09:22:16 - [MESSAGE][PASSED] - Delayed 1 second(s)

2020-03-16 09:22:16 - [MESSAGE][INFO] - ************* JS EXECUTED ************: false

2020-03-16 09:22:17 - [MESSAGE][PASSED] - Delayed 1 second(s)

2020-03-16 09:22:18 - [MESSAGE][INFO] - ************* JS EXECUTED ************: false

2020-03-16 09:22:19 - [MESSAGE][PASSED] - Delayed 1 second(s)

2020-03-16 09:22:19 - [MESSAGE][INFO] - ************* JS EXECUTED ************: false

2020-03-16 09:22:20 - [MESSAGE][PASSED] - Delayed 1 second(s)

2020-03-16 09:22:20 - [MESSAGE][INFO] - ************* JS EXECUTED ************: false

2020-03-16 09:22:21 - [MESSAGE][PASSED] - Delayed 1 second(s)

2020-03-16 09:22:22 - [MESSAGE][INFO] - ************* JS EXECUTED ************: false

2020-03-16 09:22:23 - [MESSAGE][PASSED] - Delayed 1 second(s)

2020-03-16 09:22:23 - [MESSAGE][INFO] - ************* JS EXECUTED ************: false

2020-03-16 09:22:24 - [MESSAGE][PASSED] - Delayed 1 second(s)

2020-03-16 09:22:25 - [MESSAGE][INFO] - ************* JS EXECUTED ************: false

2020-03-16 09:22:26 - [MESSAGE][PASSED] - Delayed 1 second(s)

2020-03-16 09:22:26 - [MESSAGE][INFO] - ************* JS EXECUTED ************: false

2020-03-16 09:22:27 - [MESSAGE][PASSED] - Delayed 1 second(s)

2020-03-16 09:22:28 - [MESSAGE][INFO] - ************* JS EXECUTED ************: false

2020-03-16 09:22:29 - [MESSAGE][PASSED] - Delayed 1 second(s)

2020-03-16 09:22:29 - [MESSAGE][INFO] - ************* JS EXECUTED ************: false

2020-03-16 09:22:30 - [MESSAGE][PASSED] - Delayed 1 second(s)

2020-03-16 09:22:31 - [MESSAGE][INFO] - ************* JS EXECUTED ************: false

2020-03-16 09:22:32 - [MESSAGE][PASSED] - Delayed 1 second(s)

2020-03-16 09:22:32 - [MESSAGE][INFO] - ************* JS EXECUTED ************: false

2020-03-16 09:22:33 - [MESSAGE][PASSED] - Delayed 1 second(s)

2020-03-16 09:22:34 - [MESSAGE][INFO] - ************* JS EXECUTED ************: false

2020-03-16 09:22:35 - [MESSAGE][PASSED] - Delayed 1 second(s)

2020-03-16 09:22:35 - [MESSAGE][INFO] - ************* JS EXECUTED ************: false

2020-03-16 09:22:36 - [MESSAGE][PASSED] - Delayed 1 second(s)

2020-03-16 09:22:37 - [MESSAGE][INFO] - ************* JS EXECUTED ************: false

2020-03-16 09:22:38 - [MESSAGE][PASSED] - Delayed 1 second(s)

2020-03-16 09:22:38 - [MESSAGE][INFO] - ************* JS EXECUTED ************: false

2020-03-16 09:22:39 - [MESSAGE][PASSED] - Delayed 1 second(s)

2020-03-16 09:22:39 - [MESSAGE][INFO] - ************* JS EXECUTED ************: false

2020-03-16 09:22:40 - [MESSAGE][PASSED] - Delayed 1 second(s)

2020-03-16 09:22:41 - [MESSAGE][INFO] - ************* JS EXECUTED ************: false

2020-03-16 09:22:42 - [MESSAGE][PASSED] - Delayed 1 second(s)

2020-03-16 09:22:42 - [MESSAGE][INFO] - ************* JS EXECUTED ************: false

2020-03-16 09:22:43 - [MESSAGE][PASSED] - Delayed 1 second(s)

2020-03-16 09:22:44 - [MESSAGE][INFO] - ************* JS EXECUTED ************: false

2020-03-16 09:22:45 - [MESSAGE][PASSED] - Delayed 1 second(s)

2020-03-16 09:22:45 - [MESSAGE][INFO] - ************* JS EXECUTED ************: false

2020-03-16 09:22:46 - [MESSAGE][PASSED] - Delayed 1 second(s)

2020-03-16 09:22:47 - [MESSAGE][INFO] - ************* JS EXECUTED ************: false

2020-03-16 09:22:48 - [MESSAGE][PASSED] - Delayed 1 second(s)

2020-03-16 09:22:48 - [MESSAGE][INFO] - ************* JS EXECUTED ************: false

2020-03-16 09:22:49 - [MESSAGE][PASSED] - Delayed 1 second(s)

2020-03-16 09:22:50 - [MESSAGE][INFO] - ************* JS EXECUTED ************: false

2020-03-16 09:22:51 - [MESSAGE][PASSED] - Delayed 1 second(s)

2020-03-16 09:22:51 - [MESSAGE][INFO] - ************* JS EXECUTED ************: false

2020-03-16 09:22:52 - [MESSAGE][PASSED] - Delayed 1 second(s)

2020-03-16 09:22:53 - [MESSAGE][INFO] - ************* JS EXECUTED ************: false

2020-03-16 09:22:54 - [MESSAGE][PASSED] - Delayed 1 second(s)

2020-03-16 09:22:54 - [MESSAGE][INFO] - ************* JS EXECUTED ************: false

2020-03-16 09:22:55 - [MESSAGE][PASSED] - Delayed 1 second(s)

2020-03-16 09:22:55 - [MESSAGE][INFO] - ************* JS EXECUTED ************: false

2020-03-16 09:22:56 - [MESSAGE][PASSED] - Delayed 1 second(s)

2020-03-16 09:22:57 - [MESSAGE][INFO] - ************* JS EXECUTED ************: false

2020-03-16 09:22:58 - [MESSAGE][PASSED] - Delayed 1 second(s)

2020-03-16 09:22:58 - [MESSAGE][INFO] - ************* JS EXECUTED ************: false

2020-03-16 09:22:59 - [MESSAGE][PASSED] - Delayed 1 second(s)

2020-03-16 09:23:00 - [MESSAGE][INFO] - ************* JS EXECUTED ************: false

2020-03-16 09:23:01 - [MESSAGE][PASSED] - Delayed 1 second(s)

2020-03-16 09:23:01 - [MESSAGE][INFO] - ************* JS EXECUTED ************: false

2020-03-16 09:23:02 - [MESSAGE][PASSED] - Delayed 1 second(s)

2020-03-16 09:23:02 - [MESSAGE][INFO] - ************* JS EXECUTED ************: false

2020-03-16 09:23:03 - [MESSAGE][PASSED] - Delayed 1 second(s)

2020-03-16 09:23:04 - [MESSAGE][INFO] - ************* JS EXECUTED ************: false

2020-03-16 09:23:05 - [MESSAGE][PASSED] - Delayed 1 second(s)

2020-03-16 09:23:05 - [MESSAGE][INFO] - ************* JS EXECUTED ************: false

2020-03-16 09:23:06 - [MESSAGE][PASSED] - Delayed 1 second(s)

2020-03-16 09:23:07 - [MESSAGE][INFO] - ************* JS EXECUTED ************: false

2020-03-16 09:23:08 - [MESSAGE][PASSED] - Delayed 1 second(s)

2020-03-16 09:23:08 - [MESSAGE][INFO] - ************* JS EXECUTED ************: false

2020-03-16 09:23:09 - [MESSAGE][PASSED] - Delayed 1 second(s)

2020-03-16 09:23:10 - [MESSAGE][INFO] - ************* JS EXECUTED ************: false

2020-03-16 09:23:11 - [MESSAGE][PASSED] - Delayed 1 second(s)

2020-03-16 09:23:11 - [MESSAGE][INFO] - ************* JS EXECUTED ************: false

2020-03-16 09:23:12 - [MESSAGE][PASSED] - Delayed 1 second(s)

2020-03-16 09:23:13 - [MESSAGE][INFO] - ************* JS EXECUTED ************: false

2020-03-16 09:23:14 - [MESSAGE][PASSED] - Delayed 1 second(s)

2020-03-16 09:23:14 - [MESSAGE][INFO] - ************* JS EXECUTED ************: false

2020-03-16 09:23:15 - [MESSAGE][PASSED] - Delayed 1 second(s)

2020-03-16 09:23:16 - [MESSAGE][INFO] - ************* JS EXECUTED ************: false

2020-03-16 09:23:17 - [MESSAGE][PASSED] - Delayed 1 second(s)

2020-03-16 09:23:17 - [MESSAGE][INFO] - ************* JS EXECUTED ************: false

2020-03-16 09:23:18 - [MESSAGE][PASSED] - Delayed 1 second(s)

2020-03-16 09:23:19 - [MESSAGE][INFO] - ************* JS EXECUTED ************: false

2020-03-16 09:23:20 - [MESSAGE][PASSED] - Delayed 1 second(s)

2020-03-16 09:23:20 - [MESSAGE][INFO] - ************* JS EXECUTED ************: false

2020-03-16 09:23:21 - [MESSAGE][PASSED] - Delayed 1 second(s)

2020-03-16 09:23:22 - [MESSAGE][INFO] - ************* JS EXECUTED ************: false

2020-03-16 09:23:23 - [MESSAGE][PASSED] - Delayed 1 second(s)

2020-03-16 09:23:23 - [MESSAGE][INFO] - ************* JS EXECUTED ************: false

2020-03-16 09:23:24 - [MESSAGE][PASSED] - Delayed 1 second(s)

2020-03-16 09:23:25 - [MESSAGE][INFO] - ************* JS EXECUTED ************: false

2020-03-16 09:23:26 - [MESSAGE][PASSED] - Delayed 1 second(s)

2020-03-16 09:23:26 - [MESSAGE][INFO] - ************* JS EXECUTED ************: false

2020-03-16 09:23:27 - [MESSAGE][PASSED] - Delayed 1 second(s)

2020-03-16 09:23:28 - [MESSAGE][INFO] - ************* JS EXECUTED ************: false

2020-03-16 09:23:29 - [MESSAGE][PASSED] - Delayed 1 second(s)

2020-03-16 09:23:29 - [MESSAGE][INFO] - ************* JS EXECUTED ************: false

2020-03-16 09:23:30 - [MESSAGE][PASSED] - Delayed 1 second(s)

2020-03-16 09:23:31 - [MESSAGE][INFO] - ************* JS EXECUTED ************: false

2020-03-16 09:23:32 - [MESSAGE][PASSED] - Delayed 1 second(s)

2020-03-16 09:23:32 - [MESSAGE][INFO] - ************* JS EXECUTED ************: false

2020-03-16 09:23:33 - [MESSAGE][PASSED] - Delayed 1 second(s)

2020-03-16 09:23:34 - [MESSAGE][INFO] - ************* JS EXECUTED ************: false

2020-03-16 09:23:35 - [MESSAGE][PASSED] - Delayed 1 second(s)

2020-03-16 09:23:35 - [MESSAGE][INFO] - ************* JS EXECUTED ************: false

2020-03-16 09:23:36 - [MESSAGE][PASSED] - Delayed 1 second(s)

2020-03-16 09:23:37 - [MESSAGE][INFO] - ************* JS EXECUTED ************: false

2020-03-16 09:23:38 - [MESSAGE][PASSED] - Delayed 1 second(s)

2020-03-16 09:23:38 - [MESSAGE][INFO] - ************* JS EXECUTED ************: false

2020-03-16 09:23:39 - [MESSAGE][PASSED] - Delayed 1 second(s)

2020-03-16 09:23:40 - [MESSAGE][INFO] - ************* JS EXECUTED ************: false

2020-03-16 09:23:41 - [MESSAGE][PASSED] - Delayed 1 second(s)

2020-03-16 09:23:41 - [MESSAGE][INFO] - ************* JS EXECUTED ************: false

2020-03-16 09:23:42 - [MESSAGE][PASSED] - Delayed 1 second(s)

2020-03-16 09:23:42 - [MESSAGE][INFO] - ************* JS EXECUTED ************: false

2020-03-16 09:23:43 - [MESSAGE][PASSED] - Delayed 1 second(s)

2020-03-16 09:23:44 - [MESSAGE][INFO] - ************* JS EXECUTED ************: false

2020-03-16 09:23:45 - [MESSAGE][PASSED] - Delayed 1 second(s)

2020-03-16 09:23:45 - [MESSAGE][INFO] - ************* JS EXECUTED ************: false

2020-03-16 09:23:46 - [MESSAGE][PASSED] - Delayed 1 second(s)

2020-03-16 09:23:47 - [MESSAGE][INFO] - ************* JS EXECUTED ************: false

2020-03-16 09:23:48 - [MESSAGE][PASSED] - Delayed 1 second(s)

2020-03-16 09:23:48 - [MESSAGE][INFO] - ************* JS EXECUTED ************: false

2020-03-16 09:23:49 - [MESSAGE][PASSED] - Delayed 1 second(s)

2020-03-16 09:23:50 - [MESSAGE][INFO] - ************* JS EXECUTED ************: false

2020-03-16 09:23:51 - [MESSAGE][PASSED] - Delayed 1 second(s)

2020-03-16 09:23:51 - [MESSAGE][INFO] - ************* JS EXECUTED ************: false

2020-03-16 09:23:52 - [MESSAGE][PASSED] - Delayed 1 second(s)

2020-03-16 09:23:53 - [MESSAGE][INFO] - ************* JS EXECUTED ************: false

2020-03-16 09:23:54 - [MESSAGE][PASSED] - Delayed 1 second(s)

2020-03-16 09:23:54 - [MESSAGE][INFO] - ************* JS EXECUTED ************: false

2020-03-16 09:23:55 - [MESSAGE][PASSED] - Delayed 1 second(s)

2020-03-16 09:23:56 - [MESSAGE][INFO] - ************* JS EXECUTED ************: false

2020-03-16 09:23:57 - [MESSAGE][PASSED] - Delayed 1 second(s)

2020-03-16 09:23:57 - [MESSAGE][INFO] - ************* JS EXECUTED ************: false

2020-03-16 09:23:58 - [MESSAGE][PASSED] - Delayed 1 second(s)

2020-03-16 09:23:59 - [MESSAGE][INFO] - ************* JS EXECUTED ************: false

2020-03-16 09:24:00 - [MESSAGE][PASSED] - Delayed 1 second(s)

2020-03-16 09:24:00 - [MESSAGE][INFO] - ************* JS EXECUTED ************: false

2020-03-16 09:24:01 - [MESSAGE][PASSED] - Delayed 1 second(s)

2020-03-16 09:24:02 - [MESSAGE][INFO] - ************* JS EXECUTED ************: false

2020-03-16 09:24:03 - [MESSAGE][PASSED] - Delayed 1 second(s)

2020-03-16 09:24:03 - [MESSAGE][INFO] - ************* JS EXECUTED ************: false

2020-03-16 09:24:04 - [MESSAGE][PASSED] - Delayed 1 second(s)

2020-03-16 09:24:05 - [MESSAGE][INFO] - ************* JS EXECUTED ************: false

2020-03-16 09:24:06 - [MESSAGE][PASSED] - Delayed 1 second(s)

2020-03-16 09:24:06 - [MESSAGE][INFO] - ************* JS EXECUTED ************: false

2020-03-16 09:24:07 - [MESSAGE][PASSED] - Delayed 1 second(s)

2020-03-16 09:24:08 - [MESSAGE][INFO] - ************* JS EXECUTED ************: false

2020-03-16 09:24:09 - [MESSAGE][PASSED] - Delayed 1 second(s)

2020-03-16 09:24:09 - [MESSAGE][INFO] - ************* JS EXECUTED ************: false

2020-03-16 09:24:10 - [MESSAGE][PASSED] - Delayed 1 second(s)

2020-03-16 09:24:11 - [MESSAGE][INFO] - ************* JS EXECUTED ************: true

2020-03-16 09:24:12 - [MESSAGE][PASSED] - Delayed 1 second(s)

2020-03-16 09:24:50 - [MESSAGE][WARNING] - Unable to verify object 'Object Repository/Page_Ariba Spend Management/input__bt5lrc' to be clickable (Root cause: com.kms.katalon.core.exception.StepFailedException: Unable to verify object 'Object Repository/Page_Ariba Spend Management/input__bt5lrc' to be clickable
	at com.kms.katalon.core.webui.keyword.internal.WebUIKeywordMain.stepFailed(WebUIKeywordMain.groovy:64)
	at com.kms.katalon.core.webui.keyword.internal.WebUIKeywordMain.runKeyword(WebUIKeywordMain.groovy:26)
	at com.kms.katalon.core.webui.keyword.builtin.VerifyElementClickableKeyword.verifyElementClickable(VerifyElementClickableKeyword.groovy:96)
	at com.kms.katalon.core.webui.keyword.builtin.VerifyElementClickableKeyword.execute(VerifyElementClickableKeyword.groovy:67)
	at com.kms.katalon.core.keyword.internal.KeywordExecutor.executeKeywordForPlatform(KeywordExecutor.groovy:56)
	at com.kms.katalon.core.webui.keyword.WebUiBuiltInKeywords.verifyElementClickable(WebUiBuiltInKeywords.groovy:548)
	at com.kms.katalon.core.webui.keyword.WebUiBuiltInKeywords$verifyElementClickable$7.call(Unknown Source)
	at common.util.aribakeywords.runStager(aribakeywords.groovy:275)
	at common.util.aribakeywords.aribaClick(aribakeywords.groovy:71)
	at common.util.aribakeywords.invokeMethod(aribakeywords.groovy)
	at com.kms.katalon.core.main.CustomKeywordDelegatingMetaClass.invokeStaticMethod(CustomKeywordDelegatingMetaClass.java:49)
	at CreateSourcingEvent.run(CreateSourcingEvent:48)
	at com.kms.katalon.core.main.ScriptEngine.run(ScriptEngine.java:194)
	at com.kms.katalon.core.main.ScriptEngine.runScriptAsRawText(ScriptEngine.java:119)
	at com.kms.katalon.core.main.TestCaseExecutor.runScript(TestCaseExecutor.java:331)
	at com.kms.katalon.core.main.TestCaseExecutor.doExecute(TestCaseExecutor.java:322)
	at com.kms.katalon.core.main.TestCaseExecutor.processExecutionPhase(TestCaseExecutor.java:301)
	at com.kms.katalon.core.main.TestCaseExecutor.accessMainPhase(TestCaseExecutor.java:293)
	at com.kms.katalon.core.main.TestCaseExecutor.execute(TestCaseExecutor.java:227)
	at com.kms.katalon.core.main.TestCaseMain.runTestCase(TestCaseMain.java:114)
	at com.kms.katalon.core.keyword.builtin.CallTestCaseKeyword$_callTestCase_closure1.doCall(CallTestCaseKeyword.groovy:59)
	at com.kms.katalon.core.keyword.builtin.CallTestCaseKeyword$_callTestCase_closure1.call(CallTestCaseKeyword.groovy)
	at com.kms.katalon.core.keyword.internal.KeywordMain.runKeyword(KeywordMain.groovy:66)
	at com.kms.katalon.core.keyword.builtin.CallTestCaseKeyword.callTestCase(CallTestCaseKeyword.groovy:81)
	at com.kms.katalon.core.keyword.builtin.CallTestCaseKeyword.execute(CallTestCaseKeyword.groovy:44)
	at com.kms.katalon.core.keyword.internal.KeywordExecutor.executeKeywordForPlatform(KeywordExecutor.groovy:56)
	at com.kms.katalon.core.keyword.BuiltinKeywords.callTestCase(BuiltinKeywords.groovy:334)
	at DMSTC-2920_CreateContractFromEventContentWithAPCLot.run(DMSTC-2920_CreateContractFromEventContentWithAPCLot:101)
	at com.kms.katalon.core.main.ScriptEngine.run(ScriptEngine.java:194)
	at com.kms.katalon.core.main.ScriptEngine.runScriptAsRawText(ScriptEngine.java:119)
	at com.kms.katalon.core.main.TestCaseExecutor.runScript(TestCaseExecutor.java:331)
	at com.kms.katalon.core.main.TestCaseExecutor.doExecute(TestCaseExecutor.java:322)
	at com.kms.katalon.core.main.TestCaseExecutor.processExecutionPhase(TestCaseExecutor.java:301)
	at com.kms.katalon.core.main.TestCaseExecutor.accessMainPhase(TestCaseExecutor.java:293)
	at com.kms.katalon.core.main.TestCaseExecutor.execute(TestCaseExecutor.java:227)
	at com.kms.katalon.core.main.TestSuiteExecutor.accessTestCaseMainPhase(TestSuiteExecutor.java:129)
	at com.kms.katalon.core.main.TestSuiteExecutor.accessTestSuiteMainPhase(TestSuiteExecutor.java:112)
	at com.kms.katalon.core.main.TestSuiteExecutor.execute(TestSuiteExecutor.java:81)
	at com.kms.katalon.core.main.TestCaseMain.startTestSuite(TestCaseMain.java:157)
	at com.kms.katalon.core.main.TestCaseMain$startTestSuite$0.call(Unknown Source)
	at TempTestSuite1584329506754.run(TempTestSuite1584329506754.groovy:35)
Caused by: org.openqa.selenium.StaleElementReferenceException: stale element reference: element is not attached to the page document
  (Session info: chrome=63.0.3239.132)
  (Driver info: chromedriver=2.33.506092 (733a02544d189eeb751fe0d7ddca79a0ee28cce4),platform=Linux 4.2.0-27-generic x86_64) (WARNING: The server did not provide any stacktrace information)
Command duration or timeout: 0 milliseconds
For documentation on this error, please visit: http://seleniumhq.org/exceptions/stale_element_reference.html
Build info: version: '3.7.1', revision: '8a0099a', time: '2017-11-06T21:07:36.161Z'
System info: host: 'C02XT4F3JGH5', ip: 'fe80:0:0:0:1c58:6e03:578a:4ebd%en0', os.name: 'Mac OS X', os.arch: 'x86_64', os.version: '10.15.3', java.version: '1.8.0_181'
Driver info: com.kms.katalon.selenium.driver.CRemoteWebDriver
Capabilities {acceptSslCerts: true, applicationCacheEnabled: false, browserConnectionEnabled: false, browserName: chrome, chrome: {chromedriverVersion: 2.33.506092 (733a02544d189e..., userDataDir: /tmp/.org.chromium.Chromium...}, cssSelectorsEnabled: true, databaseEnabled: false, handlesAlerts: true, hasTouchScreen: false, javascriptEnabled: true, locationContextEnabled: true, mobileEmulationEnabled: false, nativeEvents: true, networkConnectionEnabled: false, pageLoadStrategy: normal, platform: LINUX, platformName: LINUX, rotatable: false, setWindowRect: true, takesHeapSnapshot: true, takesScreenshot: true, unexpectedAlertBehaviour: , unhandledPromptBehavior: , version: 63.0.3239.132, webStorageEnabled: true}
Session ID: e4ca0bd5d7f61c9e33387bcca66dc909
	at org.openqa.selenium.remote.ErrorHandler.createThrowable(ErrorHandler.java:214)
	at org.openqa.selenium.remote.ErrorHandler.throwIfResponseFailed(ErrorHandler.java:166)
	at org.openqa.selenium.remote.http.JsonHttpResponseCodec.reconstructValue(JsonHttpResponseCodec.java:40)
	at org.openqa.selenium.remote.http.AbstractHttpResponseCodec.decode(AbstractHttpResponseCodec.java:80)
	at org.openqa.selenium.remote.http.AbstractHttpResponseCodec.decode(AbstractHttpResponseCodec.java:44)
	at org.openqa.selenium.remote.HttpCommandExecutor.execute(HttpCommandExecutor.java:164)
	at org.openqa.selenium.remote.RemoteWebDriver.execute(RemoteWebDriver.java:600)
	at com.kms.katalon.selenium.driver.CRemoteWebDriver.execute(CRemoteWebDriver.java:31)
	at org.openqa.selenium.remote.RemoteWebElement.execute(RemoteWebElement.java:279)
	at org.openqa.selenium.remote.RemoteWebElement.isEnabled(RemoteWebElement.java:150)
	at com.kms.katalon.core.webui.keyword.builtin.VerifyElementClickableKeyword$_verifyElementClickable_closure1.doCall(VerifyElementClickableKeyword.groovy:79)
	at com.kms.katalon.core.webui.keyword.builtin.VerifyElementClickableKeyword$_verifyElementClickable_closure1.call(VerifyElementClickableKeyword.groovy)
	at com.kms.katalon.core.webui.keyword.internal.WebUIKeywordMain.runKeyword(WebUIKeywordMain.groovy:20)
	at com.kms.katalon.core.webui.keyword.builtin.VerifyElementClickableKeyword.verifyElementClickable(VerifyElementClickableKeyword.groovy:96)
	at com.kms.katalon.core.webui.keyword.builtin.VerifyElementClickableKeyword.execute(VerifyElementClickableKeyword.groovy:67)
	at com.kms.katalon.core.keyword.internal.KeywordExecutor.executeKeywordForPlatform(KeywordExecutor.groovy:56)
	at com.kms.katalon.core.webui.keyword.WebUiBuiltInKeywords.verifyElementClickable(WebUiBuiltInKeywords.groovy:548)
	at com.kms.katalon.core.webui.keyword.WebUiBuiltInKeywords$verifyElementClickable$7.call(Unknown Source)
	at common.util.aribakeywords.runStager(aribakeywords.groovy:275)
	at common.util.aribakeywords.aribaClick(aribakeywords.groovy:71)
	at common.util.aribakeywords.invokeMethod(aribakeywords.groovy)
	at com.kms.katalon.core.main.CustomKeywordDelegatingMetaClass.invokeStaticMethod(CustomKeywordDelegatingMetaClass.java:49)
	at Script1566578878274.run(Script1566578878274.groovy:48)
	at com.kms.katalon.core.main.ScriptEngine.run(ScriptEngine.java:194)
	at com.kms.katalon.core.main.ScriptEngine.runScriptAsRawText(ScriptEngine.java:119)
	at com.kms.katalon.core.main.TestCaseExecutor.runScript(TestCaseExecutor.java:331)
	at com.kms.katalon.core.main.TestCaseExecutor.doExecute(TestCaseExecutor.java:322)
	at com.kms.katalon.core.main.TestCaseExecutor.processExecutionPhase(TestCaseExecutor.java:301)
	at com.kms.katalon.core.main.TestCaseExecutor.accessMainPhase(TestCaseExecutor.java:293)
	at com.kms.katalon.core.main.TestCaseExecutor.execute(TestCaseExecutor.java:227)
	at com.kms.katalon.core.main.TestCaseMain.runTestCase(TestCaseMain.java:114)
	at com.kms.katalon.core.keyword.builtin.CallTestCaseKeyword$_callTestCase_closure1.doCall(CallTestCaseKeyword.groovy:59)
	at com.kms.katalon.core.keyword.builtin.CallTestCaseKeyword$_callTestCase_closure1.call(CallTestCaseKeyword.groovy)
	at com.kms.katalon.core.keyword.internal.KeywordMain.runKeyword(KeywordMain.groovy:66)
	at com.kms.katalon.core.keyword.builtin.CallTestCaseKeyword.callTestCase(CallTestCaseKeyword.groovy:81)
	at com.kms.katalon.core.keyword.builtin.CallTestCaseKeyword.execute(CallTestCaseKeyword.groovy:44)
	at com.kms.katalon.core.keyword.internal.KeywordExecutor.executeKeywordForPlatform(KeywordExecutor.groovy:56)
	at com.kms.katalon.core.keyword.BuiltinKeywords.callTestCase(BuiltinKeywords.groovy:334)
	at Script1584329087894.run(Script1584329087894.groovy:101)
	... 13 more
)
[[ATTACHMENT|/Users/i331477/git/S4MicroServiceKatalon/Reports/TestSuite/20200316_090146/1584330888355.png]]

2020-03-16 09:24:51 - [MESSAGE][PASSED] - Web element with id: 'Object Repository/Page_Ariba Spend Management/StackTrace' located by 'By.xpath: //*[@awname = 'SHOW_STACK_TRACE']' is not present after '1' second(s)

2020-03-16 09:24:51 - [MESSAGE][PASSED] - Web element with id: 'Object Repository/Page_Ariba Spend Management/StagerError' located by 'By.xpath: //*[@awname = 'TestStagerErrorPage:toggleStackTrace']' is not present after '1' second(s)

2020-03-16 09:24:52 - [MESSAGE][PASSED] - Web element with id: 'Object Repository/Page_Ariba Spend Management/ReturnToLoginPage' located by 'By.xpath: //*[@awname = 'Return to the Ariba login page::ARPException:linkAction']' is not present after '1' second(s)

2020-03-16 09:24:52 - [MESSAGE][INFO] - in Run stager method

2020-03-16 09:24:53 - [MESSAGE][PASSED] - Delayed 1 second(s)

2020-03-16 09:24:53 - [MESSAGE][PASSED] - Object 'Object Repository/Page_Ariba Spend Management/input__bt5lrc' is clickable

2020-03-16 09:24:54 - [MESSAGE][PASSED] - Web element with id: 'Object Repository/Page_Ariba Spend Management/StackTrace' located by 'By.xpath: //*[@awname = 'SHOW_STACK_TRACE']' is not present after '1' second(s)

2020-03-16 09:24:54 - [MESSAGE][PASSED] - Web element with id: 'Object Repository/Page_Ariba Spend Management/StagerError' located by 'By.xpath: //*[@awname = 'TestStagerErrorPage:toggleStackTrace']' is not present after '1' second(s)

2020-03-16 09:24:55 - [MESSAGE][PASSED] - Web element with id: 'Object Repository/Page_Ariba Spend Management/ReturnToLoginPage' located by 'By.xpath: //*[@awname = 'Return to the Ariba login page::ARPException:linkAction']' is not present after '1' second(s)

2020-03-16 09:24:55 - [MESSAGE][INFO] - in Run stager method

2020-03-16 09:24:55 - [MESSAGE][INFO] -  I am able to see set user. So returning from runstager wait.

2020-03-16 09:24:56 - [MESSAGE][INFO] - ************* JS EXECUTED ************: true

2020-03-16 09:24:57 - [MESSAGE][PASSED] - Delayed 1 second(s)

2020-03-16 09:24:57 - [MESSAGE][INFO] - ************* JS EXECUTED ************: true

2020-03-16 09:24:58 - [MESSAGE][PASSED] - Delayed 1 second(s)

2020-03-16 09:24:58 - [MESSAGE][PASSED] - common.util.aribakeywords.aribaClick is PASSED

2020-03-16 09:24:58 - [MESSAGE][PASSED] - Call Test Case 'Test Cases/DMS/UtilTests/CreateSourcingEvent' successfully

2020-03-16 09:24:58 - [TEST_STEP][PASSED] - aribakeywords.aribaClick(findTestObject("Object Repository/a_Buyer Monitoring Page")): Element has been clicked

2020-03-16 09:24:59 - [MESSAGE][PASSED] - Object 'Object Repository/a_Buyer Monitoring Page' is clickable

2020-03-16 09:25:00 - [MESSAGE][PASSED] - Scroll to object 'Object Repository/a_Buyer Monitoring Page' successfully

2020-03-16 09:25:01 - [MESSAGE][PASSED] - Object 'Object Repository/a_Buyer Monitoring Page' is visible

2020-03-16 09:25:02 - [MESSAGE][INFO] - Clicking element

2020-03-16 09:25:03 - [MESSAGE][PASSED] - Object: 'Object Repository/a_Buyer Monitoring Page' is clicked on

2020-03-16 09:25:04 - [MESSAGE][INFO] - ************* JS EXECUTED ************: false

2020-03-16 09:25:05 - [MESSAGE][PASSED] - Delayed 1 second(s)

2020-03-16 09:25:06 - [MESSAGE][INFO] - ************* JS EXECUTED ************: false

2020-03-16 09:25:07 - [MESSAGE][PASSED] - Delayed 1 second(s)

2020-03-16 09:25:07 - [MESSAGE][INFO] - ************* JS EXECUTED ************: false

2020-03-16 09:25:08 - [MESSAGE][PASSED] - Delayed 1 second(s)

2020-03-16 09:25:09 - [MESSAGE][INFO] - ************* JS EXECUTED ************: true

2020-03-16 09:25:10 - [MESSAGE][PASSED] - Delayed 1 second(s)

2020-03-16 09:25:10 - [MESSAGE][PASSED] - Element has been clicked

2020-03-16 09:25:10 - [TEST_STEP][PASSED] - aribakeywords.waitForPageToLoad(3): Delayed 1 second(s)

2020-03-16 09:25:11 - [MESSAGE][INFO] - ************* JS EXECUTED ************: true

2020-03-16 09:25:12 - [MESSAGE][PASSED] - Delayed 1 second(s)

2020-03-16 09:25:12 - [TEST_STEP][PASSED] - refresh(): Refresh successfully

2020-03-16 09:25:13 - [MESSAGE][PASSED] - Refresh successfully

2020-03-16 09:25:13 - [TEST_STEP][PASSED] - try: Element has been clicked

2020-03-16 09:25:13 - [TEST_STEP][PASSED] - Thread.sleep(5): null

2020-03-16 09:25:13 - [TEST_STEP][PASSED] - aribakeywords.aribaClick(findTestObject("Object Repository/a_Award Tab")): Element has been clicked

2020-03-16 09:25:14 - [MESSAGE][PASSED] - Object 'Object Repository/a_Award Tab' is clickable

2020-03-16 09:25:15 - [MESSAGE][PASSED] - Scroll to object 'Object Repository/a_Award Tab' successfully

2020-03-16 09:25:16 - [MESSAGE][PASSED] - Object 'Object Repository/a_Award Tab' is visible

2020-03-16 09:25:17 - [MESSAGE][INFO] - Clicking element

2020-03-16 09:25:18 - [MESSAGE][PASSED] - Object: 'Object Repository/a_Award Tab' is clicked on

2020-03-16 09:25:19 - [MESSAGE][INFO] - ************* JS EXECUTED ************: true

2020-03-16 09:25:20 - [MESSAGE][PASSED] - Delayed 1 second(s)

2020-03-16 09:25:20 - [MESSAGE][PASSED] - Element has been clicked

2020-03-16 09:25:20 - [TEST_STEP][FAILED] - try: Unable to verify alert present (Root cause: com.kms.katalon.core.exception.StepFailedException: Unable to verify alert present
	at com.kms.katalon.core.webui.keyword.internal.WebUIKeywordMain.stepFailed(WebUIKeywordMain.groovy:64)
	at com.kms.katalon.core.webui.keyword.internal.WebUIKeywordMain.runKeyword(WebUIKeywordMain.groovy:26)
	at com.kms.katalon.core.webui.keyword.builtin.VerifyAlertPresentKeyword.verifyAlertPresent(VerifyAlertPresentKeyword.groovy:72)
	at com.kms.katalon.core.webui.keyword.builtin.VerifyAlertPresentKeyword.execute(VerifyAlertPresentKeyword.groovy:67)
	at com.kms.katalon.core.keyword.internal.KeywordExecutor.executeKeywordForPlatform(KeywordExecutor.groovy:56)
	at com.kms.katalon.core.webui.keyword.WebUiBuiltInKeywords.verifyAlertPresent(WebUiBuiltInKeywords.groovy:1631)
	at com.kms.katalon.core.webui.keyword.WebUiBuiltInKeywords$verifyAlertPresent$17.call(Unknown Source)
	at DMSTC-2920_CreateContractFromEventContentWithAPCLot.run(DMSTC-2920_CreateContractFromEventContentWithAPCLot:123)
	at com.kms.katalon.core.main.ScriptEngine.run(ScriptEngine.java:194)
	at com.kms.katalon.core.main.ScriptEngine.runScriptAsRawText(ScriptEngine.java:119)
	at com.kms.katalon.core.main.TestCaseExecutor.runScript(TestCaseExecutor.java:331)
	at com.kms.katalon.core.main.TestCaseExecutor.doExecute(TestCaseExecutor.java:322)
	at com.kms.katalon.core.main.TestCaseExecutor.processExecutionPhase(TestCaseExecutor.java:301)
	at com.kms.katalon.core.main.TestCaseExecutor.accessMainPhase(TestCaseExecutor.java:293)
	at com.kms.katalon.core.main.TestCaseExecutor.execute(TestCaseExecutor.java:227)
	at com.kms.katalon.core.main.TestSuiteExecutor.accessTestCaseMainPhase(TestSuiteExecutor.java:129)
	at com.kms.katalon.core.main.TestSuiteExecutor.accessTestSuiteMainPhase(TestSuiteExecutor.java:112)
	at com.kms.katalon.core.main.TestSuiteExecutor.execute(TestSuiteExecutor.java:81)
	at com.kms.katalon.core.main.TestCaseMain.startTestSuite(TestCaseMain.java:157)
	at com.kms.katalon.core.main.TestCaseMain$startTestSuite$0.call(Unknown Source)
	at TempTestSuite1584329506754.run(TempTestSuite1584329506754.groovy:35)
Caused by: com.kms.katalon.core.exception.StepFailedException: No alert found after 2 second(s).
	at com.kms.katalon.core.webui.keyword.internal.WebUIKeywordMain.stepFailed(WebUIKeywordMain.groovy:64)
	at com.kms.katalon.core.webui.keyword.builtin.VerifyAlertPresentKeyword$_verifyAlertPresent_closure1.doCall(VerifyAlertPresentKeyword.groovy:79)
	at com.kms.katalon.core.webui.keyword.builtin.VerifyAlertPresentKeyword$_verifyAlertPresent_closure1.call(VerifyAlertPresentKeyword.groovy)
	at com.kms.katalon.core.webui.keyword.internal.WebUIKeywordMain.runKeyword(WebUIKeywordMain.groovy:20)
	... 19 more
)

2020-03-16 09:25:20 - [TEST_STEP][FAILED] - while (verifyAlertPresent(2)): Unable to verify alert present (Root cause: com.kms.katalon.core.exception.StepFailedException: Unable to verify alert present
	at com.kms.katalon.core.webui.keyword.internal.WebUIKeywordMain.stepFailed(WebUIKeywordMain.groovy:64)
	at com.kms.katalon.core.webui.keyword.internal.WebUIKeywordMain.runKeyword(WebUIKeywordMain.groovy:26)
	at com.kms.katalon.core.webui.keyword.builtin.VerifyAlertPresentKeyword.verifyAlertPresent(VerifyAlertPresentKeyword.groovy:72)
	at com.kms.katalon.core.webui.keyword.builtin.VerifyAlertPresentKeyword.execute(VerifyAlertPresentKeyword.groovy:67)
	at com.kms.katalon.core.keyword.internal.KeywordExecutor.executeKeywordForPlatform(KeywordExecutor.groovy:56)
	at com.kms.katalon.core.webui.keyword.WebUiBuiltInKeywords.verifyAlertPresent(WebUiBuiltInKeywords.groovy:1631)
	at com.kms.katalon.core.webui.keyword.WebUiBuiltInKeywords$verifyAlertPresent$17.call(Unknown Source)
	at DMSTC-2920_CreateContractFromEventContentWithAPCLot.run(DMSTC-2920_CreateContractFromEventContentWithAPCLot:123)
	at com.kms.katalon.core.main.ScriptEngine.run(ScriptEngine.java:194)
	at com.kms.katalon.core.main.ScriptEngine.runScriptAsRawText(ScriptEngine.java:119)
	at com.kms.katalon.core.main.TestCaseExecutor.runScript(TestCaseExecutor.java:331)
	at com.kms.katalon.core.main.TestCaseExecutor.doExecute(TestCaseExecutor.java:322)
	at com.kms.katalon.core.main.TestCaseExecutor.processExecutionPhase(TestCaseExecutor.java:301)
	at com.kms.katalon.core.main.TestCaseExecutor.accessMainPhase(TestCaseExecutor.java:293)
	at com.kms.katalon.core.main.TestCaseExecutor.execute(TestCaseExecutor.java:227)
	at com.kms.katalon.core.main.TestSuiteExecutor.accessTestCaseMainPhase(TestSuiteExecutor.java:129)
	at com.kms.katalon.core.main.TestSuiteExecutor.accessTestSuiteMainPhase(TestSuiteExecutor.java:112)
	at com.kms.katalon.core.main.TestSuiteExecutor.execute(TestSuiteExecutor.java:81)
	at com.kms.katalon.core.main.TestCaseMain.startTestSuite(TestCaseMain.java:157)
	at com.kms.katalon.core.main.TestCaseMain$startTestSuite$0.call(Unknown Source)
	at TempTestSuite1584329506754.run(TempTestSuite1584329506754.groovy:35)
Caused by: com.kms.katalon.core.exception.StepFailedException: No alert found after 2 second(s).
	at com.kms.katalon.core.webui.keyword.internal.WebUIKeywordMain.stepFailed(WebUIKeywordMain.groovy:64)
	at com.kms.katalon.core.webui.keyword.builtin.VerifyAlertPresentKeyword$_verifyAlertPresent_closure1.doCall(VerifyAlertPresentKeyword.groovy:79)
	at com.kms.katalon.core.webui.keyword.builtin.VerifyAlertPresentKeyword$_verifyAlertPresent_closure1.call(VerifyAlertPresentKeyword.groovy)
	at com.kms.katalon.core.webui.keyword.internal.WebUIKeywordMain.runKeyword(WebUIKeywordMain.groovy:20)
	... 19 more
)

2020-03-16 09:25:25 - [MESSAGE][FAILED] - No alert found after 2 second(s). (Root cause: com.kms.katalon.core.exception.StepFailedException: No alert found after 2 second(s).
	at com.kms.katalon.core.webui.keyword.internal.WebUIKeywordMain.stepFailed(WebUIKeywordMain.groovy:64)
	at com.kms.katalon.core.webui.keyword.builtin.VerifyAlertPresentKeyword$_verifyAlertPresent_closure1.doCall(VerifyAlertPresentKeyword.groovy:79)
	at com.kms.katalon.core.webui.keyword.builtin.VerifyAlertPresentKeyword$_verifyAlertPresent_closure1.call(VerifyAlertPresentKeyword.groovy)
	at com.kms.katalon.core.webui.keyword.internal.WebUIKeywordMain.runKeyword(WebUIKeywordMain.groovy:20)
	at com.kms.katalon.core.webui.keyword.builtin.VerifyAlertPresentKeyword.verifyAlertPresent(VerifyAlertPresentKeyword.groovy:72)
	at com.kms.katalon.core.webui.keyword.builtin.VerifyAlertPresentKeyword.execute(VerifyAlertPresentKeyword.groovy:67)
	at com.kms.katalon.core.keyword.internal.KeywordExecutor.executeKeywordForPlatform(KeywordExecutor.groovy:56)
	at com.kms.katalon.core.webui.keyword.WebUiBuiltInKeywords.verifyAlertPresent(WebUiBuiltInKeywords.groovy:1631)
	at com.kms.katalon.core.webui.keyword.WebUiBuiltInKeywords$verifyAlertPresent$17.call(Unknown Source)
	at DMSTC-2920_CreateContractFromEventContentWithAPCLot.run(DMSTC-2920_CreateContractFromEventContentWithAPCLot:123)
	at com.kms.katalon.core.main.ScriptEngine.run(ScriptEngine.java:194)
	at com.kms.katalon.core.main.ScriptEngine.runScriptAsRawText(ScriptEngine.java:119)
	at com.kms.katalon.core.main.TestCaseExecutor.runScript(TestCaseExecutor.java:331)
	at com.kms.katalon.core.main.TestCaseExecutor.doExecute(TestCaseExecutor.java:322)
	at com.kms.katalon.core.main.TestCaseExecutor.processExecutionPhase(TestCaseExecutor.java:301)
	at com.kms.katalon.core.main.TestCaseExecutor.accessMainPhase(TestCaseExecutor.java:293)
	at com.kms.katalon.core.main.TestCaseExecutor.execute(TestCaseExecutor.java:227)
	at com.kms.katalon.core.main.TestSuiteExecutor.accessTestCaseMainPhase(TestSuiteExecutor.java:129)
	at com.kms.katalon.core.main.TestSuiteExecutor.accessTestSuiteMainPhase(TestSuiteExecutor.java:112)
	at com.kms.katalon.core.main.TestSuiteExecutor.execute(TestSuiteExecutor.java:81)
	at com.kms.katalon.core.main.TestCaseMain.startTestSuite(TestCaseMain.java:157)
	at com.kms.katalon.core.main.TestCaseMain$startTestSuite$0.call(Unknown Source)
	at TempTestSuite1584329506754.run(TempTestSuite1584329506754.groovy:35)
)
[[ATTACHMENT|/Users/i331477/git/S4MicroServiceKatalon/Reports/TestSuite/20200316_090146/1584330924158.png]]

2020-03-16 09:25:26 - [MESSAGE][FAILED] - Unable to verify alert present (Root cause: com.kms.katalon.core.exception.StepFailedException: Unable to verify alert present
	at com.kms.katalon.core.webui.keyword.internal.WebUIKeywordMain.stepFailed(WebUIKeywordMain.groovy:64)
	at com.kms.katalon.core.webui.keyword.internal.WebUIKeywordMain.runKeyword(WebUIKeywordMain.groovy:26)
	at com.kms.katalon.core.webui.keyword.builtin.VerifyAlertPresentKeyword.verifyAlertPresent(VerifyAlertPresentKeyword.groovy:72)
	at com.kms.katalon.core.webui.keyword.builtin.VerifyAlertPresentKeyword.execute(VerifyAlertPresentKeyword.groovy:67)
	at com.kms.katalon.core.keyword.internal.KeywordExecutor.executeKeywordForPlatform(KeywordExecutor.groovy:56)
	at com.kms.katalon.core.webui.keyword.WebUiBuiltInKeywords.verifyAlertPresent(WebUiBuiltInKeywords.groovy:1631)
	at com.kms.katalon.core.webui.keyword.WebUiBuiltInKeywords$verifyAlertPresent$17.call(Unknown Source)
	at DMSTC-2920_CreateContractFromEventContentWithAPCLot.run(DMSTC-2920_CreateContractFromEventContentWithAPCLot:123)
	at com.kms.katalon.core.main.ScriptEngine.run(ScriptEngine.java:194)
	at com.kms.katalon.core.main.ScriptEngine.runScriptAsRawText(ScriptEngine.java:119)
	at com.kms.katalon.core.main.TestCaseExecutor.runScript(TestCaseExecutor.java:331)
	at com.kms.katalon.core.main.TestCaseExecutor.doExecute(TestCaseExecutor.java:322)
	at com.kms.katalon.core.main.TestCaseExecutor.processExecutionPhase(TestCaseExecutor.java:301)
	at com.kms.katalon.core.main.TestCaseExecutor.accessMainPhase(TestCaseExecutor.java:293)
	at com.kms.katalon.core.main.TestCaseExecutor.execute(TestCaseExecutor.java:227)
	at com.kms.katalon.core.main.TestSuiteExecutor.accessTestCaseMainPhase(TestSuiteExecutor.java:129)
	at com.kms.katalon.core.main.TestSuiteExecutor.accessTestSuiteMainPhase(TestSuiteExecutor.java:112)
	at com.kms.katalon.core.main.TestSuiteExecutor.execute(TestSuiteExecutor.java:81)
	at com.kms.katalon.core.main.TestCaseMain.startTestSuite(TestCaseMain.java:157)
	at com.kms.katalon.core.main.TestCaseMain$startTestSuite$0.call(Unknown Source)
	at TempTestSuite1584329506754.run(TempTestSuite1584329506754.groovy:35)
Caused by: com.kms.katalon.core.exception.StepFailedException: No alert found after 2 second(s).
	at com.kms.katalon.core.webui.keyword.internal.WebUIKeywordMain.stepFailed(WebUIKeywordMain.groovy:64)
	at com.kms.katalon.core.webui.keyword.builtin.VerifyAlertPresentKeyword$_verifyAlertPresent_closure1.doCall(VerifyAlertPresentKeyword.groovy:79)
	at com.kms.katalon.core.webui.keyword.builtin.VerifyAlertPresentKeyword$_verifyAlertPresent_closure1.call(VerifyAlertPresentKeyword.groovy)
	at com.kms.katalon.core.webui.keyword.internal.WebUIKeywordMain.runKeyword(WebUIKeywordMain.groovy:20)
	... 19 more
)
[[ATTACHMENT|/Users/i331477/git/S4MicroServiceKatalon/Reports/TestSuite/20200316_090146/1584330925989.png]]

2020-03-16 09:25:26 - [TEST_STEP][PASSED] - catch (Exception e): null

2020-03-16 09:25:26 - [TEST_STEP][PASSED] - e.printStackTrace(): null

2020-03-16 09:25:26 - [TEST_STEP][PASSED] - expandPlus = aribakeywords.createTestObject(EXPANDLOTBTN): null

2020-03-16 09:25:26 - [TEST_STEP][PASSED] - scrollToElement(expandPlus, 3): Scroll to object '//a[@awname='_Award_8_4_Award::AWTRowAttributeExpandoColumnRenderer:table.pivotState.toggleDetailAttributesExpanded']//div' successfully

2020-03-16 09:25:27 - [MESSAGE][PASSED] - Scroll to object '//a[@awname='_Award_8_4_Award::AWTRowAttributeExpandoColumnRenderer:table.pivotState.toggleDetailAttributesExpanded']//div' successfully

2020-03-16 09:25:27 - [TEST_STEP][PASSED] - aribakeywords.aribaClick(expandPlus): Element has been clicked

2020-03-16 09:25:28 - [MESSAGE][PASSED] - Object '//a[@awname='_Award_8_4_Award::AWTRowAttributeExpandoColumnRenderer:table.pivotState.toggleDetailAttributesExpanded']//div' is clickable

2020-03-16 09:25:29 - [MESSAGE][PASSED] - Scroll to object '//a[@awname='_Award_8_4_Award::AWTRowAttributeExpandoColumnRenderer:table.pivotState.toggleDetailAttributesExpanded']//div' successfully

2020-03-16 09:25:30 - [MESSAGE][PASSED] - Object '//a[@awname='_Award_8_4_Award::AWTRowAttributeExpandoColumnRenderer:table.pivotState.toggleDetailAttributesExpanded']//div' is visible

2020-03-16 09:25:31 - [MESSAGE][INFO] - Clicking element

2020-03-16 09:25:32 - [MESSAGE][PASSED] - Object: '//a[@awname='_Award_8_4_Award::AWTRowAttributeExpandoColumnRenderer:table.pivotState.toggleDetailAttributesExpanded']//div' is clicked on

2020-03-16 09:25:33 - [MESSAGE][INFO] - ************* JS EXECUTED ************: true

2020-03-16 09:25:34 - [MESSAGE][PASSED] - Delayed 1 second(s)

2020-03-16 09:25:34 - [MESSAGE][PASSED] - Element has been clicked

2020-03-16 09:25:34 - [TEST_STEP][PASSED] - verifyTextPresent("View pricing conditions", false, STOP_ON_FAILURE): Text 'View pricing conditions' is present on page 

2020-03-16 09:25:36 - [MESSAGE][PASSED] - Text 'View pricing conditions' is present on page 

2020-03-16 09:25:36 - [TEST_STEP][PASSED] - aribakeywords.aribaClick(findTestObject("Object Repository/span_Contract_w-pulldown-icon")): Element has been clicked

2020-03-16 09:25:37 - [MESSAGE][PASSED] - Object 'Object Repository/span_Contract_w-pulldown-icon' is clickable

2020-03-16 09:25:38 - [MESSAGE][PASSED] - Scroll to object 'Object Repository/span_Contract_w-pulldown-icon' successfully

2020-03-16 09:25:38 - [MESSAGE][PASSED] - Object 'Object Repository/span_Contract_w-pulldown-icon' is visible

2020-03-16 09:25:40 - [MESSAGE][INFO] - Clicking element

2020-03-16 09:25:41 - [MESSAGE][PASSED] - Object: 'Object Repository/span_Contract_w-pulldown-icon' is clicked on

2020-03-16 09:25:42 - [MESSAGE][INFO] - ************* JS EXECUTED ************: true

2020-03-16 09:25:43 - [MESSAGE][PASSED] - Delayed 1 second(s)

2020-03-16 09:25:43 - [MESSAGE][PASSED] - Element has been clicked

2020-03-16 09:25:43 - [TEST_STEP][PASSED] - aribakeywords.aribaClick(findTestObject("Object Repository/form_Pricing trendsLoading...i")): Element has been clicked

2020-03-16 09:25:44 - [MESSAGE][PASSED] - Object 'Object Repository/form_Pricing trendsLoading...i' is clickable

2020-03-16 09:25:45 - [MESSAGE][PASSED] - Scroll to object 'Object Repository/form_Pricing trendsLoading...i' successfully

2020-03-16 09:25:46 - [MESSAGE][PASSED] - Object 'Object Repository/form_Pricing trendsLoading...i' is visible

2020-03-16 09:25:47 - [MESSAGE][INFO] - Clicking element

2020-03-16 09:25:48 - [MESSAGE][PASSED] - Object: 'Object Repository/form_Pricing trendsLoading...i' is clicked on

2020-03-16 09:25:49 - [MESSAGE][INFO] - ************* JS EXECUTED ************: false

2020-03-16 09:25:50 - [MESSAGE][PASSED] - Delayed 1 second(s)

2020-03-16 09:25:50 - [MESSAGE][INFO] - ************* JS EXECUTED ************: true

2020-03-16 09:25:51 - [MESSAGE][PASSED] - Delayed 1 second(s)

2020-03-16 09:25:51 - [MESSAGE][PASSED] - Element has been clicked

2020-03-16 09:25:51 - [TEST_STEP][PASSED] - aribakeywords.aribaClick(findTestObject("Object Repository/label_Submit Initial Bid_w-rdo")): Element has been clicked

2020-03-16 09:25:52 - [MESSAGE][PASSED] - Object 'Object Repository/label_Submit Initial Bid_w-rdo' is clickable

2020-03-16 09:25:53 - [MESSAGE][PASSED] - Scroll to object 'Object Repository/label_Submit Initial Bid_w-rdo' successfully

2020-03-16 09:25:54 - [MESSAGE][PASSED] - Object 'Object Repository/label_Submit Initial Bid_w-rdo' is visible

2020-03-16 09:25:56 - [MESSAGE][INFO] - Clicking element

2020-03-16 09:25:57 - [MESSAGE][PASSED] - Object: 'Object Repository/label_Submit Initial Bid_w-rdo' is clicked on

2020-03-16 09:25:58 - [MESSAGE][INFO] - ************* JS EXECUTED ************: true

2020-03-16 09:25:59 - [MESSAGE][PASSED] - Delayed 1 second(s)

2020-03-16 09:25:59 - [MESSAGE][PASSED] - Element has been clicked

2020-03-16 09:25:59 - [TEST_STEP][PASSED] - aribakeywords.aribaClick(findTestObject("Object Repository/span_Create New Contract")): Element has been clicked

2020-03-16 09:25:59 - [MESSAGE][PASSED] - Object 'Object Repository/span_Create New Contract' is clickable

2020-03-16 09:26:00 - [MESSAGE][PASSED] - Scroll to object 'Object Repository/span_Create New Contract' successfully

2020-03-16 09:26:01 - [MESSAGE][PASSED] - Object 'Object Repository/span_Create New Contract' is visible

2020-03-16 09:26:03 - [MESSAGE][INFO] - Clicking element

2020-03-16 09:26:04 - [MESSAGE][PASSED] - Object: 'Object Repository/span_Create New Contract' is clicked on

2020-03-16 09:26:05 - [MESSAGE][INFO] - ************* JS EXECUTED ************: true

2020-03-16 09:26:06 - [MESSAGE][PASSED] - Delayed 1 second(s)

2020-03-16 09:26:06 - [MESSAGE][PASSED] - Element has been clicked

2020-03-16 09:26:06 - [TEST_STEP][PASSED] - aribakeywords.aribaClick(findTestObject("Object Repository/a_Contract Workspace (Procurem")): Element has been clicked

2020-03-16 09:26:06 - [MESSAGE][PASSED] - Object 'Object Repository/a_Contract Workspace (Procurem' is clickable

2020-03-16 09:26:07 - [MESSAGE][PASSED] - Scroll to object 'Object Repository/a_Contract Workspace (Procurem' successfully

2020-03-16 09:26:09 - [MESSAGE][PASSED] - Object 'Object Repository/a_Contract Workspace (Procurem' is visible

2020-03-16 09:26:10 - [MESSAGE][INFO] - Clicking element

2020-03-16 09:26:11 - [MESSAGE][PASSED] - Object: 'Object Repository/a_Contract Workspace (Procurem' is clicked on

2020-03-16 09:26:12 - [MESSAGE][INFO] - ************* JS EXECUTED ************: false

2020-03-16 09:26:13 - [MESSAGE][PASSED] - Delayed 1 second(s)

2020-03-16 09:26:13 - [MESSAGE][INFO] - ************* JS EXECUTED ************: true

2020-03-16 09:26:14 - [MESSAGE][PASSED] - Delayed 1 second(s)

2020-03-16 09:26:14 - [MESSAGE][PASSED] - Element has been clicked

2020-03-16 09:26:14 - [TEST_STEP][PASSED] - setText(findTestObject("Object Repository/input___ihgt1d"), CW): Text 'ACPContractWithLot_1584330639361' is set on object 'Object Repository/input___ihgt1d'

2020-03-16 09:26:18 - [MESSAGE][PASSED] - Text 'ACPContractWithLot_1584330639361' is set on object 'Object Repository/input___ihgt1d'

2020-03-16 09:26:18 - [TEST_STEP][PASSED] - aribakeywords.aribaClick(findTestObject("Object Repository/label_Yes_w-rdo w-rdo-dsize")): Element has been clicked

2020-03-16 09:26:19 - [MESSAGE][PASSED] - Object 'Object Repository/label_Yes_w-rdo w-rdo-dsize' is clickable

2020-03-16 09:26:19 - [MESSAGE][PASSED] - Scroll to object 'Object Repository/label_Yes_w-rdo w-rdo-dsize' successfully

2020-03-16 09:26:20 - [MESSAGE][PASSED] - Object 'Object Repository/label_Yes_w-rdo w-rdo-dsize' is visible

2020-03-16 09:26:22 - [MESSAGE][INFO] - Clicking element

2020-03-16 09:26:23 - [MESSAGE][PASSED] - Object: 'Object Repository/label_Yes_w-rdo w-rdo-dsize' is clicked on

2020-03-16 09:26:24 - [MESSAGE][INFO] - ************* JS EXECUTED ************: true

2020-03-16 09:26:25 - [MESSAGE][PASSED] - Delayed 1 second(s)

2020-03-16 09:26:25 - [MESSAGE][PASSED] - Element has been clicked

2020-03-16 09:26:25 - [TEST_STEP][PASSED] - setText(findTestObject("Object Repository/input___1ymp9c"), "06/16/2019"): Text '06/16/2019' is set on object 'Object Repository/input___1ymp9c'

2020-03-16 09:26:28 - [MESSAGE][PASSED] - Text '06/16/2019' is set on object 'Object Repository/input___1ymp9c'

2020-03-16 09:26:28 - [TEST_STEP][PASSED] - if (verifyElementPresent(findTestObject("Object Repository/a_commodity_code"), 5, OPTIONAL)): com.kms.katalon.core.webui.exception.WebElementNotFoundException: Web element with id: 'Object Repository/a_commodity_code' located by 'By.xpath: //*[@awname = 'Commodity::Chooser:displayValue' and @id = '_ahj5rb']' not found (Root cause: com.kms.katalon.core.exception.StepFailedException: com.kms.katalon.core.webui.exception.WebElementNotFoundException: Web element with id: 'Object Repository/a_commodity_code' located by 'By.xpath: //*[@awname = 'Commodity::Chooser:displayValue' and @id = '_ahj5rb']' not found
	at com.kms.katalon.core.webui.keyword.internal.WebUIKeywordMain.stepFailed(WebUIKeywordMain.groovy:64)
	at com.kms.katalon.core.webui.keyword.builtin.VerifyElementPresentKeyword$_verifyElementPresent_closure1.doCall(VerifyElementPresentKeyword.groovy:85)
	at com.kms.katalon.core.webui.keyword.builtin.VerifyElementPresentKeyword$_verifyElementPresent_closure1.call(VerifyElementPresentKeyword.groovy)
	at com.kms.katalon.core.webui.keyword.internal.WebUIKeywordMain.runKeyword(WebUIKeywordMain.groovy:20)
	at com.kms.katalon.core.webui.keyword.builtin.VerifyElementPresentKeyword.verifyElementPresent(VerifyElementPresentKeyword.groovy:92)
	at com.kms.katalon.core.webui.keyword.builtin.VerifyElementPresentKeyword.execute(VerifyElementPresentKeyword.groovy:68)
	at com.kms.katalon.core.keyword.internal.KeywordExecutor.executeKeywordForPlatform(KeywordExecutor.groovy:56)
	at com.kms.katalon.core.webui.keyword.WebUiBuiltInKeywords.verifyElementPresent(WebUiBuiltInKeywords.groovy:1418)
	at com.kms.katalon.core.webui.keyword.WebUiBuiltInKeywords$verifyElementPresent$14.call(Unknown Source)
	at DMSTC-2920_CreateContractFromEventContentWithAPCLot.run(DMSTC-2920_CreateContractFromEventContentWithAPCLot:163)
	at com.kms.katalon.core.main.ScriptEngine.run(ScriptEngine.java:194)
	at com.kms.katalon.core.main.ScriptEngine.runScriptAsRawText(ScriptEngine.java:119)
	at com.kms.katalon.core.main.TestCaseExecutor.runScript(TestCaseExecutor.java:331)
	at com.kms.katalon.core.main.TestCaseExecutor.doExecute(TestCaseExecutor.java:322)
	at com.kms.katalon.core.main.TestCaseExecutor.processExecutionPhase(TestCaseExecutor.java:301)
	at com.kms.katalon.core.main.TestCaseExecutor.accessMainPhase(TestCaseExecutor.java:293)
	at com.kms.katalon.core.main.TestCaseExecutor.execute(TestCaseExecutor.java:227)
	at com.kms.katalon.core.main.TestSuiteExecutor.accessTestCaseMainPhase(TestSuiteExecutor.java:129)
	at com.kms.katalon.core.main.TestSuiteExecutor.accessTestSuiteMainPhase(TestSuiteExecutor.java:112)
	at com.kms.katalon.core.main.TestSuiteExecutor.execute(TestSuiteExecutor.java:81)
	at com.kms.katalon.core.main.TestCaseMain.startTestSuite(TestCaseMain.java:157)
	at com.kms.katalon.core.main.TestCaseMain$startTestSuite$0.call(Unknown Source)
	at TempTestSuite1584329506754.run(TempTestSuite1584329506754.groovy:35)
)

2020-03-16 09:26:37 - [MESSAGE][INFO] - Unable to find the element located by 'By.xpath: //*[@awname = 'Commodity::Chooser:displayValue' and @id = '_ahj5rb']'. Please recheck the objects properties to make sure the desired element is located. 

2020-03-16 09:26:39 - [MESSAGE][WARNING] - com.kms.katalon.core.webui.exception.WebElementNotFoundException: Web element with id: 'Object Repository/a_commodity_code' located by 'By.xpath: //*[@awname = 'Commodity::Chooser:displayValue' and @id = '_ahj5rb']' not found (Root cause: com.kms.katalon.core.exception.StepFailedException: com.kms.katalon.core.webui.exception.WebElementNotFoundException: Web element with id: 'Object Repository/a_commodity_code' located by 'By.xpath: //*[@awname = 'Commodity::Chooser:displayValue' and @id = '_ahj5rb']' not found
	at com.kms.katalon.core.webui.keyword.internal.WebUIKeywordMain.stepFailed(WebUIKeywordMain.groovy:64)
	at com.kms.katalon.core.webui.keyword.builtin.VerifyElementPresentKeyword$_verifyElementPresent_closure1.doCall(VerifyElementPresentKeyword.groovy:85)
	at com.kms.katalon.core.webui.keyword.builtin.VerifyElementPresentKeyword$_verifyElementPresent_closure1.call(VerifyElementPresentKeyword.groovy)
	at com.kms.katalon.core.webui.keyword.internal.WebUIKeywordMain.runKeyword(WebUIKeywordMain.groovy:20)
	at com.kms.katalon.core.webui.keyword.builtin.VerifyElementPresentKeyword.verifyElementPresent(VerifyElementPresentKeyword.groovy:92)
	at com.kms.katalon.core.webui.keyword.builtin.VerifyElementPresentKeyword.execute(VerifyElementPresentKeyword.groovy:68)
	at com.kms.katalon.core.keyword.internal.KeywordExecutor.executeKeywordForPlatform(KeywordExecutor.groovy:56)
	at com.kms.katalon.core.webui.keyword.WebUiBuiltInKeywords.verifyElementPresent(WebUiBuiltInKeywords.groovy:1418)
	at com.kms.katalon.core.webui.keyword.WebUiBuiltInKeywords$verifyElementPresent$14.call(Unknown Source)
	at DMSTC-2920_CreateContractFromEventContentWithAPCLot.run(DMSTC-2920_CreateContractFromEventContentWithAPCLot:163)
	at com.kms.katalon.core.main.ScriptEngine.run(ScriptEngine.java:194)
	at com.kms.katalon.core.main.ScriptEngine.runScriptAsRawText(ScriptEngine.java:119)
	at com.kms.katalon.core.main.TestCaseExecutor.runScript(TestCaseExecutor.java:331)
	at com.kms.katalon.core.main.TestCaseExecutor.doExecute(TestCaseExecutor.java:322)
	at com.kms.katalon.core.main.TestCaseExecutor.processExecutionPhase(TestCaseExecutor.java:301)
	at com.kms.katalon.core.main.TestCaseExecutor.accessMainPhase(TestCaseExecutor.java:293)
	at com.kms.katalon.core.main.TestCaseExecutor.execute(TestCaseExecutor.java:227)
	at com.kms.katalon.core.main.TestSuiteExecutor.accessTestCaseMainPhase(TestSuiteExecutor.java:129)
	at com.kms.katalon.core.main.TestSuiteExecutor.accessTestSuiteMainPhase(TestSuiteExecutor.java:112)
	at com.kms.katalon.core.main.TestSuiteExecutor.execute(TestSuiteExecutor.java:81)
	at com.kms.katalon.core.main.TestCaseMain.startTestSuite(TestCaseMain.java:157)
	at com.kms.katalon.core.main.TestCaseMain$startTestSuite$0.call(Unknown Source)
	at TempTestSuite1584329506754.run(TempTestSuite1584329506754.groovy:35)
)
[[ATTACHMENT|/Users/i331477/git/S4MicroServiceKatalon/Reports/TestSuite/20200316_090146/1584330997789.png]]

2020-03-16 09:26:39 - [TEST_STEP][PASSED] - aribakeywords.aribaClick(findTestObject("Object Repository/label_SignTemplate154462011136")): Element has been clicked

2020-03-16 09:26:40 - [MESSAGE][PASSED] - Object 'Object Repository/label_SignTemplate154462011136' is clickable

2020-03-16 09:26:41 - [MESSAGE][PASSED] - Scroll to object 'Object Repository/label_SignTemplate154462011136' successfully

2020-03-16 09:26:42 - [MESSAGE][PASSED] - Object 'Object Repository/label_SignTemplate154462011136' is visible

2020-03-16 09:26:43 - [MESSAGE][INFO] - Clicking element

2020-03-16 09:26:44 - [MESSAGE][PASSED] - Object: 'Object Repository/label_SignTemplate154462011136' is clicked on

2020-03-16 09:26:45 - [MESSAGE][INFO] - ************* JS EXECUTED ************: true

2020-03-16 09:26:46 - [MESSAGE][PASSED] - Delayed 1 second(s)

2020-03-16 09:26:46 - [MESSAGE][PASSED] - Element has been clicked

2020-03-16 09:26:46 - [TEST_STEP][PASSED] - aribakeywords.aribaClick(findTestObject("Page_Ariba Spend Management/span_Create")): Element has been clicked

2020-03-16 09:26:47 - [MESSAGE][PASSED] - Object 'Object Repository/Page_Ariba Spend Management/span_Create' is clickable

2020-03-16 09:26:48 - [MESSAGE][PASSED] - Scroll to object 'Object Repository/Page_Ariba Spend Management/span_Create' successfully

2020-03-16 09:26:49 - [MESSAGE][PASSED] - Object 'Object Repository/Page_Ariba Spend Management/span_Create' is visible

2020-03-16 09:26:50 - [MESSAGE][INFO] - Clicking element

2020-03-16 09:26:51 - [MESSAGE][PASSED] - Object: 'Object Repository/Page_Ariba Spend Management/span_Create' is clicked on

2020-03-16 09:26:52 - [MESSAGE][INFO] - ************* JS EXECUTED ************: false

2020-03-16 09:26:53 - [MESSAGE][PASSED] - Delayed 1 second(s)

2020-03-16 09:26:54 - [MESSAGE][INFO] - ************* JS EXECUTED ************: false

2020-03-16 09:26:55 - [MESSAGE][PASSED] - Delayed 1 second(s)

2020-03-16 09:26:55 - [MESSAGE][INFO] - ************* JS EXECUTED ************: false

2020-03-16 09:26:56 - [MESSAGE][PASSED] - Delayed 1 second(s)

2020-03-16 09:26:57 - [MESSAGE][INFO] - ************* JS EXECUTED ************: false

2020-03-16 09:26:58 - [MESSAGE][PASSED] - Delayed 1 second(s)

2020-03-16 09:26:58 - [MESSAGE][INFO] - ************* JS EXECUTED ************: false

2020-03-16 09:26:59 - [MESSAGE][PASSED] - Delayed 1 second(s)

2020-03-16 09:27:00 - [MESSAGE][INFO] - ************* JS EXECUTED ************: true

2020-03-16 09:27:01 - [MESSAGE][PASSED] - Delayed 1 second(s)

2020-03-16 09:27:01 - [MESSAGE][PASSED] - Element has been clicked

2020-03-16 09:27:01 - [TEST_STEP][PASSED] - aribakeywords.aribaClick(findTestObject("Page_Ariba Spend Management/span_Documents_w-pml-icon")): Element has been clicked

2020-03-16 09:27:01 - [MESSAGE][PASSED] - Object 'Object Repository/Page_Ariba Spend Management/span_Documents_w-pml-icon' is clickable

2020-03-16 09:27:02 - [MESSAGE][PASSED] - Scroll to object 'Object Repository/Page_Ariba Spend Management/span_Documents_w-pml-icon' successfully

2020-03-16 09:27:03 - [MESSAGE][PASSED] - Object 'Object Repository/Page_Ariba Spend Management/span_Documents_w-pml-icon' is visible

2020-03-16 09:27:04 - [MESSAGE][INFO] - Clicking element

2020-03-16 09:27:06 - [MESSAGE][PASSED] - Object: 'Object Repository/Page_Ariba Spend Management/span_Documents_w-pml-icon' is clicked on

2020-03-16 09:27:07 - [MESSAGE][INFO] - ************* JS EXECUTED ************: true

2020-03-16 09:27:08 - [MESSAGE][PASSED] - Delayed 1 second(s)

2020-03-16 09:27:08 - [MESSAGE][PASSED] - Element has been clicked

2020-03-16 09:27:08 - [TEST_STEP][PASSED] - aribakeywords.aribaClick(findTestObject("Object Repository/form_BackAlert ()CustomizeAnal")): Element has been clicked

2020-03-16 09:27:09 - [MESSAGE][PASSED] - Object 'Object Repository/form_BackAlert ()CustomizeAnal' is clickable

2020-03-16 09:27:09 - [MESSAGE][PASSED] - Scroll to object 'Object Repository/form_BackAlert ()CustomizeAnal' successfully

2020-03-16 09:27:10 - [MESSAGE][PASSED] - Object 'Object Repository/form_BackAlert ()CustomizeAnal' is visible

2020-03-16 09:27:12 - [MESSAGE][INFO] - Clicking element

2020-03-16 09:27:13 - [MESSAGE][PASSED] - Object: 'Object Repository/form_BackAlert ()CustomizeAnal' is clicked on

2020-03-16 09:27:14 - [MESSAGE][INFO] - ************* JS EXECUTED ************: false

2020-03-16 09:27:15 - [MESSAGE][PASSED] - Delayed 1 second(s)

2020-03-16 09:27:15 - [MESSAGE][INFO] - ************* JS EXECUTED ************: false

2020-03-16 09:27:16 - [MESSAGE][PASSED] - Delayed 1 second(s)

2020-03-16 09:27:17 - [MESSAGE][INFO] - ************* JS EXECUTED ************: false

2020-03-16 09:27:18 - [MESSAGE][PASSED] - Delayed 1 second(s)

2020-03-16 09:27:18 - [MESSAGE][INFO] - ************* JS EXECUTED ************: true

2020-03-16 09:27:19 - [MESSAGE][PASSED] - Delayed 1 second(s)

2020-03-16 09:27:19 - [MESSAGE][PASSED] - Element has been clicked

2020-03-16 09:27:19 - [TEST_STEP][PASSED] - aribakeywords.waitForPageToLoad(3): Delayed 1 second(s)

2020-03-16 09:27:20 - [MESSAGE][INFO] - ************* JS EXECUTED ************: true

2020-03-16 09:27:21 - [MESSAGE][PASSED] - Delayed 1 second(s)

2020-03-16 09:27:21 - [TEST_STEP][PASSED] - driver = getWebDriver(): null

2020-03-16 09:27:21 - [TEST_STEP][PASSED] - lotSize = xpath(APCLOT_LOT)).size(): null

2020-03-16 09:27:22 - [TEST_STEP][PASSED] - verifyMatch(lotSize.toString(), "1", false, STOP_ON_FAILURE): Actual text '1' and expected text '1' are matched 

2020-03-16 09:27:22 - [MESSAGE][PASSED] - Actual text '1' and expected text '1' are matched 

2020-03-16 09:27:22 - [TEST_STEP][PASSED] - childItem = xpath(APCLOT_CHILDITEM_LOC)).size(): null

2020-03-16 09:27:22 - [TEST_STEP][PASSED] - verifyMatch(childItem.toString(), "1", false, STOP_ON_FAILURE): Actual text '1' and expected text '1' are matched 

2020-03-16 09:27:22 - [MESSAGE][PASSED] - Actual text '1' and expected text '1' are matched 

2020-03-16 09:27:22 - [TEST_STEP][PASSED] - verifyTextPresent("View pricing conditions", false, STOP_ON_FAILURE): Text 'View pricing conditions' is present on page 

2020-03-16 09:27:24 - [MESSAGE][PASSED] - Text 'View pricing conditions' is present on page 

2020-03-16 09:27:24 - [TEST_STEP][PASSED] - apcLink = aribakeywords.createTestObject(APCLINK_LOC): null

2020-03-16 09:27:24 - [TEST_STEP][FAILED] - verifyElementPresent(apcLink, 3, STOP_ON_FAILURE): verifyElementPresent(apcLink, 3, STOP_ON_FAILURE) FAILED.
Reason:
com.kms.katalon.core.exception.StepFailedException: Unable to verify object '//a[@awname='0.3_RITASHORTSTRINGIFZ000003Computed Term::RITASHORTSTRINGIFZ000003:pricingInfoDisplay']' is present
	at com.kms.katalon.core.webui.keyword.internal.WebUIKeywordMain.stepFailed(WebUIKeywordMain.groovy:64)
	at com.kms.katalon.core.webui.keyword.internal.WebUIKeywordMain.runKeyword(WebUIKeywordMain.groovy:26)
	at com.kms.katalon.core.webui.keyword.builtin.VerifyElementPresentKeyword.verifyElementPresent(VerifyElementPresentKeyword.groovy:92)
	at com.kms.katalon.core.webui.keyword.builtin.VerifyElementPresentKeyword.execute(VerifyElementPresentKeyword.groovy:68)
	at com.kms.katalon.core.keyword.internal.KeywordExecutor.executeKeywordForPlatform(KeywordExecutor.groovy:56)
	at com.kms.katalon.core.webui.keyword.WebUiBuiltInKeywords.verifyElementPresent(WebUiBuiltInKeywords.groovy:1418)
	at com.kms.katalon.core.webui.keyword.WebUiBuiltInKeywords$verifyElementPresent$14.call(Unknown Source)
	at DMSTC-2920_CreateContractFromEventContentWithAPCLot.run(DMSTC-2920_CreateContractFromEventContentWithAPCLot:194)
	at com.kms.katalon.core.main.ScriptEngine.run(ScriptEngine.java:194)
	at com.kms.katalon.core.main.ScriptEngine.runScriptAsRawText(ScriptEngine.java:119)
	at com.kms.katalon.core.main.TestCaseExecutor.runScript(TestCaseExecutor.java:331)
	at com.kms.katalon.core.main.TestCaseExecutor.doExecute(TestCaseExecutor.java:322)
	at com.kms.katalon.core.main.TestCaseExecutor.processExecutionPhase(TestCaseExecutor.java:301)
	at com.kms.katalon.core.main.TestCaseExecutor.accessMainPhase(TestCaseExecutor.java:293)
	at com.kms.katalon.core.main.TestCaseExecutor.execute(TestCaseExecutor.java:227)
	at com.kms.katalon.core.main.TestSuiteExecutor.accessTestCaseMainPhase(TestSuiteExecutor.java:129)
	at com.kms.katalon.core.main.TestSuiteExecutor.accessTestSuiteMainPhase(TestSuiteExecutor.java:112)
	at com.kms.katalon.core.main.TestSuiteExecutor.execute(TestSuiteExecutor.java:81)
	at com.kms.katalon.core.main.TestCaseMain.startTestSuite(TestCaseMain.java:157)
	at com.kms.katalon.core.main.TestCaseMain$startTestSuite$0.call(Unknown Source)
	at TempTestSuite1584329506754.run(TempTestSuite1584329506754.groovy:35)
Caused by: com.kms.katalon.core.exception.StepFailedException: com.kms.katalon.core.webui.exception.WebElementNotFoundException: Web element with id: '//a[@awname='0.3_RITASHORTSTRINGIFZ000003Computed Term::RITASHORTSTRINGIFZ000003:pricingInfoDisplay']' located by 'By.xpath: //a[@awname='0.3_RITASHORTSTRINGIFZ000003Computed Term::RITASHORTSTRINGIFZ000003:pricingInfoDisplay']' not found
	at com.kms.katalon.core.webui.keyword.internal.WebUIKeywordMain.stepFailed(WebUIKeywordMain.groovy:64)
	at com.kms.katalon.core.webui.keyword.builtin.VerifyElementPresentKeyword$_verifyElementPresent_closure1.doCall(VerifyElementPresentKeyword.groovy:85)
	at com.kms.katalon.core.webui.keyword.builtin.VerifyElementPresentKeyword$_verifyElementPresent_closure1.call(VerifyElementPresentKeyword.groovy)
	at com.kms.katalon.core.webui.keyword.internal.WebUIKeywordMain.runKeyword(WebUIKeywordMain.groovy:20)
	... 19 more


2020-03-16 09:27:30 - [MESSAGE][INFO] - Unable to find the element located by 'By.xpath: //a[@awname='0.3_RITASHORTSTRINGIFZ000003Computed Term::RITASHORTSTRINGIFZ000003:pricingInfoDisplay']'. Please recheck the objects properties to make sure the desired element is located. 

2020-03-16 09:27:32 - [MESSAGE][FAILED] - com.kms.katalon.core.webui.exception.WebElementNotFoundException: Web element with id: '//a[@awname='0.3_RITASHORTSTRINGIFZ000003Computed Term::RITASHORTSTRINGIFZ000003:pricingInfoDisplay']' located by 'By.xpath: //a[@awname='0.3_RITASHORTSTRINGIFZ000003Computed Term::RITASHORTSTRINGIFZ000003:pricingInfoDisplay']' not found (Root cause: com.kms.katalon.core.exception.StepFailedException: com.kms.katalon.core.webui.exception.WebElementNotFoundException: Web element with id: '//a[@awname='0.3_RITASHORTSTRINGIFZ000003Computed Term::RITASHORTSTRINGIFZ000003:pricingInfoDisplay']' located by 'By.xpath: //a[@awname='0.3_RITASHORTSTRINGIFZ000003Computed Term::RITASHORTSTRINGIFZ000003:pricingInfoDisplay']' not found
	at com.kms.katalon.core.webui.keyword.internal.WebUIKeywordMain.stepFailed(WebUIKeywordMain.groovy:64)
	at com.kms.katalon.core.webui.keyword.builtin.VerifyElementPresentKeyword$_verifyElementPresent_closure1.doCall(VerifyElementPresentKeyword.groovy:85)
	at com.kms.katalon.core.webui.keyword.builtin.VerifyElementPresentKeyword$_verifyElementPresent_closure1.call(VerifyElementPresentKeyword.groovy)
	at com.kms.katalon.core.webui.keyword.internal.WebUIKeywordMain.runKeyword(WebUIKeywordMain.groovy:20)
	at com.kms.katalon.core.webui.keyword.builtin.VerifyElementPresentKeyword.verifyElementPresent(VerifyElementPresentKeyword.groovy:92)
	at com.kms.katalon.core.webui.keyword.builtin.VerifyElementPresentKeyword.execute(VerifyElementPresentKeyword.groovy:68)
	at com.kms.katalon.core.keyword.internal.KeywordExecutor.executeKeywordForPlatform(KeywordExecutor.groovy:56)
	at com.kms.katalon.core.webui.keyword.WebUiBuiltInKeywords.verifyElementPresent(WebUiBuiltInKeywords.groovy:1418)
	at com.kms.katalon.core.webui.keyword.WebUiBuiltInKeywords$verifyElementPresent$14.call(Unknown Source)
	at DMSTC-2920_CreateContractFromEventContentWithAPCLot.run(DMSTC-2920_CreateContractFromEventContentWithAPCLot:194)
	at com.kms.katalon.core.main.ScriptEngine.run(ScriptEngine.java:194)
	at com.kms.katalon.core.main.ScriptEngine.runScriptAsRawText(ScriptEngine.java:119)
	at com.kms.katalon.core.main.TestCaseExecutor.runScript(TestCaseExecutor.java:331)
	at com.kms.katalon.core.main.TestCaseExecutor.doExecute(TestCaseExecutor.java:322)
	at com.kms.katalon.core.main.TestCaseExecutor.processExecutionPhase(TestCaseExecutor.java:301)
	at com.kms.katalon.core.main.TestCaseExecutor.accessMainPhase(TestCaseExecutor.java:293)
	at com.kms.katalon.core.main.TestCaseExecutor.execute(TestCaseExecutor.java:227)
	at com.kms.katalon.core.main.TestSuiteExecutor.accessTestCaseMainPhase(TestSuiteExecutor.java:129)
	at com.kms.katalon.core.main.TestSuiteExecutor.accessTestSuiteMainPhase(TestSuiteExecutor.java:112)
	at com.kms.katalon.core.main.TestSuiteExecutor.execute(TestSuiteExecutor.java:81)
	at com.kms.katalon.core.main.TestCaseMain.startTestSuite(TestCaseMain.java:157)
	at com.kms.katalon.core.main.TestCaseMain$startTestSuite$0.call(Unknown Source)
	at TempTestSuite1584329506754.run(TempTestSuite1584329506754.groovy:35)
)
[[ATTACHMENT|/Users/i331477/git/S4MicroServiceKatalon/Reports/TestSuite/20200316_090146/1584331050213.png]]

2020-03-16 09:27:33 - [MESSAGE][FAILED] - Unable to verify object '//a[@awname='0.3_RITASHORTSTRINGIFZ000003Computed Term::RITASHORTSTRINGIFZ000003:pricingInfoDisplay']' is present (Root cause: com.kms.katalon.core.exception.StepFailedException: Unable to verify object '//a[@awname='0.3_RITASHORTSTRINGIFZ000003Computed Term::RITASHORTSTRINGIFZ000003:pricingInfoDisplay']' is present
	at com.kms.katalon.core.webui.keyword.internal.WebUIKeywordMain.stepFailed(WebUIKeywordMain.groovy:64)
	at com.kms.katalon.core.webui.keyword.internal.WebUIKeywordMain.runKeyword(WebUIKeywordMain.groovy:26)
	at com.kms.katalon.core.webui.keyword.builtin.VerifyElementPresentKeyword.verifyElementPresent(VerifyElementPresentKeyword.groovy:92)
	at com.kms.katalon.core.webui.keyword.builtin.VerifyElementPresentKeyword.execute(VerifyElementPresentKeyword.groovy:68)
	at com.kms.katalon.core.keyword.internal.KeywordExecutor.executeKeywordForPlatform(KeywordExecutor.groovy:56)
	at com.kms.katalon.core.webui.keyword.WebUiBuiltInKeywords.verifyElementPresent(WebUiBuiltInKeywords.groovy:1418)
	at com.kms.katalon.core.webui.keyword.WebUiBuiltInKeywords$verifyElementPresent$14.call(Unknown Source)
	at DMSTC-2920_CreateContractFromEventContentWithAPCLot.run(DMSTC-2920_CreateContractFromEventContentWithAPCLot:194)
	at com.kms.katalon.core.main.ScriptEngine.run(ScriptEngine.java:194)
	at com.kms.katalon.core.main.ScriptEngine.runScriptAsRawText(ScriptEngine.java:119)
	at com.kms.katalon.core.main.TestCaseExecutor.runScript(TestCaseExecutor.java:331)
	at com.kms.katalon.core.main.TestCaseExecutor.doExecute(TestCaseExecutor.java:322)
	at com.kms.katalon.core.main.TestCaseExecutor.processExecutionPhase(TestCaseExecutor.java:301)
	at com.kms.katalon.core.main.TestCaseExecutor.accessMainPhase(TestCaseExecutor.java:293)
	at com.kms.katalon.core.main.TestCaseExecutor.execute(TestCaseExecutor.java:227)
	at com.kms.katalon.core.main.TestSuiteExecutor.accessTestCaseMainPhase(TestSuiteExecutor.java:129)
	at com.kms.katalon.core.main.TestSuiteExecutor.accessTestSuiteMainPhase(TestSuiteExecutor.java:112)
	at com.kms.katalon.core.main.TestSuiteExecutor.execute(TestSuiteExecutor.java:81)
	at com.kms.katalon.core.main.TestCaseMain.startTestSuite(TestCaseMain.java:157)
	at com.kms.katalon.core.main.TestCaseMain$startTestSuite$0.call(Unknown Source)
	at TempTestSuite1584329506754.run(TempTestSuite1584329506754.groovy:35)
Caused by: com.kms.katalon.core.exception.StepFailedException: com.kms.katalon.core.webui.exception.WebElementNotFoundException: Web element with id: '//a[@awname='0.3_RITASHORTSTRINGIFZ000003Computed Term::RITASHORTSTRINGIFZ000003:pricingInfoDisplay']' located by 'By.xpath: //a[@awname='0.3_RITASHORTSTRINGIFZ000003Computed Term::RITASHORTSTRINGIFZ000003:pricingInfoDisplay']' not found
	at com.kms.katalon.core.webui.keyword.internal.WebUIKeywordMain.stepFailed(WebUIKeywordMain.groovy:64)
	at com.kms.katalon.core.webui.keyword.builtin.VerifyElementPresentKeyword$_verifyElementPresent_closure1.doCall(VerifyElementPresentKeyword.groovy:85)
	at com.kms.katalon.core.webui.keyword.builtin.VerifyElementPresentKeyword$_verifyElementPresent_closure1.call(VerifyElementPresentKeyword.groovy)
	at com.kms.katalon.core.webui.keyword.internal.WebUIKeywordMain.runKeyword(WebUIKeywordMain.groovy:20)
	... 19 more
)
[[ATTACHMENT|/Users/i331477/git/S4MicroServiceKatalon/Reports/TestSuite/20200316_090146/1584331052069.png]]

2020-03-16 09:27:33 - [MESSAGE][FAILED] - verifyElementPresent(apcLink, 3, STOP_ON_FAILURE) FAILED.
Reason:
com.kms.katalon.core.exception.StepFailedException: Unable to verify object '//a[@awname='0.3_RITASHORTSTRINGIFZ000003Computed Term::RITASHORTSTRINGIFZ000003:pricingInfoDisplay']' is present
	at com.kms.katalon.core.webui.keyword.internal.WebUIKeywordMain.stepFailed(WebUIKeywordMain.groovy:64)
	at com.kms.katalon.core.webui.keyword.internal.WebUIKeywordMain.runKeyword(WebUIKeywordMain.groovy:26)
	at com.kms.katalon.core.webui.keyword.builtin.VerifyElementPresentKeyword.verifyElementPresent(VerifyElementPresentKeyword.groovy:92)
	at com.kms.katalon.core.webui.keyword.builtin.VerifyElementPresentKeyword.execute(VerifyElementPresentKeyword.groovy:68)
	at com.kms.katalon.core.keyword.internal.KeywordExecutor.executeKeywordForPlatform(KeywordExecutor.groovy:56)
	at com.kms.katalon.core.webui.keyword.WebUiBuiltInKeywords.verifyElementPresent(WebUiBuiltInKeywords.groovy:1418)
	at com.kms.katalon.core.webui.keyword.WebUiBuiltInKeywords$verifyElementPresent$14.call(Unknown Source)
	at DMSTC-2920_CreateContractFromEventContentWithAPCLot.run(DMSTC-2920_CreateContractFromEventContentWithAPCLot:194)
	at com.kms.katalon.core.main.ScriptEngine.run(ScriptEngine.java:194)
	at com.kms.katalon.core.main.ScriptEngine.runScriptAsRawText(ScriptEngine.java:119)
	at com.kms.katalon.core.main.TestCaseExecutor.runScript(TestCaseExecutor.java:331)
	at com.kms.katalon.core.main.TestCaseExecutor.doExecute(TestCaseExecutor.java:322)
	at com.kms.katalon.core.main.TestCaseExecutor.processExecutionPhase(TestCaseExecutor.java:301)
	at com.kms.katalon.core.main.TestCaseExecutor.accessMainPhase(TestCaseExecutor.java:293)
	at com.kms.katalon.core.main.TestCaseExecutor.execute(TestCaseExecutor.java:227)
	at com.kms.katalon.core.main.TestSuiteExecutor.accessTestCaseMainPhase(TestSuiteExecutor.java:129)
	at com.kms.katalon.core.main.TestSuiteExecutor.accessTestSuiteMainPhase(TestSuiteExecutor.java:112)
	at com.kms.katalon.core.main.TestSuiteExecutor.execute(TestSuiteExecutor.java:81)
	at com.kms.katalon.core.main.TestCaseMain.startTestSuite(TestCaseMain.java:157)
	at com.kms.katalon.core.main.TestCaseMain$startTestSuite$0.call(Unknown Source)
	at TempTestSuite1584329506754.run(TempTestSuite1584329506754.groovy:35)
Caused by: com.kms.katalon.core.exception.StepFailedException: com.kms.katalon.core.webui.exception.WebElementNotFoundException: Web element with id: '//a[@awname='0.3_RITASHORTSTRINGIFZ000003Computed Term::RITASHORTSTRINGIFZ000003:pricingInfoDisplay']' located by 'By.xpath: //a[@awname='0.3_RITASHORTSTRINGIFZ000003Computed Term::RITASHORTSTRINGIFZ000003:pricingInfoDisplay']' not found
	at com.kms.katalon.core.webui.keyword.internal.WebUIKeywordMain.stepFailed(WebUIKeywordMain.groovy:64)
	at com.kms.katalon.core.webui.keyword.builtin.VerifyElementPresentKeyword$_verifyElementPresent_closure1.doCall(VerifyElementPresentKeyword.groovy:85)
	at com.kms.katalon.core.webui.keyword.builtin.VerifyElementPresentKeyword$_verifyElementPresent_closure1.call(VerifyElementPresentKeyword.groovy)
	at com.kms.katalon.core.webui.keyword.internal.WebUIKeywordMain.runKeyword(WebUIKeywordMain.groovy:20)
	... 19 more]]></system-out>
         <system-err><![CDATA[2020-03-16 09:20:39 - [TEST_CASE][FAILED] - Test Cases/DMS/PricingConditionSupportForLots - Copy/DMSTC-2920_CreateContractFromEventContentWithAPCLot: Test Cases/DMS/PricingConditionSupportForLots - Copy/DMSTC-2920_CreateContractFromEventContentWithAPCLot FAILED.
Reason:
com.kms.katalon.core.exception.StepFailedException: Unable to verify object '//a[@awname='0.3_RITASHORTSTRINGIFZ000003Computed Term::RITASHORTSTRINGIFZ000003:pricingInfoDisplay']' is present
	at com.kms.katalon.core.webui.keyword.internal.WebUIKeywordMain.stepFailed(WebUIKeywordMain.groovy:64)
	at com.kms.katalon.core.webui.keyword.internal.WebUIKeywordMain.runKeyword(WebUIKeywordMain.groovy:26)
	at com.kms.katalon.core.webui.keyword.builtin.VerifyElementPresentKeyword.verifyElementPresent(VerifyElementPresentKeyword.groovy:92)
	at com.kms.katalon.core.webui.keyword.builtin.VerifyElementPresentKeyword.execute(VerifyElementPresentKeyword.groovy:68)
	at com.kms.katalon.core.keyword.internal.KeywordExecutor.executeKeywordForPlatform(KeywordExecutor.groovy:56)
	at com.kms.katalon.core.webui.keyword.WebUiBuiltInKeywords.verifyElementPresent(WebUiBuiltInKeywords.groovy:1418)
	at com.kms.katalon.core.webui.keyword.WebUiBuiltInKeywords$verifyElementPresent$14.call(Unknown Source)
	at DMSTC-2920_CreateContractFromEventContentWithAPCLot.run(DMSTC-2920_CreateContractFromEventContentWithAPCLot:194)
	at com.kms.katalon.core.main.ScriptEngine.run(ScriptEngine.java:194)
	at com.kms.katalon.core.main.ScriptEngine.runScriptAsRawText(ScriptEngine.java:119)
	at com.kms.katalon.core.main.TestCaseExecutor.runScript(TestCaseExecutor.java:331)
	at com.kms.katalon.core.main.TestCaseExecutor.doExecute(TestCaseExecutor.java:322)
	at com.kms.katalon.core.main.TestCaseExecutor.processExecutionPhase(TestCaseExecutor.java:301)
	at com.kms.katalon.core.main.TestCaseExecutor.accessMainPhase(TestCaseExecutor.java:293)
	at com.kms.katalon.core.main.TestCaseExecutor.execute(TestCaseExecutor.java:227)
	at com.kms.katalon.core.main.TestSuiteExecutor.accessTestCaseMainPhase(TestSuiteExecutor.java:129)
	at com.kms.katalon.core.main.TestSuiteExecutor.accessTestSuiteMainPhase(TestSuiteExecutor.java:112)
	at com.kms.katalon.core.main.TestSuiteExecutor.execute(TestSuiteExecutor.java:81)
	at com.kms.katalon.core.main.TestCaseMain.startTestSuite(TestCaseMain.java:157)
	at com.kms.katalon.core.main.TestCaseMain$startTestSuite$0.call(Unknown Source)
	at TempTestSuite1584329506754.run(TempTestSuite1584329506754.groovy:35)
Caused by: com.kms.katalon.core.exception.StepFailedException: com.kms.katalon.core.webui.exception.WebElementNotFoundException: Web element with id: '//a[@awname='0.3_RITASHORTSTRINGIFZ000003Computed Term::RITASHORTSTRINGIFZ000003:pricingInfoDisplay']' located by 'By.xpath: //a[@awname='0.3_RITASHORTSTRINGIFZ000003Computed Term::RITASHORTSTRINGIFZ000003:pricingInfoDisplay']' not found
	at com.kms.katalon.core.webui.keyword.internal.WebUIKeywordMain.stepFailed(WebUIKeywordMain.groovy:64)
	at com.kms.katalon.core.webui.keyword.builtin.VerifyElementPresentKeyword$_verifyElementPresent_closure1.doCall(VerifyElementPresentKeyword.groovy:85)
	at com.kms.katalon.core.webui.keyword.builtin.VerifyElementPresentKeyword$_verifyElementPresent_closure1.call(VerifyElementPresentKeyword.groovy)
	at com.kms.katalon.core.webui.keyword.internal.WebUIKeywordMain.runKeyword(WebUIKeywordMain.groovy:20)
	... 19 more]]></system-err>
      </testcase>
      <testcase name="Test Cases/DMS/PricingConditionSupportForLots - Copy/DMSTC-2922_AppendContractFromEventContentHavingAPCLot" classname="Test Cases/DMS/PricingConditionSupportForLots - Copy/DMSTC-2922_AppendContractFromEventContentHavingAPCLot" status="ERROR">
         <error type="ERROR" message="Test Cases/DMS/PricingConditionSupportForLots - Copy/DMSTC-2922_AppendContractFromEventContentHavingAPCLot FAILED.
Reason:
org.codehaus.groovy.control.MultipleCompilationErrorsException: startup failed:
file:/Users/i331477/git/S4MicroServiceKatalon/Scripts/DMS/PricingConditionSupportForLots%20-%20Copy/DMSTC-2922_AppendContractFromEventContentHavingAPCLot/Script1584329087896.groovy: 285: The current scope already contains a variable of the name driver
 @ line 285, column 11.
   WebDriver driver = DriverFactory.getWebDriver()
             ^

1 error

	at com.kms.katalon.core.main.ScriptEngine.getScript(ScriptEngine.java:199)
	at com.kms.katalon.core.main.ScriptEngine.run(ScriptEngine.java:194)
	at com.kms.katalon.core.main.ScriptEngine.runScriptAsRawText(ScriptEngine.java:119)
	at com.kms.katalon.core.main.TestCaseExecutor.runScript(TestCaseExecutor.java:331)
	at com.kms.katalon.core.main.TestCaseExecutor.doExecute(TestCaseExecutor.java:322)
	at com.kms.katalon.core.main.TestCaseExecutor.processExecutionPhase(TestCaseExecutor.java:301)
	at com.kms.katalon.core.main.TestCaseExecutor.accessMainPhase(TestCaseExecutor.java:293)
	at com.kms.katalon.core.main.TestCaseExecutor.execute(TestCaseExecutor.java:227)
	at com.kms.katalon.core.main.TestSuiteExecutor.accessTestCaseMainPhase(TestSuiteExecutor.java:129)
	at com.kms.katalon.core.main.TestSuiteExecutor.accessTestSuiteMainPhase(TestSuiteExecutor.java:112)
	at com.kms.katalon.core.main.TestSuiteExecutor.execute(TestSuiteExecutor.java:81)
	at com.kms.katalon.core.main.TestCaseMain.startTestSuite(TestCaseMain.java:157)
	at com.kms.katalon.core.main.TestCaseMain$startTestSuite$0.call(Unknown Source)
	at TempTestSuite1584329506754.run(TempTestSuite1584329506754.groovy:35)
"/>
         <system-out><![CDATA[2020-03-16 09:27:33 - [TEST_CASE][ERROR] - Test Cases/DMS/PricingConditionSupportForLots - Copy/DMSTC-2922_AppendContractFromEventContentHavingAPCLot: Test Cases/DMS/PricingConditionSupportForLots - Copy/DMSTC-2922_AppendContractFromEventContentHavingAPCLot FAILED.
Reason:
org.codehaus.groovy.control.MultipleCompilationErrorsException: startup failed:
file:/Users/i331477/git/S4MicroServiceKatalon/Scripts/DMS/PricingConditionSupportForLots%20-%20Copy/DMSTC-2922_AppendContractFromEventContentHavingAPCLot/Script1584329087896.groovy: 285: The current scope already contains a variable of the name driver
 @ line 285, column 11.
   WebDriver driver = DriverFactory.getWebDriver()
             ^

1 error

	at com.kms.katalon.core.main.ScriptEngine.getScript(ScriptEngine.java:199)
	at com.kms.katalon.core.main.ScriptEngine.run(ScriptEngine.java:194)
	at com.kms.katalon.core.main.ScriptEngine.runScriptAsRawText(ScriptEngine.java:119)
	at com.kms.katalon.core.main.TestCaseExecutor.runScript(TestCaseExecutor.java:331)
	at com.kms.katalon.core.main.TestCaseExecutor.doExecute(TestCaseExecutor.java:322)
	at com.kms.katalon.core.main.TestCaseExecutor.processExecutionPhase(TestCaseExecutor.java:301)
	at com.kms.katalon.core.main.TestCaseExecutor.accessMainPhase(TestCaseExecutor.java:293)
	at com.kms.katalon.core.main.TestCaseExecutor.execute(TestCaseExecutor.java:227)
	at com.kms.katalon.core.main.TestSuiteExecutor.accessTestCaseMainPhase(TestSuiteExecutor.java:129)
	at com.kms.katalon.core.main.TestSuiteExecutor.accessTestSuiteMainPhase(TestSuiteExecutor.java:112)
	at com.kms.katalon.core.main.TestSuiteExecutor.execute(TestSuiteExecutor.java:81)
	at com.kms.katalon.core.main.TestCaseMain.startTestSuite(TestCaseMain.java:157)
	at com.kms.katalon.core.main.TestCaseMain$startTestSuite$0.call(Unknown Source)
	at TempTestSuite1584329506754.run(TempTestSuite1584329506754.groovy:35)


2020-03-16 09:27:33 - [TEST_STEP][PASSED] - Start listener action : sampleBeforeTestCase: null

2020-03-16 09:27:33 - [TEST_STEP][PASSED] - println(testCaseContext.getTestCaseId()): null

2020-03-16 09:27:33 - [TEST_STEP][PASSED] - println(testCaseContext.getTestCaseVariables()): null

2020-03-16 09:27:33 - [TEST_STEP][PASSED] - fileName = "TestData.xlsx": null

2020-03-16 09:27:33 - [TEST_STEP][PASSED] - fileRelPath = "/Test Files/dms/ExcelValidations/": null

2020-03-16 09:27:33 - [TEST_STEP][PASSED] - sheetName = "Shashi_pricingConditions": null

2020-03-16 09:27:33 - [TEST_STEP][PASSED] - dataTableName = "DataSet7": null

2020-03-16 09:27:33 - [TEST_STEP][PASSED] - columnHeader = "toggles": null]]></system-out>
         <system-err><![CDATA[2020-03-16 09:27:33 - [TEST_CASE][ERROR] - Test Cases/DMS/PricingConditionSupportForLots - Copy/DMSTC-2922_AppendContractFromEventContentHavingAPCLot: Test Cases/DMS/PricingConditionSupportForLots - Copy/DMSTC-2922_AppendContractFromEventContentHavingAPCLot FAILED.
Reason:
org.codehaus.groovy.control.MultipleCompilationErrorsException: startup failed:
file:/Users/i331477/git/S4MicroServiceKatalon/Scripts/DMS/PricingConditionSupportForLots%20-%20Copy/DMSTC-2922_AppendContractFromEventContentHavingAPCLot/Script1584329087896.groovy: 285: The current scope already contains a variable of the name driver
 @ line 285, column 11.
   WebDriver driver = DriverFactory.getWebDriver()
             ^

1 error

	at com.kms.katalon.core.main.ScriptEngine.getScript(ScriptEngine.java:199)
	at com.kms.katalon.core.main.ScriptEngine.run(ScriptEngine.java:194)
	at com.kms.katalon.core.main.ScriptEngine.runScriptAsRawText(ScriptEngine.java:119)
	at com.kms.katalon.core.main.TestCaseExecutor.runScript(TestCaseExecutor.java:331)
	at com.kms.katalon.core.main.TestCaseExecutor.doExecute(TestCaseExecutor.java:322)
	at com.kms.katalon.core.main.TestCaseExecutor.processExecutionPhase(TestCaseExecutor.java:301)
	at com.kms.katalon.core.main.TestCaseExecutor.accessMainPhase(TestCaseExecutor.java:293)
	at com.kms.katalon.core.main.TestCaseExecutor.execute(TestCaseExecutor.java:227)
	at com.kms.katalon.core.main.TestSuiteExecutor.accessTestCaseMainPhase(TestSuiteExecutor.java:129)
	at com.kms.katalon.core.main.TestSuiteExecutor.accessTestSuiteMainPhase(TestSuiteExecutor.java:112)
	at com.kms.katalon.core.main.TestSuiteExecutor.execute(TestSuiteExecutor.java:81)
	at com.kms.katalon.core.main.TestCaseMain.startTestSuite(TestCaseMain.java:157)
	at com.kms.katalon.core.main.TestCaseMain$startTestSuite$0.call(Unknown Source)
	at TempTestSuite1584329506754.run(TempTestSuite1584329506754.groovy:35)]]></system-err>
      </testcase>
      <testcase name="Test Cases/DMS/PricingConditionSupportForLots - Copy/DMSTC-2915_CreateEventHavingBasketLotWithAPCTerms" classname="Test Cases/DMS/PricingConditionSupportForLots - Copy/DMSTC-2915_CreateEventHavingBasketLotWithAPCTerms" status="PASSED">
         <system-out><![CDATA[2020-03-16 09:27:33 - [TEST_CASE][PASSED] - Test Cases/DMS/PricingConditionSupportForLots - Copy/DMSTC-2915_CreateEventHavingBasketLotWithAPCTerms: Test Cases/DMS/PricingConditionSupportForLots - Copy/DMSTC-2915_CreateEventHavingBasketLotWithAPCTerms

2020-03-16 09:27:33 - [TEST_STEP][PASSED] - Start listener action : sampleBeforeTestCase: null

2020-03-16 09:27:33 - [TEST_STEP][PASSED] - println(testCaseContext.getTestCaseId()): null

2020-03-16 09:27:33 - [TEST_STEP][PASSED] - println(testCaseContext.getTestCaseVariables()): null

2020-03-16 09:27:33 - [TEST_STEP][PASSED] - fileName = "TestData.xlsx": null

2020-03-16 09:27:33 - [TEST_STEP][PASSED] - fileRelPath = "/Test Files/dms/ExcelValidations/": null

2020-03-16 09:27:33 - [TEST_STEP][PASSED] - sheetName = "Shashi_pricingConditions": null

2020-03-16 09:27:33 - [TEST_STEP][PASSED] - dataTableName = "DataSet7": null

2020-03-16 09:27:33 - [TEST_STEP][PASSED] - columnHeader = "toggles": null

2020-03-16 09:27:33 - [TEST_STEP][PASSED] - APCRULE_LOC = "//label[@awname='AllowAdvancedPricingConditions_selectedItem::AdvancedPricingConditionRuleView_AllowAdvancedPricingConditions:currChoice']": null

2020-03-16 09:27:33 - [TEST_STEP][PASSED] - VALIDITYPERIOD_LOC = "//div[@awname='AdvancedPricingConditionRule.ValidityPeriodType::AdvancedPricingConditionRuleView_AdvancedPricingConditionRule.ValidityPeriodType:itemList']": null

2020-03-16 09:27:33 - [TEST_STEP][PASSED] - STARTDATE_LOC = "//input[@awname='AdvancedPricingConditionRule.ValidityPeriodStartDate::AdvancedPricingConditionRuleView_AdvancedPricingConditionRule.ValidityPeriodStartDate:textFieldAction_1']": null

2020-03-16 09:27:33 - [TEST_STEP][PASSED] - PERIOD_LOC = "//input[@awname='AdvancedPricingConditionRule.ValidityPeriodDuration::AdvancedPricingConditionRuleView_AdvancedPricingConditionRule.ValidityPeriodDuration:fieldValue']": null

2020-03-16 09:27:33 - [TEST_STEP][PASSED] - SCALETYPE_LOC = "//div[@awname='AdvancedPricingConditionRule.VolumeScaleType::AdvancedPricingConditionRuleView_AdvancedPricingConditionRule.VolumeScaleType:itemList']": null

2020-03-16 09:27:33 - [TEST_STEP][PASSED] - SCALE_LOC = "//input[@awname='AdvancedPricingConditionRule.Volumes::AdvancedPricingConditionRuleView_AdvancedPricingConditionRule.Volumes:newEntry']": null

2020-03-16 09:27:33 - [TEST_STEP][PASSED] - APCLOT_LOC = "//tr[@awname='0.4::AWRefreshRegion']//a//b[text()='Basket Lot']": null

2020-03-16 09:27:33 - [TEST_STEP][PASSED] - LOTCHILDITEM_LOC = "//tr[@awname='0.4_0.4.1::AWRefreshRegion']": null

2020-03-16 09:27:33 - [TEST_STEP][PASSED] - APCLINK_LOC = "//a[@awname='0.4_RITASHORTSTRINGIFZ000002::RITASHORTSTRINGIFZ000002:pricingInfoDisplay']": null

2020-03-16 09:27:33 - [TEST_STEP][PASSED] - LOT_TERM_APC_PRICE_LOC = "//input[@awname='_DerivedStringValue::PCCostTermView_DerivedStringValue:fieldValue']": null

2020-03-16 09:27:33 - [TEST_STEP][PASSED] - service = baseURL: null

2020-03-16 09:27:33 - [TEST_STEP][PASSED] - realm = realm: null

2020-03-16 09:27:33 - [TEST_STEP][PASSED] - appLoginUrl = service + "/Sourcing/Main?realm=" + realm: null

2020-03-16 09:27:33 - [TEST_STEP][PASSED] - userName = "customersupportadmin": null

2020-03-16 09:27:33 - [TEST_STEP][PASSED] - sourcingEvent = sourcingEvent + System.currentTimeMillis(): null

2020-03-16 09:27:33 - [TEST_STEP][PASSED] - callTestCase(findTestCase("DMS/UtilTests/LoginIntoApp"), ["appLoginUrl":appLoginUrl, "userName":userName], STOP_ON_FAILURE): Call Test Case 'Test Cases/DMS/UtilTests/LoginIntoApp' successfully

2020-03-16 09:27:33 - [TEST_CASE][PASSED] - Test Cases/DMS/UtilTests/LoginIntoApp: Test Cases/DMS/UtilTests/LoginIntoApp

2020-03-16 09:27:33 - [TEST_STEP][PASSED] - openBrowser(""): Browser is opened with url: ''

2020-03-16 09:27:33 - [MESSAGE][WARNING] - A browser is already opened. Closing browser and opening a new one

2020-03-16 09:27:34 - [MESSAGE][INFO] - Starting 'Remote' driver

2020-03-16 09:27:34 - [MESSAGE][INFO] - User set preference: ['browserName', 'chrome']

2020-03-16 09:27:34 - [MESSAGE][INFO] - Connecting to remote web server 'http://10.173.0.211:4444/wd/hub' with type 'Selenium'

2020-03-16 09:27:36 - [MESSAGE][PASSED] - Browser is opened with url: ''

2020-03-16 09:27:36 - [TEST_STEP][PASSED] - navigateToUrl(appLoginUrl): Navigate to 'https://svcdev7ss.ariba.com/Sourcing/Main?realm=s4SVAll' successfully

2020-03-16 09:27:37 - [MESSAGE][PASSED] - Navigate to 'https://svcdev7ss.ariba.com/Sourcing/Main?realm=s4SVAll' successfully

2020-03-16 09:27:37 - [TEST_STEP][PASSED] - common.util.aribakeywords.aribaClick(findTestObject("Object Repository/a_Test Central")): Element has been clicked

2020-03-16 09:27:38 - [MESSAGE][PASSED] - Object 'Object Repository/a_Test Central' is clickable

2020-03-16 09:27:39 - [MESSAGE][PASSED] - Scroll to object 'Object Repository/a_Test Central' successfully

2020-03-16 09:27:40 - [MESSAGE][PASSED] - Object 'Object Repository/a_Test Central' is visible

2020-03-16 09:27:41 - [MESSAGE][INFO] - Clicking element

2020-03-16 09:27:43 - [MESSAGE][PASSED] - Object: 'Object Repository/a_Test Central' is clicked on

2020-03-16 09:27:43 - [MESSAGE][INFO] - ************* JS EXECUTED ************: true

2020-03-16 09:27:44 - [MESSAGE][PASSED] - Delayed 1 second(s)

2020-03-16 09:27:44 - [MESSAGE][PASSED] - Element has been clicked

2020-03-16 09:27:44 - [TEST_STEP][PASSED] - setText(findTestObject("Object Repository/testcentralpageusername"), userName): Text 'customersupportadmin' is set on object 'Object Repository/testcentralpageusername'

2020-03-16 09:27:46 - [MESSAGE][PASSED] - Text 'customersupportadmin' is set on object 'Object Repository/testcentralpageusername'

2020-03-16 09:27:46 - [TEST_STEP][PASSED] - common.util.aribakeywords.aribaClick(findTestObject("Object Repository/testcentralsetuserbutton")): Element has been clicked

2020-03-16 09:27:47 - [MESSAGE][PASSED] - Object 'Object Repository/testcentralsetuserbutton' is clickable

2020-03-16 09:27:48 - [MESSAGE][PASSED] - Scroll to object 'Object Repository/testcentralsetuserbutton' successfully

2020-03-16 09:27:49 - [MESSAGE][PASSED] - Object 'Object Repository/testcentralsetuserbutton' is visible

2020-03-16 09:27:51 - [MESSAGE][INFO] - Clicking element

2020-03-16 09:27:52 - [MESSAGE][PASSED] - Object: 'Object Repository/testcentralsetuserbutton' is clicked on

2020-03-16 09:27:54 - [MESSAGE][INFO] - ************* JS EXECUTED ************: false

2020-03-16 09:27:55 - [MESSAGE][PASSED] - Delayed 1 second(s)

2020-03-16 09:27:56 - [MESSAGE][INFO] - ************* JS EXECUTED ************: true

2020-03-16 09:27:57 - [MESSAGE][PASSED] - Delayed 1 second(s)

2020-03-16 09:27:57 - [MESSAGE][PASSED] - Element has been clicked

2020-03-16 09:27:57 - [MESSAGE][PASSED] - Call Test Case 'Test Cases/DMS/UtilTests/LoginIntoApp' successfully

2020-03-16 09:27:57 - [TEST_STEP][PASSED] - callTestCase(findTestCase("DMS/UtilTests/CreateSourcingEvent"), ["sourcingEvent":sourcingEvent, "eventType":eventType, "rfpEventTemplate":rfpEventTemplate, "eventContentFileName":eventContentFileName, ... ], STOP_ON_FAILURE): Call Test Case 'Test Cases/DMS/UtilTests/CreateSourcingEvent' successfully

2020-03-16 09:27:57 - [TEST_CASE][PASSED] - Test Cases/DMS/UtilTests/CreateSourcingEvent: Test Cases/DMS/UtilTests/CreateSourcingEvent

2020-03-16 09:27:57 - [TEST_STEP][PASSED] - common.util.aribakeywords.aribaClick(findTestObject("Object Repository/a_TA..")): Element has been clicked

2020-03-16 09:27:58 - [MESSAGE][PASSED] - Object 'Object Repository/a_TA..' is clickable

2020-03-16 09:27:59 - [MESSAGE][PASSED] - Scroll to object 'Object Repository/a_TA..' successfully

2020-03-16 09:28:00 - [MESSAGE][PASSED] - Object 'Object Repository/a_TA..' is visible

2020-03-16 09:28:01 - [MESSAGE][INFO] - Clicking element

2020-03-16 09:28:02 - [MESSAGE][PASSED] - Object: 'Object Repository/a_TA..' is clicked on

2020-03-16 09:28:03 - [MESSAGE][INFO] - ************* JS EXECUTED ************: true

2020-03-16 09:28:04 - [MESSAGE][PASSED] - Delayed 1 second(s)

2020-03-16 09:28:04 - [MESSAGE][PASSED] - Element has been clicked

2020-03-16 09:28:04 - [TEST_STEP][PASSED] - common.util.aribakeywords.aribaClick(findTestObject("Object Repository/testCentral")): Element has been clicked

2020-03-16 09:28:05 - [MESSAGE][PASSED] - Object 'Object Repository/testCentral' is clickable

2020-03-16 09:28:06 - [MESSAGE][PASSED] - Scroll to object 'Object Repository/testCentral' successfully

2020-03-16 09:28:07 - [MESSAGE][PASSED] - Object 'Object Repository/testCentral' is visible

2020-03-16 09:28:08 - [MESSAGE][INFO] - Clicking element

2020-03-16 09:28:09 - [MESSAGE][PASSED] - Object: 'Object Repository/testCentral' is clicked on

2020-03-16 09:28:10 - [MESSAGE][INFO] - ************* JS EXECUTED ************: true

2020-03-16 09:28:11 - [MESSAGE][PASSED] - Delayed 1 second(s)

2020-03-16 09:28:11 - [MESSAGE][PASSED] - Element has been clicked

2020-03-16 09:28:11 - [TEST_STEP][PASSED] - common.util.aribakeywords.aribaClick(findTestObject("Object Repository/a_Create Sourcing Event")): Element has been clicked

2020-03-16 09:28:12 - [MESSAGE][PASSED] - Object 'Object Repository/a_Create Sourcing Event' is clickable

2020-03-16 09:28:13 - [MESSAGE][PASSED] - Scroll to object 'Object Repository/a_Create Sourcing Event' successfully

2020-03-16 09:28:14 - [MESSAGE][PASSED] - Object 'Object Repository/a_Create Sourcing Event' is visible

2020-03-16 09:28:15 - [MESSAGE][INFO] - Clicking element

2020-03-16 09:28:16 - [MESSAGE][PASSED] - Object: 'Object Repository/a_Create Sourcing Event' is clicked on

2020-03-16 09:28:17 - [MESSAGE][INFO] - ************* JS EXECUTED ************: true

2020-03-16 09:28:18 - [MESSAGE][PASSED] - Delayed 1 second(s)

2020-03-16 09:28:18 - [MESSAGE][PASSED] - Element has been clicked

2020-03-16 09:28:18 - [TEST_STEP][PASSED] - common.util.aribakeywords.waitForPageToLoad(3): common.util.aribakeywords.waitForPageToLoad is PASSED

2020-03-16 09:28:19 - [MESSAGE][INFO] - ************* JS EXECUTED ************: true

2020-03-16 09:28:20 - [MESSAGE][PASSED] - Delayed 1 second(s)

2020-03-16 09:28:20 - [MESSAGE][PASSED] - common.util.aribakeywords.waitForPageToLoad is PASSED

2020-03-16 09:28:20 - [TEST_STEP][PASSED] - common.util.aribakeywords.aribaClick(findTestObject("Object Repository/input_Name of event__vusb0b")): Element has been clicked

2020-03-16 09:28:21 - [MESSAGE][PASSED] - Object 'Object Repository/input_Name of event__vusb0b' is clickable

2020-03-16 09:28:22 - [MESSAGE][PASSED] - Scroll to object 'Object Repository/input_Name of event__vusb0b' successfully

2020-03-16 09:28:23 - [MESSAGE][PASSED] - Object 'Object Repository/input_Name of event__vusb0b' is visible

2020-03-16 09:28:24 - [MESSAGE][INFO] - Clicking element

2020-03-16 09:28:25 - [MESSAGE][PASSED] - Object: 'Object Repository/input_Name of event__vusb0b' is clicked on

2020-03-16 09:28:26 - [MESSAGE][INFO] - ************* JS EXECUTED ************: true

2020-03-16 09:28:27 - [MESSAGE][PASSED] - Delayed 1 second(s)

2020-03-16 09:28:27 - [MESSAGE][PASSED] - Element has been clicked

2020-03-16 09:28:27 - [TEST_STEP][PASSED] - setText(findTestObject("Object Repository/input_Name of event__vusb0b"), sourcingEvent): Text 'EventLotWithAPCTerm_1584331053505' is set on object 'Object Repository/input_Name of event__vusb0b'

2020-03-16 09:28:29 - [MESSAGE][PASSED] - Text 'EventLotWithAPCTerm_1584331053505' is set on object 'Object Repository/input_Name of event__vusb0b'

2020-03-16 09:28:29 - [TEST_STEP][PASSED] - eventType = eventType: null

2020-03-16 09:28:29 - [TEST_STEP][PASSED] - selectOptionByValue(findTestObject("Page_TestStagerForm/select_(no selection)RFIRFPRFP"), eventType, true): All options with value '1' are selected in object 'Object Repository/Page_TestStagerForm/select_(no selection)RFIRFPRFP'  using regular expression

2020-03-16 09:28:40 - [MESSAGE][PASSED] - All options with value '1' are selected in object 'Object Repository/Page_TestStagerForm/select_(no selection)RFIRFPRFP'  using regular expression

2020-03-16 09:28:40 - [TEST_STEP][PASSED] - setText(findTestObject("Object Repository/input_Event Template Name__qty"), rfpEventTemplate): Text 'BasketLotTemplateforAPC' is set on object 'Object Repository/input_Event Template Name__qty'

2020-03-16 09:28:42 - [MESSAGE][PASSED] - Text 'BasketLotTemplateforAPC' is set on object 'Object Repository/input_Event Template Name__qty'

2020-03-16 09:28:42 - [TEST_STEP][PASSED] - setText(findTestObject("Object Repository/input_Event excel file to uplo"), eventContentFileName): Text 'BasketLotWithAPCEventContent.xls' is set on object 'Object Repository/input_Event excel file to uplo'

2020-03-16 09:28:44 - [MESSAGE][PASSED] - Text 'BasketLotWithAPCEventContent.xls' is set on object 'Object Repository/input_Event excel file to uplo'

2020-03-16 09:28:44 - [TEST_STEP][PASSED] - eventEndState = eventEndState: null

2020-03-16 09:28:44 - [TEST_STEP][PASSED] - selectOptionByValue(findTestObject("Object Repository/select_(no selection)draftprev"), eventEndState, true): All options with value '0' are selected in object 'Object Repository/select_(no selection)draftprev'  using regular expression

2020-03-16 09:28:53 - [MESSAGE][PASSED] - All options with value '0' are selected in object 'Object Repository/select_(no selection)draftprev'  using regular expression

2020-03-16 09:28:53 - [TEST_STEP][PASSED] - setText(findTestObject("Object Repository/input_Number Of Bids__yf32cb"), numberOfBids): Text '1' is set on object 'Object Repository/input_Number Of Bids__yf32cb'

2020-03-16 09:28:54 - [MESSAGE][PASSED] - Text '1' is set on object 'Object Repository/input_Number Of Bids__yf32cb'

2020-03-16 09:28:54 - [TEST_STEP][PASSED] - common.util.aribakeywords.aribaClick(findTestObject("Object Repository/div_Run Stager")): common.util.aribakeywords.aribaClick is PASSED

2020-03-16 09:28:55 - [MESSAGE][PASSED] - Object 'Object Repository/div_Run Stager' is clickable

2020-03-16 09:28:56 - [MESSAGE][PASSED] - Scroll to object 'Object Repository/div_Run Stager' successfully

2020-03-16 09:28:57 - [MESSAGE][PASSED] - Object 'Object Repository/div_Run Stager' is visible

2020-03-16 09:29:00 - [MESSAGE][PASSED] - Object: 'Object Repository/div_Run Stager' is clicked on

2020-03-16 09:29:01 - [MESSAGE][INFO] - ************* JS EXECUTED ************: false

2020-03-16 09:29:02 - [MESSAGE][PASSED] - Delayed 1 second(s)

2020-03-16 09:29:02 - [MESSAGE][INFO] - ************* JS EXECUTED ************: false

2020-03-16 09:29:03 - [MESSAGE][PASSED] - Delayed 1 second(s)

2020-03-16 09:29:04 - [MESSAGE][INFO] - ************* JS EXECUTED ************: false

2020-03-16 09:29:05 - [MESSAGE][PASSED] - Delayed 1 second(s)

2020-03-16 09:29:05 - [MESSAGE][INFO] - ************* JS EXECUTED ************: false

2020-03-16 09:29:06 - [MESSAGE][PASSED] - Delayed 1 second(s)

2020-03-16 09:29:07 - [MESSAGE][INFO] - ************* JS EXECUTED ************: false

2020-03-16 09:29:08 - [MESSAGE][PASSED] - Delayed 1 second(s)

2020-03-16 09:29:08 - [MESSAGE][INFO] - ************* JS EXECUTED ************: false

2020-03-16 09:29:09 - [MESSAGE][PASSED] - Delayed 1 second(s)

2020-03-16 09:29:09 - [MESSAGE][INFO] - ************* JS EXECUTED ************: false

2020-03-16 09:29:10 - [MESSAGE][PASSED] - Delayed 1 second(s)

2020-03-16 09:29:11 - [MESSAGE][INFO] - ************* JS EXECUTED ************: false

2020-03-16 09:29:12 - [MESSAGE][PASSED] - Delayed 1 second(s)

2020-03-16 09:29:12 - [MESSAGE][INFO] - ************* JS EXECUTED ************: false

2020-03-16 09:29:13 - [MESSAGE][PASSED] - Delayed 1 second(s)

2020-03-16 09:29:14 - [MESSAGE][INFO] - ************* JS EXECUTED ************: false

2020-03-16 09:29:15 - [MESSAGE][PASSED] - Delayed 1 second(s)

2020-03-16 09:29:15 - [MESSAGE][INFO] - ************* JS EXECUTED ************: false

2020-03-16 09:29:16 - [MESSAGE][PASSED] - Delayed 1 second(s)

2020-03-16 09:29:17 - [MESSAGE][INFO] - ************* JS EXECUTED ************: false

2020-03-16 09:29:18 - [MESSAGE][PASSED] - Delayed 1 second(s)

2020-03-16 09:29:19 - [MESSAGE][INFO] - ************* JS EXECUTED ************: false

2020-03-16 09:29:20 - [MESSAGE][PASSED] - Delayed 1 second(s)

2020-03-16 09:29:20 - [MESSAGE][INFO] - ************* JS EXECUTED ************: true

2020-03-16 09:29:21 - [MESSAGE][PASSED] - Delayed 1 second(s)

2020-03-16 09:29:22 - [MESSAGE][PASSED] - Object 'Object Repository/Page_Ariba Spend Management/input__bt5lrc' is clickable

2020-03-16 09:29:22 - [MESSAGE][PASSED] - Web element with id: 'Object Repository/Page_Ariba Spend Management/StackTrace' located by 'By.xpath: //*[@awname = 'SHOW_STACK_TRACE']' is not present after '1' second(s)

2020-03-16 09:29:23 - [MESSAGE][PASSED] - Web element with id: 'Object Repository/Page_Ariba Spend Management/StagerError' located by 'By.xpath: //*[@awname = 'TestStagerErrorPage:toggleStackTrace']' is not present after '1' second(s)

2020-03-16 09:29:23 - [MESSAGE][PASSED] - Web element with id: 'Object Repository/Page_Ariba Spend Management/ReturnToLoginPage' located by 'By.xpath: //*[@awname = 'Return to the Ariba login page::ARPException:linkAction']' is not present after '1' second(s)

2020-03-16 09:29:23 - [MESSAGE][INFO] - in Run stager method

2020-03-16 09:29:23 - [MESSAGE][INFO] -  I am able to see set user. So returning from runstager wait.

2020-03-16 09:29:24 - [MESSAGE][INFO] - ************* JS EXECUTED ************: true

2020-03-16 09:29:25 - [MESSAGE][PASSED] - Delayed 1 second(s)

2020-03-16 09:29:26 - [MESSAGE][INFO] - ************* JS EXECUTED ************: true

2020-03-16 09:29:27 - [MESSAGE][PASSED] - Delayed 1 second(s)

2020-03-16 09:29:27 - [MESSAGE][PASSED] - common.util.aribakeywords.aribaClick is PASSED

2020-03-16 09:29:27 - [MESSAGE][PASSED] - Call Test Case 'Test Cases/DMS/UtilTests/CreateSourcingEvent' successfully

2020-03-16 09:29:27 - [TEST_STEP][PASSED] - aribakeywords.aribaClick(findTestObject("Object Repository/a_Buyer Monitoring Page")): Element has been clicked

2020-03-16 09:29:28 - [MESSAGE][PASSED] - Object 'Object Repository/a_Buyer Monitoring Page' is clickable

2020-03-16 09:29:29 - [MESSAGE][PASSED] - Scroll to object 'Object Repository/a_Buyer Monitoring Page' successfully

2020-03-16 09:29:30 - [MESSAGE][PASSED] - Object 'Object Repository/a_Buyer Monitoring Page' is visible

2020-03-16 09:29:31 - [MESSAGE][INFO] - Clicking element

2020-03-16 09:29:32 - [MESSAGE][PASSED] - Object: 'Object Repository/a_Buyer Monitoring Page' is clicked on

2020-03-16 09:29:34 - [MESSAGE][INFO] - ************* JS EXECUTED ************: false

2020-03-16 09:29:35 - [MESSAGE][PASSED] - Delayed 1 second(s)

2020-03-16 09:29:35 - [MESSAGE][INFO] - ************* JS EXECUTED ************: true

2020-03-16 09:29:36 - [MESSAGE][PASSED] - Delayed 1 second(s)

2020-03-16 09:29:36 - [MESSAGE][PASSED] - Element has been clicked

2020-03-16 09:29:36 - [TEST_STEP][PASSED] - aribakeywords.waitForPageToLoad(3): Delayed 1 second(s)

2020-03-16 09:29:37 - [MESSAGE][INFO] - ************* JS EXECUTED ************: true

2020-03-16 09:29:38 - [MESSAGE][PASSED] - Delayed 1 second(s)

2020-03-16 09:29:38 - [TEST_STEP][PASSED] - refresh(): Refresh successfully

2020-03-16 09:29:39 - [MESSAGE][PASSED] - Refresh successfully

2020-03-16 09:29:39 - [TEST_STEP][PASSED] - waitForElementPresent(findTestObject("Object Repository/button_action_draft"), 3): Object 'Object Repository/button_action_draft' is present

2020-03-16 09:29:39 - [MESSAGE][PASSED] - Object 'Object Repository/button_action_draft' is present

2020-03-16 09:29:39 - [TEST_STEP][PASSED] - aribakeywords.aribaClick(findTestObject("Object Repository/button_action_draft")): Element has been clicked

2020-03-16 09:29:40 - [MESSAGE][PASSED] - Object 'Object Repository/button_action_draft' is clickable

2020-03-16 09:29:41 - [MESSAGE][PASSED] - Scroll to object 'Object Repository/button_action_draft' successfully

2020-03-16 09:29:42 - [MESSAGE][PASSED] - Object 'Object Repository/button_action_draft' is visible

2020-03-16 09:29:44 - [MESSAGE][INFO] - Clicking element

2020-03-16 09:29:45 - [MESSAGE][PASSED] - Object: 'Object Repository/button_action_draft' is clicked on

2020-03-16 09:29:45 - [MESSAGE][INFO] - ************* JS EXECUTED ************: true

2020-03-16 09:29:46 - [MESSAGE][PASSED] - Delayed 1 second(s)

2020-03-16 09:29:46 - [MESSAGE][PASSED] - Element has been clicked

2020-03-16 09:29:46 - [TEST_STEP][PASSED] - aribakeywords.aribaClick(findTestObject("Object Repository/edit_event_link")): Element has been clicked

2020-03-16 09:29:48 - [MESSAGE][PASSED] - Object 'Object Repository/edit_event_link' is clickable

2020-03-16 09:29:49 - [MESSAGE][PASSED] - Scroll to object 'Object Repository/edit_event_link' successfully

2020-03-16 09:29:50 - [MESSAGE][PASSED] - Object 'Object Repository/edit_event_link' is visible

2020-03-16 09:29:52 - [MESSAGE][INFO] - Clicking element

2020-03-16 09:29:53 - [MESSAGE][PASSED] - Object: 'Object Repository/edit_event_link' is clicked on

2020-03-16 09:29:54 - [MESSAGE][INFO] - ************* JS EXECUTED ************: false

2020-03-16 09:29:55 - [MESSAGE][PASSED] - Delayed 1 second(s)

2020-03-16 09:29:56 - [MESSAGE][INFO] - ************* JS EXECUTED ************: true

2020-03-16 09:29:57 - [MESSAGE][PASSED] - Delayed 1 second(s)

2020-03-16 09:29:57 - [MESSAGE][PASSED] - Element has been clicked

2020-03-16 09:29:57 - [TEST_STEP][PASSED] - verifyElementPresent(aribakeywords.createTestObject(APCRULE_LOC), 3, STOP_ON_FAILURE): Object '//label[@awname='AllowAdvancedPricingConditions_selectedItem::AdvancedPricingConditionRuleView_AllowAdvancedPricingConditions:currChoice']' is present

2020-03-16 09:29:57 - [MESSAGE][PASSED] - Object '//label[@awname='AllowAdvancedPricingConditions_selectedItem::AdvancedPricingConditionRuleView_AllowAdvancedPricingConditions:currChoice']' is present

2020-03-16 09:29:57 - [TEST_STEP][PASSED] - verifyElementPresent(aribakeywords.createTestObject(VALIDITYPERIOD_LOC), 3, CONTINUE_ON_FAILURE): Object '//div[@awname='AdvancedPricingConditionRule.ValidityPeriodType::AdvancedPricingConditionRuleView_AdvancedPricingConditionRule.ValidityPeriodType:itemList']' is present

2020-03-16 09:29:57 - [MESSAGE][PASSED] - Object '//div[@awname='AdvancedPricingConditionRule.ValidityPeriodType::AdvancedPricingConditionRuleView_AdvancedPricingConditionRule.ValidityPeriodType:itemList']' is present

2020-03-16 09:29:57 - [TEST_STEP][PASSED] - verifyElementPresent(aribakeywords.createTestObject(STARTDATE_LOC), 3, STOP_ON_FAILURE): Object '//input[@awname='AdvancedPricingConditionRule.ValidityPeriodStartDate::AdvancedPricingConditionRuleView_AdvancedPricingConditionRule.ValidityPeriodStartDate:textFieldAction_1']' is present

2020-03-16 09:29:58 - [MESSAGE][PASSED] - Object '//input[@awname='AdvancedPricingConditionRule.ValidityPeriodStartDate::AdvancedPricingConditionRuleView_AdvancedPricingConditionRule.ValidityPeriodStartDate:textFieldAction_1']' is present

2020-03-16 09:29:58 - [TEST_STEP][PASSED] - verifyElementPresent(aribakeywords.createTestObject(PERIOD_LOC), 3, STOP_ON_FAILURE): Object '//input[@awname='AdvancedPricingConditionRule.ValidityPeriodDuration::AdvancedPricingConditionRuleView_AdvancedPricingConditionRule.ValidityPeriodDuration:fieldValue']' is present

2020-03-16 09:29:58 - [MESSAGE][PASSED] - Object '//input[@awname='AdvancedPricingConditionRule.ValidityPeriodDuration::AdvancedPricingConditionRuleView_AdvancedPricingConditionRule.ValidityPeriodDuration:fieldValue']' is present

2020-03-16 09:29:58 - [TEST_STEP][PASSED] - verifyElementPresent(aribakeywords.createTestObject(SCALETYPE_LOC), 3, STOP_ON_FAILURE): Object '//div[@awname='AdvancedPricingConditionRule.VolumeScaleType::AdvancedPricingConditionRuleView_AdvancedPricingConditionRule.VolumeScaleType:itemList']' is present

2020-03-16 09:29:59 - [MESSAGE][PASSED] - Object '//div[@awname='AdvancedPricingConditionRule.VolumeScaleType::AdvancedPricingConditionRuleView_AdvancedPricingConditionRule.VolumeScaleType:itemList']' is present

2020-03-16 09:29:59 - [TEST_STEP][PASSED] - verifyElementPresent(aribakeywords.createTestObject(SCALE_LOC), 3, STOP_ON_FAILURE): Object '//input[@awname='AdvancedPricingConditionRule.Volumes::AdvancedPricingConditionRuleView_AdvancedPricingConditionRule.Volumes:newEntry']' is present

2020-03-16 09:29:59 - [MESSAGE][PASSED] - Object '//input[@awname='AdvancedPricingConditionRule.Volumes::AdvancedPricingConditionRuleView_AdvancedPricingConditionRule.Volumes:newEntry']' is present

2020-03-16 09:29:59 - [TEST_STEP][PASSED] - aribakeywords.aribaClick(findTestObject("Object Repository/Content - Draft")): Element has been clicked

2020-03-16 09:30:00 - [MESSAGE][PASSED] - Object 'Object Repository/Content - Draft' is clickable

2020-03-16 09:30:01 - [MESSAGE][PASSED] - Scroll to object 'Object Repository/Content - Draft' successfully

2020-03-16 09:30:02 - [MESSAGE][PASSED] - Object 'Object Repository/Content - Draft' is visible

2020-03-16 09:30:04 - [MESSAGE][INFO] - Clicking element

2020-03-16 09:30:05 - [MESSAGE][PASSED] - Object: 'Object Repository/Content - Draft' is clicked on

2020-03-16 09:30:05 - [MESSAGE][INFO] - ************* JS EXECUTED ************: false

2020-03-16 09:30:06 - [MESSAGE][PASSED] - Delayed 1 second(s)

2020-03-16 09:30:07 - [MESSAGE][INFO] - ************* JS EXECUTED ************: true

2020-03-16 09:30:08 - [MESSAGE][PASSED] - Delayed 1 second(s)

2020-03-16 09:30:08 - [MESSAGE][PASSED] - Element has been clicked

2020-03-16 09:30:08 - [TEST_STEP][PASSED] - aribakeywords.waitForPageToLoad(3): Delayed 1 second(s)

2020-03-16 09:30:09 - [MESSAGE][INFO] - ************* JS EXECUTED ************: true

2020-03-16 09:30:10 - [MESSAGE][PASSED] - Delayed 1 second(s)

2020-03-16 09:30:10 - [TEST_STEP][PASSED] - driver = getWebDriver(): null

2020-03-16 09:30:10 - [TEST_STEP][PASSED] - lotSize = xpath(APCLOT_LOC)).size(): null

2020-03-16 09:30:10 - [TEST_STEP][PASSED] - verifyMatch(lotSize.toString(), "1", false, STOP_ON_FAILURE): Actual text '1' and expected text '1' are matched 

2020-03-16 09:30:10 - [MESSAGE][PASSED] - Actual text '1' and expected text '1' are matched 

2020-03-16 09:30:10 - [TEST_STEP][PASSED] - childItem = xpath(LOTCHILDITEM_LOC)).size(): null

2020-03-16 09:30:11 - [TEST_STEP][PASSED] - verifyMatch(childItem.toString(), "1", false, STOP_ON_FAILURE): Actual text '1' and expected text '1' are matched 

2020-03-16 09:30:11 - [MESSAGE][PASSED] - Actual text '1' and expected text '1' are matched 

2020-03-16 09:30:11 - [TEST_STEP][PASSED] - verifyTextPresent("View pricing conditions", false, STOP_ON_FAILURE): Text 'View pricing conditions' is present on page 

2020-03-16 09:30:13 - [MESSAGE][PASSED] - Text 'View pricing conditions' is present on page 

2020-03-16 09:30:13 - [TEST_STEP][PASSED] - apcLink = aribakeywords.createTestObject(APCLINK_LOC): null

2020-03-16 09:30:13 - [TEST_STEP][PASSED] - verifyElementPresent(apcLink, 3, STOP_ON_FAILURE): Object '//a[@awname='0.4_RITASHORTSTRINGIFZ000002::RITASHORTSTRINGIFZ000002:pricingInfoDisplay']' is present

2020-03-16 09:30:13 - [MESSAGE][PASSED] - Object '//a[@awname='0.4_RITASHORTSTRINGIFZ000002::RITASHORTSTRINGIFZ000002:pricingInfoDisplay']' is present

2020-03-16 09:30:13 - [TEST_STEP][PASSED] - aribakeywords.aribaClick(apcLink): Element has been clicked

2020-03-16 09:30:14 - [MESSAGE][PASSED] - Object '//a[@awname='0.4_RITASHORTSTRINGIFZ000002::RITASHORTSTRINGIFZ000002:pricingInfoDisplay']' is clickable

2020-03-16 09:30:15 - [MESSAGE][PASSED] - Scroll to object '//a[@awname='0.4_RITASHORTSTRINGIFZ000002::RITASHORTSTRINGIFZ000002:pricingInfoDisplay']' successfully

2020-03-16 09:30:16 - [MESSAGE][PASSED] - Object '//a[@awname='0.4_RITASHORTSTRINGIFZ000002::RITASHORTSTRINGIFZ000002:pricingInfoDisplay']' is visible

2020-03-16 09:30:17 - [MESSAGE][INFO] - Clicking element

2020-03-16 09:30:18 - [MESSAGE][PASSED] - Object: '//a[@awname='0.4_RITASHORTSTRINGIFZ000002::RITASHORTSTRINGIFZ000002:pricingInfoDisplay']' is clicked on

2020-03-16 09:30:19 - [MESSAGE][INFO] - ************* JS EXECUTED ************: false

2020-03-16 09:30:20 - [MESSAGE][PASSED] - Delayed 1 second(s)

2020-03-16 09:30:21 - [MESSAGE][INFO] - ************* JS EXECUTED ************: true

2020-03-16 09:30:22 - [MESSAGE][PASSED] - Delayed 1 second(s)

2020-03-16 09:30:22 - [MESSAGE][PASSED] - Element has been clicked

2020-03-16 09:30:22 - [TEST_STEP][PASSED] - verifyTextPresent("Dec 2019 - Dec 9999", false, STOP_ON_FAILURE): Text 'Dec 2019 - Dec 9999' is present on page 

2020-03-16 09:30:23 - [MESSAGE][PASSED] - Text 'Dec 2019 - Dec 9999' is present on page 

2020-03-16 09:30:23 - [TEST_STEP][PASSED] - verifyTextPresent("To 5", false, STOP_ON_FAILURE): Text 'To 5' is present on page 

2020-03-16 09:30:24 - [MESSAGE][PASSED] - Text 'To 5' is present on page 

2020-03-16 09:30:24 - [TEST_STEP][PASSED] - termValue = xpath(LOT_TERM_APC_PRICE_LOC)).getAttribute("value"): null

2020-03-16 09:30:25 - [TEST_STEP][PASSED] - verifyMatch(termValue, "44", false, STOP_ON_FAILURE): Actual text '44' and expected text '44' are matched 

2020-03-16 09:30:25 - [MESSAGE][PASSED] - Actual text '44' and expected text '44' are matched 

2020-03-16 09:30:25 - [TEST_STEP][PASSED] - try: Element has been clicked

2020-03-16 09:30:25 - [TEST_STEP][PASSED] - aribakeywords.aribaClick(findTestObject("Page_Ariba Spend Management/span_Done")): Element has been clicked

2020-03-16 09:30:26 - [MESSAGE][PASSED] - Object 'Object Repository/Page_Ariba Spend Management/span_Done' is clickable

2020-03-16 09:30:27 - [MESSAGE][PASSED] - Scroll to object 'Object Repository/Page_Ariba Spend Management/span_Done' successfully

2020-03-16 09:30:28 - [MESSAGE][PASSED] - Object 'Object Repository/Page_Ariba Spend Management/span_Done' is visible

2020-03-16 09:30:29 - [MESSAGE][INFO] - Clicking element

2020-03-16 09:30:30 - [MESSAGE][PASSED] - Object: 'Object Repository/Page_Ariba Spend Management/span_Done' is clicked on

2020-03-16 09:30:31 - [MESSAGE][INFO] - ************* JS EXECUTED ************: false

2020-03-16 09:30:32 - [MESSAGE][PASSED] - Delayed 1 second(s)

2020-03-16 09:30:32 - [MESSAGE][INFO] - ************* JS EXECUTED ************: true

2020-03-16 09:30:33 - [MESSAGE][PASSED] - Delayed 1 second(s)

2020-03-16 09:30:33 - [MESSAGE][PASSED] - Element has been clicked

2020-03-16 09:30:33 - [TEST_STEP][PASSED] - closeBrowser(): Browser is closed

2020-03-16 09:30:34 - [MESSAGE][PASSED] - Browser is closed]]></system-out>
         <system-err><![CDATA[]]></system-err>
      </testcase>
      <testcase name="Test Cases/DMS/PricingConditionSupportForLots - Copy/DMSTC-2923_SourcingFollowOnProjectFromContractshavingLotAPCTerm" classname="Test Cases/DMS/PricingConditionSupportForLots - Copy/DMSTC-2923_SourcingFollowOnProjectFromContractshavingLotAPCTerm" status="FAILED">
         <failure type="FAILED" message="Test Cases/DMS/PricingConditionSupportForLots - Copy/DMSTC-2923_SourcingFollowOnProjectFromContractshavingLotAPCTerm FAILED.
Reason:
com.kms.katalon.core.exception.StepFailedException: Fail to click on Object : TestObject - 'Object Repository/span_OK'
Test Element : null

Stack Trace : com.kms.katalon.core.exception.StepFailedException: Unable to scroll to object 'Object Repository/span_OK'


	at com.kms.katalon.core.util.KeywordUtil.markFailedAndStop(KeywordUtil.java:27)
	at com.kms.katalon.core.util.KeywordUtil$markFailedAndStop$1.call(Unknown Source)
	at common.util.aribakeywords.aribaClick(aribakeywords.groovy:93)
	at common.util.aribakeywords.invokeMethod(aribakeywords.groovy)
	at com.kms.katalon.core.main.CustomKeywordDelegatingMetaClass.invokeStaticMethod(CustomKeywordDelegatingMetaClass.java:49)
	at DMSTC-2923_SourcingFollowOnProjectFromContractshavingLotAPCTerm.run(DMSTC-2923_SourcingFollowOnProjectFromContractshavingLotAPCTerm:194)
	at com.kms.katalon.core.main.ScriptEngine.run(ScriptEngine.java:194)
	at com.kms.katalon.core.main.ScriptEngine.runScriptAsRawText(ScriptEngine.java:119)
	at com.kms.katalon.core.main.TestCaseExecutor.runScript(TestCaseExecutor.java:331)
	at com.kms.katalon.core.main.TestCaseExecutor.doExecute(TestCaseExecutor.java:322)
	at com.kms.katalon.core.main.TestCaseExecutor.processExecutionPhase(TestCaseExecutor.java:301)
	at com.kms.katalon.core.main.TestCaseExecutor.accessMainPhase(TestCaseExecutor.java:293)
	at com.kms.katalon.core.main.TestCaseExecutor.execute(TestCaseExecutor.java:227)
	at com.kms.katalon.core.main.TestSuiteExecutor.accessTestCaseMainPhase(TestSuiteExecutor.java:129)
	at com.kms.katalon.core.main.TestSuiteExecutor.accessTestSuiteMainPhase(TestSuiteExecutor.java:112)
	at com.kms.katalon.core.main.TestSuiteExecutor.execute(TestSuiteExecutor.java:81)
	at com.kms.katalon.core.main.TestCaseMain.startTestSuite(TestCaseMain.java:157)
	at com.kms.katalon.core.main.TestCaseMain$startTestSuite$0.call(Unknown Source)
	at TempTestSuite1584329506754.run(TempTestSuite1584329506754.groovy:35)
"/>
         <system-out><![CDATA[2020-03-16 09:30:34 - [TEST_CASE][FAILED] - Test Cases/DMS/PricingConditionSupportForLots - Copy/DMSTC-2923_SourcingFollowOnProjectFromContractshavingLotAPCTerm: Test Cases/DMS/PricingConditionSupportForLots - Copy/DMSTC-2923_SourcingFollowOnProjectFromContractshavingLotAPCTerm FAILED.
Reason:
com.kms.katalon.core.exception.StepFailedException: Fail to click on Object : TestObject - 'Object Repository/span_OK'
Test Element : null

Stack Trace : com.kms.katalon.core.exception.StepFailedException: Unable to scroll to object 'Object Repository/span_OK'


	at com.kms.katalon.core.util.KeywordUtil.markFailedAndStop(KeywordUtil.java:27)
	at com.kms.katalon.core.util.KeywordUtil$markFailedAndStop$1.call(Unknown Source)
	at common.util.aribakeywords.aribaClick(aribakeywords.groovy:93)
	at common.util.aribakeywords.invokeMethod(aribakeywords.groovy)
	at com.kms.katalon.core.main.CustomKeywordDelegatingMetaClass.invokeStaticMethod(CustomKeywordDelegatingMetaClass.java:49)
	at DMSTC-2923_SourcingFollowOnProjectFromContractshavingLotAPCTerm.run(DMSTC-2923_SourcingFollowOnProjectFromContractshavingLotAPCTerm:194)
	at com.kms.katalon.core.main.ScriptEngine.run(ScriptEngine.java:194)
	at com.kms.katalon.core.main.ScriptEngine.runScriptAsRawText(ScriptEngine.java:119)
	at com.kms.katalon.core.main.TestCaseExecutor.runScript(TestCaseExecutor.java:331)
	at com.kms.katalon.core.main.TestCaseExecutor.doExecute(TestCaseExecutor.java:322)
	at com.kms.katalon.core.main.TestCaseExecutor.processExecutionPhase(TestCaseExecutor.java:301)
	at com.kms.katalon.core.main.TestCaseExecutor.accessMainPhase(TestCaseExecutor.java:293)
	at com.kms.katalon.core.main.TestCaseExecutor.execute(TestCaseExecutor.java:227)
	at com.kms.katalon.core.main.TestSuiteExecutor.accessTestCaseMainPhase(TestSuiteExecutor.java:129)
	at com.kms.katalon.core.main.TestSuiteExecutor.accessTestSuiteMainPhase(TestSuiteExecutor.java:112)
	at com.kms.katalon.core.main.TestSuiteExecutor.execute(TestSuiteExecutor.java:81)
	at com.kms.katalon.core.main.TestCaseMain.startTestSuite(TestCaseMain.java:157)
	at com.kms.katalon.core.main.TestCaseMain$startTestSuite$0.call(Unknown Source)
	at TempTestSuite1584329506754.run(TempTestSuite1584329506754.groovy:35)


2020-03-16 09:30:34 - [TEST_STEP][PASSED] - Start listener action : sampleBeforeTestCase: null

2020-03-16 09:30:34 - [TEST_STEP][PASSED] - println(testCaseContext.getTestCaseId()): null

2020-03-16 09:30:34 - [TEST_STEP][PASSED] - println(testCaseContext.getTestCaseVariables()): null

2020-03-16 09:30:34 - [TEST_STEP][PASSED] - fileName = "TestData.xlsx": null

2020-03-16 09:30:34 - [TEST_STEP][PASSED] - fileRelPath = "/Test Files/dms/ExcelValidations/": null

2020-03-16 09:30:34 - [TEST_STEP][PASSED] - sheetName = "Shashi_pricingConditions": null

2020-03-16 09:30:34 - [TEST_STEP][PASSED] - dataTableName = "DataSet7": null

2020-03-16 09:30:34 - [TEST_STEP][PASSED] - columnHeader = "toggles": null

2020-03-16 09:30:34 - [TEST_STEP][PASSED] - LOT_TERM_APC_PRICE_LOC = "//input[@awname='_DerivedStringValue::PCCostTermView_DerivedStringValue:fieldValue']": null

2020-03-16 09:30:34 - [TEST_STEP][PASSED] - LOTTERMAPCLINK_LOC = "//a[contains(@awname,'CW Term') and text()='View pricing conditions ']": null

2020-03-16 09:30:34 - [TEST_STEP][PASSED] - service = baseURL: null

2020-03-16 09:30:34 - [TEST_STEP][PASSED] - realm = realm: null

2020-03-16 09:30:34 - [TEST_STEP][PASSED] - appLoginUrl = service + "/Sourcing/Main?realm=" + realm: null

2020-03-16 09:30:34 - [TEST_STEP][PASSED] - CW = contractName + System.currentTimeMillis(): null

2020-03-16 09:30:34 - [TEST_STEP][PASSED] - userName = "customersupportadmin": null

2020-03-16 09:30:34 - [TEST_STEP][PASSED] - callTestCase(findTestCase("DMS/UtilTests/LoginIntoApp"), ["appLoginUrl":appLoginUrl, "userName":userName], STOP_ON_FAILURE): Call Test Case 'Test Cases/DMS/UtilTests/LoginIntoApp' successfully

2020-03-16 09:30:34 - [TEST_CASE][PASSED] - Test Cases/DMS/UtilTests/LoginIntoApp: Test Cases/DMS/UtilTests/LoginIntoApp

2020-03-16 09:30:34 - [TEST_STEP][PASSED] - openBrowser(""): Browser is opened with url: ''

2020-03-16 09:30:34 - [MESSAGE][INFO] - Starting 'Remote' driver

2020-03-16 09:30:34 - [MESSAGE][INFO] - User set preference: ['browserName', 'chrome']

2020-03-16 09:30:34 - [MESSAGE][INFO] - Connecting to remote web server 'http://10.173.0.211:4444/wd/hub' with type 'Selenium'

2020-03-16 09:30:39 - [MESSAGE][PASSED] - Browser is opened with url: ''

2020-03-16 09:30:39 - [TEST_STEP][PASSED] - navigateToUrl(appLoginUrl): Navigate to 'https://svcdev7ss.ariba.com/Sourcing/Main?realm=s4SVAll' successfully

2020-03-16 09:30:42 - [MESSAGE][PASSED] - Navigate to 'https://svcdev7ss.ariba.com/Sourcing/Main?realm=s4SVAll' successfully

2020-03-16 09:30:42 - [TEST_STEP][PASSED] - common.util.aribakeywords.aribaClick(findTestObject("Object Repository/a_Test Central")): Element has been clicked

2020-03-16 09:30:43 - [MESSAGE][PASSED] - Object 'Object Repository/a_Test Central' is clickable

2020-03-16 09:30:44 - [MESSAGE][PASSED] - Scroll to object 'Object Repository/a_Test Central' successfully

2020-03-16 09:30:45 - [MESSAGE][PASSED] - Object 'Object Repository/a_Test Central' is visible

2020-03-16 09:30:46 - [MESSAGE][INFO] - Clicking element

2020-03-16 09:30:51 - [MESSAGE][PASSED] - Object: 'Object Repository/a_Test Central' is clicked on

2020-03-16 09:30:51 - [MESSAGE][INFO] - ************* JS EXECUTED ************: true

2020-03-16 09:30:52 - [MESSAGE][PASSED] - Delayed 1 second(s)

2020-03-16 09:30:52 - [MESSAGE][PASSED] - Element has been clicked

2020-03-16 09:30:52 - [TEST_STEP][PASSED] - setText(findTestObject("Object Repository/testcentralpageusername"), userName): Text 'customersupportadmin' is set on object 'Object Repository/testcentralpageusername'

2020-03-16 09:30:56 - [MESSAGE][PASSED] - Text 'customersupportadmin' is set on object 'Object Repository/testcentralpageusername'

2020-03-16 09:30:56 - [TEST_STEP][PASSED] - common.util.aribakeywords.aribaClick(findTestObject("Object Repository/testcentralsetuserbutton")): Element has been clicked

2020-03-16 09:30:57 - [MESSAGE][PASSED] - Object 'Object Repository/testcentralsetuserbutton' is clickable

2020-03-16 09:30:58 - [MESSAGE][PASSED] - Scroll to object 'Object Repository/testcentralsetuserbutton' successfully

2020-03-16 09:30:59 - [MESSAGE][PASSED] - Object 'Object Repository/testcentralsetuserbutton' is visible

2020-03-16 09:31:00 - [MESSAGE][INFO] - Clicking element

2020-03-16 09:31:02 - [MESSAGE][PASSED] - Object: 'Object Repository/testcentralsetuserbutton' is clicked on

2020-03-16 09:31:06 - [MESSAGE][INFO] - ************* JS EXECUTED ************: true

2020-03-16 09:31:07 - [MESSAGE][PASSED] - Delayed 1 second(s)

2020-03-16 09:31:07 - [MESSAGE][PASSED] - Element has been clicked

2020-03-16 09:31:07 - [MESSAGE][PASSED] - Call Test Case 'Test Cases/DMS/UtilTests/LoginIntoApp' successfully

2020-03-16 09:31:07 - [TEST_STEP][PASSED] - volumeScaleFeature = "ariba.sourcing.util.SourcingEventFeatures.PricingConditionsWithScales": null

2020-03-16 09:31:07 - [TEST_STEP][PASSED] - fromScaleFeature = "ariba.sourcing.util.SourcingEventFeatures.FromScalesInPricingCondition": null

2020-03-16 09:31:07 - [TEST_STEP][PASSED] - appendReplaceContract = "ariba.collaborate.util.CollaborateFeatures.AppendLineItemsInExistingContract": null

2020-03-16 09:31:07 - [TEST_STEP][PASSED] - apcForBasketLots = "ariba.sourcing.util.SourcingEventFeatures.PricingConditionForBasketLot": null

2020-03-16 09:31:07 - [TEST_STEP][PASSED] - prepackMixedCase = "ariba.sourcing.util.RetailSourcingFeatures.PrePackAndMixedCases": null

2020-03-16 09:31:07 - [TEST_STEP][PASSED] - itemHierarchy = "ariba.sourcing.util.SourcingEventFeatures.SourcingItemHierarchy": null

2020-03-16 09:31:07 - [TEST_STEP][PASSED] - mixedCasedPrepack = "ariba.sourcing.util.RetailSourcingFeatures.PrePackAndMixedCasesInContract": null

2020-03-16 09:31:07 - [TEST_STEP][PASSED] - toggleList = [volumeScaleFeature, fromScaleFeature, appendReplaceContract, prepackMixedCase, itemHierarchy, mixedCasedPrepack]: null

2020-03-16 09:31:07 - [TEST_STEP][PASSED] - for ([i = 0, i < toggleList.size(), (i++)]): Call Test Case 'Test Cases/DMS/UtilTests/SetFeatureToggle' successfully

2020-03-16 09:31:07 - [TEST_STEP][PASSED] - callTestCase(findTestCase("DMS/UtilTests/SetFeatureToggle"), ["featureToggleName":toggleList[i]], STOP_ON_FAILURE): Call Test Case 'Test Cases/DMS/UtilTests/SetFeatureToggle' successfully

2020-03-16 09:31:07 - [TEST_CASE][PASSED] - Test Cases/DMS/UtilTests/SetFeatureToggle: Test Cases/DMS/UtilTests/SetFeatureToggle

2020-03-16 09:31:07 - [TEST_STEP][PASSED] - common.util.aribakeywords.aribaClick(findTestObject("Object Repository/a_TA..")): Element has been clicked

2020-03-16 09:31:08 - [MESSAGE][PASSED] - Object 'Object Repository/a_TA..' is clickable

2020-03-16 09:31:09 - [MESSAGE][PASSED] - Scroll to object 'Object Repository/a_TA..' successfully

2020-03-16 09:31:10 - [MESSAGE][PASSED] - Object 'Object Repository/a_TA..' is visible

2020-03-16 09:31:12 - [MESSAGE][INFO] - Clicking element

2020-03-16 09:31:14 - [MESSAGE][PASSED] - Object: 'Object Repository/a_TA..' is clicked on

2020-03-16 09:31:15 - [MESSAGE][INFO] - ************* JS EXECUTED ************: true

2020-03-16 09:31:16 - [MESSAGE][PASSED] - Delayed 1 second(s)

2020-03-16 09:31:16 - [MESSAGE][PASSED] - Element has been clicked

2020-03-16 09:31:16 - [TEST_STEP][PASSED] - common.util.aribakeywords.aribaClick(findTestObject("Object Repository/testCentral")): Element has been clicked

2020-03-16 09:31:17 - [MESSAGE][PASSED] - Object 'Object Repository/testCentral' is clickable

2020-03-16 09:31:18 - [MESSAGE][PASSED] - Scroll to object 'Object Repository/testCentral' successfully

2020-03-16 09:31:19 - [MESSAGE][PASSED] - Object 'Object Repository/testCentral' is visible

2020-03-16 09:31:20 - [MESSAGE][INFO] - Clicking element

2020-03-16 09:31:22 - [MESSAGE][PASSED] - Object: 'Object Repository/testCentral' is clicked on

2020-03-16 09:31:23 - [MESSAGE][INFO] - ************* JS EXECUTED ************: true

2020-03-16 09:31:24 - [MESSAGE][PASSED] - Delayed 1 second(s)

2020-03-16 09:31:24 - [MESSAGE][PASSED] - Element has been clicked

2020-03-16 09:31:24 - [TEST_STEP][PASSED] - common.util.aribakeywords.aribaClick(findTestObject("Object Repository/Page_TestCentralPage/input_User__njzfkc")): Element has been clicked

2020-03-16 09:31:25 - [MESSAGE][PASSED] - Object 'Object Repository/Page_TestCentralPage/input_User__njzfkc' is clickable

2020-03-16 09:31:26 - [MESSAGE][PASSED] - Scroll to object 'Object Repository/Page_TestCentralPage/input_User__njzfkc' successfully

2020-03-16 09:31:27 - [MESSAGE][PASSED] - Object 'Object Repository/Page_TestCentralPage/input_User__njzfkc' is visible

2020-03-16 09:31:28 - [MESSAGE][INFO] - Clicking element

2020-03-16 09:31:29 - [MESSAGE][PASSED] - Object: 'Object Repository/Page_TestCentralPage/input_User__njzfkc' is clicked on

2020-03-16 09:31:30 - [MESSAGE][INFO] - ************* JS EXECUTED ************: true

2020-03-16 09:31:31 - [MESSAGE][PASSED] - Delayed 1 second(s)

2020-03-16 09:31:31 - [MESSAGE][PASSED] - Element has been clicked

2020-03-16 09:31:31 - [TEST_STEP][PASSED] - scrollToElement(findTestObject("Object Repository/Page_TestCentralPage/a_Enable  Or  Disable  Feature"), 3): Scroll to object 'Object Repository/Page_TestCentralPage/a_Enable  Or  Disable  Feature' successfully

2020-03-16 09:31:32 - [MESSAGE][PASSED] - Scroll to object 'Object Repository/Page_TestCentralPage/a_Enable  Or  Disable  Feature' successfully

2020-03-16 09:31:32 - [TEST_STEP][PASSED] - common.util.aribakeywords.aribaClick(findTestObject("Object Repository/Page_TestCentralPage/a_Enable  Or  Disable  Feature")): Element has been clicked

2020-03-16 09:31:33 - [MESSAGE][PASSED] - Object 'Object Repository/Page_TestCentralPage/a_Enable  Or  Disable  Feature' is clickable

2020-03-16 09:31:34 - [MESSAGE][PASSED] - Scroll to object 'Object Repository/Page_TestCentralPage/a_Enable  Or  Disable  Feature' successfully

2020-03-16 09:31:35 - [MESSAGE][PASSED] - Object 'Object Repository/Page_TestCentralPage/a_Enable  Or  Disable  Feature' is visible

2020-03-16 09:31:37 - [MESSAGE][INFO] - Clicking element

2020-03-16 09:31:38 - [MESSAGE][PASSED] - Object: 'Object Repository/Page_TestCentralPage/a_Enable  Or  Disable  Feature' is clicked on

2020-03-16 09:31:40 - [MESSAGE][INFO] - ************* JS EXECUTED ************: true

2020-03-16 09:31:41 - [MESSAGE][PASSED] - Delayed 1 second(s)

2020-03-16 09:31:41 - [MESSAGE][PASSED] - Element has been clicked

2020-03-16 09:31:41 - [TEST_STEP][PASSED] - setText(findTestObject("Object Repository/input_Full Qualified Name of F"), featureToggleName): Text 'ariba.sourcing.util.SourcingEventFeatures.PricingConditionsWithScales' is set on object 'Object Repository/input_Full Qualified Name of F'

2020-03-16 09:31:45 - [MESSAGE][PASSED] - Text 'ariba.sourcing.util.SourcingEventFeatures.PricingConditionsWithScales' is set on object 'Object Repository/input_Full Qualified Name of F'

2020-03-16 09:31:45 - [TEST_STEP][PASSED] - common.util.aribakeywords.aribaClick(findTestObject("Object Repository/div_Run Stager")): common.util.aribakeywords.aribaClick is PASSED

2020-03-16 09:31:46 - [MESSAGE][PASSED] - Object 'Object Repository/div_Run Stager' is clickable

2020-03-16 09:31:47 - [MESSAGE][PASSED] - Scroll to object 'Object Repository/div_Run Stager' successfully

2020-03-16 09:31:48 - [MESSAGE][PASSED] - Object 'Object Repository/div_Run Stager' is visible

2020-03-16 09:31:51 - [MESSAGE][PASSED] - Object: 'Object Repository/div_Run Stager' is clicked on

2020-03-16 09:31:52 - [MESSAGE][INFO] - ************* JS EXECUTED ************: false

2020-03-16 09:31:53 - [MESSAGE][PASSED] - Delayed 1 second(s)

2020-03-16 09:31:53 - [MESSAGE][INFO] - ************* JS EXECUTED ************: false

2020-03-16 09:31:54 - [MESSAGE][PASSED] - Delayed 1 second(s)

2020-03-16 09:31:56 - [MESSAGE][INFO] - ************* JS EXECUTED ************: true

2020-03-16 09:31:57 - [MESSAGE][PASSED] - Delayed 1 second(s)

2020-03-16 09:31:58 - [MESSAGE][PASSED] - Object 'Object Repository/Page_Ariba Spend Management/input__bt5lrc' is clickable

2020-03-16 09:31:59 - [MESSAGE][PASSED] - Web element with id: 'Object Repository/Page_Ariba Spend Management/StackTrace' located by 'By.xpath: //*[@awname = 'SHOW_STACK_TRACE']' is not present after '1' second(s)

2020-03-16 09:31:59 - [MESSAGE][PASSED] - Web element with id: 'Object Repository/Page_Ariba Spend Management/StagerError' located by 'By.xpath: //*[@awname = 'TestStagerErrorPage:toggleStackTrace']' is not present after '1' second(s)

2020-03-16 09:32:00 - [MESSAGE][PASSED] - Web element with id: 'Object Repository/Page_Ariba Spend Management/ReturnToLoginPage' located by 'By.xpath: //*[@awname = 'Return to the Ariba login page::ARPException:linkAction']' is not present after '1' second(s)

2020-03-16 09:32:00 - [MESSAGE][INFO] - in Run stager method

2020-03-16 09:32:00 - [MESSAGE][INFO] -  I am able to see set user. So returning from runstager wait.

2020-03-16 09:32:00 - [MESSAGE][INFO] - ************* JS EXECUTED ************: true

2020-03-16 09:32:01 - [MESSAGE][PASSED] - Delayed 1 second(s)

2020-03-16 09:32:02 - [MESSAGE][INFO] - ************* JS EXECUTED ************: true

2020-03-16 09:32:03 - [MESSAGE][PASSED] - Delayed 1 second(s)

2020-03-16 09:32:03 - [MESSAGE][PASSED] - common.util.aribakeywords.aribaClick is PASSED

2020-03-16 09:32:03 - [MESSAGE][PASSED] - Call Test Case 'Test Cases/DMS/UtilTests/SetFeatureToggle' successfully

2020-03-16 09:32:03 - [TEST_STEP][PASSED] - callTestCase(findTestCase("DMS/UtilTests/SetFeatureToggle"), ["featureToggleName":toggleList[i]], STOP_ON_FAILURE): Call Test Case 'Test Cases/DMS/UtilTests/SetFeatureToggle' successfully

2020-03-16 09:32:03 - [TEST_CASE][PASSED] - Test Cases/DMS/UtilTests/SetFeatureToggle: Test Cases/DMS/UtilTests/SetFeatureToggle

2020-03-16 09:32:03 - [TEST_STEP][PASSED] - common.util.aribakeywords.aribaClick(findTestObject("Object Repository/a_TA..")): Element has been clicked

2020-03-16 09:32:04 - [MESSAGE][PASSED] - Object 'Object Repository/a_TA..' is clickable

2020-03-16 09:32:05 - [MESSAGE][PASSED] - Scroll to object 'Object Repository/a_TA..' successfully

2020-03-16 09:32:06 - [MESSAGE][PASSED] - Object 'Object Repository/a_TA..' is visible

2020-03-16 09:32:08 - [MESSAGE][INFO] - Clicking element

2020-03-16 09:32:09 - [MESSAGE][PASSED] - Object: 'Object Repository/a_TA..' is clicked on

2020-03-16 09:32:10 - [MESSAGE][INFO] - ************* JS EXECUTED ************: true

2020-03-16 09:32:11 - [MESSAGE][PASSED] - Delayed 1 second(s)

2020-03-16 09:32:11 - [MESSAGE][PASSED] - Element has been clicked

2020-03-16 09:32:11 - [TEST_STEP][PASSED] - common.util.aribakeywords.aribaClick(findTestObject("Object Repository/testCentral")): Element has been clicked

2020-03-16 09:32:12 - [MESSAGE][PASSED] - Object 'Object Repository/testCentral' is clickable

2020-03-16 09:32:13 - [MESSAGE][PASSED] - Scroll to object 'Object Repository/testCentral' successfully

2020-03-16 09:32:14 - [MESSAGE][PASSED] - Object 'Object Repository/testCentral' is visible

2020-03-16 09:32:15 - [MESSAGE][INFO] - Clicking element

2020-03-16 09:32:16 - [MESSAGE][PASSED] - Object: 'Object Repository/testCentral' is clicked on

2020-03-16 09:32:17 - [MESSAGE][INFO] - ************* JS EXECUTED ************: true

2020-03-16 09:32:18 - [MESSAGE][PASSED] - Delayed 1 second(s)

2020-03-16 09:32:18 - [MESSAGE][PASSED] - Element has been clicked

2020-03-16 09:32:18 - [TEST_STEP][PASSED] - common.util.aribakeywords.aribaClick(findTestObject("Object Repository/Page_TestCentralPage/input_User__njzfkc")): Element has been clicked

2020-03-16 09:32:19 - [MESSAGE][PASSED] - Object 'Object Repository/Page_TestCentralPage/input_User__njzfkc' is clickable

2020-03-16 09:32:20 - [MESSAGE][PASSED] - Scroll to object 'Object Repository/Page_TestCentralPage/input_User__njzfkc' successfully

2020-03-16 09:32:21 - [MESSAGE][PASSED] - Object 'Object Repository/Page_TestCentralPage/input_User__njzfkc' is visible

2020-03-16 09:32:23 - [MESSAGE][INFO] - Clicking element

2020-03-16 09:32:24 - [MESSAGE][PASSED] - Object: 'Object Repository/Page_TestCentralPage/input_User__njzfkc' is clicked on

2020-03-16 09:32:24 - [MESSAGE][INFO] - ************* JS EXECUTED ************: true

2020-03-16 09:32:25 - [MESSAGE][PASSED] - Delayed 1 second(s)

2020-03-16 09:32:25 - [MESSAGE][PASSED] - Element has been clicked

2020-03-16 09:32:25 - [TEST_STEP][PASSED] - scrollToElement(findTestObject("Object Repository/Page_TestCentralPage/a_Enable  Or  Disable  Feature"), 3): Scroll to object 'Object Repository/Page_TestCentralPage/a_Enable  Or  Disable  Feature' successfully

2020-03-16 09:32:27 - [MESSAGE][PASSED] - Scroll to object 'Object Repository/Page_TestCentralPage/a_Enable  Or  Disable  Feature' successfully

2020-03-16 09:32:27 - [TEST_STEP][PASSED] - common.util.aribakeywords.aribaClick(findTestObject("Object Repository/Page_TestCentralPage/a_Enable  Or  Disable  Feature")): Element has been clicked

2020-03-16 09:32:28 - [MESSAGE][PASSED] - Object 'Object Repository/Page_TestCentralPage/a_Enable  Or  Disable  Feature' is clickable

2020-03-16 09:32:28 - [MESSAGE][PASSED] - Scroll to object 'Object Repository/Page_TestCentralPage/a_Enable  Or  Disable  Feature' successfully

2020-03-16 09:32:29 - [MESSAGE][PASSED] - Object 'Object Repository/Page_TestCentralPage/a_Enable  Or  Disable  Feature' is visible

2020-03-16 09:32:31 - [MESSAGE][INFO] - Clicking element

2020-03-16 09:32:32 - [MESSAGE][PASSED] - Object: 'Object Repository/Page_TestCentralPage/a_Enable  Or  Disable  Feature' is clicked on

2020-03-16 09:32:34 - [MESSAGE][INFO] - ************* JS EXECUTED ************: false

2020-03-16 09:32:35 - [MESSAGE][PASSED] - Delayed 1 second(s)

2020-03-16 09:32:35 - [MESSAGE][INFO] - ************* JS EXECUTED ************: true

2020-03-16 09:32:36 - [MESSAGE][PASSED] - Delayed 1 second(s)

2020-03-16 09:32:36 - [MESSAGE][PASSED] - Element has been clicked

2020-03-16 09:32:36 - [TEST_STEP][PASSED] - setText(findTestObject("Object Repository/input_Full Qualified Name of F"), featureToggleName): Text 'ariba.sourcing.util.SourcingEventFeatures.FromScalesInPricingCondition' is set on object 'Object Repository/input_Full Qualified Name of F'

2020-03-16 09:32:41 - [MESSAGE][PASSED] - Text 'ariba.sourcing.util.SourcingEventFeatures.FromScalesInPricingCondition' is set on object 'Object Repository/input_Full Qualified Name of F'

2020-03-16 09:32:41 - [TEST_STEP][PASSED] - common.util.aribakeywords.aribaClick(findTestObject("Object Repository/div_Run Stager")): common.util.aribakeywords.aribaClick is PASSED

2020-03-16 09:32:42 - [MESSAGE][PASSED] - Object 'Object Repository/div_Run Stager' is clickable

2020-03-16 09:32:43 - [MESSAGE][PASSED] - Scroll to object 'Object Repository/div_Run Stager' successfully

2020-03-16 09:32:44 - [MESSAGE][PASSED] - Object 'Object Repository/div_Run Stager' is visible

2020-03-16 09:32:46 - [MESSAGE][PASSED] - Object: 'Object Repository/div_Run Stager' is clicked on

2020-03-16 09:32:47 - [MESSAGE][INFO] - ************* JS EXECUTED ************: false

2020-03-16 09:32:48 - [MESSAGE][PASSED] - Delayed 1 second(s)

2020-03-16 09:32:50 - [MESSAGE][INFO] - ************* JS EXECUTED ************: false

2020-03-16 09:32:51 - [MESSAGE][PASSED] - Delayed 1 second(s)

2020-03-16 09:32:52 - [MESSAGE][INFO] - ************* JS EXECUTED ************: true

2020-03-16 09:32:53 - [MESSAGE][PASSED] - Delayed 1 second(s)

2020-03-16 09:32:54 - [MESSAGE][PASSED] - Object 'Object Repository/Page_Ariba Spend Management/input__bt5lrc' is clickable

2020-03-16 09:32:54 - [MESSAGE][PASSED] - Web element with id: 'Object Repository/Page_Ariba Spend Management/StackTrace' located by 'By.xpath: //*[@awname = 'SHOW_STACK_TRACE']' is not present after '1' second(s)

2020-03-16 09:32:55 - [MESSAGE][PASSED] - Web element with id: 'Object Repository/Page_Ariba Spend Management/StagerError' located by 'By.xpath: //*[@awname = 'TestStagerErrorPage:toggleStackTrace']' is not present after '1' second(s)

2020-03-16 09:32:55 - [MESSAGE][PASSED] - Web element with id: 'Object Repository/Page_Ariba Spend Management/ReturnToLoginPage' located by 'By.xpath: //*[@awname = 'Return to the Ariba login page::ARPException:linkAction']' is not present after '1' second(s)

2020-03-16 09:32:55 - [MESSAGE][INFO] - in Run stager method

2020-03-16 09:32:55 - [MESSAGE][INFO] -  I am able to see set user. So returning from runstager wait.

2020-03-16 09:32:56 - [MESSAGE][INFO] - ************* JS EXECUTED ************: true

2020-03-16 09:32:57 - [MESSAGE][PASSED] - Delayed 1 second(s)

2020-03-16 09:32:58 - [MESSAGE][INFO] - ************* JS EXECUTED ************: true

2020-03-16 09:32:59 - [MESSAGE][PASSED] - Delayed 1 second(s)

2020-03-16 09:32:59 - [MESSAGE][PASSED] - common.util.aribakeywords.aribaClick is PASSED

2020-03-16 09:32:59 - [MESSAGE][PASSED] - Call Test Case 'Test Cases/DMS/UtilTests/SetFeatureToggle' successfully

2020-03-16 09:32:59 - [TEST_STEP][PASSED] - callTestCase(findTestCase("DMS/UtilTests/SetFeatureToggle"), ["featureToggleName":toggleList[i]], STOP_ON_FAILURE): Call Test Case 'Test Cases/DMS/UtilTests/SetFeatureToggle' successfully

2020-03-16 09:32:59 - [TEST_CASE][PASSED] - Test Cases/DMS/UtilTests/SetFeatureToggle: Test Cases/DMS/UtilTests/SetFeatureToggle

2020-03-16 09:32:59 - [TEST_STEP][PASSED] - common.util.aribakeywords.aribaClick(findTestObject("Object Repository/a_TA..")): Element has been clicked

2020-03-16 09:33:00 - [MESSAGE][PASSED] - Object 'Object Repository/a_TA..' is clickable

2020-03-16 09:33:01 - [MESSAGE][PASSED] - Scroll to object 'Object Repository/a_TA..' successfully

2020-03-16 09:33:02 - [MESSAGE][PASSED] - Object 'Object Repository/a_TA..' is visible

2020-03-16 09:33:03 - [MESSAGE][INFO] - Clicking element

2020-03-16 09:33:05 - [MESSAGE][PASSED] - Object: 'Object Repository/a_TA..' is clicked on

2020-03-16 09:33:05 - [MESSAGE][INFO] - ************* JS EXECUTED ************: true

2020-03-16 09:33:06 - [MESSAGE][PASSED] - Delayed 1 second(s)

2020-03-16 09:33:06 - [MESSAGE][PASSED] - Element has been clicked

2020-03-16 09:33:06 - [TEST_STEP][PASSED] - common.util.aribakeywords.aribaClick(findTestObject("Object Repository/testCentral")): Element has been clicked

2020-03-16 09:33:07 - [MESSAGE][PASSED] - Object 'Object Repository/testCentral' is clickable

2020-03-16 09:33:08 - [MESSAGE][PASSED] - Scroll to object 'Object Repository/testCentral' successfully

2020-03-16 09:33:09 - [MESSAGE][PASSED] - Object 'Object Repository/testCentral' is visible

2020-03-16 09:33:11 - [MESSAGE][INFO] - Clicking element

2020-03-16 09:33:12 - [MESSAGE][PASSED] - Object: 'Object Repository/testCentral' is clicked on

2020-03-16 09:33:13 - [MESSAGE][INFO] - ************* JS EXECUTED ************: true

2020-03-16 09:33:14 - [MESSAGE][PASSED] - Delayed 1 second(s)

2020-03-16 09:33:14 - [MESSAGE][PASSED] - Element has been clicked

2020-03-16 09:33:14 - [TEST_STEP][PASSED] - common.util.aribakeywords.aribaClick(findTestObject("Object Repository/Page_TestCentralPage/input_User__njzfkc")): Element has been clicked

2020-03-16 09:33:15 - [MESSAGE][PASSED] - Object 'Object Repository/Page_TestCentralPage/input_User__njzfkc' is clickable

2020-03-16 09:33:16 - [MESSAGE][PASSED] - Scroll to object 'Object Repository/Page_TestCentralPage/input_User__njzfkc' successfully

2020-03-16 09:33:18 - [MESSAGE][PASSED] - Object 'Object Repository/Page_TestCentralPage/input_User__njzfkc' is visible

2020-03-16 09:33:19 - [MESSAGE][INFO] - Clicking element

2020-03-16 09:33:20 - [MESSAGE][PASSED] - Object: 'Object Repository/Page_TestCentralPage/input_User__njzfkc' is clicked on

2020-03-16 09:33:21 - [MESSAGE][INFO] - ************* JS EXECUTED ************: true

2020-03-16 09:33:22 - [MESSAGE][PASSED] - Delayed 1 second(s)

2020-03-16 09:33:22 - [MESSAGE][PASSED] - Element has been clicked

2020-03-16 09:33:22 - [TEST_STEP][PASSED] - scrollToElement(findTestObject("Object Repository/Page_TestCentralPage/a_Enable  Or  Disable  Feature"), 3): Scroll to object 'Object Repository/Page_TestCentralPage/a_Enable  Or  Disable  Feature' successfully

2020-03-16 09:33:24 - [MESSAGE][PASSED] - Scroll to object 'Object Repository/Page_TestCentralPage/a_Enable  Or  Disable  Feature' successfully

2020-03-16 09:33:24 - [TEST_STEP][PASSED] - common.util.aribakeywords.aribaClick(findTestObject("Object Repository/Page_TestCentralPage/a_Enable  Or  Disable  Feature")): Element has been clicked

2020-03-16 09:33:25 - [MESSAGE][PASSED] - Object 'Object Repository/Page_TestCentralPage/a_Enable  Or  Disable  Feature' is clickable

2020-03-16 09:33:26 - [MESSAGE][PASSED] - Scroll to object 'Object Repository/Page_TestCentralPage/a_Enable  Or  Disable  Feature' successfully

2020-03-16 09:33:27 - [MESSAGE][PASSED] - Object 'Object Repository/Page_TestCentralPage/a_Enable  Or  Disable  Feature' is visible

2020-03-16 09:33:28 - [MESSAGE][INFO] - Clicking element

2020-03-16 09:33:29 - [MESSAGE][PASSED] - Object: 'Object Repository/Page_TestCentralPage/a_Enable  Or  Disable  Feature' is clicked on

2020-03-16 09:33:31 - [MESSAGE][INFO] - ************* JS EXECUTED ************: false

2020-03-16 09:33:32 - [MESSAGE][PASSED] - Delayed 1 second(s)

2020-03-16 09:33:33 - [MESSAGE][INFO] - ************* JS EXECUTED ************: true

2020-03-16 09:33:34 - [MESSAGE][PASSED] - Delayed 1 second(s)

2020-03-16 09:33:34 - [MESSAGE][PASSED] - Element has been clicked

2020-03-16 09:33:34 - [TEST_STEP][PASSED] - setText(findTestObject("Object Repository/input_Full Qualified Name of F"), featureToggleName): Text 'ariba.collaborate.util.CollaborateFeatures.AppendLineItemsInExistingContract' is set on object 'Object Repository/input_Full Qualified Name of F'

2020-03-16 09:33:41 - [MESSAGE][PASSED] - Text 'ariba.collaborate.util.CollaborateFeatures.AppendLineItemsInExistingContract' is set on object 'Object Repository/input_Full Qualified Name of F'

2020-03-16 09:33:41 - [TEST_STEP][PASSED] - common.util.aribakeywords.aribaClick(findTestObject("Object Repository/div_Run Stager")): common.util.aribakeywords.aribaClick is PASSED

2020-03-16 09:33:42 - [MESSAGE][PASSED] - Object 'Object Repository/div_Run Stager' is clickable

2020-03-16 09:33:43 - [MESSAGE][PASSED] - Scroll to object 'Object Repository/div_Run Stager' successfully

2020-03-16 09:33:44 - [MESSAGE][PASSED] - Object 'Object Repository/div_Run Stager' is visible

2020-03-16 09:33:47 - [MESSAGE][PASSED] - Object: 'Object Repository/div_Run Stager' is clicked on

2020-03-16 09:33:48 - [MESSAGE][INFO] - ************* JS EXECUTED ************: false

2020-03-16 09:33:49 - [MESSAGE][PASSED] - Delayed 1 second(s)

2020-03-16 09:33:49 - [MESSAGE][INFO] - ************* JS EXECUTED ************: false

2020-03-16 09:33:50 - [MESSAGE][PASSED] - Delayed 1 second(s)

2020-03-16 09:33:53 - [MESSAGE][INFO] - ************* JS EXECUTED ************: true

2020-03-16 09:33:54 - [MESSAGE][PASSED] - Delayed 1 second(s)

2020-03-16 09:33:55 - [MESSAGE][PASSED] - Object 'Object Repository/Page_Ariba Spend Management/input__bt5lrc' is clickable

2020-03-16 09:33:55 - [MESSAGE][PASSED] - Web element with id: 'Object Repository/Page_Ariba Spend Management/StackTrace' located by 'By.xpath: //*[@awname = 'SHOW_STACK_TRACE']' is not present after '1' second(s)

2020-03-16 09:33:56 - [MESSAGE][PASSED] - Web element with id: 'Object Repository/Page_Ariba Spend Management/StagerError' located by 'By.xpath: //*[@awname = 'TestStagerErrorPage:toggleStackTrace']' is not present after '1' second(s)

2020-03-16 09:33:56 - [MESSAGE][PASSED] - Web element with id: 'Object Repository/Page_Ariba Spend Management/ReturnToLoginPage' located by 'By.xpath: //*[@awname = 'Return to the Ariba login page::ARPException:linkAction']' is not present after '1' second(s)

2020-03-16 09:33:56 - [MESSAGE][INFO] - in Run stager method

2020-03-16 09:33:56 - [MESSAGE][INFO] -  I am able to see set user. So returning from runstager wait.

2020-03-16 09:33:57 - [MESSAGE][INFO] - ************* JS EXECUTED ************: true

2020-03-16 09:33:58 - [MESSAGE][PASSED] - Delayed 1 second(s)

2020-03-16 09:33:59 - [MESSAGE][INFO] - ************* JS EXECUTED ************: true

2020-03-16 09:34:00 - [MESSAGE][PASSED] - Delayed 1 second(s)

2020-03-16 09:34:00 - [MESSAGE][PASSED] - common.util.aribakeywords.aribaClick is PASSED

2020-03-16 09:34:00 - [MESSAGE][PASSED] - Call Test Case 'Test Cases/DMS/UtilTests/SetFeatureToggle' successfully

2020-03-16 09:34:00 - [TEST_STEP][PASSED] - callTestCase(findTestCase("DMS/UtilTests/SetFeatureToggle"), ["featureToggleName":toggleList[i]], STOP_ON_FAILURE): Call Test Case 'Test Cases/DMS/UtilTests/SetFeatureToggle' successfully

2020-03-16 09:34:00 - [TEST_CASE][PASSED] - Test Cases/DMS/UtilTests/SetFeatureToggle: Test Cases/DMS/UtilTests/SetFeatureToggle

2020-03-16 09:34:00 - [TEST_STEP][PASSED] - common.util.aribakeywords.aribaClick(findTestObject("Object Repository/a_TA..")): Element has been clicked

2020-03-16 09:34:01 - [MESSAGE][PASSED] - Object 'Object Repository/a_TA..' is clickable

2020-03-16 09:34:02 - [MESSAGE][PASSED] - Scroll to object 'Object Repository/a_TA..' successfully

2020-03-16 09:34:04 - [MESSAGE][PASSED] - Object 'Object Repository/a_TA..' is visible

2020-03-16 09:34:05 - [MESSAGE][INFO] - Clicking element

2020-03-16 09:34:06 - [MESSAGE][PASSED] - Object: 'Object Repository/a_TA..' is clicked on

2020-03-16 09:34:07 - [MESSAGE][INFO] - ************* JS EXECUTED ************: true

2020-03-16 09:34:08 - [MESSAGE][PASSED] - Delayed 1 second(s)

2020-03-16 09:34:08 - [MESSAGE][PASSED] - Element has been clicked

2020-03-16 09:34:08 - [TEST_STEP][PASSED] - common.util.aribakeywords.aribaClick(findTestObject("Object Repository/testCentral")): Element has been clicked

2020-03-16 09:34:10 - [MESSAGE][PASSED] - Object 'Object Repository/testCentral' is clickable

2020-03-16 09:34:11 - [MESSAGE][PASSED] - Scroll to object 'Object Repository/testCentral' successfully

2020-03-16 09:34:12 - [MESSAGE][PASSED] - Object 'Object Repository/testCentral' is visible

2020-03-16 09:34:13 - [MESSAGE][INFO] - Clicking element

2020-03-16 09:34:15 - [MESSAGE][PASSED] - Object: 'Object Repository/testCentral' is clicked on

2020-03-16 09:34:16 - [MESSAGE][INFO] - ************* JS EXECUTED ************: true

2020-03-16 09:34:17 - [MESSAGE][PASSED] - Delayed 1 second(s)

2020-03-16 09:34:17 - [MESSAGE][PASSED] - Element has been clicked

2020-03-16 09:34:17 - [TEST_STEP][PASSED] - common.util.aribakeywords.aribaClick(findTestObject("Object Repository/Page_TestCentralPage/input_User__njzfkc")): Element has been clicked

2020-03-16 09:34:18 - [MESSAGE][PASSED] - Object 'Object Repository/Page_TestCentralPage/input_User__njzfkc' is clickable

2020-03-16 09:34:19 - [MESSAGE][PASSED] - Scroll to object 'Object Repository/Page_TestCentralPage/input_User__njzfkc' successfully

2020-03-16 09:34:20 - [MESSAGE][PASSED] - Object 'Object Repository/Page_TestCentralPage/input_User__njzfkc' is visible

2020-03-16 09:34:21 - [MESSAGE][INFO] - Clicking element

2020-03-16 09:34:22 - [MESSAGE][PASSED] - Object: 'Object Repository/Page_TestCentralPage/input_User__njzfkc' is clicked on

2020-03-16 09:34:23 - [MESSAGE][INFO] - ************* JS EXECUTED ************: true

2020-03-16 09:34:24 - [MESSAGE][PASSED] - Delayed 1 second(s)

2020-03-16 09:34:24 - [MESSAGE][PASSED] - Element has been clicked

2020-03-16 09:34:24 - [TEST_STEP][PASSED] - scrollToElement(findTestObject("Object Repository/Page_TestCentralPage/a_Enable  Or  Disable  Feature"), 3): Scroll to object 'Object Repository/Page_TestCentralPage/a_Enable  Or  Disable  Feature' successfully

2020-03-16 09:34:25 - [MESSAGE][PASSED] - Scroll to object 'Object Repository/Page_TestCentralPage/a_Enable  Or  Disable  Feature' successfully

2020-03-16 09:34:25 - [TEST_STEP][PASSED] - common.util.aribakeywords.aribaClick(findTestObject("Object Repository/Page_TestCentralPage/a_Enable  Or  Disable  Feature")): Element has been clicked

2020-03-16 09:34:26 - [MESSAGE][PASSED] - Object 'Object Repository/Page_TestCentralPage/a_Enable  Or  Disable  Feature' is clickable

2020-03-16 09:34:27 - [MESSAGE][PASSED] - Scroll to object 'Object Repository/Page_TestCentralPage/a_Enable  Or  Disable  Feature' successfully

2020-03-16 09:34:28 - [MESSAGE][PASSED] - Object 'Object Repository/Page_TestCentralPage/a_Enable  Or  Disable  Feature' is visible

2020-03-16 09:34:29 - [MESSAGE][INFO] - Clicking element

2020-03-16 09:34:30 - [MESSAGE][PASSED] - Object: 'Object Repository/Page_TestCentralPage/a_Enable  Or  Disable  Feature' is clicked on

2020-03-16 09:34:32 - [MESSAGE][INFO] - ************* JS EXECUTED ************: true

2020-03-16 09:34:33 - [MESSAGE][PASSED] - Delayed 1 second(s)

2020-03-16 09:34:33 - [MESSAGE][PASSED] - Element has been clicked

2020-03-16 09:34:33 - [TEST_STEP][PASSED] - setText(findTestObject("Object Repository/input_Full Qualified Name of F"), featureToggleName): Text 'ariba.sourcing.util.RetailSourcingFeatures.PrePackAndMixedCases' is set on object 'Object Repository/input_Full Qualified Name of F'

2020-03-16 09:34:37 - [MESSAGE][PASSED] - Text 'ariba.sourcing.util.RetailSourcingFeatures.PrePackAndMixedCases' is set on object 'Object Repository/input_Full Qualified Name of F'

2020-03-16 09:34:37 - [TEST_STEP][PASSED] - common.util.aribakeywords.aribaClick(findTestObject("Object Repository/div_Run Stager")): common.util.aribakeywords.aribaClick is PASSED

2020-03-16 09:34:38 - [MESSAGE][PASSED] - Object 'Object Repository/div_Run Stager' is clickable

2020-03-16 09:34:39 - [MESSAGE][PASSED] - Scroll to object 'Object Repository/div_Run Stager' successfully

2020-03-16 09:34:40 - [MESSAGE][PASSED] - Object 'Object Repository/div_Run Stager' is visible

2020-03-16 09:34:43 - [MESSAGE][PASSED] - Object: 'Object Repository/div_Run Stager' is clicked on

2020-03-16 09:34:44 - [MESSAGE][INFO] - ************* JS EXECUTED ************: false

2020-03-16 09:34:45 - [MESSAGE][PASSED] - Delayed 1 second(s)

2020-03-16 09:34:48 - [MESSAGE][INFO] - ************* JS EXECUTED ************: true

2020-03-16 09:34:49 - [MESSAGE][PASSED] - Delayed 1 second(s)

2020-03-16 09:34:50 - [MESSAGE][PASSED] - Object 'Object Repository/Page_Ariba Spend Management/input__bt5lrc' is clickable

2020-03-16 09:34:50 - [MESSAGE][PASSED] - Web element with id: 'Object Repository/Page_Ariba Spend Management/StackTrace' located by 'By.xpath: //*[@awname = 'SHOW_STACK_TRACE']' is not present after '1' second(s)

2020-03-16 09:34:51 - [MESSAGE][PASSED] - Web element with id: 'Object Repository/Page_Ariba Spend Management/StagerError' located by 'By.xpath: //*[@awname = 'TestStagerErrorPage:toggleStackTrace']' is not present after '1' second(s)

2020-03-16 09:34:51 - [MESSAGE][PASSED] - Web element with id: 'Object Repository/Page_Ariba Spend Management/ReturnToLoginPage' located by 'By.xpath: //*[@awname = 'Return to the Ariba login page::ARPException:linkAction']' is not present after '1' second(s)

2020-03-16 09:34:51 - [MESSAGE][INFO] - in Run stager method

2020-03-16 09:34:51 - [MESSAGE][INFO] -  I am able to see set user. So returning from runstager wait.

2020-03-16 09:34:52 - [MESSAGE][INFO] - ************* JS EXECUTED ************: true

2020-03-16 09:34:53 - [MESSAGE][PASSED] - Delayed 1 second(s)

2020-03-16 09:34:54 - [MESSAGE][INFO] - ************* JS EXECUTED ************: true

2020-03-16 09:34:55 - [MESSAGE][PASSED] - Delayed 1 second(s)

2020-03-16 09:34:55 - [MESSAGE][PASSED] - common.util.aribakeywords.aribaClick is PASSED

2020-03-16 09:34:55 - [MESSAGE][PASSED] - Call Test Case 'Test Cases/DMS/UtilTests/SetFeatureToggle' successfully

2020-03-16 09:34:55 - [TEST_STEP][PASSED] - callTestCase(findTestCase("DMS/UtilTests/SetFeatureToggle"), ["featureToggleName":toggleList[i]], STOP_ON_FAILURE): Call Test Case 'Test Cases/DMS/UtilTests/SetFeatureToggle' successfully

2020-03-16 09:34:55 - [TEST_CASE][PASSED] - Test Cases/DMS/UtilTests/SetFeatureToggle: Test Cases/DMS/UtilTests/SetFeatureToggle

2020-03-16 09:34:55 - [TEST_STEP][PASSED] - common.util.aribakeywords.aribaClick(findTestObject("Object Repository/a_TA..")): Element has been clicked

2020-03-16 09:34:57 - [MESSAGE][PASSED] - Object 'Object Repository/a_TA..' is clickable

2020-03-16 09:34:58 - [MESSAGE][PASSED] - Scroll to object 'Object Repository/a_TA..' successfully

2020-03-16 09:34:59 - [MESSAGE][PASSED] - Object 'Object Repository/a_TA..' is visible

2020-03-16 09:35:00 - [MESSAGE][INFO] - Clicking element

2020-03-16 09:35:01 - [MESSAGE][PASSED] - Object: 'Object Repository/a_TA..' is clicked on

2020-03-16 09:35:02 - [MESSAGE][INFO] - ************* JS EXECUTED ************: true

2020-03-16 09:35:03 - [MESSAGE][PASSED] - Delayed 1 second(s)

2020-03-16 09:35:03 - [MESSAGE][PASSED] - Element has been clicked

2020-03-16 09:35:03 - [TEST_STEP][PASSED] - common.util.aribakeywords.aribaClick(findTestObject("Object Repository/testCentral")): Element has been clicked

2020-03-16 09:35:04 - [MESSAGE][PASSED] - Object 'Object Repository/testCentral' is clickable

2020-03-16 09:35:05 - [MESSAGE][PASSED] - Scroll to object 'Object Repository/testCentral' successfully

2020-03-16 09:35:06 - [MESSAGE][PASSED] - Object 'Object Repository/testCentral' is visible

2020-03-16 09:35:08 - [MESSAGE][INFO] - Clicking element

2020-03-16 09:35:09 - [MESSAGE][PASSED] - Object: 'Object Repository/testCentral' is clicked on

2020-03-16 09:35:10 - [MESSAGE][INFO] - ************* JS EXECUTED ************: true

2020-03-16 09:35:11 - [MESSAGE][PASSED] - Delayed 1 second(s)

2020-03-16 09:35:11 - [MESSAGE][PASSED] - Element has been clicked

2020-03-16 09:35:11 - [TEST_STEP][PASSED] - common.util.aribakeywords.aribaClick(findTestObject("Object Repository/Page_TestCentralPage/input_User__njzfkc")): Element has been clicked

2020-03-16 09:35:13 - [MESSAGE][PASSED] - Object 'Object Repository/Page_TestCentralPage/input_User__njzfkc' is clickable

2020-03-16 09:35:14 - [MESSAGE][PASSED] - Scroll to object 'Object Repository/Page_TestCentralPage/input_User__njzfkc' successfully

2020-03-16 09:35:15 - [MESSAGE][PASSED] - Object 'Object Repository/Page_TestCentralPage/input_User__njzfkc' is visible

2020-03-16 09:35:16 - [MESSAGE][INFO] - Clicking element

2020-03-16 09:35:17 - [MESSAGE][PASSED] - Object: 'Object Repository/Page_TestCentralPage/input_User__njzfkc' is clicked on

2020-03-16 09:35:18 - [MESSAGE][INFO] - ************* JS EXECUTED ************: true

2020-03-16 09:35:19 - [MESSAGE][PASSED] - Delayed 1 second(s)

2020-03-16 09:35:19 - [MESSAGE][PASSED] - Element has been clicked

2020-03-16 09:35:19 - [TEST_STEP][PASSED] - scrollToElement(findTestObject("Object Repository/Page_TestCentralPage/a_Enable  Or  Disable  Feature"), 3): Scroll to object 'Object Repository/Page_TestCentralPage/a_Enable  Or  Disable  Feature' successfully

2020-03-16 09:35:20 - [MESSAGE][PASSED] - Scroll to object 'Object Repository/Page_TestCentralPage/a_Enable  Or  Disable  Feature' successfully

2020-03-16 09:35:20 - [TEST_STEP][PASSED] - common.util.aribakeywords.aribaClick(findTestObject("Object Repository/Page_TestCentralPage/a_Enable  Or  Disable  Feature")): Element has been clicked

2020-03-16 09:35:21 - [MESSAGE][PASSED] - Object 'Object Repository/Page_TestCentralPage/a_Enable  Or  Disable  Feature' is clickable

2020-03-16 09:35:22 - [MESSAGE][PASSED] - Scroll to object 'Object Repository/Page_TestCentralPage/a_Enable  Or  Disable  Feature' successfully

2020-03-16 09:35:23 - [MESSAGE][PASSED] - Object 'Object Repository/Page_TestCentralPage/a_Enable  Or  Disable  Feature' is visible

2020-03-16 09:35:24 - [MESSAGE][INFO] - Clicking element

2020-03-16 09:35:25 - [MESSAGE][PASSED] - Object: 'Object Repository/Page_TestCentralPage/a_Enable  Or  Disable  Feature' is clicked on

2020-03-16 09:35:28 - [MESSAGE][INFO] - ************* JS EXECUTED ************: true

2020-03-16 09:35:29 - [MESSAGE][PASSED] - Delayed 1 second(s)

2020-03-16 09:35:29 - [MESSAGE][PASSED] - Element has been clicked

2020-03-16 09:35:29 - [TEST_STEP][PASSED] - setText(findTestObject("Object Repository/input_Full Qualified Name of F"), featureToggleName): Text 'ariba.sourcing.util.SourcingEventFeatures.SourcingItemHierarchy' is set on object 'Object Repository/input_Full Qualified Name of F'

2020-03-16 09:35:33 - [MESSAGE][PASSED] - Text 'ariba.sourcing.util.SourcingEventFeatures.SourcingItemHierarchy' is set on object 'Object Repository/input_Full Qualified Name of F'

2020-03-16 09:35:33 - [TEST_STEP][PASSED] - common.util.aribakeywords.aribaClick(findTestObject("Object Repository/div_Run Stager")): common.util.aribakeywords.aribaClick is PASSED

2020-03-16 09:35:34 - [MESSAGE][PASSED] - Object 'Object Repository/div_Run Stager' is clickable

2020-03-16 09:35:35 - [MESSAGE][PASSED] - Scroll to object 'Object Repository/div_Run Stager' successfully

2020-03-16 09:35:36 - [MESSAGE][PASSED] - Object 'Object Repository/div_Run Stager' is visible

2020-03-16 09:35:39 - [MESSAGE][PASSED] - Object: 'Object Repository/div_Run Stager' is clicked on

2020-03-16 09:35:39 - [MESSAGE][INFO] - ************* JS EXECUTED ************: false

2020-03-16 09:35:40 - [MESSAGE][PASSED] - Delayed 1 second(s)

2020-03-16 09:35:44 - [MESSAGE][INFO] - ************* JS EXECUTED ************: false

2020-03-16 09:35:45 - [MESSAGE][PASSED] - Delayed 1 second(s)

2020-03-16 09:35:45 - [MESSAGE][INFO] - ************* JS EXECUTED ************: true

2020-03-16 09:35:46 - [MESSAGE][PASSED] - Delayed 1 second(s)

2020-03-16 09:35:47 - [MESSAGE][PASSED] - Object 'Object Repository/Page_Ariba Spend Management/input__bt5lrc' is clickable

2020-03-16 09:35:48 - [MESSAGE][PASSED] - Web element with id: 'Object Repository/Page_Ariba Spend Management/StackTrace' located by 'By.xpath: //*[@awname = 'SHOW_STACK_TRACE']' is not present after '1' second(s)

2020-03-16 09:35:49 - [MESSAGE][PASSED] - Web element with id: 'Object Repository/Page_Ariba Spend Management/StagerError' located by 'By.xpath: //*[@awname = 'TestStagerErrorPage:toggleStackTrace']' is not present after '1' second(s)

2020-03-16 09:35:49 - [MESSAGE][PASSED] - Web element with id: 'Object Repository/Page_Ariba Spend Management/ReturnToLoginPage' located by 'By.xpath: //*[@awname = 'Return to the Ariba login page::ARPException:linkAction']' is not present after '1' second(s)

2020-03-16 09:35:49 - [MESSAGE][INFO] - in Run stager method

2020-03-16 09:35:49 - [MESSAGE][INFO] -  I am able to see set user. So returning from runstager wait.

2020-03-16 09:35:50 - [MESSAGE][INFO] - ************* JS EXECUTED ************: true

2020-03-16 09:35:51 - [MESSAGE][PASSED] - Delayed 1 second(s)

2020-03-16 09:35:52 - [MESSAGE][INFO] - ************* JS EXECUTED ************: true

2020-03-16 09:35:53 - [MESSAGE][PASSED] - Delayed 1 second(s)

2020-03-16 09:35:53 - [MESSAGE][PASSED] - common.util.aribakeywords.aribaClick is PASSED

2020-03-16 09:35:53 - [MESSAGE][PASSED] - Call Test Case 'Test Cases/DMS/UtilTests/SetFeatureToggle' successfully

2020-03-16 09:35:53 - [TEST_STEP][PASSED] - callTestCase(findTestCase("DMS/UtilTests/SetFeatureToggle"), ["featureToggleName":toggleList[i]], STOP_ON_FAILURE): Call Test Case 'Test Cases/DMS/UtilTests/SetFeatureToggle' successfully

2020-03-16 09:35:53 - [TEST_CASE][PASSED] - Test Cases/DMS/UtilTests/SetFeatureToggle: Test Cases/DMS/UtilTests/SetFeatureToggle

2020-03-16 09:35:53 - [TEST_STEP][PASSED] - common.util.aribakeywords.aribaClick(findTestObject("Object Repository/a_TA..")): Element has been clicked

2020-03-16 09:35:54 - [MESSAGE][PASSED] - Object 'Object Repository/a_TA..' is clickable

2020-03-16 09:35:55 - [MESSAGE][PASSED] - Scroll to object 'Object Repository/a_TA..' successfully

2020-03-16 09:35:56 - [MESSAGE][PASSED] - Object 'Object Repository/a_TA..' is visible

2020-03-16 09:35:58 - [MESSAGE][INFO] - Clicking element

2020-03-16 09:35:59 - [MESSAGE][PASSED] - Object: 'Object Repository/a_TA..' is clicked on

2020-03-16 09:36:00 - [MESSAGE][INFO] - ************* JS EXECUTED ************: true

2020-03-16 09:36:01 - [MESSAGE][PASSED] - Delayed 1 second(s)

2020-03-16 09:36:01 - [MESSAGE][PASSED] - Element has been clicked

2020-03-16 09:36:01 - [TEST_STEP][PASSED] - common.util.aribakeywords.aribaClick(findTestObject("Object Repository/testCentral")): Element has been clicked

2020-03-16 09:36:02 - [MESSAGE][PASSED] - Object 'Object Repository/testCentral' is clickable

2020-03-16 09:36:03 - [MESSAGE][PASSED] - Scroll to object 'Object Repository/testCentral' successfully

2020-03-16 09:36:04 - [MESSAGE][PASSED] - Object 'Object Repository/testCentral' is visible

2020-03-16 09:36:06 - [MESSAGE][INFO] - Clicking element

2020-03-16 09:36:07 - [MESSAGE][PASSED] - Object: 'Object Repository/testCentral' is clicked on

2020-03-16 09:36:08 - [MESSAGE][INFO] - ************* JS EXECUTED ************: true

2020-03-16 09:36:09 - [MESSAGE][PASSED] - Delayed 1 second(s)

2020-03-16 09:36:09 - [MESSAGE][PASSED] - Element has been clicked

2020-03-16 09:36:09 - [TEST_STEP][PASSED] - common.util.aribakeywords.aribaClick(findTestObject("Object Repository/Page_TestCentralPage/input_User__njzfkc")): Element has been clicked

2020-03-16 09:36:10 - [MESSAGE][PASSED] - Object 'Object Repository/Page_TestCentralPage/input_User__njzfkc' is clickable

2020-03-16 09:36:11 - [MESSAGE][PASSED] - Scroll to object 'Object Repository/Page_TestCentralPage/input_User__njzfkc' successfully

2020-03-16 09:36:12 - [MESSAGE][PASSED] - Object 'Object Repository/Page_TestCentralPage/input_User__njzfkc' is visible

2020-03-16 09:36:13 - [MESSAGE][INFO] - Clicking element

2020-03-16 09:36:15 - [MESSAGE][PASSED] - Object: 'Object Repository/Page_TestCentralPage/input_User__njzfkc' is clicked on

2020-03-16 09:36:16 - [MESSAGE][INFO] - ************* JS EXECUTED ************: true

2020-03-16 09:36:17 - [MESSAGE][PASSED] - Delayed 1 second(s)

2020-03-16 09:36:17 - [MESSAGE][PASSED] - Element has been clicked

2020-03-16 09:36:17 - [TEST_STEP][PASSED] - scrollToElement(findTestObject("Object Repository/Page_TestCentralPage/a_Enable  Or  Disable  Feature"), 3): Scroll to object 'Object Repository/Page_TestCentralPage/a_Enable  Or  Disable  Feature' successfully

2020-03-16 09:36:18 - [MESSAGE][PASSED] - Scroll to object 'Object Repository/Page_TestCentralPage/a_Enable  Or  Disable  Feature' successfully

2020-03-16 09:36:18 - [TEST_STEP][PASSED] - common.util.aribakeywords.aribaClick(findTestObject("Object Repository/Page_TestCentralPage/a_Enable  Or  Disable  Feature")): Element has been clicked

2020-03-16 09:36:19 - [MESSAGE][PASSED] - Object 'Object Repository/Page_TestCentralPage/a_Enable  Or  Disable  Feature' is clickable

2020-03-16 09:36:20 - [MESSAGE][PASSED] - Scroll to object 'Object Repository/Page_TestCentralPage/a_Enable  Or  Disable  Feature' successfully

2020-03-16 09:36:21 - [MESSAGE][PASSED] - Object 'Object Repository/Page_TestCentralPage/a_Enable  Or  Disable  Feature' is visible

2020-03-16 09:36:23 - [MESSAGE][INFO] - Clicking element

2020-03-16 09:36:24 - [MESSAGE][PASSED] - Object: 'Object Repository/Page_TestCentralPage/a_Enable  Or  Disable  Feature' is clicked on

2020-03-16 09:36:26 - [MESSAGE][INFO] - ************* JS EXECUTED ************: true

2020-03-16 09:36:27 - [MESSAGE][PASSED] - Delayed 1 second(s)

2020-03-16 09:36:27 - [MESSAGE][PASSED] - Element has been clicked

2020-03-16 09:36:27 - [TEST_STEP][PASSED] - setText(findTestObject("Object Repository/input_Full Qualified Name of F"), featureToggleName): Text 'ariba.sourcing.util.RetailSourcingFeatures.PrePackAndMixedCasesInContract' is set on object 'Object Repository/input_Full Qualified Name of F'

2020-03-16 09:36:33 - [MESSAGE][PASSED] - Text 'ariba.sourcing.util.RetailSourcingFeatures.PrePackAndMixedCasesInContract' is set on object 'Object Repository/input_Full Qualified Name of F'

2020-03-16 09:36:33 - [TEST_STEP][PASSED] - common.util.aribakeywords.aribaClick(findTestObject("Object Repository/div_Run Stager")): common.util.aribakeywords.aribaClick is PASSED

2020-03-16 09:36:35 - [MESSAGE][PASSED] - Object 'Object Repository/div_Run Stager' is clickable

2020-03-16 09:36:36 - [MESSAGE][PASSED] - Scroll to object 'Object Repository/div_Run Stager' successfully

2020-03-16 09:36:37 - [MESSAGE][PASSED] - Object 'Object Repository/div_Run Stager' is visible

2020-03-16 09:36:39 - [MESSAGE][PASSED] - Object: 'Object Repository/div_Run Stager' is clicked on

2020-03-16 09:36:40 - [MESSAGE][INFO] - ************* JS EXECUTED ************: false

2020-03-16 09:36:41 - [MESSAGE][PASSED] - Delayed 1 second(s)

2020-03-16 09:36:45 - [MESSAGE][INFO] - ************* JS EXECUTED ************: false

2020-03-16 09:36:46 - [MESSAGE][PASSED] - Delayed 1 second(s)

2020-03-16 09:36:46 - [MESSAGE][INFO] - ************* JS EXECUTED ************: true

2020-03-16 09:36:47 - [MESSAGE][PASSED] - Delayed 1 second(s)

2020-03-16 09:36:48 - [MESSAGE][PASSED] - Object 'Object Repository/Page_Ariba Spend Management/input__bt5lrc' is clickable

2020-03-16 09:36:49 - [MESSAGE][PASSED] - Web element with id: 'Object Repository/Page_Ariba Spend Management/StackTrace' located by 'By.xpath: //*[@awname = 'SHOW_STACK_TRACE']' is not present after '1' second(s)

2020-03-16 09:36:49 - [MESSAGE][PASSED] - Web element with id: 'Object Repository/Page_Ariba Spend Management/StagerError' located by 'By.xpath: //*[@awname = 'TestStagerErrorPage:toggleStackTrace']' is not present after '1' second(s)

2020-03-16 09:36:50 - [MESSAGE][PASSED] - Web element with id: 'Object Repository/Page_Ariba Spend Management/ReturnToLoginPage' located by 'By.xpath: //*[@awname = 'Return to the Ariba login page::ARPException:linkAction']' is not present after '1' second(s)

2020-03-16 09:36:50 - [MESSAGE][INFO] - in Run stager method

2020-03-16 09:36:50 - [MESSAGE][INFO] -  I am able to see set user. So returning from runstager wait.

2020-03-16 09:36:51 - [MESSAGE][INFO] - ************* JS EXECUTED ************: true

2020-03-16 09:36:52 - [MESSAGE][PASSED] - Delayed 1 second(s)

2020-03-16 09:36:52 - [MESSAGE][INFO] - ************* JS EXECUTED ************: true

2020-03-16 09:36:53 - [MESSAGE][PASSED] - Delayed 1 second(s)

2020-03-16 09:36:53 - [MESSAGE][PASSED] - common.util.aribakeywords.aribaClick is PASSED

2020-03-16 09:36:53 - [MESSAGE][PASSED] - Call Test Case 'Test Cases/DMS/UtilTests/SetFeatureToggle' successfully

2020-03-16 09:36:53 - [TEST_STEP][PASSED] - mixedCaseIntegration = "Application.AQS.ArticleIntegration.MixedCaseIntegration.Enabled": null

2020-03-16 09:36:53 - [TEST_STEP][PASSED] - mixedCases = "Application.AQS.ArticleIntegration.MixedCases.Enabled": null

2020-03-16 09:36:53 - [TEST_STEP][PASSED] - realmParamList = [mixedCaseIntegration, mixedCases]: null

2020-03-16 09:36:53 - [TEST_STEP][PASSED] - for ([i = 0, i < realmParamList.size(), (i++)]): Call Test Case 'Test Cases/DMS/UtilTests/SetRealmParameters' successfully

2020-03-16 09:36:53 - [TEST_STEP][PASSED] - callTestCase(findTestCase("DMS/UtilTests/SetRealmParameters"), ["parameterName":realmParamList[i]], STOP_ON_FAILURE): Call Test Case 'Test Cases/DMS/UtilTests/SetRealmParameters' successfully

2020-03-16 09:36:54 - [TEST_CASE][PASSED] - Test Cases/DMS/UtilTests/SetRealmParameters: Test Cases/DMS/UtilTests/SetRealmParameters

2020-03-16 09:36:54 - [TEST_STEP][PASSED] - common.util.aribakeywords.aribaClick(findTestObject("Object Repository/a_TA..")): Element has been clicked

2020-03-16 09:36:55 - [MESSAGE][PASSED] - Object 'Object Repository/a_TA..' is clickable

2020-03-16 09:36:56 - [MESSAGE][PASSED] - Scroll to object 'Object Repository/a_TA..' successfully

2020-03-16 09:36:57 - [MESSAGE][PASSED] - Object 'Object Repository/a_TA..' is visible

2020-03-16 09:36:58 - [MESSAGE][INFO] - Clicking element

2020-03-16 09:37:00 - [MESSAGE][PASSED] - Object: 'Object Repository/a_TA..' is clicked on

2020-03-16 09:37:01 - [MESSAGE][INFO] - ************* JS EXECUTED ************: true

2020-03-16 09:37:02 - [MESSAGE][PASSED] - Delayed 1 second(s)

2020-03-16 09:37:02 - [MESSAGE][PASSED] - Element has been clicked

2020-03-16 09:37:02 - [TEST_STEP][PASSED] - common.util.aribakeywords.aribaClick(findTestObject("Object Repository/testCentral")): Element has been clicked

2020-03-16 09:37:03 - [MESSAGE][PASSED] - Object 'Object Repository/testCentral' is clickable

2020-03-16 09:37:04 - [MESSAGE][PASSED] - Scroll to object 'Object Repository/testCentral' successfully

2020-03-16 09:37:05 - [MESSAGE][PASSED] - Object 'Object Repository/testCentral' is visible

2020-03-16 09:37:07 - [MESSAGE][INFO] - Clicking element

2020-03-16 09:37:08 - [MESSAGE][PASSED] - Object: 'Object Repository/testCentral' is clicked on

2020-03-16 09:37:09 - [MESSAGE][INFO] - ************* JS EXECUTED ************: true

2020-03-16 09:37:10 - [MESSAGE][PASSED] - Delayed 1 second(s)

2020-03-16 09:37:10 - [MESSAGE][PASSED] - Element has been clicked

2020-03-16 09:37:10 - [TEST_STEP][PASSED] - common.util.aribakeywords.aribaClick(findTestObject("Object Repository/setRealmParametersStager")): Element has been clicked

2020-03-16 09:37:11 - [MESSAGE][PASSED] - Object 'Object Repository/setRealmParametersStager' is clickable

2020-03-16 09:37:13 - [MESSAGE][PASSED] - Scroll to object 'Object Repository/setRealmParametersStager' successfully

2020-03-16 09:37:14 - [MESSAGE][PASSED] - Object 'Object Repository/setRealmParametersStager' is visible

2020-03-16 09:37:15 - [MESSAGE][INFO] - Clicking element

2020-03-16 09:37:16 - [MESSAGE][PASSED] - Object: 'Object Repository/setRealmParametersStager' is clicked on

2020-03-16 09:37:18 - [MESSAGE][INFO] - ************* JS EXECUTED ************: true

2020-03-16 09:37:19 - [MESSAGE][PASSED] - Delayed 1 second(s)

2020-03-16 09:37:19 - [MESSAGE][PASSED] - Element has been clicked

2020-03-16 09:37:19 - [TEST_STEP][PASSED] - setText(findTestObject("Object Repository/setParamTextField"), parameterName): Text 'Application.AQS.ArticleIntegration.MixedCaseIntegration.Enabled' is set on object 'Object Repository/setParamTextField'

2020-03-16 09:37:24 - [MESSAGE][PASSED] - Text 'Application.AQS.ArticleIntegration.MixedCaseIntegration.Enabled' is set on object 'Object Repository/setParamTextField'

2020-03-16 09:37:24 - [TEST_STEP][PASSED] - common.util.aribakeywords.aribaClick(findTestObject("div_Run Stager")): common.util.aribakeywords.aribaClick is PASSED

2020-03-16 09:37:25 - [MESSAGE][PASSED] - Object 'Object Repository/div_Run Stager' is clickable

2020-03-16 09:37:26 - [MESSAGE][PASSED] - Scroll to object 'Object Repository/div_Run Stager' successfully

2020-03-16 09:37:27 - [MESSAGE][PASSED] - Object 'Object Repository/div_Run Stager' is visible

2020-03-16 09:37:30 - [MESSAGE][PASSED] - Object: 'Object Repository/div_Run Stager' is clicked on

2020-03-16 09:37:33 - [MESSAGE][INFO] - ************* JS EXECUTED ************: true

2020-03-16 09:37:34 - [MESSAGE][PASSED] - Delayed 1 second(s)

2020-03-16 09:37:35 - [MESSAGE][PASSED] - Object 'Object Repository/Page_Ariba Spend Management/input__bt5lrc' is clickable

2020-03-16 09:37:36 - [MESSAGE][PASSED] - Web element with id: 'Object Repository/Page_Ariba Spend Management/StackTrace' located by 'By.xpath: //*[@awname = 'SHOW_STACK_TRACE']' is not present after '1' second(s)

2020-03-16 09:37:36 - [MESSAGE][PASSED] - Web element with id: 'Object Repository/Page_Ariba Spend Management/StagerError' located by 'By.xpath: //*[@awname = 'TestStagerErrorPage:toggleStackTrace']' is not present after '1' second(s)

2020-03-16 09:37:37 - [MESSAGE][PASSED] - Web element with id: 'Object Repository/Page_Ariba Spend Management/ReturnToLoginPage' located by 'By.xpath: //*[@awname = 'Return to the Ariba login page::ARPException:linkAction']' is not present after '1' second(s)

2020-03-16 09:37:37 - [MESSAGE][INFO] - in Run stager method

2020-03-16 09:37:37 - [MESSAGE][INFO] -  I am able to see set user. So returning from runstager wait.

2020-03-16 09:37:38 - [MESSAGE][INFO] - ************* JS EXECUTED ************: true

2020-03-16 09:37:39 - [MESSAGE][PASSED] - Delayed 1 second(s)

2020-03-16 09:37:39 - [MESSAGE][INFO] - ************* JS EXECUTED ************: true

2020-03-16 09:37:40 - [MESSAGE][PASSED] - Delayed 1 second(s)

2020-03-16 09:37:40 - [MESSAGE][PASSED] - common.util.aribakeywords.aribaClick is PASSED

2020-03-16 09:37:40 - [MESSAGE][PASSED] - Call Test Case 'Test Cases/DMS/UtilTests/SetRealmParameters' successfully

2020-03-16 09:37:40 - [TEST_STEP][PASSED] - callTestCase(findTestCase("DMS/UtilTests/SetRealmParameters"), ["parameterName":realmParamList[i]], STOP_ON_FAILURE): Call Test Case 'Test Cases/DMS/UtilTests/SetRealmParameters' successfully

2020-03-16 09:37:40 - [TEST_CASE][PASSED] - Test Cases/DMS/UtilTests/SetRealmParameters: Test Cases/DMS/UtilTests/SetRealmParameters

2020-03-16 09:37:40 - [TEST_STEP][PASSED] - common.util.aribakeywords.aribaClick(findTestObject("Object Repository/a_TA..")): Element has been clicked

2020-03-16 09:37:42 - [MESSAGE][PASSED] - Object 'Object Repository/a_TA..' is clickable

2020-03-16 09:37:43 - [MESSAGE][PASSED] - Scroll to object 'Object Repository/a_TA..' successfully

2020-03-16 09:37:44 - [MESSAGE][PASSED] - Object 'Object Repository/a_TA..' is visible

2020-03-16 09:37:45 - [MESSAGE][INFO] - Clicking element

2020-03-16 09:37:47 - [MESSAGE][PASSED] - Object: 'Object Repository/a_TA..' is clicked on

2020-03-16 09:37:48 - [MESSAGE][INFO] - ************* JS EXECUTED ************: true

2020-03-16 09:37:49 - [MESSAGE][PASSED] - Delayed 1 second(s)

2020-03-16 09:37:49 - [MESSAGE][PASSED] - Element has been clicked

2020-03-16 09:37:49 - [TEST_STEP][PASSED] - common.util.aribakeywords.aribaClick(findTestObject("Object Repository/testCentral")): Element has been clicked

2020-03-16 09:37:50 - [MESSAGE][PASSED] - Object 'Object Repository/testCentral' is clickable

2020-03-16 09:37:50 - [MESSAGE][PASSED] - Scroll to object 'Object Repository/testCentral' successfully

2020-03-16 09:37:52 - [MESSAGE][PASSED] - Object 'Object Repository/testCentral' is visible

2020-03-16 09:37:53 - [MESSAGE][INFO] - Clicking element

2020-03-16 09:37:55 - [MESSAGE][PASSED] - Object: 'Object Repository/testCentral' is clicked on

2020-03-16 09:37:55 - [MESSAGE][INFO] - ************* JS EXECUTED ************: true

2020-03-16 09:37:56 - [MESSAGE][PASSED] - Delayed 1 second(s)

2020-03-16 09:37:56 - [MESSAGE][PASSED] - Element has been clicked

2020-03-16 09:37:56 - [TEST_STEP][PASSED] - common.util.aribakeywords.aribaClick(findTestObject("Object Repository/setRealmParametersStager")): Element has been clicked

2020-03-16 09:37:57 - [MESSAGE][PASSED] - Object 'Object Repository/setRealmParametersStager' is clickable

2020-03-16 09:37:58 - [MESSAGE][PASSED] - Scroll to object 'Object Repository/setRealmParametersStager' successfully

2020-03-16 09:37:59 - [MESSAGE][PASSED] - Object 'Object Repository/setRealmParametersStager' is visible

2020-03-16 09:38:01 - [MESSAGE][INFO] - Clicking element

2020-03-16 09:38:02 - [MESSAGE][PASSED] - Object: 'Object Repository/setRealmParametersStager' is clicked on

2020-03-16 09:38:04 - [MESSAGE][INFO] - ************* JS EXECUTED ************: true

2020-03-16 09:38:05 - [MESSAGE][PASSED] - Delayed 1 second(s)

2020-03-16 09:38:05 - [MESSAGE][PASSED] - Element has been clicked

2020-03-16 09:38:05 - [TEST_STEP][PASSED] - setText(findTestObject("Object Repository/setParamTextField"), parameterName): Text 'Application.AQS.ArticleIntegration.MixedCases.Enabled' is set on object 'Object Repository/setParamTextField'

2020-03-16 09:38:09 - [MESSAGE][PASSED] - Text 'Application.AQS.ArticleIntegration.MixedCases.Enabled' is set on object 'Object Repository/setParamTextField'

2020-03-16 09:38:09 - [TEST_STEP][PASSED] - common.util.aribakeywords.aribaClick(findTestObject("div_Run Stager")): common.util.aribakeywords.aribaClick is PASSED

2020-03-16 09:38:10 - [MESSAGE][PASSED] - Object 'Object Repository/div_Run Stager' is clickable

2020-03-16 09:38:10 - [MESSAGE][PASSED] - Scroll to object 'Object Repository/div_Run Stager' successfully

2020-03-16 09:38:11 - [MESSAGE][PASSED] - Object 'Object Repository/div_Run Stager' is visible

2020-03-16 09:38:14 - [MESSAGE][PASSED] - Object: 'Object Repository/div_Run Stager' is clicked on

2020-03-16 09:38:18 - [MESSAGE][INFO] - ************* JS EXECUTED ************: true

2020-03-16 09:38:19 - [MESSAGE][PASSED] - Delayed 1 second(s)

2020-03-16 09:38:20 - [MESSAGE][PASSED] - Object 'Object Repository/Page_Ariba Spend Management/input__bt5lrc' is clickable

2020-03-16 09:38:21 - [MESSAGE][PASSED] - Web element with id: 'Object Repository/Page_Ariba Spend Management/StackTrace' located by 'By.xpath: //*[@awname = 'SHOW_STACK_TRACE']' is not present after '1' second(s)

2020-03-16 09:38:21 - [MESSAGE][PASSED] - Web element with id: 'Object Repository/Page_Ariba Spend Management/StagerError' located by 'By.xpath: //*[@awname = 'TestStagerErrorPage:toggleStackTrace']' is not present after '1' second(s)

2020-03-16 09:38:22 - [MESSAGE][PASSED] - Web element with id: 'Object Repository/Page_Ariba Spend Management/ReturnToLoginPage' located by 'By.xpath: //*[@awname = 'Return to the Ariba login page::ARPException:linkAction']' is not present after '1' second(s)

2020-03-16 09:38:22 - [MESSAGE][INFO] - in Run stager method

2020-03-16 09:38:22 - [MESSAGE][INFO] -  I am able to see set user. So returning from runstager wait.

2020-03-16 09:38:23 - [MESSAGE][INFO] - ************* JS EXECUTED ************: true

2020-03-16 09:38:24 - [MESSAGE][PASSED] - Delayed 1 second(s)

2020-03-16 09:38:25 - [MESSAGE][INFO] - ************* JS EXECUTED ************: true

2020-03-16 09:38:26 - [MESSAGE][PASSED] - Delayed 1 second(s)

2020-03-16 09:38:26 - [MESSAGE][PASSED] - common.util.aribakeywords.aribaClick is PASSED

2020-03-16 09:38:26 - [MESSAGE][PASSED] - Call Test Case 'Test Cases/DMS/UtilTests/SetRealmParameters' successfully

2020-03-16 09:38:26 - [TEST_STEP][PASSED] - common.util.aribakeywords.aribaClick(findTestObject("Page_Ariba Spend Management/a_TA..")): Element has been clicked

2020-03-16 09:38:27 - [MESSAGE][PASSED] - Object 'Object Repository/Page_Ariba Spend Management/a_TA..' is clickable

2020-03-16 09:38:28 - [MESSAGE][PASSED] - Scroll to object 'Object Repository/Page_Ariba Spend Management/a_TA..' successfully

2020-03-16 09:38:29 - [MESSAGE][PASSED] - Object 'Object Repository/Page_Ariba Spend Management/a_TA..' is visible

2020-03-16 09:38:30 - [MESSAGE][INFO] - Clicking element

2020-03-16 09:38:31 - [MESSAGE][PASSED] - Object: 'Object Repository/Page_Ariba Spend Management/a_TA..' is clicked on

2020-03-16 09:38:32 - [MESSAGE][INFO] - ************* JS EXECUTED ************: true

2020-03-16 09:38:33 - [MESSAGE][PASSED] - Delayed 1 second(s)

2020-03-16 09:38:33 - [MESSAGE][PASSED] - Element has been clicked

2020-03-16 09:38:33 - [TEST_STEP][PASSED] - common.util.aribakeywords.aribaClick(findTestObject("Page_TestCentralPage/Test Central ACM")): Element has been clicked

2020-03-16 09:38:34 - [MESSAGE][PASSED] - Object 'Object Repository/Page_TestCentralPage/Test Central ACM' is clickable

2020-03-16 09:38:35 - [MESSAGE][PASSED] - Scroll to object 'Object Repository/Page_TestCentralPage/Test Central ACM' successfully

2020-03-16 09:38:36 - [MESSAGE][PASSED] - Object 'Object Repository/Page_TestCentralPage/Test Central ACM' is visible

2020-03-16 09:38:38 - [MESSAGE][INFO] - Clicking element

2020-03-16 09:38:39 - [MESSAGE][PASSED] - Object: 'Object Repository/Page_TestCentralPage/Test Central ACM' is clicked on

2020-03-16 09:38:40 - [MESSAGE][INFO] - ************* JS EXECUTED ************: true

2020-03-16 09:38:41 - [MESSAGE][PASSED] - Delayed 1 second(s)

2020-03-16 09:38:41 - [MESSAGE][PASSED] - Element has been clicked

2020-03-16 09:38:41 - [TEST_STEP][PASSED] - scrollToElement(findTestObject("Page_Ariba Spend Management/a_Create Workspace"), 3): Scroll to object 'Object Repository/Page_Ariba Spend Management/a_Create Workspace' successfully

2020-03-16 09:38:42 - [MESSAGE][PASSED] - Scroll to object 'Object Repository/Page_Ariba Spend Management/a_Create Workspace' successfully

2020-03-16 09:38:42 - [TEST_STEP][PASSED] - common.util.aribakeywords.aribaClick(findTestObject("Page_Ariba Spend Management/a_Create Workspace")): Element has been clicked

2020-03-16 09:38:43 - [MESSAGE][PASSED] - Object 'Object Repository/Page_Ariba Spend Management/a_Create Workspace' is clickable

2020-03-16 09:38:44 - [MESSAGE][PASSED] - Scroll to object 'Object Repository/Page_Ariba Spend Management/a_Create Workspace' successfully

2020-03-16 09:38:45 - [MESSAGE][PASSED] - Object 'Object Repository/Page_Ariba Spend Management/a_Create Workspace' is visible

2020-03-16 09:38:46 - [MESSAGE][INFO] - Clicking element

2020-03-16 09:38:48 - [MESSAGE][PASSED] - Object: 'Object Repository/Page_Ariba Spend Management/a_Create Workspace' is clicked on

2020-03-16 09:38:49 - [MESSAGE][INFO] - ************* JS EXECUTED ************: true

2020-03-16 09:38:50 - [MESSAGE][PASSED] - Delayed 1 second(s)

2020-03-16 09:38:50 - [MESSAGE][PASSED] - Element has been clicked

2020-03-16 09:38:50 - [TEST_STEP][PASSED] - setText(findTestObject("Page_Ariba Spend Management/input_Name of Workspace__bdp8j"), CW): Text 'ContractWithLotAPCTerm_1584331234515' is set on object 'Object Repository/Page_Ariba Spend Management/input_Name of Workspace__bdp8j'

2020-03-16 09:38:55 - [MESSAGE][PASSED] - Text 'ContractWithLotAPCTerm_1584331234515' is set on object 'Object Repository/Page_Ariba Spend Management/input_Name of Workspace__bdp8j'

2020-03-16 09:38:55 - [TEST_STEP][PASSED] - setText(findTestObject("Page_Ariba Spend Management/input_Name of Template__x1sbod"), contractTemplate): Text 'ContractAPCTemplateWithBasketLot' is set on object 'Object Repository/Page_Ariba Spend Management/input_Name of Template__x1sbod'

2020-03-16 09:39:00 - [MESSAGE][PASSED] - Text 'ContractAPCTemplateWithBasketLot' is set on object 'Object Repository/Page_Ariba Spend Management/input_Name of Template__x1sbod'

2020-03-16 09:39:00 - [TEST_STEP][PASSED] - common.util.aribakeywords.aribaClick(findTestObject("Object Repository/div_Run Stager")): common.util.aribakeywords.aribaClick is PASSED

2020-03-16 09:39:01 - [MESSAGE][PASSED] - Object 'Object Repository/div_Run Stager' is clickable

2020-03-16 09:39:02 - [MESSAGE][PASSED] - Scroll to object 'Object Repository/div_Run Stager' successfully

2020-03-16 09:39:03 - [MESSAGE][PASSED] - Object 'Object Repository/div_Run Stager' is visible

2020-03-16 09:39:06 - [MESSAGE][PASSED] - Object: 'Object Repository/div_Run Stager' is clicked on

2020-03-16 09:39:07 - [MESSAGE][INFO] - ************* JS EXECUTED ************: false

2020-03-16 09:39:08 - [MESSAGE][PASSED] - Delayed 1 second(s)

2020-03-16 09:39:08 - [MESSAGE][INFO] - ************* JS EXECUTED ************: false

2020-03-16 09:39:09 - [MESSAGE][PASSED] - Delayed 1 second(s)

2020-03-16 09:39:10 - [MESSAGE][INFO] - ************* JS EXECUTED ************: false

2020-03-16 09:39:11 - [MESSAGE][PASSED] - Delayed 1 second(s)

2020-03-16 09:39:11 - [MESSAGE][INFO] - ************* JS EXECUTED ************: false

2020-03-16 09:39:12 - [MESSAGE][PASSED] - Delayed 1 second(s)

2020-03-16 09:39:13 - [MESSAGE][INFO] - ************* JS EXECUTED ************: false

2020-03-16 09:39:14 - [MESSAGE][PASSED] - Delayed 1 second(s)

2020-03-16 09:39:15 - [MESSAGE][INFO] - ************* JS EXECUTED ************: true

2020-03-16 09:39:16 - [MESSAGE][PASSED] - Delayed 1 second(s)

2020-03-16 09:39:17 - [MESSAGE][PASSED] - Object 'Object Repository/Page_Ariba Spend Management/input__bt5lrc' is clickable

2020-03-16 09:39:18 - [MESSAGE][PASSED] - Web element with id: 'Object Repository/Page_Ariba Spend Management/StackTrace' located by 'By.xpath: //*[@awname = 'SHOW_STACK_TRACE']' is not present after '1' second(s)

2020-03-16 09:39:18 - [MESSAGE][PASSED] - Web element with id: 'Object Repository/Page_Ariba Spend Management/StagerError' located by 'By.xpath: //*[@awname = 'TestStagerErrorPage:toggleStackTrace']' is not present after '1' second(s)

2020-03-16 09:39:19 - [MESSAGE][PASSED] - Web element with id: 'Object Repository/Page_Ariba Spend Management/ReturnToLoginPage' located by 'By.xpath: //*[@awname = 'Return to the Ariba login page::ARPException:linkAction']' is not present after '1' second(s)

2020-03-16 09:39:19 - [MESSAGE][INFO] - in Run stager method

2020-03-16 09:39:19 - [MESSAGE][INFO] -  I am able to see set user. So returning from runstager wait.

2020-03-16 09:39:20 - [MESSAGE][INFO] - ************* JS EXECUTED ************: true

2020-03-16 09:39:21 - [MESSAGE][PASSED] - Delayed 1 second(s)

2020-03-16 09:39:22 - [MESSAGE][INFO] - ************* JS EXECUTED ************: true

2020-03-16 09:39:23 - [MESSAGE][PASSED] - Delayed 1 second(s)

2020-03-16 09:39:23 - [MESSAGE][PASSED] - common.util.aribakeywords.aribaClick is PASSED

2020-03-16 09:39:23 - [TEST_STEP][PASSED] - try: Call Test Case 'Test Cases/DMS/UtilTests/SetContractProjectCompactView' successfully

2020-03-16 09:39:23 - [TEST_STEP][PASSED] - callTestCase(findTestCase("DMS/UtilTests/SetContractProjectCompactView"), ["projectName":CW], OPTIONAL): Call Test Case 'Test Cases/DMS/UtilTests/SetContractProjectCompactView' successfully

2020-03-16 09:39:23 - [TEST_CASE][PASSED] - Test Cases/DMS/UtilTests/SetContractProjectCompactView: Test Cases/DMS/UtilTests/SetContractProjectCompactView

2020-03-16 09:39:23 - [TEST_STEP][PASSED] - refresh(): Refresh successfully

2020-03-16 09:39:27 - [MESSAGE][PASSED] - Refresh successfully

2020-03-16 09:39:27 - [TEST_STEP][PASSED] - common.util.aribakeywords.aribaClick(findTestObject("Object Repository/a_TA..")): Element has been clicked

2020-03-16 09:39:28 - [MESSAGE][PASSED] - Object 'Object Repository/a_TA..' is clickable

2020-03-16 09:39:29 - [MESSAGE][PASSED] - Scroll to object 'Object Repository/a_TA..' successfully

2020-03-16 09:39:30 - [MESSAGE][PASSED] - Object 'Object Repository/a_TA..' is visible

2020-03-16 09:39:31 - [MESSAGE][INFO] - Clicking element

2020-03-16 09:39:33 - [MESSAGE][PASSED] - Object: 'Object Repository/a_TA..' is clicked on

2020-03-16 09:39:34 - [MESSAGE][INFO] - ************* JS EXECUTED ************: true

2020-03-16 09:39:35 - [MESSAGE][PASSED] - Delayed 1 second(s)

2020-03-16 09:39:35 - [MESSAGE][PASSED] - Element has been clicked

2020-03-16 09:39:35 - [TEST_STEP][PASSED] - common.util.aribakeywords.aribaClick(findTestObject("Object Repository/testCentral")): Element has been clicked

2020-03-16 09:39:36 - [MESSAGE][PASSED] - Object 'Object Repository/testCentral' is clickable

2020-03-16 09:39:37 - [MESSAGE][PASSED] - Scroll to object 'Object Repository/testCentral' successfully

2020-03-16 09:39:38 - [MESSAGE][PASSED] - Object 'Object Repository/testCentral' is visible

2020-03-16 09:39:40 - [MESSAGE][INFO] - Clicking element

2020-03-16 09:39:41 - [MESSAGE][PASSED] - Object: 'Object Repository/testCentral' is clicked on

2020-03-16 09:39:42 - [MESSAGE][INFO] - ************* JS EXECUTED ************: true

2020-03-16 09:39:43 - [MESSAGE][PASSED] - Delayed 1 second(s)

2020-03-16 09:39:43 - [MESSAGE][PASSED] - Element has been clicked

2020-03-16 09:39:43 - [TEST_STEP][PASSED] - waitForElementClickable(findTestObject("Object Repository/a_Set Project View"), 2, OPTIONAL): Object 'Object Repository/a_Set Project View' is clickable

2020-03-16 09:39:44 - [MESSAGE][PASSED] - Object 'Object Repository/a_Set Project View' is clickable

2020-03-16 09:39:44 - [TEST_STEP][PASSED] - common.util.aribakeywords.aribaClick(findTestObject("Object Repository/a_Set Project View")): Element has been clicked

2020-03-16 09:39:45 - [MESSAGE][PASSED] - Object 'Object Repository/a_Set Project View' is clickable

2020-03-16 09:39:46 - [MESSAGE][PASSED] - Scroll to object 'Object Repository/a_Set Project View' successfully

2020-03-16 09:39:47 - [MESSAGE][PASSED] - Object 'Object Repository/a_Set Project View' is visible

2020-03-16 09:39:49 - [MESSAGE][INFO] - Clicking element

2020-03-16 09:39:50 - [MESSAGE][PASSED] - Object: 'Object Repository/a_Set Project View' is clicked on

2020-03-16 09:39:51 - [MESSAGE][INFO] - ************* JS EXECUTED ************: true

2020-03-16 09:39:52 - [MESSAGE][PASSED] - Delayed 1 second(s)

2020-03-16 09:39:52 - [MESSAGE][PASSED] - Element has been clicked

2020-03-16 09:39:52 - [TEST_STEP][PASSED] - refresh(): Refresh successfully

2020-03-16 09:39:53 - [MESSAGE][PASSED] - Refresh successfully

2020-03-16 09:39:53 - [TEST_STEP][PASSED] - setText(findTestObject("Object Repository/input_Workspace Title__kyhyhb"), projectName): Text 'ContractWithLotAPCTerm_1584331234515' is set on object 'Object Repository/input_Workspace Title__kyhyhb'

2020-03-16 09:39:57 - [MESSAGE][PASSED] - Text 'ContractWithLotAPCTerm_1584331234515' is set on object 'Object Repository/input_Workspace Title__kyhyhb'

2020-03-16 09:39:57 - [TEST_STEP][PASSED] - common.util.aribakeywords.aribaClick(findTestObject("Object Repository/input_Display__p7ugj")): Element has been clicked

2020-03-16 09:39:58 - [MESSAGE][PASSED] - Object 'Object Repository/input_Display__p7ugj' is clickable

2020-03-16 09:39:59 - [MESSAGE][PASSED] - Scroll to object 'Object Repository/input_Display__p7ugj' successfully

2020-03-16 09:40:00 - [MESSAGE][PASSED] - Object 'Object Repository/input_Display__p7ugj' is visible

2020-03-16 09:40:01 - [MESSAGE][INFO] - Clicking element

2020-03-16 09:40:02 - [MESSAGE][PASSED] - Object: 'Object Repository/input_Display__p7ugj' is clicked on

2020-03-16 09:40:03 - [MESSAGE][INFO] - ************* JS EXECUTED ************: true

2020-03-16 09:40:04 - [MESSAGE][PASSED] - Delayed 1 second(s)

2020-03-16 09:40:04 - [MESSAGE][PASSED] - Element has been clicked

2020-03-16 09:40:04 - [TEST_STEP][PASSED] - common.util.aribakeywords.aribaClick(findTestObject("Object Repository/div_Run Stager")): common.util.aribakeywords.aribaClick is PASSED

2020-03-16 09:40:05 - [MESSAGE][PASSED] - Object 'Object Repository/div_Run Stager' is clickable

2020-03-16 09:40:06 - [MESSAGE][PASSED] - Scroll to object 'Object Repository/div_Run Stager' successfully

2020-03-16 09:40:07 - [MESSAGE][PASSED] - Object 'Object Repository/div_Run Stager' is visible

2020-03-16 09:40:10 - [MESSAGE][PASSED] - Object: 'Object Repository/div_Run Stager' is clicked on

2020-03-16 09:40:13 - [MESSAGE][INFO] - ************* JS EXECUTED ************: true

2020-03-16 09:40:14 - [MESSAGE][PASSED] - Delayed 1 second(s)

2020-03-16 09:40:16 - [MESSAGE][PASSED] - Object 'Object Repository/Page_Ariba Spend Management/input__bt5lrc' is clickable

2020-03-16 09:40:16 - [MESSAGE][PASSED] - Web element with id: 'Object Repository/Page_Ariba Spend Management/StackTrace' located by 'By.xpath: //*[@awname = 'SHOW_STACK_TRACE']' is not present after '1' second(s)

2020-03-16 09:40:17 - [MESSAGE][PASSED] - Web element with id: 'Object Repository/Page_Ariba Spend Management/StagerError' located by 'By.xpath: //*[@awname = 'TestStagerErrorPage:toggleStackTrace']' is not present after '1' second(s)

2020-03-16 09:40:17 - [MESSAGE][PASSED] - Web element with id: 'Object Repository/Page_Ariba Spend Management/ReturnToLoginPage' located by 'By.xpath: //*[@awname = 'Return to the Ariba login page::ARPException:linkAction']' is not present after '1' second(s)

2020-03-16 09:40:17 - [MESSAGE][INFO] - in Run stager method

2020-03-16 09:40:17 - [MESSAGE][INFO] -  I am able to see set user. So returning from runstager wait.

2020-03-16 09:40:18 - [MESSAGE][INFO] - ************* JS EXECUTED ************: true

2020-03-16 09:40:19 - [MESSAGE][PASSED] - Delayed 1 second(s)

2020-03-16 09:40:20 - [MESSAGE][INFO] - ************* JS EXECUTED ************: true

2020-03-16 09:40:21 - [MESSAGE][PASSED] - Delayed 1 second(s)

2020-03-16 09:40:21 - [MESSAGE][PASSED] - common.util.aribakeywords.aribaClick is PASSED

2020-03-16 09:40:21 - [MESSAGE][PASSED] - Call Test Case 'Test Cases/DMS/UtilTests/SetContractProjectCompactView' successfully

2020-03-16 09:40:21 - [TEST_STEP][PASSED] - refresh(): Refresh successfully

2020-03-16 09:40:26 - [MESSAGE][PASSED] - Refresh successfully

2020-03-16 09:40:26 - [TEST_STEP][PASSED] - common.util.aribakeywords.aribaClick(findTestObject("Page_Ariba Spend Management/View_Project")): Element has been clicked

2020-03-16 09:40:27 - [MESSAGE][PASSED] - Object 'Object Repository/Page_Ariba Spend Management/View_Project' is clickable

2020-03-16 09:40:28 - [MESSAGE][PASSED] - Scroll to object 'Object Repository/Page_Ariba Spend Management/View_Project' successfully

2020-03-16 09:40:29 - [MESSAGE][PASSED] - Object 'Object Repository/Page_Ariba Spend Management/View_Project' is visible

2020-03-16 09:40:30 - [MESSAGE][INFO] - Clicking element

2020-03-16 09:40:32 - [MESSAGE][PASSED] - Object: 'Object Repository/Page_Ariba Spend Management/View_Project' is clicked on

2020-03-16 09:40:34 - [MESSAGE][INFO] - ************* JS EXECUTED ************: false

2020-03-16 09:40:35 - [MESSAGE][PASSED] - Delayed 1 second(s)

2020-03-16 09:40:36 - [MESSAGE][INFO] - ************* JS EXECUTED ************: true

2020-03-16 09:40:37 - [MESSAGE][PASSED] - Delayed 1 second(s)

2020-03-16 09:40:37 - [MESSAGE][PASSED] - Element has been clicked

2020-03-16 09:40:37 - [TEST_STEP][PASSED] - common.util.aribakeywords.waitForPageToLoad(3): common.util.aribakeywords.waitForPageToLoad is PASSED

2020-03-16 09:40:38 - [MESSAGE][INFO] - ************* JS EXECUTED ************: true

2020-03-16 09:40:39 - [MESSAGE][PASSED] - Delayed 1 second(s)

2020-03-16 09:40:39 - [MESSAGE][PASSED] - common.util.aribakeywords.waitForPageToLoad is PASSED

2020-03-16 09:40:39 - [TEST_STEP][PASSED] - refresh(): Refresh successfully

2020-03-16 09:40:40 - [MESSAGE][PASSED] - Refresh successfully

2020-03-16 09:40:40 - [TEST_STEP][PASSED] - common.util.aribakeywords.aribaClick(findTestObject("Object Repository/Page_Ariba Spend Management/span_Documents_w-pml-icon")): Element has been clicked

2020-03-16 09:40:42 - [MESSAGE][PASSED] - Object 'Object Repository/Page_Ariba Spend Management/span_Documents_w-pml-icon' is clickable

2020-03-16 09:40:43 - [MESSAGE][PASSED] - Scroll to object 'Object Repository/Page_Ariba Spend Management/span_Documents_w-pml-icon' successfully

2020-03-16 09:40:43 - [MESSAGE][PASSED] - Object 'Object Repository/Page_Ariba Spend Management/span_Documents_w-pml-icon' is visible

2020-03-16 09:40:45 - [MESSAGE][INFO] - Clicking element

2020-03-16 09:40:46 - [MESSAGE][PASSED] - Object: 'Object Repository/Page_Ariba Spend Management/span_Documents_w-pml-icon' is clicked on

2020-03-16 09:40:47 - [MESSAGE][INFO] - ************* JS EXECUTED ************: true

2020-03-16 09:40:48 - [MESSAGE][PASSED] - Delayed 1 second(s)

2020-03-16 09:40:48 - [MESSAGE][PASSED] - Element has been clicked

2020-03-16 09:40:48 - [TEST_STEP][PASSED] - openDoc = "Open::AbstractDocumentDownloadIcon:itemAction": null

2020-03-16 09:40:48 - [TEST_STEP][PASSED] - openDocLink = modifyObjectProperty(findTestObject("Object Repository/Page_Ariba Spend Management/span_Import"), "awname", "contains", openDoc, true): Modify property of object successfully

2020-03-16 09:40:48 - [MESSAGE][PASSED] - Modify property of object successfully

2020-03-16 09:40:48 - [TEST_STEP][PASSED] - common.util.aribakeywords.aribaClick(openDocLink): Element has been clicked

2020-03-16 09:40:49 - [MESSAGE][PASSED] - Object 'Object Repository/Page_Ariba Spend Management/span_Import' is clickable

2020-03-16 09:40:50 - [MESSAGE][PASSED] - Scroll to object 'Object Repository/Page_Ariba Spend Management/span_Import' successfully

2020-03-16 09:40:51 - [MESSAGE][PASSED] - Object 'Object Repository/Page_Ariba Spend Management/span_Import' is visible

2020-03-16 09:40:52 - [MESSAGE][INFO] - Clicking element

2020-03-16 09:40:54 - [MESSAGE][PASSED] - Object: 'Object Repository/Page_Ariba Spend Management/span_Import' is clicked on

2020-03-16 09:40:54 - [MESSAGE][INFO] - ************* JS EXECUTED ************: false

2020-03-16 09:40:55 - [MESSAGE][PASSED] - Delayed 1 second(s)

2020-03-16 09:40:56 - [MESSAGE][INFO] - ************* JS EXECUTED ************: false

2020-03-16 09:40:57 - [MESSAGE][PASSED] - Delayed 1 second(s)

2020-03-16 09:40:57 - [MESSAGE][INFO] - ************* JS EXECUTED ************: false

2020-03-16 09:40:58 - [MESSAGE][PASSED] - Delayed 1 second(s)

2020-03-16 09:40:59 - [MESSAGE][INFO] - ************* JS EXECUTED ************: true

2020-03-16 09:41:00 - [MESSAGE][PASSED] - Delayed 1 second(s)

2020-03-16 09:41:00 - [MESSAGE][PASSED] - Element has been clicked

2020-03-16 09:41:00 - [TEST_STEP][PASSED] - common.util.aribakeywords.aribaClick(findTestObject("Object Repository/Page_ASPEditContentDocument/span_Excel Import")): Element has been clicked

2020-03-16 09:41:01 - [MESSAGE][PASSED] - Object 'Object Repository/Page_ASPEditContentDocument/span_Excel Import' is clickable

2020-03-16 09:41:02 - [MESSAGE][PASSED] - Scroll to object 'Object Repository/Page_ASPEditContentDocument/span_Excel Import' successfully

2020-03-16 09:41:03 - [MESSAGE][PASSED] - Object 'Object Repository/Page_ASPEditContentDocument/span_Excel Import' is visible

2020-03-16 09:41:05 - [MESSAGE][INFO] - Clicking element

2020-03-16 09:41:06 - [MESSAGE][PASSED] - Object: 'Object Repository/Page_ASPEditContentDocument/span_Excel Import' is clicked on

2020-03-16 09:41:07 - [MESSAGE][INFO] - ************* JS EXECUTED ************: true

2020-03-16 09:41:08 - [MESSAGE][PASSED] - Delayed 1 second(s)

2020-03-16 09:41:08 - [MESSAGE][PASSED] - Element has been clicked

2020-03-16 09:41:08 - [TEST_STEP][PASSED] - uploadDoc = "ASCContentFrame:excelImportAction": null

2020-03-16 09:41:08 - [TEST_STEP][PASSED] - uploadDocLink = modifyObjectProperty(findTestObject("Object Repository/Page_Ariba Spend Management/span_Import"), "awname", "equals", uploadDoc, true): Modify property of object successfully

2020-03-16 09:41:08 - [MESSAGE][PASSED] - Modify property of object successfully

2020-03-16 09:41:08 - [TEST_STEP][PASSED] - common.util.aribakeywords.aribaClick(uploadDocLink): Element has been clicked

2020-03-16 09:41:09 - [MESSAGE][PASSED] - Object 'Object Repository/Page_Ariba Spend Management/span_Import' is clickable

2020-03-16 09:41:10 - [MESSAGE][PASSED] - Scroll to object 'Object Repository/Page_Ariba Spend Management/span_Import' successfully

2020-03-16 09:41:11 - [MESSAGE][PASSED] - Object 'Object Repository/Page_Ariba Spend Management/span_Import' is visible

2020-03-16 09:41:12 - [MESSAGE][INFO] - Clicking element

2020-03-16 09:41:13 - [MESSAGE][PASSED] - Object: 'Object Repository/Page_Ariba Spend Management/span_Import' is clicked on

2020-03-16 09:41:15 - [MESSAGE][INFO] - ************* JS EXECUTED ************: true

2020-03-16 09:41:16 - [MESSAGE][PASSED] - Delayed 1 second(s)

2020-03-16 09:41:16 - [MESSAGE][PASSED] - Element has been clicked

2020-03-16 09:41:16 - [TEST_STEP][PASSED] - comment("File Upload with xls file and element and click done once it is uploaded"): File Upload with xls file and element and click done once it is uploaded

2020-03-16 09:41:16 - [MESSAGE][INFO] - File Upload with xls file and element and click done once it is uploaded

2020-03-16 09:41:16 - [TEST_STEP][PASSED] - common.util.aribakeywords.fileUpload(findTestObject("Object Repository/Page_Ariba Spend Management/awFileUploadButton"), filePath): common.util.aribakeywords.fileUpload is PASSED

2020-03-16 09:41:17 - [MESSAGE][PASSED] - common.util.aribakeywords.fileUpload is PASSED

2020-03-16 09:41:17 - [TEST_STEP][PASSED] - excelImportAwname = "ASPExcelImport:importExcelDocumentAction": null

2020-03-16 09:41:17 - [TEST_STEP][PASSED] - excelImportBtn = modifyObjectProperty(findTestObject("Object Repository/Page_Ariba Spend Management/span_Import"), "awname", "equals", excelImportAwname, true): Modify property of object successfully

2020-03-16 09:41:17 - [MESSAGE][PASSED] - Modify property of object successfully

2020-03-16 09:41:17 - [TEST_STEP][PASSED] - common.util.aribakeywords.aribaClick(excelImportBtn): Element has been clicked

2020-03-16 09:41:18 - [MESSAGE][PASSED] - Object 'Object Repository/Page_Ariba Spend Management/span_Import' is clickable

2020-03-16 09:41:19 - [MESSAGE][PASSED] - Scroll to object 'Object Repository/Page_Ariba Spend Management/span_Import' successfully

2020-03-16 09:41:20 - [MESSAGE][PASSED] - Object 'Object Repository/Page_Ariba Spend Management/span_Import' is visible

2020-03-16 09:41:22 - [MESSAGE][INFO] - Clicking element

2020-03-16 09:41:32 - [MESSAGE][PASSED] - Object: 'Object Repository/Page_Ariba Spend Management/span_Import' is clicked on

2020-03-16 09:41:35 - [MESSAGE][INFO] - ************* JS EXECUTED ************: true

2020-03-16 09:41:36 - [MESSAGE][PASSED] - Delayed 1 second(s)

2020-03-16 09:41:36 - [MESSAGE][PASSED] - Element has been clicked

2020-03-16 09:41:36 - [TEST_STEP][PASSED] - verifyTextPresent("View pricing conditions", false, STOP_ON_FAILURE): Text 'View pricing conditions' is present on page 

2020-03-16 09:41:40 - [MESSAGE][PASSED] - Text 'View pricing conditions' is present on page 

2020-03-16 09:41:40 - [TEST_STEP][PASSED] - termApcLink = aribakeywords.createTestObject(LOTTERMAPCLINK_LOC): null

2020-03-16 09:41:40 - [TEST_STEP][PASSED] - waitForElementPresent(termApcLink, 2, STOP_ON_FAILURE): Object '//a[contains(@awname,'CW Term') and text()='View pricing conditions ']' is present

2020-03-16 09:41:40 - [MESSAGE][PASSED] - Object '//a[contains(@awname,'CW Term') and text()='View pricing conditions ']' is present

2020-03-16 09:41:40 - [TEST_STEP][PASSED] - verifyElementPresent(termApcLink, 2, STOP_ON_FAILURE): Object '//a[contains(@awname,'CW Term') and text()='View pricing conditions ']' is present

2020-03-16 09:41:41 - [MESSAGE][PASSED] - Object '//a[contains(@awname,'CW Term') and text()='View pricing conditions ']' is present

2020-03-16 09:41:41 - [TEST_STEP][PASSED] - common.util.aribakeywords.aribaClick(termApcLink): Element has been clicked

2020-03-16 09:41:42 - [MESSAGE][PASSED] - Object '//a[contains(@awname,'CW Term') and text()='View pricing conditions ']' is clickable

2020-03-16 09:41:43 - [MESSAGE][PASSED] - Scroll to object '//a[contains(@awname,'CW Term') and text()='View pricing conditions ']' successfully

2020-03-16 09:41:44 - [MESSAGE][PASSED] - Object '//a[contains(@awname,'CW Term') and text()='View pricing conditions ']' is visible

2020-03-16 09:41:45 - [MESSAGE][INFO] - Clicking element

2020-03-16 09:41:46 - [MESSAGE][PASSED] - Object: '//a[contains(@awname,'CW Term') and text()='View pricing conditions ']' is clicked on

2020-03-16 09:41:48 - [MESSAGE][INFO] - ************* JS EXECUTED ************: true

2020-03-16 09:41:49 - [MESSAGE][PASSED] - Delayed 1 second(s)

2020-03-16 09:41:49 - [MESSAGE][PASSED] - Element has been clicked

2020-03-16 09:41:49 - [TEST_STEP][PASSED] - common.util.aribakeywords.waitForPageToLoad(3): common.util.aribakeywords.waitForPageToLoad is PASSED

2020-03-16 09:41:50 - [MESSAGE][INFO] - ************* JS EXECUTED ************: true

2020-03-16 09:41:51 - [MESSAGE][PASSED] - Delayed 1 second(s)

2020-03-16 09:41:51 - [MESSAGE][PASSED] - common.util.aribakeywords.waitForPageToLoad is PASSED

2020-03-16 09:41:51 - [TEST_STEP][PASSED] - driver = getWebDriver(): null

2020-03-16 09:41:51 - [TEST_STEP][PASSED] - verifyTextPresent("Dec 2019 - Dec 9999", false, STOP_ON_FAILURE): Text 'Dec 2019 - Dec 9999' is present on page 

2020-03-16 09:41:52 - [MESSAGE][PASSED] - Text 'Dec 2019 - Dec 9999' is present on page 

2020-03-16 09:41:52 - [TEST_STEP][PASSED] - verifyTextPresent("To 5", false, STOP_ON_FAILURE): Text 'To 5' is present on page 

2020-03-16 09:41:54 - [MESSAGE][PASSED] - Text 'To 5' is present on page 

2020-03-16 09:41:54 - [TEST_STEP][PASSED] - termValue = xpath(LOT_TERM_APC_PRICE_LOC)).getAttribute("value"): null

2020-03-16 09:41:55 - [TEST_STEP][PASSED] - verifyMatch(termValue, "44", false, STOP_ON_FAILURE): Actual text '44' and expected text '44' are matched 

2020-03-16 09:41:55 - [MESSAGE][PASSED] - Actual text '44' and expected text '44' are matched 

2020-03-16 09:41:55 - [TEST_STEP][PASSED] - try: Element has been clicked

2020-03-16 09:41:55 - [TEST_STEP][PASSED] - aribakeywords.aribaClick(findTestObject("Page_Ariba Spend Management/span_Done")): Element has been clicked

2020-03-16 09:41:56 - [MESSAGE][PASSED] - Object 'Object Repository/Page_Ariba Spend Management/span_Done' is clickable

2020-03-16 09:41:57 - [MESSAGE][PASSED] - Scroll to object 'Object Repository/Page_Ariba Spend Management/span_Done' successfully

2020-03-16 09:41:58 - [MESSAGE][PASSED] - Object 'Object Repository/Page_Ariba Spend Management/span_Done' is visible

2020-03-16 09:42:00 - [MESSAGE][INFO] - Clicking element

2020-03-16 09:42:01 - [MESSAGE][PASSED] - Object: 'Object Repository/Page_Ariba Spend Management/span_Done' is clicked on

2020-03-16 09:42:03 - [MESSAGE][INFO] - ************* JS EXECUTED ************: true

2020-03-16 09:42:04 - [MESSAGE][PASSED] - Delayed 1 second(s)

2020-03-16 09:42:04 - [MESSAGE][PASSED] - Element has been clicked

2020-03-16 09:42:04 - [TEST_STEP][PASSED] - common.util.aribakeywords.waitForPageToLoad(3): common.util.aribakeywords.waitForPageToLoad is PASSED

2020-03-16 09:42:05 - [MESSAGE][INFO] - ************* JS EXECUTED ************: true

2020-03-16 09:42:06 - [MESSAGE][PASSED] - Delayed 1 second(s)

2020-03-16 09:42:06 - [MESSAGE][PASSED] - common.util.aribakeywords.waitForPageToLoad is PASSED

2020-03-16 09:42:06 - [TEST_STEP][PASSED] - common.util.aribakeywords.aribaClick(findTestObject("Object Repository/span_Publish")): Element has been clicked

2020-03-16 09:42:07 - [MESSAGE][PASSED] - Object 'Object Repository/span_Publish' is clickable

2020-03-16 09:42:08 - [MESSAGE][PASSED] - Scroll to object 'Object Repository/span_Publish' successfully

2020-03-16 09:42:09 - [MESSAGE][PASSED] - Object 'Object Repository/span_Publish' is visible

2020-03-16 09:42:10 - [MESSAGE][INFO] - Clicking element

2020-03-16 09:42:12 - [MESSAGE][PASSED] - Object: 'Object Repository/span_Publish' is clicked on

2020-03-16 09:42:12 - [MESSAGE][INFO] - ************* JS EXECUTED ************: false

2020-03-16 09:42:13 - [MESSAGE][PASSED] - Delayed 1 second(s)

2020-03-16 09:42:14 - [MESSAGE][INFO] - ************* JS EXECUTED ************: false

2020-03-16 09:42:15 - [MESSAGE][PASSED] - Delayed 1 second(s)

2020-03-16 09:42:15 - [MESSAGE][INFO] - ************* JS EXECUTED ************: true

2020-03-16 09:42:16 - [MESSAGE][PASSED] - Delayed 1 second(s)

2020-03-16 09:42:16 - [MESSAGE][PASSED] - Element has been clicked

2020-03-16 09:42:16 - [TEST_STEP][FAILED] - common.util.aribakeywords.aribaClick(findTestObject("Object Repository/span_OK")): common.util.aribakeywords.aribaClick(findTestObject("Object Repository/span_OK")) FAILED.
Reason:
com.kms.katalon.core.exception.StepFailedException: Fail to click on Object : TestObject - 'Object Repository/span_OK'
Test Element : null

Stack Trace : com.kms.katalon.core.exception.StepFailedException: Unable to scroll to object 'Object Repository/span_OK'


	at com.kms.katalon.core.util.KeywordUtil.markFailedAndStop(KeywordUtil.java:27)
	at com.kms.katalon.core.util.KeywordUtil$markFailedAndStop$1.call(Unknown Source)
	at common.util.aribakeywords.aribaClick(aribakeywords.groovy:93)
	at common.util.aribakeywords.invokeMethod(aribakeywords.groovy)
	at com.kms.katalon.core.main.CustomKeywordDelegatingMetaClass.invokeStaticMethod(CustomKeywordDelegatingMetaClass.java:49)
	at DMSTC-2923_SourcingFollowOnProjectFromContractshavingLotAPCTerm.run(DMSTC-2923_SourcingFollowOnProjectFromContractshavingLotAPCTerm:194)
	at com.kms.katalon.core.main.ScriptEngine.run(ScriptEngine.java:194)
	at com.kms.katalon.core.main.ScriptEngine.runScriptAsRawText(ScriptEngine.java:119)
	at com.kms.katalon.core.main.TestCaseExecutor.runScript(TestCaseExecutor.java:331)
	at com.kms.katalon.core.main.TestCaseExecutor.doExecute(TestCaseExecutor.java:322)
	at com.kms.katalon.core.main.TestCaseExecutor.processExecutionPhase(TestCaseExecutor.java:301)
	at com.kms.katalon.core.main.TestCaseExecutor.accessMainPhase(TestCaseExecutor.java:293)
	at com.kms.katalon.core.main.TestCaseExecutor.execute(TestCaseExecutor.java:227)
	at com.kms.katalon.core.main.TestSuiteExecutor.accessTestCaseMainPhase(TestSuiteExecutor.java:129)
	at com.kms.katalon.core.main.TestSuiteExecutor.accessTestSuiteMainPhase(TestSuiteExecutor.java:112)
	at com.kms.katalon.core.main.TestSuiteExecutor.execute(TestSuiteExecutor.java:81)
	at com.kms.katalon.core.main.TestCaseMain.startTestSuite(TestCaseMain.java:157)
	at com.kms.katalon.core.main.TestCaseMain$startTestSuite$0.call(Unknown Source)
	at TempTestSuite1584329506754.run(TempTestSuite1584329506754.groovy:35)


2020-03-16 09:48:05 - [MESSAGE][INFO] - Unable to find the element located by 'By.xpath: //button[@awname = 'ARPConfirm:okButtonAction']'. Please recheck the objects properties to make sure the desired element is located. 

2020-03-16 09:48:05 - [MESSAGE][WARNING] - Web element with id: 'Object Repository/span_OK' located by 'By.xpath: //button[@awname = 'ARPConfirm:okButtonAction']' not found

2020-03-16 09:49:02 - [MESSAGE][INFO] - Unable to find the element located by 'By.xpath: //button[@awname = 'ARPConfirm:okButtonAction']'. Please recheck the objects properties to make sure the desired element is located. 

2020-03-16 09:49:04 - [MESSAGE][FAILED] - Unable to scroll to object 'Object Repository/span_OK' (Root cause: com.kms.katalon.core.exception.StepFailedException: Unable to scroll to object 'Object Repository/span_OK'
	at com.kms.katalon.core.webui.keyword.internal.WebUIKeywordMain.stepFailed(WebUIKeywordMain.groovy:64)
	at com.kms.katalon.core.webui.keyword.internal.WebUIKeywordMain.runKeyword(WebUIKeywordMain.groovy:26)
	at com.kms.katalon.core.webui.keyword.builtin.ScrollToElementKeyword.scrollToElement(ScrollToElementKeyword.groovy:88)
	at com.kms.katalon.core.webui.keyword.builtin.ScrollToElementKeyword.execute(ScrollToElementKeyword.groovy:68)
	at com.kms.katalon.core.keyword.internal.KeywordExecutor.executeKeywordForPlatform(KeywordExecutor.groovy:56)
	at com.kms.katalon.core.webui.keyword.WebUiBuiltInKeywords.scrollToElement(WebUiBuiltInKeywords.groovy:2975)
	at com.kms.katalon.core.webui.keyword.WebUiBuiltInKeywords$scrollToElement$2.call(Unknown Source)
	at common.util.aribakeywords.aribaClick(aribakeywords.groovy:61)
	at common.util.aribakeywords.invokeMethod(aribakeywords.groovy)
	at com.kms.katalon.core.main.CustomKeywordDelegatingMetaClass.invokeStaticMethod(CustomKeywordDelegatingMetaClass.java:49)
	at DMSTC-2923_SourcingFollowOnProjectFromContractshavingLotAPCTerm.run(DMSTC-2923_SourcingFollowOnProjectFromContractshavingLotAPCTerm:194)
	at com.kms.katalon.core.main.ScriptEngine.run(ScriptEngine.java:194)
	at com.kms.katalon.core.main.ScriptEngine.runScriptAsRawText(ScriptEngine.java:119)
	at com.kms.katalon.core.main.TestCaseExecutor.runScript(TestCaseExecutor.java:331)
	at com.kms.katalon.core.main.TestCaseExecutor.doExecute(TestCaseExecutor.java:322)
	at com.kms.katalon.core.main.TestCaseExecutor.processExecutionPhase(TestCaseExecutor.java:301)
	at com.kms.katalon.core.main.TestCaseExecutor.accessMainPhase(TestCaseExecutor.java:293)
	at com.kms.katalon.core.main.TestCaseExecutor.execute(TestCaseExecutor.java:227)
	at com.kms.katalon.core.main.TestSuiteExecutor.accessTestCaseMainPhase(TestSuiteExecutor.java:129)
	at com.kms.katalon.core.main.TestSuiteExecutor.accessTestSuiteMainPhase(TestSuiteExecutor.java:112)
	at com.kms.katalon.core.main.TestSuiteExecutor.execute(TestSuiteExecutor.java:81)
	at com.kms.katalon.core.main.TestCaseMain.startTestSuite(TestCaseMain.java:157)
	at com.kms.katalon.core.main.TestCaseMain$startTestSuite$0.call(Unknown Source)
	at TempTestSuite1584329506754.run(TempTestSuite1584329506754.groovy:35)
Caused by: com.kms.katalon.core.webui.exception.WebElementNotFoundException: Web element with id: 'Object Repository/span_OK' located by 'By.xpath: //button[@awname = 'ARPConfirm:okButtonAction']' not found
	at com.kms.katalon.core.webui.common.WebUiCommonHelper.findWebElement(WebUiCommonHelper.java:1053)
	at com.kms.katalon.core.webui.keyword.internal.WebUIAbstractKeyword.findWebElement(WebUIAbstractKeyword.groovy:27)
	at com.kms.katalon.core.webui.keyword.internal.WebUIAbstractKeyword.findWebElement(WebUIAbstractKeyword.groovy:26)
	at com.kms.katalon.core.webui.keyword.builtin.ScrollToElementKeyword$_scrollToElement_closure1.doCall(ScrollToElementKeyword.groovy:79)
	at com.kms.katalon.core.webui.keyword.builtin.ScrollToElementKeyword$_scrollToElement_closure1.call(ScrollToElementKeyword.groovy)
	at com.kms.katalon.core.webui.keyword.internal.WebUIKeywordMain.runKeyword(WebUIKeywordMain.groovy:20)
	at com.kms.katalon.core.webui.keyword.builtin.ScrollToElementKeyword.scrollToElement(ScrollToElementKeyword.groovy:88)
	at com.kms.katalon.core.webui.keyword.builtin.ScrollToElementKeyword.execute(ScrollToElementKeyword.groovy:68)
	at com.kms.katalon.core.keyword.internal.KeywordExecutor.executeKeywordForPlatform(KeywordExecutor.groovy:56)
	at com.kms.katalon.core.webui.keyword.WebUiBuiltInKeywords.scrollToElement(WebUiBuiltInKeywords.groovy:2975)
	at com.kms.katalon.core.webui.keyword.WebUiBuiltInKeywords$scrollToElement$2.call(Unknown Source)
	at common.util.aribakeywords.aribaClick(aribakeywords.groovy:61)
	at common.util.aribakeywords.invokeMethod(aribakeywords.groovy)
	at com.kms.katalon.core.main.CustomKeywordDelegatingMetaClass.invokeStaticMethod(CustomKeywordDelegatingMetaClass.java:49)
	at Script1584329087899.run(Script1584329087899.groovy:194)
	... 13 more
)
[[ATTACHMENT|/Users/i331477/git/S4MicroServiceKatalon/Reports/TestSuite/20200316_090146/1584332342760.png]]

2020-03-16 09:49:04 - [MESSAGE][FAILED] - Fail to click on Object : TestObject - 'Object Repository/span_OK'
Test Element : null

Stack Trace : com.kms.katalon.core.exception.StepFailedException: Unable to scroll to object 'Object Repository/span_OK'



2020-03-16 09:49:04 - [MESSAGE][FAILED] - common.util.aribakeywords.aribaClick(findTestObject("Object Repository/span_OK")) FAILED.
Reason:
com.kms.katalon.core.exception.StepFailedException: Fail to click on Object : TestObject - 'Object Repository/span_OK'
Test Element : null

Stack Trace : com.kms.katalon.core.exception.StepFailedException: Unable to scroll to object 'Object Repository/span_OK'


	at com.kms.katalon.core.util.KeywordUtil.markFailedAndStop(KeywordUtil.java:27)
	at com.kms.katalon.core.util.KeywordUtil$markFailedAndStop$1.call(Unknown Source)
	at common.util.aribakeywords.aribaClick(aribakeywords.groovy:93)
	at common.util.aribakeywords.invokeMethod(aribakeywords.groovy)
	at com.kms.katalon.core.main.CustomKeywordDelegatingMetaClass.invokeStaticMethod(CustomKeywordDelegatingMetaClass.java:49)
	at DMSTC-2923_SourcingFollowOnProjectFromContractshavingLotAPCTerm.run(DMSTC-2923_SourcingFollowOnProjectFromContractshavingLotAPCTerm:194)
	at com.kms.katalon.core.main.ScriptEngine.run(ScriptEngine.java:194)
	at com.kms.katalon.core.main.ScriptEngine.runScriptAsRawText(ScriptEngine.java:119)
	at com.kms.katalon.core.main.TestCaseExecutor.runScript(TestCaseExecutor.java:331)
	at com.kms.katalon.core.main.TestCaseExecutor.doExecute(TestCaseExecutor.java:322)
	at com.kms.katalon.core.main.TestCaseExecutor.processExecutionPhase(TestCaseExecutor.java:301)
	at com.kms.katalon.core.main.TestCaseExecutor.accessMainPhase(TestCaseExecutor.java:293)
	at com.kms.katalon.core.main.TestCaseExecutor.execute(TestCaseExecutor.java:227)
	at com.kms.katalon.core.main.TestSuiteExecutor.accessTestCaseMainPhase(TestSuiteExecutor.java:129)
	at com.kms.katalon.core.main.TestSuiteExecutor.accessTestSuiteMainPhase(TestSuiteExecutor.java:112)
	at com.kms.katalon.core.main.TestSuiteExecutor.execute(TestSuiteExecutor.java:81)
	at com.kms.katalon.core.main.TestCaseMain.startTestSuite(TestCaseMain.java:157)
	at com.kms.katalon.core.main.TestCaseMain$startTestSuite$0.call(Unknown Source)
	at TempTestSuite1584329506754.run(TempTestSuite1584329506754.groovy:35)]]></system-out>
         <system-err><![CDATA[2020-03-16 09:30:34 - [TEST_CASE][FAILED] - Test Cases/DMS/PricingConditionSupportForLots - Copy/DMSTC-2923_SourcingFollowOnProjectFromContractshavingLotAPCTerm: Test Cases/DMS/PricingConditionSupportForLots - Copy/DMSTC-2923_SourcingFollowOnProjectFromContractshavingLotAPCTerm FAILED.
Reason:
com.kms.katalon.core.exception.StepFailedException: Fail to click on Object : TestObject - 'Object Repository/span_OK'
Test Element : null

Stack Trace : com.kms.katalon.core.exception.StepFailedException: Unable to scroll to object 'Object Repository/span_OK'


	at com.kms.katalon.core.util.KeywordUtil.markFailedAndStop(KeywordUtil.java:27)
	at com.kms.katalon.core.util.KeywordUtil$markFailedAndStop$1.call(Unknown Source)
	at common.util.aribakeywords.aribaClick(aribakeywords.groovy:93)
	at common.util.aribakeywords.invokeMethod(aribakeywords.groovy)
	at com.kms.katalon.core.main.CustomKeywordDelegatingMetaClass.invokeStaticMethod(CustomKeywordDelegatingMetaClass.java:49)
	at DMSTC-2923_SourcingFollowOnProjectFromContractshavingLotAPCTerm.run(DMSTC-2923_SourcingFollowOnProjectFromContractshavingLotAPCTerm:194)
	at com.kms.katalon.core.main.ScriptEngine.run(ScriptEngine.java:194)
	at com.kms.katalon.core.main.ScriptEngine.runScriptAsRawText(ScriptEngine.java:119)
	at com.kms.katalon.core.main.TestCaseExecutor.runScript(TestCaseExecutor.java:331)
	at com.kms.katalon.core.main.TestCaseExecutor.doExecute(TestCaseExecutor.java:322)
	at com.kms.katalon.core.main.TestCaseExecutor.processExecutionPhase(TestCaseExecutor.java:301)
	at com.kms.katalon.core.main.TestCaseExecutor.accessMainPhase(TestCaseExecutor.java:293)
	at com.kms.katalon.core.main.TestCaseExecutor.execute(TestCaseExecutor.java:227)
	at com.kms.katalon.core.main.TestSuiteExecutor.accessTestCaseMainPhase(TestSuiteExecutor.java:129)
	at com.kms.katalon.core.main.TestSuiteExecutor.accessTestSuiteMainPhase(TestSuiteExecutor.java:112)
	at com.kms.katalon.core.main.TestSuiteExecutor.execute(TestSuiteExecutor.java:81)
	at com.kms.katalon.core.main.TestCaseMain.startTestSuite(TestCaseMain.java:157)
	at com.kms.katalon.core.main.TestCaseMain$startTestSuite$0.call(Unknown Source)
	at TempTestSuite1584329506754.run(TempTestSuite1584329506754.groovy:35)]]></system-err>
      </testcase>
      <testcase name="Test Cases/DMS/PricingConditionSupportForLots - Copy/DMSTC-2921_ReplaceContractFromEventContentHavingAPCLot" classname="Test Cases/DMS/PricingConditionSupportForLots - Copy/DMSTC-2921_ReplaceContractFromEventContentHavingAPCLot" status="FAILED">
         <failure type="FAILED" message="Test Cases/DMS/PricingConditionSupportForLots - Copy/DMSTC-2921_ReplaceContractFromEventContentHavingAPCLot FAILED.
Reason:
com.kms.katalon.core.exception.StepFailedException: Call Test Case 'Test Cases/DMS/UtilTests/SetFeatureToggle' failed
	at com.kms.katalon.core.keyword.builtin.CallTestCaseKeyword$_callTestCase_closure1.doCall(CallTestCaseKeyword.groovy:63)
	at com.kms.katalon.core.keyword.builtin.CallTestCaseKeyword$_callTestCase_closure1.call(CallTestCaseKeyword.groovy)
	at com.kms.katalon.core.keyword.internal.KeywordMain.runKeyword(KeywordMain.groovy:66)
	at com.kms.katalon.core.keyword.builtin.CallTestCaseKeyword.callTestCase(CallTestCaseKeyword.groovy:81)
	at com.kms.katalon.core.keyword.builtin.CallTestCaseKeyword.execute(CallTestCaseKeyword.groovy:44)
	at com.kms.katalon.core.keyword.internal.KeywordExecutor.executeKeywordForPlatform(KeywordExecutor.groovy:56)
	at com.kms.katalon.core.keyword.BuiltinKeywords.callTestCase(BuiltinKeywords.groovy:334)
	at DMSTC-2921_ReplaceContractFromEventContentHavingAPCLot.run(DMSTC-2921_ReplaceContractFromEventContentHavingAPCLot:72)
	at com.kms.katalon.core.main.ScriptEngine.run(ScriptEngine.java:194)
	at com.kms.katalon.core.main.ScriptEngine.runScriptAsRawText(ScriptEngine.java:119)
	at com.kms.katalon.core.main.TestCaseExecutor.runScript(TestCaseExecutor.java:331)
	at com.kms.katalon.core.main.TestCaseExecutor.doExecute(TestCaseExecutor.java:322)
	at com.kms.katalon.core.main.TestCaseExecutor.processExecutionPhase(TestCaseExecutor.java:301)
	at com.kms.katalon.core.main.TestCaseExecutor.accessMainPhase(TestCaseExecutor.java:293)
	at com.kms.katalon.core.main.TestCaseExecutor.execute(TestCaseExecutor.java:227)
	at com.kms.katalon.core.main.TestSuiteExecutor.accessTestCaseMainPhase(TestSuiteExecutor.java:129)
	at com.kms.katalon.core.main.TestSuiteExecutor.accessTestSuiteMainPhase(TestSuiteExecutor.java:112)
	at com.kms.katalon.core.main.TestSuiteExecutor.execute(TestSuiteExecutor.java:81)
	at com.kms.katalon.core.main.TestCaseMain.startTestSuite(TestCaseMain.java:157)
	at com.kms.katalon.core.main.TestCaseMain$startTestSuite$0.call(Unknown Source)
	at TempTestSuite1584329506754.run(TempTestSuite1584329506754.groovy:35)
Caused by: com.kms.katalon.core.exception.StepFailedException: Unable to scroll to object 'Object Repository/Page_TestCentralPage/a_Enable  Or  Disable  Feature'
	at com.kms.katalon.core.webui.keyword.internal.WebUIKeywordMain.stepFailed(WebUIKeywordMain.groovy:64)
	at com.kms.katalon.core.webui.keyword.internal.WebUIKeywordMain.runKeyword(WebUIKeywordMain.groovy:26)
	at com.kms.katalon.core.webui.keyword.builtin.ScrollToElementKeyword.scrollToElement(ScrollToElementKeyword.groovy:88)
	at com.kms.katalon.core.webui.keyword.builtin.ScrollToElementKeyword.execute(ScrollToElementKeyword.groovy:68)
	at com.kms.katalon.core.keyword.internal.KeywordExecutor.executeKeywordForPlatform(KeywordExecutor.groovy:56)
	at com.kms.katalon.core.webui.keyword.WebUiBuiltInKeywords.scrollToElement(WebUiBuiltInKeywords.groovy:2975)
	at com.kms.katalon.core.webui.keyword.WebUiBuiltInKeywords$scrollToElement$2.call(Unknown Source)
	at SetFeatureToggle.run(SetFeatureToggle:25)
	at com.kms.katalon.core.main.ScriptEngine.run(ScriptEngine.java:194)
	at com.kms.katalon.core.main.ScriptEngine.runScriptAsRawText(ScriptEngine.java:119)
	at com.kms.katalon.core.main.TestCaseExecutor.runScript(TestCaseExecutor.java:331)
	at com.kms.katalon.core.main.TestCaseExecutor.doExecute(TestCaseExecutor.java:322)
	at com.kms.katalon.core.main.TestCaseExecutor.processExecutionPhase(TestCaseExecutor.java:301)
	at com.kms.katalon.core.main.TestCaseExecutor.accessMainPhase(TestCaseExecutor.java:293)
	at com.kms.katalon.core.main.TestCaseExecutor.execute(TestCaseExecutor.java:227)
	at com.kms.katalon.core.main.TestCaseMain.runTestCase(TestCaseMain.java:114)
	at com.kms.katalon.core.keyword.builtin.CallTestCaseKeyword$_callTestCase_closure1.doCall(CallTestCaseKeyword.groovy:59)
	... 20 more
Caused by: org.openqa.selenium.remote.UnreachableBrowserException: Error communicating with the remote browser. It may have died.
Build info: version: '3.7.1', revision: '8a0099a', time: '2017-11-06T21:07:36.161Z'
System info: host: 'C02XT4F3JGH5', ip: 'fe80:0:0:0:1c58:6e03:578a:4ebd%en0', os.name: 'Mac OS X', os.arch: 'x86_64', os.version: '10.15.3', java.version: '1.8.0_181'
Driver info: driver.version: RemoteWebDriver
Capabilities {acceptSslCerts: true, applicationCacheEnabled: false, browserConnectionEnabled: false, browserName: chrome, chrome: {chromedriverVersion: 2.33.506092 (733a02544d189e..., userDataDir: /tmp/.org.chromium.Chromium...}, cssSelectorsEnabled: true, databaseEnabled: false, handlesAlerts: true, hasTouchScreen: false, javascriptEnabled: true, locationContextEnabled: true, mobileEmulationEnabled: false, nativeEvents: true, networkConnectionEnabled: false, pageLoadStrategy: normal, platform: LINUX, platformName: LINUX, rotatable: false, setWindowRect: true, takesHeapSnapshot: true, takesScreenshot: true, unexpectedAlertBehaviour: , unhandledPromptBehavior: , version: 63.0.3239.132, webStorageEnabled: true}
Session ID: e74e89b67406cbe0af442bd50f1e4bd1
	at org.openqa.selenium.remote.RemoteWebDriver.execute(RemoteWebDriver.java:621)
	at com.kms.katalon.selenium.driver.CRemoteWebDriver.execute(CRemoteWebDriver.java:31)
	at org.openqa.selenium.remote.RemoteWebDriver.findElements(RemoteWebDriver.java:397)
	at org.openqa.selenium.remote.RemoteWebDriver.findElementsByXPath(RemoteWebDriver.java:476)
	at org.openqa.selenium.By$ByXPath.findElements(By.java:356)
	at org.openqa.selenium.remote.RemoteWebDriver.findElements(RemoteWebDriver.java:358)
	at com.kms.katalon.core.webui.common.WebUiCommonHelper.findWebElements(WebUiCommonHelper.java:754)
	at com.kms.katalon.core.webui.common.WebUiCommonHelper.findWebElement(WebUiCommonHelper.java:1049)
	at com.kms.katalon.core.webui.keyword.internal.WebUIAbstractKeyword.findWebElement(WebUIAbstractKeyword.groovy:27)
	at com.kms.katalon.core.webui.keyword.internal.WebUIAbstractKeyword.findWebElement(WebUIAbstractKeyword.groovy:26)
	at com.kms.katalon.core.webui.keyword.builtin.ScrollToElementKeyword$_scrollToElement_closure1.doCall(ScrollToElementKeyword.groovy:79)
	at com.kms.katalon.core.webui.keyword.builtin.ScrollToElementKeyword$_scrollToElement_closure1.call(ScrollToElementKeyword.groovy)
	at com.kms.katalon.core.webui.keyword.internal.WebUIKeywordMain.runKeyword(WebUIKeywordMain.groovy:20)
	at com.kms.katalon.core.webui.keyword.builtin.ScrollToElementKeyword.scrollToElement(ScrollToElementKeyword.groovy:88)
	at com.kms.katalon.core.webui.keyword.builtin.ScrollToElementKeyword.execute(ScrollToElementKeyword.groovy:68)
	at com.kms.katalon.core.keyword.internal.KeywordExecutor.executeKeywordForPlatform(KeywordExecutor.groovy:56)
	at com.kms.katalon.core.webui.keyword.WebUiBuiltInKeywords.scrollToElement(WebUiBuiltInKeywords.groovy:2975)
	at com.kms.katalon.core.webui.keyword.WebUiBuiltInKeywords$scrollToElement$2.call(Unknown Source)
	at Script1566572403500.run(Script1566572403500.groovy:25)
	at com.kms.katalon.core.main.ScriptEngine.run(ScriptEngine.java:194)
	at com.kms.katalon.core.main.ScriptEngine.runScriptAsRawText(ScriptEngine.java:119)
	at com.kms.katalon.core.main.TestCaseExecutor.runScript(TestCaseExecutor.java:331)
	at com.kms.katalon.core.main.TestCaseExecutor.doExecute(TestCaseExecutor.java:322)
	at com.kms.katalon.core.main.TestCaseExecutor.processExecutionPhase(TestCaseExecutor.java:301)
	at com.kms.katalon.core.main.TestCaseExecutor.accessMainPhase(TestCaseExecutor.java:293)
	at com.kms.katalon.core.main.TestCaseExecutor.execute(TestCaseExecutor.java:227)
	at com.kms.katalon.core.main.TestCaseMain.runTestCase(TestCaseMain.java:114)
	at com.kms.katalon.core.keyword.builtin.CallTestCaseKeyword$_callTestCase_closure1.doCall(CallTestCaseKeyword.groovy:59)
	at com.kms.katalon.core.keyword.builtin.CallTestCaseKeyword$_callTestCase_closure1.call(CallTestCaseKeyword.groovy)
	at com.kms.katalon.core.keyword.internal.KeywordMain.runKeyword(KeywordMain.groovy:66)
	at com.kms.katalon.core.keyword.builtin.CallTestCaseKeyword.callTestCase(CallTestCaseKeyword.groovy:81)
	at com.kms.katalon.core.keyword.builtin.CallTestCaseKeyword.execute(CallTestCaseKeyword.groovy:44)
	at com.kms.katalon.core.keyword.internal.KeywordExecutor.executeKeywordForPlatform(KeywordExecutor.groovy:56)
	at com.kms.katalon.core.keyword.BuiltinKeywords.callTestCase(BuiltinKeywords.groovy:334)
	at Script1584329087901.run(Script1584329087901.groovy:72)
	... 13 more
Caused by: java.net.SocketException: Connection reset
	at org.apache.http.impl.io.SessionInputBufferImpl.streamRead(SessionInputBufferImpl.java:137)
	at org.apache.http.impl.io.SessionInputBufferImpl.fillBuffer(SessionInputBufferImpl.java:153)
	at org.apache.http.impl.io.SessionInputBufferImpl.readLine(SessionInputBufferImpl.java:282)
	at org.apache.http.impl.conn.DefaultHttpResponseParser.parseHead(DefaultHttpResponseParser.java:138)
	at org.apache.http.impl.conn.DefaultHttpResponseParser.parseHead(DefaultHttpResponseParser.java:56)
	at org.apache.http.impl.io.AbstractMessageParser.parse(AbstractMessageParser.java:259)
	at org.apache.http.impl.DefaultBHttpClientConnection.receiveResponseHeader(DefaultBHttpClientConnection.java:163)
	at org.apache.http.impl.conn.CPoolProxy.receiveResponseHeader(CPoolProxy.java:165)
	at org.apache.http.protocol.HttpRequestExecutor.doReceiveResponse(HttpRequestExecutor.java:273)
	at org.apache.http.protocol.HttpRequestExecutor.execute(HttpRequestExecutor.java:125)
	at org.apache.http.impl.execchain.MainClientExec.execute(MainClientExec.java:272)
	at org.apache.http.impl.execchain.ProtocolExec.execute(ProtocolExec.java:185)
	at org.apache.http.impl.execchain.RetryExec.execute(RetryExec.java:89)
	at org.apache.http.impl.execchain.RedirectExec.execute(RedirectExec.java:111)
	at org.apache.http.impl.client.InternalHttpClient.doExecute(InternalHttpClient.java:185)
	at org.apache.http.impl.client.CloseableHttpClient.execute(CloseableHttpClient.java:72)
	at org.apache.http.impl.client.CloseableHttpClient.execute(CloseableHttpClient.java:56)
	at org.openqa.selenium.remote.internal.ApacheHttpClient.fallBackExecute(ApacheHttpClient.java:138)
	at org.openqa.selenium.remote.internal.ApacheHttpClient.execute(ApacheHttpClient.java:86)
	at org.openqa.selenium.remote.HttpCommandExecutor.execute(HttpCommandExecutor.java:161)
	at org.openqa.selenium.remote.RemoteWebDriver.execute(RemoteWebDriver.java:600)
	... 47 more
"/>
         <system-out><![CDATA[2020-03-16 09:49:04 - [TEST_CASE][FAILED] - Test Cases/DMS/PricingConditionSupportForLots - Copy/DMSTC-2921_ReplaceContractFromEventContentHavingAPCLot: Test Cases/DMS/PricingConditionSupportForLots - Copy/DMSTC-2921_ReplaceContractFromEventContentHavingAPCLot FAILED.
Reason:
com.kms.katalon.core.exception.StepFailedException: Call Test Case 'Test Cases/DMS/UtilTests/SetFeatureToggle' failed
	at com.kms.katalon.core.keyword.builtin.CallTestCaseKeyword$_callTestCase_closure1.doCall(CallTestCaseKeyword.groovy:63)
	at com.kms.katalon.core.keyword.builtin.CallTestCaseKeyword$_callTestCase_closure1.call(CallTestCaseKeyword.groovy)
	at com.kms.katalon.core.keyword.internal.KeywordMain.runKeyword(KeywordMain.groovy:66)
	at com.kms.katalon.core.keyword.builtin.CallTestCaseKeyword.callTestCase(CallTestCaseKeyword.groovy:81)
	at com.kms.katalon.core.keyword.builtin.CallTestCaseKeyword.execute(CallTestCaseKeyword.groovy:44)
	at com.kms.katalon.core.keyword.internal.KeywordExecutor.executeKeywordForPlatform(KeywordExecutor.groovy:56)
	at com.kms.katalon.core.keyword.BuiltinKeywords.callTestCase(BuiltinKeywords.groovy:334)
	at DMSTC-2921_ReplaceContractFromEventContentHavingAPCLot.run(DMSTC-2921_ReplaceContractFromEventContentHavingAPCLot:72)
	at com.kms.katalon.core.main.ScriptEngine.run(ScriptEngine.java:194)
	at com.kms.katalon.core.main.ScriptEngine.runScriptAsRawText(ScriptEngine.java:119)
	at com.kms.katalon.core.main.TestCaseExecutor.runScript(TestCaseExecutor.java:331)
	at com.kms.katalon.core.main.TestCaseExecutor.doExecute(TestCaseExecutor.java:322)
	at com.kms.katalon.core.main.TestCaseExecutor.processExecutionPhase(TestCaseExecutor.java:301)
	at com.kms.katalon.core.main.TestCaseExecutor.accessMainPhase(TestCaseExecutor.java:293)
	at com.kms.katalon.core.main.TestCaseExecutor.execute(TestCaseExecutor.java:227)
	at com.kms.katalon.core.main.TestSuiteExecutor.accessTestCaseMainPhase(TestSuiteExecutor.java:129)
	at com.kms.katalon.core.main.TestSuiteExecutor.accessTestSuiteMainPhase(TestSuiteExecutor.java:112)
	at com.kms.katalon.core.main.TestSuiteExecutor.execute(TestSuiteExecutor.java:81)
	at com.kms.katalon.core.main.TestCaseMain.startTestSuite(TestCaseMain.java:157)
	at com.kms.katalon.core.main.TestCaseMain$startTestSuite$0.call(Unknown Source)
	at TempTestSuite1584329506754.run(TempTestSuite1584329506754.groovy:35)
Caused by: com.kms.katalon.core.exception.StepFailedException: Unable to scroll to object 'Object Repository/Page_TestCentralPage/a_Enable  Or  Disable  Feature'
	at com.kms.katalon.core.webui.keyword.internal.WebUIKeywordMain.stepFailed(WebUIKeywordMain.groovy:64)
	at com.kms.katalon.core.webui.keyword.internal.WebUIKeywordMain.runKeyword(WebUIKeywordMain.groovy:26)
	at com.kms.katalon.core.webui.keyword.builtin.ScrollToElementKeyword.scrollToElement(ScrollToElementKeyword.groovy:88)
	at com.kms.katalon.core.webui.keyword.builtin.ScrollToElementKeyword.execute(ScrollToElementKeyword.groovy:68)
	at com.kms.katalon.core.keyword.internal.KeywordExecutor.executeKeywordForPlatform(KeywordExecutor.groovy:56)
	at com.kms.katalon.core.webui.keyword.WebUiBuiltInKeywords.scrollToElement(WebUiBuiltInKeywords.groovy:2975)
	at com.kms.katalon.core.webui.keyword.WebUiBuiltInKeywords$scrollToElement$2.call(Unknown Source)
	at SetFeatureToggle.run(SetFeatureToggle:25)
	at com.kms.katalon.core.main.ScriptEngine.run(ScriptEngine.java:194)
	at com.kms.katalon.core.main.ScriptEngine.runScriptAsRawText(ScriptEngine.java:119)
	at com.kms.katalon.core.main.TestCaseExecutor.runScript(TestCaseExecutor.java:331)
	at com.kms.katalon.core.main.TestCaseExecutor.doExecute(TestCaseExecutor.java:322)
	at com.kms.katalon.core.main.TestCaseExecutor.processExecutionPhase(TestCaseExecutor.java:301)
	at com.kms.katalon.core.main.TestCaseExecutor.accessMainPhase(TestCaseExecutor.java:293)
	at com.kms.katalon.core.main.TestCaseExecutor.execute(TestCaseExecutor.java:227)
	at com.kms.katalon.core.main.TestCaseMain.runTestCase(TestCaseMain.java:114)
	at com.kms.katalon.core.keyword.builtin.CallTestCaseKeyword$_callTestCase_closure1.doCall(CallTestCaseKeyword.groovy:59)
	... 20 more
Caused by: org.openqa.selenium.remote.UnreachableBrowserException: Error communicating with the remote browser. It may have died.
Build info: version: '3.7.1', revision: '8a0099a', time: '2017-11-06T21:07:36.161Z'
System info: host: 'C02XT4F3JGH5', ip: 'fe80:0:0:0:1c58:6e03:578a:4ebd%en0', os.name: 'Mac OS X', os.arch: 'x86_64', os.version: '10.15.3', java.version: '1.8.0_181'
Driver info: driver.version: RemoteWebDriver
Capabilities {acceptSslCerts: true, applicationCacheEnabled: false, browserConnectionEnabled: false, browserName: chrome, chrome: {chromedriverVersion: 2.33.506092 (733a02544d189e..., userDataDir: /tmp/.org.chromium.Chromium...}, cssSelectorsEnabled: true, databaseEnabled: false, handlesAlerts: true, hasTouchScreen: false, javascriptEnabled: true, locationContextEnabled: true, mobileEmulationEnabled: false, nativeEvents: true, networkConnectionEnabled: false, pageLoadStrategy: normal, platform: LINUX, platformName: LINUX, rotatable: false, setWindowRect: true, takesHeapSnapshot: true, takesScreenshot: true, unexpectedAlertBehaviour: , unhandledPromptBehavior: , version: 63.0.3239.132, webStorageEnabled: true}
Session ID: e74e89b67406cbe0af442bd50f1e4bd1
	at org.openqa.selenium.remote.RemoteWebDriver.execute(RemoteWebDriver.java:621)
	at com.kms.katalon.selenium.driver.CRemoteWebDriver.execute(CRemoteWebDriver.java:31)
	at org.openqa.selenium.remote.RemoteWebDriver.findElements(RemoteWebDriver.java:397)
	at org.openqa.selenium.remote.RemoteWebDriver.findElementsByXPath(RemoteWebDriver.java:476)
	at org.openqa.selenium.By$ByXPath.findElements(By.java:356)
	at org.openqa.selenium.remote.RemoteWebDriver.findElements(RemoteWebDriver.java:358)
	at com.kms.katalon.core.webui.common.WebUiCommonHelper.findWebElements(WebUiCommonHelper.java:754)
	at com.kms.katalon.core.webui.common.WebUiCommonHelper.findWebElement(WebUiCommonHelper.java:1049)
	at com.kms.katalon.core.webui.keyword.internal.WebUIAbstractKeyword.findWebElement(WebUIAbstractKeyword.groovy:27)
	at com.kms.katalon.core.webui.keyword.internal.WebUIAbstractKeyword.findWebElement(WebUIAbstractKeyword.groovy:26)
	at com.kms.katalon.core.webui.keyword.builtin.ScrollToElementKeyword$_scrollToElement_closure1.doCall(ScrollToElementKeyword.groovy:79)
	at com.kms.katalon.core.webui.keyword.builtin.ScrollToElementKeyword$_scrollToElement_closure1.call(ScrollToElementKeyword.groovy)
	at com.kms.katalon.core.webui.keyword.internal.WebUIKeywordMain.runKeyword(WebUIKeywordMain.groovy:20)
	at com.kms.katalon.core.webui.keyword.builtin.ScrollToElementKeyword.scrollToElement(ScrollToElementKeyword.groovy:88)
	at com.kms.katalon.core.webui.keyword.builtin.ScrollToElementKeyword.execute(ScrollToElementKeyword.groovy:68)
	at com.kms.katalon.core.keyword.internal.KeywordExecutor.executeKeywordForPlatform(KeywordExecutor.groovy:56)
	at com.kms.katalon.core.webui.keyword.WebUiBuiltInKeywords.scrollToElement(WebUiBuiltInKeywords.groovy:2975)
	at com.kms.katalon.core.webui.keyword.WebUiBuiltInKeywords$scrollToElement$2.call(Unknown Source)
	at Script1566572403500.run(Script1566572403500.groovy:25)
	at com.kms.katalon.core.main.ScriptEngine.run(ScriptEngine.java:194)
	at com.kms.katalon.core.main.ScriptEngine.runScriptAsRawText(ScriptEngine.java:119)
	at com.kms.katalon.core.main.TestCaseExecutor.runScript(TestCaseExecutor.java:331)
	at com.kms.katalon.core.main.TestCaseExecutor.doExecute(TestCaseExecutor.java:322)
	at com.kms.katalon.core.main.TestCaseExecutor.processExecutionPhase(TestCaseExecutor.java:301)
	at com.kms.katalon.core.main.TestCaseExecutor.accessMainPhase(TestCaseExecutor.java:293)
	at com.kms.katalon.core.main.TestCaseExecutor.execute(TestCaseExecutor.java:227)
	at com.kms.katalon.core.main.TestCaseMain.runTestCase(TestCaseMain.java:114)
	at com.kms.katalon.core.keyword.builtin.CallTestCaseKeyword$_callTestCase_closure1.doCall(CallTestCaseKeyword.groovy:59)
	at com.kms.katalon.core.keyword.builtin.CallTestCaseKeyword$_callTestCase_closure1.call(CallTestCaseKeyword.groovy)
	at com.kms.katalon.core.keyword.internal.KeywordMain.runKeyword(KeywordMain.groovy:66)
	at com.kms.katalon.core.keyword.builtin.CallTestCaseKeyword.callTestCase(CallTestCaseKeyword.groovy:81)
	at com.kms.katalon.core.keyword.builtin.CallTestCaseKeyword.execute(CallTestCaseKeyword.groovy:44)
	at com.kms.katalon.core.keyword.internal.KeywordExecutor.executeKeywordForPlatform(KeywordExecutor.groovy:56)
	at com.kms.katalon.core.keyword.BuiltinKeywords.callTestCase(BuiltinKeywords.groovy:334)
	at Script1584329087901.run(Script1584329087901.groovy:72)
	... 13 more
Caused by: java.net.SocketException: Connection reset
	at org.apache.http.impl.io.SessionInputBufferImpl.streamRead(SessionInputBufferImpl.java:137)
	at org.apache.http.impl.io.SessionInputBufferImpl.fillBuffer(SessionInputBufferImpl.java:153)
	at org.apache.http.impl.io.SessionInputBufferImpl.readLine(SessionInputBufferImpl.java:282)
	at org.apache.http.impl.conn.DefaultHttpResponseParser.parseHead(DefaultHttpResponseParser.java:138)
	at org.apache.http.impl.conn.DefaultHttpResponseParser.parseHead(DefaultHttpResponseParser.java:56)
	at org.apache.http.impl.io.AbstractMessageParser.parse(AbstractMessageParser.java:259)
	at org.apache.http.impl.DefaultBHttpClientConnection.receiveResponseHeader(DefaultBHttpClientConnection.java:163)
	at org.apache.http.impl.conn.CPoolProxy.receiveResponseHeader(CPoolProxy.java:165)
	at org.apache.http.protocol.HttpRequestExecutor.doReceiveResponse(HttpRequestExecutor.java:273)
	at org.apache.http.protocol.HttpRequestExecutor.execute(HttpRequestExecutor.java:125)
	at org.apache.http.impl.execchain.MainClientExec.execute(MainClientExec.java:272)
	at org.apache.http.impl.execchain.ProtocolExec.execute(ProtocolExec.java:185)
	at org.apache.http.impl.execchain.RetryExec.execute(RetryExec.java:89)
	at org.apache.http.impl.execchain.RedirectExec.execute(RedirectExec.java:111)
	at org.apache.http.impl.client.InternalHttpClient.doExecute(InternalHttpClient.java:185)
	at org.apache.http.impl.client.CloseableHttpClient.execute(CloseableHttpClient.java:72)
	at org.apache.http.impl.client.CloseableHttpClient.execute(CloseableHttpClient.java:56)
	at org.openqa.selenium.remote.internal.ApacheHttpClient.fallBackExecute(ApacheHttpClient.java:138)
	at org.openqa.selenium.remote.internal.ApacheHttpClient.execute(ApacheHttpClient.java:86)
	at org.openqa.selenium.remote.HttpCommandExecutor.execute(HttpCommandExecutor.java:161)
	at org.openqa.selenium.remote.RemoteWebDriver.execute(RemoteWebDriver.java:600)
	... 47 more


2020-03-16 09:49:04 - [TEST_STEP][PASSED] - Start listener action : sampleBeforeTestCase: null

2020-03-16 09:49:04 - [TEST_STEP][PASSED] - println(testCaseContext.getTestCaseId()): null

2020-03-16 09:49:04 - [TEST_STEP][PASSED] - println(testCaseContext.getTestCaseVariables()): null

2020-03-16 09:49:04 - [TEST_STEP][PASSED] - fileName = "TestData.xlsx": null

2020-03-16 09:49:04 - [TEST_STEP][PASSED] - fileRelPath = "/Test Files/dms/ExcelValidations/": null

2020-03-16 09:49:04 - [TEST_STEP][PASSED] - sheetName = "Shashi_pricingConditions": null

2020-03-16 09:49:04 - [TEST_STEP][PASSED] - dataTableName = "DataSet7": null

2020-03-16 09:49:04 - [TEST_STEP][PASSED] - columnHeader = "toggles": null

2020-03-16 09:49:04 - [TEST_STEP][PASSED] - OPENDOC_LOC = "Open::AbstractDocumentDownloadIcon:itemAction": null

2020-03-16 09:49:04 - [TEST_STEP][PASSED] - UPLOADDOC_LOC = "ASCContentFrame:excelImportAction": null

2020-03-16 09:49:04 - [TEST_STEP][PASSED] - EXCEL_IMPORT_LOC = "ASPExcelImport:importExcelDocumentAction": null

2020-03-16 09:49:04 - [TEST_STEP][PASSED] - OPENCLID_LOC = "Open::AbstractDocumentDownloadIcon:itemAction": null

2020-03-16 09:49:04 - [TEST_STEP][PASSED] - APCLOT_LOT = "//tr[@awname='0.3::AWRefreshRegion']": null

2020-03-16 09:49:04 - [TEST_STEP][PASSED] - APCLOT_CHILDITEM_LOC = "//tr[@awname='0.3_0.3.1::AWRefreshRegion']": null

2020-03-16 09:49:04 - [TEST_STEP][PASSED] - APCLINK_LOC = "//a[@awname='0.3_RITASHORTSTRINGIFZ000003Computed Term::RITASHORTSTRINGIFZ000003:pricingInfoDisplay']": null

2020-03-16 09:49:04 - [TEST_STEP][PASSED] - LOT_TERM_APC_PRICE_LOC = "//input[@awname='_DerivedStringValue::PCCostTermView_DerivedStringValue:fieldValue']": null

2020-03-16 09:49:04 - [TEST_STEP][PASSED] - EXPANDLOTBTN = "//a[@awname='_Award_8_4_Award::AWTRowAttributeExpandoColumnRenderer:table.pivotState.toggleDetailAttributesExpanded']//div": null

2020-03-16 09:49:04 - [TEST_STEP][PASSED] - service = baseURL: null

2020-03-16 09:49:04 - [TEST_STEP][PASSED] - realm = realm: null

2020-03-16 09:49:04 - [TEST_STEP][PASSED] - appLoginUrl = service + "/Sourcing/Main?realm=" + realm: null

2020-03-16 09:49:04 - [TEST_STEP][PASSED] - clid_Editability_Param = "Application.ACM.EnableEditingForPricingConditionAtContractContentHeader=true": null

2020-03-16 09:49:04 - [TEST_STEP][PASSED] - CW = contractName + System.currentTimeMillis(): null

2020-03-16 09:49:04 - [TEST_STEP][PASSED] - sourcingEvent = sourcingEvent + System.currentTimeMillis(): null

2020-03-16 09:49:04 - [TEST_STEP][PASSED] - callTestCase(findTestCase("DMS/UtilTests/LoginIntoApp"), ["appLoginUrl":appLoginUrl, "userName":userName], STOP_ON_FAILURE): Call Test Case 'Test Cases/DMS/UtilTests/LoginIntoApp' successfully

2020-03-16 09:49:05 - [TEST_CASE][PASSED] - Test Cases/DMS/UtilTests/LoginIntoApp: Test Cases/DMS/UtilTests/LoginIntoApp

2020-03-16 09:49:05 - [TEST_STEP][PASSED] - openBrowser(""): Browser is opened with url: ''

2020-03-16 09:49:05 - [MESSAGE][WARNING] - A browser is already opened. Closing browser and opening a new one

2020-03-16 09:49:05 - [MESSAGE][INFO] - Starting 'Remote' driver

2020-03-16 09:49:05 - [MESSAGE][INFO] - User set preference: ['browserName', 'chrome']

2020-03-16 09:49:05 - [MESSAGE][INFO] - Connecting to remote web server 'http://10.173.0.211:4444/wd/hub' with type 'Selenium'

2020-03-16 09:49:08 - [MESSAGE][PASSED] - Browser is opened with url: ''

2020-03-16 09:49:08 - [TEST_STEP][PASSED] - navigateToUrl(appLoginUrl): Navigate to 'https://svcdev7ss.ariba.com/Sourcing/Main?realm=s4SVAll' successfully

2020-03-16 09:49:09 - [MESSAGE][PASSED] - Navigate to 'https://svcdev7ss.ariba.com/Sourcing/Main?realm=s4SVAll' successfully

2020-03-16 09:49:09 - [TEST_STEP][PASSED] - common.util.aribakeywords.aribaClick(findTestObject("Object Repository/a_Test Central")): Element has been clicked

2020-03-16 09:49:10 - [MESSAGE][PASSED] - Object 'Object Repository/a_Test Central' is clickable

2020-03-16 09:49:11 - [MESSAGE][PASSED] - Scroll to object 'Object Repository/a_Test Central' successfully

2020-03-16 09:49:12 - [MESSAGE][PASSED] - Object 'Object Repository/a_Test Central' is visible

2020-03-16 09:49:12 - [MESSAGE][INFO] - Clicking element

2020-03-16 09:49:14 - [MESSAGE][PASSED] - Object: 'Object Repository/a_Test Central' is clicked on

2020-03-16 09:49:15 - [MESSAGE][INFO] - ************* JS EXECUTED ************: true

2020-03-16 09:49:16 - [MESSAGE][PASSED] - Delayed 1 second(s)

2020-03-16 09:49:16 - [MESSAGE][PASSED] - Element has been clicked

2020-03-16 09:49:16 - [TEST_STEP][PASSED] - setText(findTestObject("Object Repository/testcentralpageusername"), userName): Text 'customersupportadmin' is set on object 'Object Repository/testcentralpageusername'

2020-03-16 09:49:18 - [MESSAGE][PASSED] - Text 'customersupportadmin' is set on object 'Object Repository/testcentralpageusername'

2020-03-16 09:49:18 - [TEST_STEP][PASSED] - common.util.aribakeywords.aribaClick(findTestObject("Object Repository/testcentralsetuserbutton")): Element has been clicked

2020-03-16 09:49:18 - [MESSAGE][PASSED] - Object 'Object Repository/testcentralsetuserbutton' is clickable

2020-03-16 09:49:19 - [MESSAGE][PASSED] - Scroll to object 'Object Repository/testcentralsetuserbutton' successfully

2020-03-16 09:49:20 - [MESSAGE][PASSED] - Object 'Object Repository/testcentralsetuserbutton' is visible

2020-03-16 09:49:21 - [MESSAGE][INFO] - Clicking element

2020-03-16 09:49:22 - [MESSAGE][PASSED] - Object: 'Object Repository/testcentralsetuserbutton' is clicked on

2020-03-16 09:49:24 - [MESSAGE][INFO] - ************* JS EXECUTED ************: false

2020-03-16 09:49:25 - [MESSAGE][PASSED] - Delayed 1 second(s)

2020-03-16 09:49:25 - [MESSAGE][INFO] - ************* JS EXECUTED ************: true

2020-03-16 09:49:26 - [MESSAGE][PASSED] - Delayed 1 second(s)

2020-03-16 09:49:26 - [MESSAGE][PASSED] - Element has been clicked

2020-03-16 09:49:26 - [MESSAGE][PASSED] - Call Test Case 'Test Cases/DMS/UtilTests/LoginIntoApp' successfully

2020-03-16 09:49:26 - [TEST_STEP][PASSED] - volumeScaleFeature = "ariba.sourcing.util.SourcingEventFeatures.PricingConditionsWithScales": null

2020-03-16 09:49:26 - [TEST_STEP][PASSED] - fromScaleFeature = "ariba.sourcing.util.SourcingEventFeatures.FromScalesInPricingCondition": null

2020-03-16 09:49:26 - [TEST_STEP][PASSED] - appendReplaceContract = "ariba.collaborate.util.CollaborateFeatures.AppendLineItemsInExistingContract": null

2020-03-16 09:49:26 - [TEST_STEP][PASSED] - apcForBasketLots = "ariba.sourcing.util.SourcingEventFeatures.PricingConditionForBasketLot": null

2020-03-16 09:49:26 - [TEST_STEP][PASSED] - prepackMixedCase = "ariba.sourcing.util.RetailSourcingFeatures.PrePackAndMixedCases": null

2020-03-16 09:49:26 - [TEST_STEP][PASSED] - itemHierarchy = "ariba.sourcing.util.SourcingEventFeatures.SourcingItemHierarchy": null

2020-03-16 09:49:26 - [TEST_STEP][PASSED] - mixedCasedPrepack = "ariba.sourcing.util.RetailSourcingFeatures.PrePackAndMixedCasesInContract": null

2020-03-16 09:49:26 - [TEST_STEP][PASSED] - toggleList = [volumeScaleFeature, fromScaleFeature, appendReplaceContract, prepackMixedCase, itemHierarchy, mixedCasedPrepack]: null

2020-03-16 09:49:26 - [TEST_STEP][FAILED] - for ([i = 0, i < toggleList.size(), (i++)]): for ([i = 0, i < toggleList.size(), (i++)]) FAILED.
Reason:
com.kms.katalon.core.exception.StepFailedException: Call Test Case 'Test Cases/DMS/UtilTests/SetFeatureToggle' failed
	at com.kms.katalon.core.keyword.builtin.CallTestCaseKeyword$_callTestCase_closure1.doCall(CallTestCaseKeyword.groovy:63)
	at com.kms.katalon.core.keyword.builtin.CallTestCaseKeyword$_callTestCase_closure1.call(CallTestCaseKeyword.groovy)
	at com.kms.katalon.core.keyword.internal.KeywordMain.runKeyword(KeywordMain.groovy:66)
	at com.kms.katalon.core.keyword.builtin.CallTestCaseKeyword.callTestCase(CallTestCaseKeyword.groovy:81)
	at com.kms.katalon.core.keyword.builtin.CallTestCaseKeyword.execute(CallTestCaseKeyword.groovy:44)
	at com.kms.katalon.core.keyword.internal.KeywordExecutor.executeKeywordForPlatform(KeywordExecutor.groovy:56)
	at com.kms.katalon.core.keyword.BuiltinKeywords.callTestCase(BuiltinKeywords.groovy:334)
	at DMSTC-2921_ReplaceContractFromEventContentHavingAPCLot.run(DMSTC-2921_ReplaceContractFromEventContentHavingAPCLot:72)
	at com.kms.katalon.core.main.ScriptEngine.run(ScriptEngine.java:194)
	at com.kms.katalon.core.main.ScriptEngine.runScriptAsRawText(ScriptEngine.java:119)
	at com.kms.katalon.core.main.TestCaseExecutor.runScript(TestCaseExecutor.java:331)
	at com.kms.katalon.core.main.TestCaseExecutor.doExecute(TestCaseExecutor.java:322)
	at com.kms.katalon.core.main.TestCaseExecutor.processExecutionPhase(TestCaseExecutor.java:301)
	at com.kms.katalon.core.main.TestCaseExecutor.accessMainPhase(TestCaseExecutor.java:293)
	at com.kms.katalon.core.main.TestCaseExecutor.execute(TestCaseExecutor.java:227)
	at com.kms.katalon.core.main.TestSuiteExecutor.accessTestCaseMainPhase(TestSuiteExecutor.java:129)
	at com.kms.katalon.core.main.TestSuiteExecutor.accessTestSuiteMainPhase(TestSuiteExecutor.java:112)
	at com.kms.katalon.core.main.TestSuiteExecutor.execute(TestSuiteExecutor.java:81)
	at com.kms.katalon.core.main.TestCaseMain.startTestSuite(TestCaseMain.java:157)
	at com.kms.katalon.core.main.TestCaseMain$startTestSuite$0.call(Unknown Source)
	at TempTestSuite1584329506754.run(TempTestSuite1584329506754.groovy:35)
Caused by: com.kms.katalon.core.exception.StepFailedException: Unable to scroll to object 'Object Repository/Page_TestCentralPage/a_Enable  Or  Disable  Feature'
	at com.kms.katalon.core.webui.keyword.internal.WebUIKeywordMain.stepFailed(WebUIKeywordMain.groovy:64)
	at com.kms.katalon.core.webui.keyword.internal.WebUIKeywordMain.runKeyword(WebUIKeywordMain.groovy:26)
	at com.kms.katalon.core.webui.keyword.builtin.ScrollToElementKeyword.scrollToElement(ScrollToElementKeyword.groovy:88)
	at com.kms.katalon.core.webui.keyword.builtin.ScrollToElementKeyword.execute(ScrollToElementKeyword.groovy:68)
	at com.kms.katalon.core.keyword.internal.KeywordExecutor.executeKeywordForPlatform(KeywordExecutor.groovy:56)
	at com.kms.katalon.core.webui.keyword.WebUiBuiltInKeywords.scrollToElement(WebUiBuiltInKeywords.groovy:2975)
	at com.kms.katalon.core.webui.keyword.WebUiBuiltInKeywords$scrollToElement$2.call(Unknown Source)
	at SetFeatureToggle.run(SetFeatureToggle:25)
	at com.kms.katalon.core.main.ScriptEngine.run(ScriptEngine.java:194)
	at com.kms.katalon.core.main.ScriptEngine.runScriptAsRawText(ScriptEngine.java:119)
	at com.kms.katalon.core.main.TestCaseExecutor.runScript(TestCaseExecutor.java:331)
	at com.kms.katalon.core.main.TestCaseExecutor.doExecute(TestCaseExecutor.java:322)
	at com.kms.katalon.core.main.TestCaseExecutor.processExecutionPhase(TestCaseExecutor.java:301)
	at com.kms.katalon.core.main.TestCaseExecutor.accessMainPhase(TestCaseExecutor.java:293)
	at com.kms.katalon.core.main.TestCaseExecutor.execute(TestCaseExecutor.java:227)
	at com.kms.katalon.core.main.TestCaseMain.runTestCase(TestCaseMain.java:114)
	at com.kms.katalon.core.keyword.builtin.CallTestCaseKeyword$_callTestCase_closure1.doCall(CallTestCaseKeyword.groovy:59)
	... 20 more
Caused by: org.openqa.selenium.remote.UnreachableBrowserException: Error communicating with the remote browser. It may have died.
Build info: version: '3.7.1', revision: '8a0099a', time: '2017-11-06T21:07:36.161Z'
System info: host: 'C02XT4F3JGH5', ip: 'fe80:0:0:0:1c58:6e03:578a:4ebd%en0', os.name: 'Mac OS X', os.arch: 'x86_64', os.version: '10.15.3', java.version: '1.8.0_181'
Driver info: driver.version: RemoteWebDriver
Capabilities {acceptSslCerts: true, applicationCacheEnabled: false, browserConnectionEnabled: false, browserName: chrome, chrome: {chromedriverVersion: 2.33.506092 (733a02544d189e..., userDataDir: /tmp/.org.chromium.Chromium...}, cssSelectorsEnabled: true, databaseEnabled: false, handlesAlerts: true, hasTouchScreen: false, javascriptEnabled: true, locationContextEnabled: true, mobileEmulationEnabled: false, nativeEvents: true, networkConnectionEnabled: false, pageLoadStrategy: normal, platform: LINUX, platformName: LINUX, rotatable: false, setWindowRect: true, takesHeapSnapshot: true, takesScreenshot: true, unexpectedAlertBehaviour: , unhandledPromptBehavior: , version: 63.0.3239.132, webStorageEnabled: true}
Session ID: e74e89b67406cbe0af442bd50f1e4bd1
	at org.openqa.selenium.remote.RemoteWebDriver.execute(RemoteWebDriver.java:621)
	at com.kms.katalon.selenium.driver.CRemoteWebDriver.execute(CRemoteWebDriver.java:31)
	at org.openqa.selenium.remote.RemoteWebDriver.findElements(RemoteWebDriver.java:397)
	at org.openqa.selenium.remote.RemoteWebDriver.findElementsByXPath(RemoteWebDriver.java:476)
	at org.openqa.selenium.By$ByXPath.findElements(By.java:356)
	at org.openqa.selenium.remote.RemoteWebDriver.findElements(RemoteWebDriver.java:358)
	at com.kms.katalon.core.webui.common.WebUiCommonHelper.findWebElements(WebUiCommonHelper.java:754)
	at com.kms.katalon.core.webui.common.WebUiCommonHelper.findWebElement(WebUiCommonHelper.java:1049)
	at com.kms.katalon.core.webui.keyword.internal.WebUIAbstractKeyword.findWebElement(WebUIAbstractKeyword.groovy:27)
	at com.kms.katalon.core.webui.keyword.internal.WebUIAbstractKeyword.findWebElement(WebUIAbstractKeyword.groovy:26)
	at com.kms.katalon.core.webui.keyword.builtin.ScrollToElementKeyword$_scrollToElement_closure1.doCall(ScrollToElementKeyword.groovy:79)
	at com.kms.katalon.core.webui.keyword.builtin.ScrollToElementKeyword$_scrollToElement_closure1.call(ScrollToElementKeyword.groovy)
	at com.kms.katalon.core.webui.keyword.internal.WebUIKeywordMain.runKeyword(WebUIKeywordMain.groovy:20)
	at com.kms.katalon.core.webui.keyword.builtin.ScrollToElementKeyword.scrollToElement(ScrollToElementKeyword.groovy:88)
	at com.kms.katalon.core.webui.keyword.builtin.ScrollToElementKeyword.execute(ScrollToElementKeyword.groovy:68)
	at com.kms.katalon.core.keyword.internal.KeywordExecutor.executeKeywordForPlatform(KeywordExecutor.groovy:56)
	at com.kms.katalon.core.webui.keyword.WebUiBuiltInKeywords.scrollToElement(WebUiBuiltInKeywords.groovy:2975)
	at com.kms.katalon.core.webui.keyword.WebUiBuiltInKeywords$scrollToElement$2.call(Unknown Source)
	at Script1566572403500.run(Script1566572403500.groovy:25)
	at com.kms.katalon.core.main.ScriptEngine.run(ScriptEngine.java:194)
	at com.kms.katalon.core.main.ScriptEngine.runScriptAsRawText(ScriptEngine.java:119)
	at com.kms.katalon.core.main.TestCaseExecutor.runScript(TestCaseExecutor.java:331)
	at com.kms.katalon.core.main.TestCaseExecutor.doExecute(TestCaseExecutor.java:322)
	at com.kms.katalon.core.main.TestCaseExecutor.processExecutionPhase(TestCaseExecutor.java:301)
	at com.kms.katalon.core.main.TestCaseExecutor.accessMainPhase(TestCaseExecutor.java:293)
	at com.kms.katalon.core.main.TestCaseExecutor.execute(TestCaseExecutor.java:227)
	at com.kms.katalon.core.main.TestCaseMain.runTestCase(TestCaseMain.java:114)
	at com.kms.katalon.core.keyword.builtin.CallTestCaseKeyword$_callTestCase_closure1.doCall(CallTestCaseKeyword.groovy:59)
	at com.kms.katalon.core.keyword.builtin.CallTestCaseKeyword$_callTestCase_closure1.call(CallTestCaseKeyword.groovy)
	at com.kms.katalon.core.keyword.internal.KeywordMain.runKeyword(KeywordMain.groovy:66)
	at com.kms.katalon.core.keyword.builtin.CallTestCaseKeyword.callTestCase(CallTestCaseKeyword.groovy:81)
	at com.kms.katalon.core.keyword.builtin.CallTestCaseKeyword.execute(CallTestCaseKeyword.groovy:44)
	at com.kms.katalon.core.keyword.internal.KeywordExecutor.executeKeywordForPlatform(KeywordExecutor.groovy:56)
	at com.kms.katalon.core.keyword.BuiltinKeywords.callTestCase(BuiltinKeywords.groovy:334)
	at Script1584329087901.run(Script1584329087901.groovy:72)
	... 13 more
Caused by: java.net.SocketException: Connection reset
	at org.apache.http.impl.io.SessionInputBufferImpl.streamRead(SessionInputBufferImpl.java:137)
	at org.apache.http.impl.io.SessionInputBufferImpl.fillBuffer(SessionInputBufferImpl.java:153)
	at org.apache.http.impl.io.SessionInputBufferImpl.readLine(SessionInputBufferImpl.java:282)
	at org.apache.http.impl.conn.DefaultHttpResponseParser.parseHead(DefaultHttpResponseParser.java:138)
	at org.apache.http.impl.conn.DefaultHttpResponseParser.parseHead(DefaultHttpResponseParser.java:56)
	at org.apache.http.impl.io.AbstractMessageParser.parse(AbstractMessageParser.java:259)
	at org.apache.http.impl.DefaultBHttpClientConnection.receiveResponseHeader(DefaultBHttpClientConnection.java:163)
	at org.apache.http.impl.conn.CPoolProxy.receiveResponseHeader(CPoolProxy.java:165)
	at org.apache.http.protocol.HttpRequestExecutor.doReceiveResponse(HttpRequestExecutor.java:273)
	at org.apache.http.protocol.HttpRequestExecutor.execute(HttpRequestExecutor.java:125)
	at org.apache.http.impl.execchain.MainClientExec.execute(MainClientExec.java:272)
	at org.apache.http.impl.execchain.ProtocolExec.execute(ProtocolExec.java:185)
	at org.apache.http.impl.execchain.RetryExec.execute(RetryExec.java:89)
	at org.apache.http.impl.execchain.RedirectExec.execute(RedirectExec.java:111)
	at org.apache.http.impl.client.InternalHttpClient.doExecute(InternalHttpClient.java:185)
	at org.apache.http.impl.client.CloseableHttpClient.execute(CloseableHttpClient.java:72)
	at org.apache.http.impl.client.CloseableHttpClient.execute(CloseableHttpClient.java:56)
	at org.openqa.selenium.remote.internal.ApacheHttpClient.fallBackExecute(ApacheHttpClient.java:138)
	at org.openqa.selenium.remote.internal.ApacheHttpClient.execute(ApacheHttpClient.java:86)
	at org.openqa.selenium.remote.HttpCommandExecutor.execute(HttpCommandExecutor.java:161)
	at org.openqa.selenium.remote.RemoteWebDriver.execute(RemoteWebDriver.java:600)
	... 47 more


2020-03-16 09:49:26 - [TEST_STEP][PASSED] - callTestCase(findTestCase("DMS/UtilTests/SetFeatureToggle"), ["featureToggleName":toggleList[i]], STOP_ON_FAILURE): Call Test Case 'Test Cases/DMS/UtilTests/SetFeatureToggle' successfully

2020-03-16 09:49:26 - [TEST_CASE][PASSED] - Test Cases/DMS/UtilTests/SetFeatureToggle: Test Cases/DMS/UtilTests/SetFeatureToggle

2020-03-16 09:49:26 - [TEST_STEP][PASSED] - common.util.aribakeywords.aribaClick(findTestObject("Object Repository/a_TA..")): Element has been clicked

2020-03-16 09:49:27 - [MESSAGE][PASSED] - Object 'Object Repository/a_TA..' is clickable

2020-03-16 09:49:28 - [MESSAGE][PASSED] - Scroll to object 'Object Repository/a_TA..' successfully

2020-03-16 09:49:29 - [MESSAGE][PASSED] - Object 'Object Repository/a_TA..' is visible

2020-03-16 09:49:30 - [MESSAGE][INFO] - Clicking element

2020-03-16 09:49:31 - [MESSAGE][PASSED] - Object: 'Object Repository/a_TA..' is clicked on

2020-03-16 09:49:32 - [MESSAGE][INFO] - ************* JS EXECUTED ************: true

2020-03-16 09:49:33 - [MESSAGE][PASSED] - Delayed 1 second(s)

2020-03-16 09:49:33 - [MESSAGE][PASSED] - Element has been clicked

2020-03-16 09:49:33 - [TEST_STEP][PASSED] - common.util.aribakeywords.aribaClick(findTestObject("Object Repository/testCentral")): Element has been clicked

2020-03-16 09:49:33 - [MESSAGE][PASSED] - Object 'Object Repository/testCentral' is clickable

2020-03-16 09:49:34 - [MESSAGE][PASSED] - Scroll to object 'Object Repository/testCentral' successfully

2020-03-16 09:49:35 - [MESSAGE][PASSED] - Object 'Object Repository/testCentral' is visible

2020-03-16 09:49:36 - [MESSAGE][INFO] - Clicking element

2020-03-16 09:49:37 - [MESSAGE][PASSED] - Object: 'Object Repository/testCentral' is clicked on

2020-03-16 09:49:38 - [MESSAGE][INFO] - ************* JS EXECUTED ************: true

2020-03-16 09:49:39 - [MESSAGE][PASSED] - Delayed 1 second(s)

2020-03-16 09:49:39 - [MESSAGE][PASSED] - Element has been clicked

2020-03-16 09:49:39 - [TEST_STEP][PASSED] - common.util.aribakeywords.aribaClick(findTestObject("Object Repository/Page_TestCentralPage/input_User__njzfkc")): Element has been clicked

2020-03-16 09:49:40 - [MESSAGE][PASSED] - Object 'Object Repository/Page_TestCentralPage/input_User__njzfkc' is clickable

2020-03-16 09:49:40 - [MESSAGE][PASSED] - Scroll to object 'Object Repository/Page_TestCentralPage/input_User__njzfkc' successfully

2020-03-16 09:49:41 - [MESSAGE][PASSED] - Object 'Object Repository/Page_TestCentralPage/input_User__njzfkc' is visible

2020-03-16 09:49:43 - [MESSAGE][INFO] - Clicking element

2020-03-16 09:49:43 - [MESSAGE][PASSED] - Object: 'Object Repository/Page_TestCentralPage/input_User__njzfkc' is clicked on

2020-03-16 09:49:44 - [MESSAGE][INFO] - ************* JS EXECUTED ************: true

2020-03-16 09:49:45 - [MESSAGE][PASSED] - Delayed 1 second(s)

2020-03-16 09:49:45 - [MESSAGE][PASSED] - Element has been clicked

2020-03-16 09:49:45 - [TEST_STEP][PASSED] - scrollToElement(findTestObject("Object Repository/Page_TestCentralPage/a_Enable  Or  Disable  Feature"), 3): Scroll to object 'Object Repository/Page_TestCentralPage/a_Enable  Or  Disable  Feature' successfully

2020-03-16 09:49:46 - [MESSAGE][PASSED] - Scroll to object 'Object Repository/Page_TestCentralPage/a_Enable  Or  Disable  Feature' successfully

2020-03-16 09:49:46 - [TEST_STEP][PASSED] - common.util.aribakeywords.aribaClick(findTestObject("Object Repository/Page_TestCentralPage/a_Enable  Or  Disable  Feature")): Element has been clicked

2020-03-16 09:49:47 - [MESSAGE][PASSED] - Object 'Object Repository/Page_TestCentralPage/a_Enable  Or  Disable  Feature' is clickable

2020-03-16 09:49:48 - [MESSAGE][PASSED] - Scroll to object 'Object Repository/Page_TestCentralPage/a_Enable  Or  Disable  Feature' successfully

2020-03-16 09:49:48 - [MESSAGE][PASSED] - Object 'Object Repository/Page_TestCentralPage/a_Enable  Or  Disable  Feature' is visible

2020-03-16 09:49:49 - [MESSAGE][INFO] - Clicking element

2020-03-16 09:49:50 - [MESSAGE][PASSED] - Object: 'Object Repository/Page_TestCentralPage/a_Enable  Or  Disable  Feature' is clicked on

2020-03-16 09:49:51 - [MESSAGE][INFO] - ************* JS EXECUTED ************: false

2020-03-16 09:49:52 - [MESSAGE][PASSED] - Delayed 1 second(s)

2020-03-16 09:49:53 - [MESSAGE][INFO] - ************* JS EXECUTED ************: true

2020-03-16 09:49:54 - [MESSAGE][PASSED] - Delayed 1 second(s)

2020-03-16 09:49:54 - [MESSAGE][PASSED] - Element has been clicked

2020-03-16 09:49:54 - [TEST_STEP][PASSED] - setText(findTestObject("Object Repository/input_Full Qualified Name of F"), featureToggleName): Text 'ariba.sourcing.util.SourcingEventFeatures.PricingConditionsWithScales' is set on object 'Object Repository/input_Full Qualified Name of F'

2020-03-16 09:49:56 - [MESSAGE][PASSED] - Text 'ariba.sourcing.util.SourcingEventFeatures.PricingConditionsWithScales' is set on object 'Object Repository/input_Full Qualified Name of F'

2020-03-16 09:49:56 - [TEST_STEP][PASSED] - common.util.aribakeywords.aribaClick(findTestObject("Object Repository/div_Run Stager")): common.util.aribakeywords.aribaClick is PASSED

2020-03-16 09:49:57 - [MESSAGE][PASSED] - Object 'Object Repository/div_Run Stager' is clickable

2020-03-16 09:49:58 - [MESSAGE][PASSED] - Scroll to object 'Object Repository/div_Run Stager' successfully

2020-03-16 09:49:59 - [MESSAGE][PASSED] - Object 'Object Repository/div_Run Stager' is visible

2020-03-16 09:50:01 - [MESSAGE][PASSED] - Object: 'Object Repository/div_Run Stager' is clicked on

2020-03-16 09:50:01 - [MESSAGE][INFO] - ************* JS EXECUTED ************: false

2020-03-16 09:50:02 - [MESSAGE][PASSED] - Delayed 1 second(s)

2020-03-16 09:50:03 - [MESSAGE][INFO] - ************* JS EXECUTED ************: false

2020-03-16 09:50:04 - [MESSAGE][PASSED] - Delayed 1 second(s)

2020-03-16 09:50:04 - [MESSAGE][INFO] - ************* JS EXECUTED ************: true

2020-03-16 09:50:05 - [MESSAGE][PASSED] - Delayed 1 second(s)

2020-03-16 09:50:06 - [MESSAGE][PASSED] - Object 'Object Repository/Page_Ariba Spend Management/input__bt5lrc' is clickable

2020-03-16 09:50:06 - [MESSAGE][PASSED] - Web element with id: 'Object Repository/Page_Ariba Spend Management/StackTrace' located by 'By.xpath: //*[@awname = 'SHOW_STACK_TRACE']' is not present after '1' second(s)

2020-03-16 09:50:07 - [MESSAGE][PASSED] - Web element with id: 'Object Repository/Page_Ariba Spend Management/StagerError' located by 'By.xpath: //*[@awname = 'TestStagerErrorPage:toggleStackTrace']' is not present after '1' second(s)

2020-03-16 09:50:07 - [MESSAGE][PASSED] - Web element with id: 'Object Repository/Page_Ariba Spend Management/ReturnToLoginPage' located by 'By.xpath: //*[@awname = 'Return to the Ariba login page::ARPException:linkAction']' is not present after '1' second(s)

2020-03-16 09:50:07 - [MESSAGE][INFO] - in Run stager method

2020-03-16 09:50:07 - [MESSAGE][INFO] -  I am able to see set user. So returning from runstager wait.

2020-03-16 09:50:08 - [MESSAGE][INFO] - ************* JS EXECUTED ************: true

2020-03-16 09:50:09 - [MESSAGE][PASSED] - Delayed 1 second(s)

2020-03-16 09:50:10 - [MESSAGE][INFO] - ************* JS EXECUTED ************: true

2020-03-16 09:50:11 - [MESSAGE][PASSED] - Delayed 1 second(s)

2020-03-16 09:50:11 - [MESSAGE][PASSED] - common.util.aribakeywords.aribaClick is PASSED

2020-03-16 09:50:11 - [MESSAGE][PASSED] - Call Test Case 'Test Cases/DMS/UtilTests/SetFeatureToggle' successfully

2020-03-16 09:50:11 - [TEST_STEP][PASSED] - callTestCase(findTestCase("DMS/UtilTests/SetFeatureToggle"), ["featureToggleName":toggleList[i]], STOP_ON_FAILURE): Call Test Case 'Test Cases/DMS/UtilTests/SetFeatureToggle' successfully

2020-03-16 09:50:11 - [TEST_CASE][PASSED] - Test Cases/DMS/UtilTests/SetFeatureToggle: Test Cases/DMS/UtilTests/SetFeatureToggle

2020-03-16 09:50:11 - [TEST_STEP][PASSED] - common.util.aribakeywords.aribaClick(findTestObject("Object Repository/a_TA..")): Element has been clicked

2020-03-16 09:50:12 - [MESSAGE][PASSED] - Object 'Object Repository/a_TA..' is clickable

2020-03-16 09:50:12 - [MESSAGE][PASSED] - Scroll to object 'Object Repository/a_TA..' successfully

2020-03-16 09:50:13 - [MESSAGE][PASSED] - Object 'Object Repository/a_TA..' is visible

2020-03-16 09:50:14 - [MESSAGE][INFO] - Clicking element

2020-03-16 09:50:15 - [MESSAGE][PASSED] - Object: 'Object Repository/a_TA..' is clicked on

2020-03-16 09:50:16 - [MESSAGE][INFO] - ************* JS EXECUTED ************: true

2020-03-16 09:50:17 - [MESSAGE][PASSED] - Delayed 1 second(s)

2020-03-16 09:50:17 - [MESSAGE][PASSED] - Element has been clicked

2020-03-16 09:50:17 - [TEST_STEP][PASSED] - common.util.aribakeywords.aribaClick(findTestObject("Object Repository/testCentral")): Element has been clicked

2020-03-16 09:50:17 - [MESSAGE][PASSED] - Object 'Object Repository/testCentral' is clickable

2020-03-16 09:50:19 - [MESSAGE][PASSED] - Scroll to object 'Object Repository/testCentral' successfully

2020-03-16 09:50:20 - [MESSAGE][PASSED] - Object 'Object Repository/testCentral' is visible

2020-03-16 09:50:21 - [MESSAGE][INFO] - Clicking element

2020-03-16 09:50:22 - [MESSAGE][PASSED] - Object: 'Object Repository/testCentral' is clicked on

2020-03-16 09:50:22 - [MESSAGE][INFO] - ************* JS EXECUTED ************: true

2020-03-16 09:50:23 - [MESSAGE][PASSED] - Delayed 1 second(s)

2020-03-16 09:50:23 - [MESSAGE][PASSED] - Element has been clicked

2020-03-16 09:50:23 - [TEST_STEP][PASSED] - common.util.aribakeywords.aribaClick(findTestObject("Object Repository/Page_TestCentralPage/input_User__njzfkc")): Element has been clicked

2020-03-16 09:50:24 - [MESSAGE][PASSED] - Object 'Object Repository/Page_TestCentralPage/input_User__njzfkc' is clickable

2020-03-16 09:50:25 - [MESSAGE][PASSED] - Scroll to object 'Object Repository/Page_TestCentralPage/input_User__njzfkc' successfully

2020-03-16 09:50:26 - [MESSAGE][PASSED] - Object 'Object Repository/Page_TestCentralPage/input_User__njzfkc' is visible

2020-03-16 09:50:27 - [MESSAGE][INFO] - Clicking element

2020-03-16 09:50:28 - [MESSAGE][PASSED] - Object: 'Object Repository/Page_TestCentralPage/input_User__njzfkc' is clicked on

2020-03-16 09:50:29 - [MESSAGE][INFO] - ************* JS EXECUTED ************: true

2020-03-16 09:50:30 - [MESSAGE][PASSED] - Delayed 1 second(s)

2020-03-16 09:50:30 - [MESSAGE][PASSED] - Element has been clicked

2020-03-16 09:50:30 - [TEST_STEP][PASSED] - scrollToElement(findTestObject("Object Repository/Page_TestCentralPage/a_Enable  Or  Disable  Feature"), 3): Scroll to object 'Object Repository/Page_TestCentralPage/a_Enable  Or  Disable  Feature' successfully

2020-03-16 09:50:31 - [MESSAGE][PASSED] - Scroll to object 'Object Repository/Page_TestCentralPage/a_Enable  Or  Disable  Feature' successfully

2020-03-16 09:50:31 - [TEST_STEP][PASSED] - common.util.aribakeywords.aribaClick(findTestObject("Object Repository/Page_TestCentralPage/a_Enable  Or  Disable  Feature")): Element has been clicked

2020-03-16 09:50:31 - [MESSAGE][PASSED] - Object 'Object Repository/Page_TestCentralPage/a_Enable  Or  Disable  Feature' is clickable

2020-03-16 09:50:32 - [MESSAGE][PASSED] - Scroll to object 'Object Repository/Page_TestCentralPage/a_Enable  Or  Disable  Feature' successfully

2020-03-16 09:50:33 - [MESSAGE][PASSED] - Object 'Object Repository/Page_TestCentralPage/a_Enable  Or  Disable  Feature' is visible

2020-03-16 09:50:34 - [MESSAGE][INFO] - Clicking element

2020-03-16 09:50:35 - [MESSAGE][PASSED] - Object: 'Object Repository/Page_TestCentralPage/a_Enable  Or  Disable  Feature' is clicked on

2020-03-16 09:50:36 - [MESSAGE][INFO] - ************* JS EXECUTED ************: true

2020-03-16 09:50:37 - [MESSAGE][PASSED] - Delayed 1 second(s)

2020-03-16 09:50:37 - [MESSAGE][PASSED] - Element has been clicked

2020-03-16 09:50:37 - [TEST_STEP][PASSED] - setText(findTestObject("Object Repository/input_Full Qualified Name of F"), featureToggleName): Text 'ariba.sourcing.util.SourcingEventFeatures.FromScalesInPricingCondition' is set on object 'Object Repository/input_Full Qualified Name of F'

2020-03-16 09:50:39 - [MESSAGE][PASSED] - Text 'ariba.sourcing.util.SourcingEventFeatures.FromScalesInPricingCondition' is set on object 'Object Repository/input_Full Qualified Name of F'

2020-03-16 09:50:39 - [TEST_STEP][PASSED] - common.util.aribakeywords.aribaClick(findTestObject("Object Repository/div_Run Stager")): common.util.aribakeywords.aribaClick is PASSED

2020-03-16 09:50:40 - [MESSAGE][PASSED] - Object 'Object Repository/div_Run Stager' is clickable

2020-03-16 09:50:41 - [MESSAGE][PASSED] - Scroll to object 'Object Repository/div_Run Stager' successfully

2020-03-16 09:50:42 - [MESSAGE][PASSED] - Object 'Object Repository/div_Run Stager' is visible

2020-03-16 09:50:45 - [MESSAGE][PASSED] - Object: 'Object Repository/div_Run Stager' is clicked on

2020-03-16 09:50:46 - [MESSAGE][INFO] - ************* JS EXECUTED ************: false

2020-03-16 09:50:47 - [MESSAGE][PASSED] - Delayed 1 second(s)

2020-03-16 09:50:48 - [MESSAGE][INFO] - ************* JS EXECUTED ************: false

2020-03-16 09:50:49 - [MESSAGE][PASSED] - Delayed 1 second(s)

2020-03-16 09:50:49 - [MESSAGE][INFO] - ************* JS EXECUTED ************: true

2020-03-16 09:50:50 - [MESSAGE][PASSED] - Delayed 1 second(s)

2020-03-16 09:50:51 - [MESSAGE][PASSED] - Object 'Object Repository/Page_Ariba Spend Management/input__bt5lrc' is clickable

2020-03-16 09:50:52 - [MESSAGE][PASSED] - Web element with id: 'Object Repository/Page_Ariba Spend Management/StackTrace' located by 'By.xpath: //*[@awname = 'SHOW_STACK_TRACE']' is not present after '1' second(s)

2020-03-16 09:50:52 - [MESSAGE][PASSED] - Web element with id: 'Object Repository/Page_Ariba Spend Management/StagerError' located by 'By.xpath: //*[@awname = 'TestStagerErrorPage:toggleStackTrace']' is not present after '1' second(s)

2020-03-16 09:50:52 - [MESSAGE][PASSED] - Web element with id: 'Object Repository/Page_Ariba Spend Management/ReturnToLoginPage' located by 'By.xpath: //*[@awname = 'Return to the Ariba login page::ARPException:linkAction']' is not present after '1' second(s)

2020-03-16 09:50:52 - [MESSAGE][INFO] - in Run stager method

2020-03-16 09:50:52 - [MESSAGE][INFO] -  I am able to see set user. So returning from runstager wait.

2020-03-16 09:50:53 - [MESSAGE][INFO] - ************* JS EXECUTED ************: true

2020-03-16 09:50:54 - [MESSAGE][PASSED] - Delayed 1 second(s)

2020-03-16 09:50:55 - [MESSAGE][INFO] - ************* JS EXECUTED ************: true

2020-03-16 09:50:56 - [MESSAGE][PASSED] - Delayed 1 second(s)

2020-03-16 09:50:56 - [MESSAGE][PASSED] - common.util.aribakeywords.aribaClick is PASSED

2020-03-16 09:50:56 - [MESSAGE][PASSED] - Call Test Case 'Test Cases/DMS/UtilTests/SetFeatureToggle' successfully

2020-03-16 09:50:56 - [TEST_STEP][PASSED] - callTestCase(findTestCase("DMS/UtilTests/SetFeatureToggle"), ["featureToggleName":toggleList[i]], STOP_ON_FAILURE): Call Test Case 'Test Cases/DMS/UtilTests/SetFeatureToggle' successfully

2020-03-16 09:50:56 - [TEST_CASE][PASSED] - Test Cases/DMS/UtilTests/SetFeatureToggle: Test Cases/DMS/UtilTests/SetFeatureToggle

2020-03-16 09:50:56 - [TEST_STEP][PASSED] - common.util.aribakeywords.aribaClick(findTestObject("Object Repository/a_TA..")): Element has been clicked

2020-03-16 09:50:57 - [MESSAGE][PASSED] - Object 'Object Repository/a_TA..' is clickable

2020-03-16 09:50:58 - [MESSAGE][PASSED] - Scroll to object 'Object Repository/a_TA..' successfully

2020-03-16 09:50:58 - [MESSAGE][PASSED] - Object 'Object Repository/a_TA..' is visible

2020-03-16 09:51:00 - [MESSAGE][INFO] - Clicking element

2020-03-16 09:51:01 - [MESSAGE][PASSED] - Object: 'Object Repository/a_TA..' is clicked on

2020-03-16 09:51:02 - [MESSAGE][INFO] - ************* JS EXECUTED ************: true

2020-03-16 09:51:03 - [MESSAGE][PASSED] - Delayed 1 second(s)

2020-03-16 09:51:03 - [MESSAGE][PASSED] - Element has been clicked

2020-03-16 09:51:03 - [TEST_STEP][PASSED] - common.util.aribakeywords.aribaClick(findTestObject("Object Repository/testCentral")): Element has been clicked

2020-03-16 09:51:04 - [MESSAGE][PASSED] - Object 'Object Repository/testCentral' is clickable

2020-03-16 09:51:05 - [MESSAGE][PASSED] - Scroll to object 'Object Repository/testCentral' successfully

2020-03-16 09:51:08 - [MESSAGE][PASSED] - Object 'Object Repository/testCentral' is visible

2020-03-16 09:51:10 - [MESSAGE][INFO] - Clicking element

2020-03-16 09:51:11 - [MESSAGE][PASSED] - Object: 'Object Repository/testCentral' is clicked on

2020-03-16 09:51:12 - [MESSAGE][INFO] - ************* JS EXECUTED ************: true

2020-03-16 09:51:13 - [MESSAGE][PASSED] - Delayed 1 second(s)

2020-03-16 09:51:13 - [MESSAGE][PASSED] - Element has been clicked

2020-03-16 09:51:13 - [TEST_STEP][PASSED] - common.util.aribakeywords.aribaClick(findTestObject("Object Repository/Page_TestCentralPage/input_User__njzfkc")): Element has been clicked

2020-03-16 09:51:13 - [MESSAGE][PASSED] - Object 'Object Repository/Page_TestCentralPage/input_User__njzfkc' is clickable

2020-03-16 09:51:15 - [MESSAGE][PASSED] - Scroll to object 'Object Repository/Page_TestCentralPage/input_User__njzfkc' successfully

2020-03-16 09:51:16 - [MESSAGE][PASSED] - Object 'Object Repository/Page_TestCentralPage/input_User__njzfkc' is visible

2020-03-16 09:51:17 - [MESSAGE][INFO] - Clicking element

2020-03-16 09:51:18 - [MESSAGE][PASSED] - Object: 'Object Repository/Page_TestCentralPage/input_User__njzfkc' is clicked on

2020-03-16 09:51:19 - [MESSAGE][INFO] - ************* JS EXECUTED ************: true

2020-03-16 09:51:20 - [MESSAGE][PASSED] - Delayed 1 second(s)

2020-03-16 09:51:20 - [MESSAGE][PASSED] - Element has been clicked

2020-03-16 09:51:20 - [TEST_STEP][PASSED] - scrollToElement(findTestObject("Object Repository/Page_TestCentralPage/a_Enable  Or  Disable  Feature"), 3): Scroll to object 'Object Repository/Page_TestCentralPage/a_Enable  Or  Disable  Feature' successfully

2020-03-16 09:51:21 - [MESSAGE][PASSED] - Scroll to object 'Object Repository/Page_TestCentralPage/a_Enable  Or  Disable  Feature' successfully

2020-03-16 09:51:21 - [TEST_STEP][PASSED] - common.util.aribakeywords.aribaClick(findTestObject("Object Repository/Page_TestCentralPage/a_Enable  Or  Disable  Feature")): Element has been clicked

2020-03-16 09:51:22 - [MESSAGE][PASSED] - Object 'Object Repository/Page_TestCentralPage/a_Enable  Or  Disable  Feature' is clickable

2020-03-16 09:51:22 - [MESSAGE][PASSED] - Scroll to object 'Object Repository/Page_TestCentralPage/a_Enable  Or  Disable  Feature' successfully

2020-03-16 09:51:23 - [MESSAGE][PASSED] - Object 'Object Repository/Page_TestCentralPage/a_Enable  Or  Disable  Feature' is visible

2020-03-16 09:51:25 - [MESSAGE][INFO] - Clicking element

2020-03-16 09:51:26 - [MESSAGE][PASSED] - Object: 'Object Repository/Page_TestCentralPage/a_Enable  Or  Disable  Feature' is clicked on

2020-03-16 09:51:26 - [MESSAGE][INFO] - ************* JS EXECUTED ************: false

2020-03-16 09:51:27 - [MESSAGE][PASSED] - Delayed 1 second(s)

2020-03-16 09:51:28 - [MESSAGE][INFO] - ************* JS EXECUTED ************: true

2020-03-16 09:51:29 - [MESSAGE][PASSED] - Delayed 1 second(s)

2020-03-16 09:51:29 - [MESSAGE][PASSED] - Element has been clicked

2020-03-16 09:51:29 - [TEST_STEP][PASSED] - setText(findTestObject("Object Repository/input_Full Qualified Name of F"), featureToggleName): Text 'ariba.collaborate.util.CollaborateFeatures.AppendLineItemsInExistingContract' is set on object 'Object Repository/input_Full Qualified Name of F'

2020-03-16 09:51:32 - [MESSAGE][PASSED] - Text 'ariba.collaborate.util.CollaborateFeatures.AppendLineItemsInExistingContract' is set on object 'Object Repository/input_Full Qualified Name of F'

2020-03-16 09:51:32 - [TEST_STEP][PASSED] - common.util.aribakeywords.aribaClick(findTestObject("Object Repository/div_Run Stager")): common.util.aribakeywords.aribaClick is PASSED

2020-03-16 09:51:33 - [MESSAGE][PASSED] - Object 'Object Repository/div_Run Stager' is clickable

2020-03-16 09:51:34 - [MESSAGE][PASSED] - Scroll to object 'Object Repository/div_Run Stager' successfully

2020-03-16 09:51:35 - [MESSAGE][PASSED] - Object 'Object Repository/div_Run Stager' is visible

2020-03-16 09:51:38 - [MESSAGE][PASSED] - Object: 'Object Repository/div_Run Stager' is clicked on

2020-03-16 09:51:39 - [MESSAGE][INFO] - ************* JS EXECUTED ************: false

2020-03-16 09:51:40 - [MESSAGE][PASSED] - Delayed 1 second(s)

2020-03-16 09:51:41 - [MESSAGE][INFO] - ************* JS EXECUTED ************: false

2020-03-16 09:51:42 - [MESSAGE][PASSED] - Delayed 1 second(s)

2020-03-16 09:51:43 - [MESSAGE][INFO] - ************* JS EXECUTED ************: true

2020-03-16 09:51:44 - [MESSAGE][PASSED] - Delayed 1 second(s)

2020-03-16 09:51:44 - [MESSAGE][PASSED] - Object 'Object Repository/Page_Ariba Spend Management/input__bt5lrc' is clickable

2020-03-16 09:51:45 - [MESSAGE][PASSED] - Web element with id: 'Object Repository/Page_Ariba Spend Management/StackTrace' located by 'By.xpath: //*[@awname = 'SHOW_STACK_TRACE']' is not present after '1' second(s)

2020-03-16 09:51:45 - [MESSAGE][PASSED] - Web element with id: 'Object Repository/Page_Ariba Spend Management/StagerError' located by 'By.xpath: //*[@awname = 'TestStagerErrorPage:toggleStackTrace']' is not present after '1' second(s)

2020-03-16 09:51:46 - [MESSAGE][PASSED] - Web element with id: 'Object Repository/Page_Ariba Spend Management/ReturnToLoginPage' located by 'By.xpath: //*[@awname = 'Return to the Ariba login page::ARPException:linkAction']' is not present after '1' second(s)

2020-03-16 09:51:46 - [MESSAGE][INFO] - in Run stager method

2020-03-16 09:51:46 - [MESSAGE][INFO] -  I am able to see set user. So returning from runstager wait.

2020-03-16 09:51:47 - [MESSAGE][INFO] - ************* JS EXECUTED ************: true

2020-03-16 09:51:48 - [MESSAGE][PASSED] - Delayed 1 second(s)

2020-03-16 09:51:49 - [MESSAGE][INFO] - ************* JS EXECUTED ************: true

2020-03-16 09:51:50 - [MESSAGE][PASSED] - Delayed 1 second(s)

2020-03-16 09:51:50 - [MESSAGE][PASSED] - common.util.aribakeywords.aribaClick is PASSED

2020-03-16 09:51:50 - [MESSAGE][PASSED] - Call Test Case 'Test Cases/DMS/UtilTests/SetFeatureToggle' successfully

2020-03-16 09:51:50 - [TEST_STEP][PASSED] - callTestCase(findTestCase("DMS/UtilTests/SetFeatureToggle"), ["featureToggleName":toggleList[i]], STOP_ON_FAILURE): Call Test Case 'Test Cases/DMS/UtilTests/SetFeatureToggle' successfully

2020-03-16 09:51:50 - [TEST_CASE][PASSED] - Test Cases/DMS/UtilTests/SetFeatureToggle: Test Cases/DMS/UtilTests/SetFeatureToggle

2020-03-16 09:51:50 - [TEST_STEP][PASSED] - common.util.aribakeywords.aribaClick(findTestObject("Object Repository/a_TA..")): Element has been clicked

2020-03-16 09:51:51 - [MESSAGE][PASSED] - Object 'Object Repository/a_TA..' is clickable

2020-03-16 09:51:52 - [MESSAGE][PASSED] - Scroll to object 'Object Repository/a_TA..' successfully

2020-03-16 09:51:53 - [MESSAGE][PASSED] - Object 'Object Repository/a_TA..' is visible

2020-03-16 09:51:54 - [MESSAGE][INFO] - Clicking element

2020-03-16 09:51:55 - [MESSAGE][PASSED] - Object: 'Object Repository/a_TA..' is clicked on

2020-03-16 09:51:56 - [MESSAGE][INFO] - ************* JS EXECUTED ************: true

2020-03-16 09:51:57 - [MESSAGE][PASSED] - Delayed 1 second(s)

2020-03-16 09:51:57 - [MESSAGE][PASSED] - Element has been clicked

2020-03-16 09:51:57 - [TEST_STEP][PASSED] - common.util.aribakeywords.aribaClick(findTestObject("Object Repository/testCentral")): Element has been clicked

2020-03-16 09:51:57 - [MESSAGE][PASSED] - Object 'Object Repository/testCentral' is clickable

2020-03-16 09:51:59 - [MESSAGE][PASSED] - Scroll to object 'Object Repository/testCentral' successfully

2020-03-16 09:52:00 - [MESSAGE][PASSED] - Object 'Object Repository/testCentral' is visible

2020-03-16 09:52:01 - [MESSAGE][INFO] - Clicking element

2020-03-16 09:52:02 - [MESSAGE][PASSED] - Object: 'Object Repository/testCentral' is clicked on

2020-03-16 09:52:03 - [MESSAGE][INFO] - ************* JS EXECUTED ************: true

2020-03-16 09:52:04 - [MESSAGE][PASSED] - Delayed 1 second(s)

2020-03-16 09:52:04 - [MESSAGE][PASSED] - Element has been clicked

2020-03-16 09:52:04 - [TEST_STEP][PASSED] - common.util.aribakeywords.aribaClick(findTestObject("Object Repository/Page_TestCentralPage/input_User__njzfkc")): Element has been clicked

2020-03-16 09:52:05 - [MESSAGE][PASSED] - Object 'Object Repository/Page_TestCentralPage/input_User__njzfkc' is clickable

2020-03-16 09:52:06 - [MESSAGE][PASSED] - Scroll to object 'Object Repository/Page_TestCentralPage/input_User__njzfkc' successfully

2020-03-16 09:52:07 - [MESSAGE][PASSED] - Object 'Object Repository/Page_TestCentralPage/input_User__njzfkc' is visible

2020-03-16 09:52:08 - [MESSAGE][INFO] - Clicking element

2020-03-16 09:52:09 - [MESSAGE][PASSED] - Object: 'Object Repository/Page_TestCentralPage/input_User__njzfkc' is clicked on

2020-03-16 09:52:10 - [MESSAGE][INFO] - ************* JS EXECUTED ************: true

2020-03-16 09:52:11 - [MESSAGE][PASSED] - Delayed 1 second(s)

2020-03-16 09:52:11 - [MESSAGE][PASSED] - Element has been clicked

2020-03-16 09:52:11 - [TEST_STEP][PASSED] - scrollToElement(findTestObject("Object Repository/Page_TestCentralPage/a_Enable  Or  Disable  Feature"), 3): Scroll to object 'Object Repository/Page_TestCentralPage/a_Enable  Or  Disable  Feature' successfully

2020-03-16 09:52:12 - [MESSAGE][PASSED] - Scroll to object 'Object Repository/Page_TestCentralPage/a_Enable  Or  Disable  Feature' successfully

2020-03-16 09:52:12 - [TEST_STEP][PASSED] - common.util.aribakeywords.aribaClick(findTestObject("Object Repository/Page_TestCentralPage/a_Enable  Or  Disable  Feature")): Element has been clicked

2020-03-16 09:52:13 - [MESSAGE][PASSED] - Object 'Object Repository/Page_TestCentralPage/a_Enable  Or  Disable  Feature' is clickable

2020-03-16 09:52:13 - [MESSAGE][PASSED] - Scroll to object 'Object Repository/Page_TestCentralPage/a_Enable  Or  Disable  Feature' successfully

2020-03-16 09:52:15 - [MESSAGE][PASSED] - Object 'Object Repository/Page_TestCentralPage/a_Enable  Or  Disable  Feature' is visible

2020-03-16 09:52:16 - [MESSAGE][INFO] - Clicking element

2020-03-16 09:52:17 - [MESSAGE][PASSED] - Object: 'Object Repository/Page_TestCentralPage/a_Enable  Or  Disable  Feature' is clicked on

2020-03-16 09:52:18 - [MESSAGE][INFO] - ************* JS EXECUTED ************: true

2020-03-16 09:52:19 - [MESSAGE][PASSED] - Delayed 1 second(s)

2020-03-16 09:52:19 - [MESSAGE][PASSED] - Element has been clicked

2020-03-16 09:52:19 - [TEST_STEP][PASSED] - setText(findTestObject("Object Repository/input_Full Qualified Name of F"), featureToggleName): Text 'ariba.sourcing.util.RetailSourcingFeatures.PrePackAndMixedCases' is set on object 'Object Repository/input_Full Qualified Name of F'

2020-03-16 09:52:21 - [MESSAGE][PASSED] - Text 'ariba.sourcing.util.RetailSourcingFeatures.PrePackAndMixedCases' is set on object 'Object Repository/input_Full Qualified Name of F'

2020-03-16 09:52:21 - [TEST_STEP][PASSED] - common.util.aribakeywords.aribaClick(findTestObject("Object Repository/div_Run Stager")): common.util.aribakeywords.aribaClick is PASSED

2020-03-16 09:52:22 - [MESSAGE][PASSED] - Object 'Object Repository/div_Run Stager' is clickable

2020-03-16 09:52:24 - [MESSAGE][PASSED] - Scroll to object 'Object Repository/div_Run Stager' successfully

2020-03-16 09:52:25 - [MESSAGE][PASSED] - Object 'Object Repository/div_Run Stager' is visible

2020-03-16 09:52:27 - [MESSAGE][PASSED] - Object: 'Object Repository/div_Run Stager' is clicked on

2020-03-16 09:52:28 - [MESSAGE][INFO] - ************* JS EXECUTED ************: false

2020-03-16 09:52:29 - [MESSAGE][PASSED] - Delayed 1 second(s)

2020-03-16 09:52:30 - [MESSAGE][INFO] - ************* JS EXECUTED ************: false

2020-03-16 09:52:31 - [MESSAGE][PASSED] - Delayed 1 second(s)

2020-03-16 09:52:31 - [MESSAGE][INFO] - ************* JS EXECUTED ************: true

2020-03-16 09:52:32 - [MESSAGE][PASSED] - Delayed 1 second(s)

2020-03-16 09:52:33 - [MESSAGE][PASSED] - Object 'Object Repository/Page_Ariba Spend Management/input__bt5lrc' is clickable

2020-03-16 09:52:34 - [MESSAGE][PASSED] - Web element with id: 'Object Repository/Page_Ariba Spend Management/StackTrace' located by 'By.xpath: //*[@awname = 'SHOW_STACK_TRACE']' is not present after '1' second(s)

2020-03-16 09:52:34 - [MESSAGE][PASSED] - Web element with id: 'Object Repository/Page_Ariba Spend Management/StagerError' located by 'By.xpath: //*[@awname = 'TestStagerErrorPage:toggleStackTrace']' is not present after '1' second(s)

2020-03-16 09:52:35 - [MESSAGE][PASSED] - Web element with id: 'Object Repository/Page_Ariba Spend Management/ReturnToLoginPage' located by 'By.xpath: //*[@awname = 'Return to the Ariba login page::ARPException:linkAction']' is not present after '1' second(s)

2020-03-16 09:52:35 - [MESSAGE][INFO] - in Run stager method

2020-03-16 09:52:35 - [MESSAGE][INFO] -  I am able to see set user. So returning from runstager wait.

2020-03-16 09:52:36 - [MESSAGE][INFO] - ************* JS EXECUTED ************: true

2020-03-16 09:52:37 - [MESSAGE][PASSED] - Delayed 1 second(s)

2020-03-16 09:52:38 - [MESSAGE][INFO] - ************* JS EXECUTED ************: true

2020-03-16 09:52:39 - [MESSAGE][PASSED] - Delayed 1 second(s)

2020-03-16 09:52:39 - [MESSAGE][PASSED] - common.util.aribakeywords.aribaClick is PASSED

2020-03-16 09:52:39 - [MESSAGE][PASSED] - Call Test Case 'Test Cases/DMS/UtilTests/SetFeatureToggle' successfully

2020-03-16 09:52:39 - [TEST_STEP][FAILED] - callTestCase(findTestCase("DMS/UtilTests/SetFeatureToggle"), ["featureToggleName":toggleList[i]], STOP_ON_FAILURE): for ([i = 0, i < toggleList.size(), (i++)]) FAILED.
Reason:
com.kms.katalon.core.exception.StepFailedException: Call Test Case 'Test Cases/DMS/UtilTests/SetFeatureToggle' failed
	at com.kms.katalon.core.keyword.builtin.CallTestCaseKeyword$_callTestCase_closure1.doCall(CallTestCaseKeyword.groovy:63)
	at com.kms.katalon.core.keyword.builtin.CallTestCaseKeyword$_callTestCase_closure1.call(CallTestCaseKeyword.groovy)
	at com.kms.katalon.core.keyword.internal.KeywordMain.runKeyword(KeywordMain.groovy:66)
	at com.kms.katalon.core.keyword.builtin.CallTestCaseKeyword.callTestCase(CallTestCaseKeyword.groovy:81)
	at com.kms.katalon.core.keyword.builtin.CallTestCaseKeyword.execute(CallTestCaseKeyword.groovy:44)
	at com.kms.katalon.core.keyword.internal.KeywordExecutor.executeKeywordForPlatform(KeywordExecutor.groovy:56)
	at com.kms.katalon.core.keyword.BuiltinKeywords.callTestCase(BuiltinKeywords.groovy:334)
	at DMSTC-2921_ReplaceContractFromEventContentHavingAPCLot.run(DMSTC-2921_ReplaceContractFromEventContentHavingAPCLot:72)
	at com.kms.katalon.core.main.ScriptEngine.run(ScriptEngine.java:194)
	at com.kms.katalon.core.main.ScriptEngine.runScriptAsRawText(ScriptEngine.java:119)
	at com.kms.katalon.core.main.TestCaseExecutor.runScript(TestCaseExecutor.java:331)
	at com.kms.katalon.core.main.TestCaseExecutor.doExecute(TestCaseExecutor.java:322)
	at com.kms.katalon.core.main.TestCaseExecutor.processExecutionPhase(TestCaseExecutor.java:301)
	at com.kms.katalon.core.main.TestCaseExecutor.accessMainPhase(TestCaseExecutor.java:293)
	at com.kms.katalon.core.main.TestCaseExecutor.execute(TestCaseExecutor.java:227)
	at com.kms.katalon.core.main.TestSuiteExecutor.accessTestCaseMainPhase(TestSuiteExecutor.java:129)
	at com.kms.katalon.core.main.TestSuiteExecutor.accessTestSuiteMainPhase(TestSuiteExecutor.java:112)
	at com.kms.katalon.core.main.TestSuiteExecutor.execute(TestSuiteExecutor.java:81)
	at com.kms.katalon.core.main.TestCaseMain.startTestSuite(TestCaseMain.java:157)
	at com.kms.katalon.core.main.TestCaseMain$startTestSuite$0.call(Unknown Source)
	at TempTestSuite1584329506754.run(TempTestSuite1584329506754.groovy:35)
Caused by: com.kms.katalon.core.exception.StepFailedException: Unable to scroll to object 'Object Repository/Page_TestCentralPage/a_Enable  Or  Disable  Feature'
	at com.kms.katalon.core.webui.keyword.internal.WebUIKeywordMain.stepFailed(WebUIKeywordMain.groovy:64)
	at com.kms.katalon.core.webui.keyword.internal.WebUIKeywordMain.runKeyword(WebUIKeywordMain.groovy:26)
	at com.kms.katalon.core.webui.keyword.builtin.ScrollToElementKeyword.scrollToElement(ScrollToElementKeyword.groovy:88)
	at com.kms.katalon.core.webui.keyword.builtin.ScrollToElementKeyword.execute(ScrollToElementKeyword.groovy:68)
	at com.kms.katalon.core.keyword.internal.KeywordExecutor.executeKeywordForPlatform(KeywordExecutor.groovy:56)
	at com.kms.katalon.core.webui.keyword.WebUiBuiltInKeywords.scrollToElement(WebUiBuiltInKeywords.groovy:2975)
	at com.kms.katalon.core.webui.keyword.WebUiBuiltInKeywords$scrollToElement$2.call(Unknown Source)
	at SetFeatureToggle.run(SetFeatureToggle:25)
	at com.kms.katalon.core.main.ScriptEngine.run(ScriptEngine.java:194)
	at com.kms.katalon.core.main.ScriptEngine.runScriptAsRawText(ScriptEngine.java:119)
	at com.kms.katalon.core.main.TestCaseExecutor.runScript(TestCaseExecutor.java:331)
	at com.kms.katalon.core.main.TestCaseExecutor.doExecute(TestCaseExecutor.java:322)
	at com.kms.katalon.core.main.TestCaseExecutor.processExecutionPhase(TestCaseExecutor.java:301)
	at com.kms.katalon.core.main.TestCaseExecutor.accessMainPhase(TestCaseExecutor.java:293)
	at com.kms.katalon.core.main.TestCaseExecutor.execute(TestCaseExecutor.java:227)
	at com.kms.katalon.core.main.TestCaseMain.runTestCase(TestCaseMain.java:114)
	at com.kms.katalon.core.keyword.builtin.CallTestCaseKeyword$_callTestCase_closure1.doCall(CallTestCaseKeyword.groovy:59)
	... 20 more
Caused by: org.openqa.selenium.remote.UnreachableBrowserException: Error communicating with the remote browser. It may have died.
Build info: version: '3.7.1', revision: '8a0099a', time: '2017-11-06T21:07:36.161Z'
System info: host: 'C02XT4F3JGH5', ip: 'fe80:0:0:0:1c58:6e03:578a:4ebd%en0', os.name: 'Mac OS X', os.arch: 'x86_64', os.version: '10.15.3', java.version: '1.8.0_181'
Driver info: driver.version: RemoteWebDriver
Capabilities {acceptSslCerts: true, applicationCacheEnabled: false, browserConnectionEnabled: false, browserName: chrome, chrome: {chromedriverVersion: 2.33.506092 (733a02544d189e..., userDataDir: /tmp/.org.chromium.Chromium...}, cssSelectorsEnabled: true, databaseEnabled: false, handlesAlerts: true, hasTouchScreen: false, javascriptEnabled: true, locationContextEnabled: true, mobileEmulationEnabled: false, nativeEvents: true, networkConnectionEnabled: false, pageLoadStrategy: normal, platform: LINUX, platformName: LINUX, rotatable: false, setWindowRect: true, takesHeapSnapshot: true, takesScreenshot: true, unexpectedAlertBehaviour: , unhandledPromptBehavior: , version: 63.0.3239.132, webStorageEnabled: true}
Session ID: e74e89b67406cbe0af442bd50f1e4bd1
	at org.openqa.selenium.remote.RemoteWebDriver.execute(RemoteWebDriver.java:621)
	at com.kms.katalon.selenium.driver.CRemoteWebDriver.execute(CRemoteWebDriver.java:31)
	at org.openqa.selenium.remote.RemoteWebDriver.findElements(RemoteWebDriver.java:397)
	at org.openqa.selenium.remote.RemoteWebDriver.findElementsByXPath(RemoteWebDriver.java:476)
	at org.openqa.selenium.By$ByXPath.findElements(By.java:356)
	at org.openqa.selenium.remote.RemoteWebDriver.findElements(RemoteWebDriver.java:358)
	at com.kms.katalon.core.webui.common.WebUiCommonHelper.findWebElements(WebUiCommonHelper.java:754)
	at com.kms.katalon.core.webui.common.WebUiCommonHelper.findWebElement(WebUiCommonHelper.java:1049)
	at com.kms.katalon.core.webui.keyword.internal.WebUIAbstractKeyword.findWebElement(WebUIAbstractKeyword.groovy:27)
	at com.kms.katalon.core.webui.keyword.internal.WebUIAbstractKeyword.findWebElement(WebUIAbstractKeyword.groovy:26)
	at com.kms.katalon.core.webui.keyword.builtin.ScrollToElementKeyword$_scrollToElement_closure1.doCall(ScrollToElementKeyword.groovy:79)
	at com.kms.katalon.core.webui.keyword.builtin.ScrollToElementKeyword$_scrollToElement_closure1.call(ScrollToElementKeyword.groovy)
	at com.kms.katalon.core.webui.keyword.internal.WebUIKeywordMain.runKeyword(WebUIKeywordMain.groovy:20)
	at com.kms.katalon.core.webui.keyword.builtin.ScrollToElementKeyword.scrollToElement(ScrollToElementKeyword.groovy:88)
	at com.kms.katalon.core.webui.keyword.builtin.ScrollToElementKeyword.execute(ScrollToElementKeyword.groovy:68)
	at com.kms.katalon.core.keyword.internal.KeywordExecutor.executeKeywordForPlatform(KeywordExecutor.groovy:56)
	at com.kms.katalon.core.webui.keyword.WebUiBuiltInKeywords.scrollToElement(WebUiBuiltInKeywords.groovy:2975)
	at com.kms.katalon.core.webui.keyword.WebUiBuiltInKeywords$scrollToElement$2.call(Unknown Source)
	at Script1566572403500.run(Script1566572403500.groovy:25)
	at com.kms.katalon.core.main.ScriptEngine.run(ScriptEngine.java:194)
	at com.kms.katalon.core.main.ScriptEngine.runScriptAsRawText(ScriptEngine.java:119)
	at com.kms.katalon.core.main.TestCaseExecutor.runScript(TestCaseExecutor.java:331)
	at com.kms.katalon.core.main.TestCaseExecutor.doExecute(TestCaseExecutor.java:322)
	at com.kms.katalon.core.main.TestCaseExecutor.processExecutionPhase(TestCaseExecutor.java:301)
	at com.kms.katalon.core.main.TestCaseExecutor.accessMainPhase(TestCaseExecutor.java:293)
	at com.kms.katalon.core.main.TestCaseExecutor.execute(TestCaseExecutor.java:227)
	at com.kms.katalon.core.main.TestCaseMain.runTestCase(TestCaseMain.java:114)
	at com.kms.katalon.core.keyword.builtin.CallTestCaseKeyword$_callTestCase_closure1.doCall(CallTestCaseKeyword.groovy:59)
	at com.kms.katalon.core.keyword.builtin.CallTestCaseKeyword$_callTestCase_closure1.call(CallTestCaseKeyword.groovy)
	at com.kms.katalon.core.keyword.internal.KeywordMain.runKeyword(KeywordMain.groovy:66)
	at com.kms.katalon.core.keyword.builtin.CallTestCaseKeyword.callTestCase(CallTestCaseKeyword.groovy:81)
	at com.kms.katalon.core.keyword.builtin.CallTestCaseKeyword.execute(CallTestCaseKeyword.groovy:44)
	at com.kms.katalon.core.keyword.internal.KeywordExecutor.executeKeywordForPlatform(KeywordExecutor.groovy:56)
	at com.kms.katalon.core.keyword.BuiltinKeywords.callTestCase(BuiltinKeywords.groovy:334)
	at Script1584329087901.run(Script1584329087901.groovy:72)
	... 13 more
Caused by: java.net.SocketException: Connection reset
	at org.apache.http.impl.io.SessionInputBufferImpl.streamRead(SessionInputBufferImpl.java:137)
	at org.apache.http.impl.io.SessionInputBufferImpl.fillBuffer(SessionInputBufferImpl.java:153)
	at org.apache.http.impl.io.SessionInputBufferImpl.readLine(SessionInputBufferImpl.java:282)
	at org.apache.http.impl.conn.DefaultHttpResponseParser.parseHead(DefaultHttpResponseParser.java:138)
	at org.apache.http.impl.conn.DefaultHttpResponseParser.parseHead(DefaultHttpResponseParser.java:56)
	at org.apache.http.impl.io.AbstractMessageParser.parse(AbstractMessageParser.java:259)
	at org.apache.http.impl.DefaultBHttpClientConnection.receiveResponseHeader(DefaultBHttpClientConnection.java:163)
	at org.apache.http.impl.conn.CPoolProxy.receiveResponseHeader(CPoolProxy.java:165)
	at org.apache.http.protocol.HttpRequestExecutor.doReceiveResponse(HttpRequestExecutor.java:273)
	at org.apache.http.protocol.HttpRequestExecutor.execute(HttpRequestExecutor.java:125)
	at org.apache.http.impl.execchain.MainClientExec.execute(MainClientExec.java:272)
	at org.apache.http.impl.execchain.ProtocolExec.execute(ProtocolExec.java:185)
	at org.apache.http.impl.execchain.RetryExec.execute(RetryExec.java:89)
	at org.apache.http.impl.execchain.RedirectExec.execute(RedirectExec.java:111)
	at org.apache.http.impl.client.InternalHttpClient.doExecute(InternalHttpClient.java:185)
	at org.apache.http.impl.client.CloseableHttpClient.execute(CloseableHttpClient.java:72)
	at org.apache.http.impl.client.CloseableHttpClient.execute(CloseableHttpClient.java:56)
	at org.openqa.selenium.remote.internal.ApacheHttpClient.fallBackExecute(ApacheHttpClient.java:138)
	at org.openqa.selenium.remote.internal.ApacheHttpClient.execute(ApacheHttpClient.java:86)
	at org.openqa.selenium.remote.HttpCommandExecutor.execute(HttpCommandExecutor.java:161)
	at org.openqa.selenium.remote.RemoteWebDriver.execute(RemoteWebDriver.java:600)
	... 47 more


2020-03-16 09:52:39 - [TEST_CASE][FAILED] - Test Cases/DMS/UtilTests/SetFeatureToggle: Test Cases/DMS/UtilTests/SetFeatureToggle FAILED.
Reason:
com.kms.katalon.core.exception.StepFailedException: Unable to scroll to object 'Object Repository/Page_TestCentralPage/a_Enable  Or  Disable  Feature'
	at com.kms.katalon.core.webui.keyword.internal.WebUIKeywordMain.stepFailed(WebUIKeywordMain.groovy:64)
	at com.kms.katalon.core.webui.keyword.internal.WebUIKeywordMain.runKeyword(WebUIKeywordMain.groovy:26)
	at com.kms.katalon.core.webui.keyword.builtin.ScrollToElementKeyword.scrollToElement(ScrollToElementKeyword.groovy:88)
	at com.kms.katalon.core.webui.keyword.builtin.ScrollToElementKeyword.execute(ScrollToElementKeyword.groovy:68)
	at com.kms.katalon.core.keyword.internal.KeywordExecutor.executeKeywordForPlatform(KeywordExecutor.groovy:56)
	at com.kms.katalon.core.webui.keyword.WebUiBuiltInKeywords.scrollToElement(WebUiBuiltInKeywords.groovy:2975)
	at com.kms.katalon.core.webui.keyword.WebUiBuiltInKeywords$scrollToElement$2.call(Unknown Source)
	at SetFeatureToggle.run(SetFeatureToggle:25)
	at com.kms.katalon.core.main.ScriptEngine.run(ScriptEngine.java:194)
	at com.kms.katalon.core.main.ScriptEngine.runScriptAsRawText(ScriptEngine.java:119)
	at com.kms.katalon.core.main.TestCaseExecutor.runScript(TestCaseExecutor.java:331)
	at com.kms.katalon.core.main.TestCaseExecutor.doExecute(TestCaseExecutor.java:322)
	at com.kms.katalon.core.main.TestCaseExecutor.processExecutionPhase(TestCaseExecutor.java:301)
	at com.kms.katalon.core.main.TestCaseExecutor.accessMainPhase(TestCaseExecutor.java:293)
	at com.kms.katalon.core.main.TestCaseExecutor.execute(TestCaseExecutor.java:227)
	at com.kms.katalon.core.main.TestCaseMain.runTestCase(TestCaseMain.java:114)
	at com.kms.katalon.core.keyword.builtin.CallTestCaseKeyword$_callTestCase_closure1.doCall(CallTestCaseKeyword.groovy:59)
	at com.kms.katalon.core.keyword.builtin.CallTestCaseKeyword$_callTestCase_closure1.call(CallTestCaseKeyword.groovy)
	at com.kms.katalon.core.keyword.internal.KeywordMain.runKeyword(KeywordMain.groovy:66)
	at com.kms.katalon.core.keyword.builtin.CallTestCaseKeyword.callTestCase(CallTestCaseKeyword.groovy:81)
	at com.kms.katalon.core.keyword.builtin.CallTestCaseKeyword.execute(CallTestCaseKeyword.groovy:44)
	at com.kms.katalon.core.keyword.internal.KeywordExecutor.executeKeywordForPlatform(KeywordExecutor.groovy:56)
	at com.kms.katalon.core.keyword.BuiltinKeywords.callTestCase(BuiltinKeywords.groovy:334)
	at DMSTC-2921_ReplaceContractFromEventContentHavingAPCLot.run(DMSTC-2921_ReplaceContractFromEventContentHavingAPCLot:72)
	at com.kms.katalon.core.main.ScriptEngine.run(ScriptEngine.java:194)
	at com.kms.katalon.core.main.ScriptEngine.runScriptAsRawText(ScriptEngine.java:119)
	at com.kms.katalon.core.main.TestCaseExecutor.runScript(TestCaseExecutor.java:331)
	at com.kms.katalon.core.main.TestCaseExecutor.doExecute(TestCaseExecutor.java:322)
	at com.kms.katalon.core.main.TestCaseExecutor.processExecutionPhase(TestCaseExecutor.java:301)
	at com.kms.katalon.core.main.TestCaseExecutor.accessMainPhase(TestCaseExecutor.java:293)
	at com.kms.katalon.core.main.TestCaseExecutor.execute(TestCaseExecutor.java:227)
	at com.kms.katalon.core.main.TestSuiteExecutor.accessTestCaseMainPhase(TestSuiteExecutor.java:129)
	at com.kms.katalon.core.main.TestSuiteExecutor.accessTestSuiteMainPhase(TestSuiteExecutor.java:112)
	at com.kms.katalon.core.main.TestSuiteExecutor.execute(TestSuiteExecutor.java:81)
	at com.kms.katalon.core.main.TestCaseMain.startTestSuite(TestCaseMain.java:157)
	at com.kms.katalon.core.main.TestCaseMain$startTestSuite$0.call(Unknown Source)
	at TempTestSuite1584329506754.run(TempTestSuite1584329506754.groovy:35)
Caused by: org.openqa.selenium.remote.UnreachableBrowserException: Error communicating with the remote browser. It may have died.
Build info: version: '3.7.1', revision: '8a0099a', time: '2017-11-06T21:07:36.161Z'
System info: host: 'C02XT4F3JGH5', ip: 'fe80:0:0:0:1c58:6e03:578a:4ebd%en0', os.name: 'Mac OS X', os.arch: 'x86_64', os.version: '10.15.3', java.version: '1.8.0_181'
Driver info: driver.version: RemoteWebDriver
Capabilities {acceptSslCerts: true, applicationCacheEnabled: false, browserConnectionEnabled: false, browserName: chrome, chrome: {chromedriverVersion: 2.33.506092 (733a02544d189e..., userDataDir: /tmp/.org.chromium.Chromium...}, cssSelectorsEnabled: true, databaseEnabled: false, handlesAlerts: true, hasTouchScreen: false, javascriptEnabled: true, locationContextEnabled: true, mobileEmulationEnabled: false, nativeEvents: true, networkConnectionEnabled: false, pageLoadStrategy: normal, platform: LINUX, platformName: LINUX, rotatable: false, setWindowRect: true, takesHeapSnapshot: true, takesScreenshot: true, unexpectedAlertBehaviour: , unhandledPromptBehavior: , version: 63.0.3239.132, webStorageEnabled: true}
Session ID: e74e89b67406cbe0af442bd50f1e4bd1
	at org.openqa.selenium.remote.RemoteWebDriver.execute(RemoteWebDriver.java:621)
	at com.kms.katalon.selenium.driver.CRemoteWebDriver.execute(CRemoteWebDriver.java:31)
	at org.openqa.selenium.remote.RemoteWebDriver.findElements(RemoteWebDriver.java:397)
	at org.openqa.selenium.remote.RemoteWebDriver.findElementsByXPath(RemoteWebDriver.java:476)
	at org.openqa.selenium.By$ByXPath.findElements(By.java:356)
	at org.openqa.selenium.remote.RemoteWebDriver.findElements(RemoteWebDriver.java:358)
	at com.kms.katalon.core.webui.common.WebUiCommonHelper.findWebElements(WebUiCommonHelper.java:754)
	at com.kms.katalon.core.webui.common.WebUiCommonHelper.findWebElement(WebUiCommonHelper.java:1049)
	at com.kms.katalon.core.webui.keyword.internal.WebUIAbstractKeyword.findWebElement(WebUIAbstractKeyword.groovy:27)
	at com.kms.katalon.core.webui.keyword.internal.WebUIAbstractKeyword.findWebElement(WebUIAbstractKeyword.groovy:26)
	at com.kms.katalon.core.webui.keyword.builtin.ScrollToElementKeyword$_scrollToElement_closure1.doCall(ScrollToElementKeyword.groovy:79)
	at com.kms.katalon.core.webui.keyword.builtin.ScrollToElementKeyword$_scrollToElement_closure1.call(ScrollToElementKeyword.groovy)
	at com.kms.katalon.core.webui.keyword.internal.WebUIKeywordMain.runKeyword(WebUIKeywordMain.groovy:20)
	at com.kms.katalon.core.webui.keyword.builtin.ScrollToElementKeyword.scrollToElement(ScrollToElementKeyword.groovy:88)
	at com.kms.katalon.core.webui.keyword.builtin.ScrollToElementKeyword.execute(ScrollToElementKeyword.groovy:68)
	at com.kms.katalon.core.keyword.internal.KeywordExecutor.executeKeywordForPlatform(KeywordExecutor.groovy:56)
	at com.kms.katalon.core.webui.keyword.WebUiBuiltInKeywords.scrollToElement(WebUiBuiltInKeywords.groovy:2975)
	at com.kms.katalon.core.webui.keyword.WebUiBuiltInKeywords$scrollToElement$2.call(Unknown Source)
	at Script1566572403500.run(Script1566572403500.groovy:25)
	at com.kms.katalon.core.main.ScriptEngine.run(ScriptEngine.java:194)
	at com.kms.katalon.core.main.ScriptEngine.runScriptAsRawText(ScriptEngine.java:119)
	at com.kms.katalon.core.main.TestCaseExecutor.runScript(TestCaseExecutor.java:331)
	at com.kms.katalon.core.main.TestCaseExecutor.doExecute(TestCaseExecutor.java:322)
	at com.kms.katalon.core.main.TestCaseExecutor.processExecutionPhase(TestCaseExecutor.java:301)
	at com.kms.katalon.core.main.TestCaseExecutor.accessMainPhase(TestCaseExecutor.java:293)
	at com.kms.katalon.core.main.TestCaseExecutor.execute(TestCaseExecutor.java:227)
	at com.kms.katalon.core.main.TestCaseMain.runTestCase(TestCaseMain.java:114)
	at com.kms.katalon.core.keyword.builtin.CallTestCaseKeyword$_callTestCase_closure1.doCall(CallTestCaseKeyword.groovy:59)
	at com.kms.katalon.core.keyword.builtin.CallTestCaseKeyword$_callTestCase_closure1.call(CallTestCaseKeyword.groovy)
	at com.kms.katalon.core.keyword.internal.KeywordMain.runKeyword(KeywordMain.groovy:66)
	at com.kms.katalon.core.keyword.builtin.CallTestCaseKeyword.callTestCase(CallTestCaseKeyword.groovy:81)
	at com.kms.katalon.core.keyword.builtin.CallTestCaseKeyword.execute(CallTestCaseKeyword.groovy:44)
	at com.kms.katalon.core.keyword.internal.KeywordExecutor.executeKeywordForPlatform(KeywordExecutor.groovy:56)
	at com.kms.katalon.core.keyword.BuiltinKeywords.callTestCase(BuiltinKeywords.groovy:334)
	at Script1584329087901.run(Script1584329087901.groovy:72)
	... 13 more
Caused by: java.net.SocketException: Connection reset
	at org.apache.http.impl.io.SessionInputBufferImpl.streamRead(SessionInputBufferImpl.java:137)
	at org.apache.http.impl.io.SessionInputBufferImpl.fillBuffer(SessionInputBufferImpl.java:153)
	at org.apache.http.impl.io.SessionInputBufferImpl.readLine(SessionInputBufferImpl.java:282)
	at org.apache.http.impl.conn.DefaultHttpResponseParser.parseHead(DefaultHttpResponseParser.java:138)
	at org.apache.http.impl.conn.DefaultHttpResponseParser.parseHead(DefaultHttpResponseParser.java:56)
	at org.apache.http.impl.io.AbstractMessageParser.parse(AbstractMessageParser.java:259)
	at org.apache.http.impl.DefaultBHttpClientConnection.receiveResponseHeader(DefaultBHttpClientConnection.java:163)
	at org.apache.http.impl.conn.CPoolProxy.receiveResponseHeader(CPoolProxy.java:165)
	at org.apache.http.protocol.HttpRequestExecutor.doReceiveResponse(HttpRequestExecutor.java:273)
	at org.apache.http.protocol.HttpRequestExecutor.execute(HttpRequestExecutor.java:125)
	at org.apache.http.impl.execchain.MainClientExec.execute(MainClientExec.java:272)
	at org.apache.http.impl.execchain.ProtocolExec.execute(ProtocolExec.java:185)
	at org.apache.http.impl.execchain.RetryExec.execute(RetryExec.java:89)
	at org.apache.http.impl.execchain.RedirectExec.execute(RedirectExec.java:111)
	at org.apache.http.impl.client.InternalHttpClient.doExecute(InternalHttpClient.java:185)
	at org.apache.http.impl.client.CloseableHttpClient.execute(CloseableHttpClient.java:72)
	at org.apache.http.impl.client.CloseableHttpClient.execute(CloseableHttpClient.java:56)
	at org.openqa.selenium.remote.internal.ApacheHttpClient.fallBackExecute(ApacheHttpClient.java:138)
	at org.openqa.selenium.remote.internal.ApacheHttpClient.execute(ApacheHttpClient.java:86)
	at org.openqa.selenium.remote.HttpCommandExecutor.execute(HttpCommandExecutor.java:161)
	at org.openqa.selenium.remote.RemoteWebDriver.execute(RemoteWebDriver.java:600)
	... 47 more


2020-03-16 09:52:39 - [TEST_STEP][PASSED] - common.util.aribakeywords.aribaClick(findTestObject("Object Repository/a_TA..")): Element has been clicked

2020-03-16 09:52:40 - [MESSAGE][PASSED] - Object 'Object Repository/a_TA..' is clickable

2020-03-16 09:52:41 - [MESSAGE][PASSED] - Scroll to object 'Object Repository/a_TA..' successfully

2020-03-16 09:52:41 - [MESSAGE][PASSED] - Object 'Object Repository/a_TA..' is visible

2020-03-16 09:52:43 - [MESSAGE][INFO] - Clicking element

2020-03-16 09:52:44 - [MESSAGE][PASSED] - Object: 'Object Repository/a_TA..' is clicked on

2020-03-16 09:52:45 - [MESSAGE][INFO] - ************* JS EXECUTED ************: true

2020-03-16 09:52:46 - [MESSAGE][PASSED] - Delayed 1 second(s)

2020-03-16 09:52:46 - [MESSAGE][PASSED] - Element has been clicked

2020-03-16 09:52:46 - [TEST_STEP][PASSED] - common.util.aribakeywords.aribaClick(findTestObject("Object Repository/testCentral")): Element has been clicked

2020-03-16 09:52:47 - [MESSAGE][PASSED] - Object 'Object Repository/testCentral' is clickable

2020-03-16 09:52:48 - [MESSAGE][PASSED] - Scroll to object 'Object Repository/testCentral' successfully

2020-03-16 09:52:49 - [MESSAGE][PASSED] - Object 'Object Repository/testCentral' is visible

2020-03-16 09:52:51 - [MESSAGE][INFO] - Clicking element

2020-03-16 09:52:51 - [MESSAGE][PASSED] - Object: 'Object Repository/testCentral' is clicked on

2020-03-16 09:52:52 - [MESSAGE][INFO] - ************* JS EXECUTED ************: true

2020-03-16 09:52:53 - [MESSAGE][PASSED] - Delayed 1 second(s)

2020-03-16 09:52:53 - [MESSAGE][PASSED] - Element has been clicked

2020-03-16 09:52:53 - [TEST_STEP][PASSED] - common.util.aribakeywords.aribaClick(findTestObject("Object Repository/Page_TestCentralPage/input_User__njzfkc")): Element has been clicked

2020-03-16 09:52:54 - [MESSAGE][PASSED] - Object 'Object Repository/Page_TestCentralPage/input_User__njzfkc' is clickable

2020-03-16 09:52:55 - [MESSAGE][PASSED] - Scroll to object 'Object Repository/Page_TestCentralPage/input_User__njzfkc' successfully

2020-03-16 09:52:55 - [MESSAGE][PASSED] - Object 'Object Repository/Page_TestCentralPage/input_User__njzfkc' is visible

2020-03-16 09:52:56 - [MESSAGE][INFO] - Clicking element

2020-03-16 09:52:57 - [MESSAGE][PASSED] - Object: 'Object Repository/Page_TestCentralPage/input_User__njzfkc' is clicked on

2020-03-16 09:52:58 - [MESSAGE][INFO] - ************* JS EXECUTED ************: true

2020-03-16 09:52:59 - [MESSAGE][PASSED] - Delayed 1 second(s)

2020-03-16 09:52:59 - [MESSAGE][PASSED] - Element has been clicked

2020-03-16 09:52:59 - [TEST_STEP][FAILED] - scrollToElement(findTestObject("Object Repository/Page_TestCentralPage/a_Enable  Or  Disable  Feature"), 3): scrollToElement(findTestObject("Object Repository/Page_TestCentralPage/a_Enable  Or  Disable  Feature"), 3) FAILED.
Reason:
com.kms.katalon.core.exception.StepFailedException: Unable to scroll to object 'Object Repository/Page_TestCentralPage/a_Enable  Or  Disable  Feature'
	at com.kms.katalon.core.webui.keyword.internal.WebUIKeywordMain.stepFailed(WebUIKeywordMain.groovy:64)
	at com.kms.katalon.core.webui.keyword.internal.WebUIKeywordMain.runKeyword(WebUIKeywordMain.groovy:26)
	at com.kms.katalon.core.webui.keyword.builtin.ScrollToElementKeyword.scrollToElement(ScrollToElementKeyword.groovy:88)
	at com.kms.katalon.core.webui.keyword.builtin.ScrollToElementKeyword.execute(ScrollToElementKeyword.groovy:68)
	at com.kms.katalon.core.keyword.internal.KeywordExecutor.executeKeywordForPlatform(KeywordExecutor.groovy:56)
	at com.kms.katalon.core.webui.keyword.WebUiBuiltInKeywords.scrollToElement(WebUiBuiltInKeywords.groovy:2975)
	at com.kms.katalon.core.webui.keyword.WebUiBuiltInKeywords$scrollToElement$2.call(Unknown Source)
	at SetFeatureToggle.run(SetFeatureToggle:25)
	at com.kms.katalon.core.main.ScriptEngine.run(ScriptEngine.java:194)
	at com.kms.katalon.core.main.ScriptEngine.runScriptAsRawText(ScriptEngine.java:119)
	at com.kms.katalon.core.main.TestCaseExecutor.runScript(TestCaseExecutor.java:331)
	at com.kms.katalon.core.main.TestCaseExecutor.doExecute(TestCaseExecutor.java:322)
	at com.kms.katalon.core.main.TestCaseExecutor.processExecutionPhase(TestCaseExecutor.java:301)
	at com.kms.katalon.core.main.TestCaseExecutor.accessMainPhase(TestCaseExecutor.java:293)
	at com.kms.katalon.core.main.TestCaseExecutor.execute(TestCaseExecutor.java:227)
	at com.kms.katalon.core.main.TestCaseMain.runTestCase(TestCaseMain.java:114)
	at com.kms.katalon.core.keyword.builtin.CallTestCaseKeyword$_callTestCase_closure1.doCall(CallTestCaseKeyword.groovy:59)
	at com.kms.katalon.core.keyword.builtin.CallTestCaseKeyword$_callTestCase_closure1.call(CallTestCaseKeyword.groovy)
	at com.kms.katalon.core.keyword.internal.KeywordMain.runKeyword(KeywordMain.groovy:66)
	at com.kms.katalon.core.keyword.builtin.CallTestCaseKeyword.callTestCase(CallTestCaseKeyword.groovy:81)
	at com.kms.katalon.core.keyword.builtin.CallTestCaseKeyword.execute(CallTestCaseKeyword.groovy:44)
	at com.kms.katalon.core.keyword.internal.KeywordExecutor.executeKeywordForPlatform(KeywordExecutor.groovy:56)
	at com.kms.katalon.core.keyword.BuiltinKeywords.callTestCase(BuiltinKeywords.groovy:334)
	at DMSTC-2921_ReplaceContractFromEventContentHavingAPCLot.run(DMSTC-2921_ReplaceContractFromEventContentHavingAPCLot:72)
	at com.kms.katalon.core.main.ScriptEngine.run(ScriptEngine.java:194)
	at com.kms.katalon.core.main.ScriptEngine.runScriptAsRawText(ScriptEngine.java:119)
	at com.kms.katalon.core.main.TestCaseExecutor.runScript(TestCaseExecutor.java:331)
	at com.kms.katalon.core.main.TestCaseExecutor.doExecute(TestCaseExecutor.java:322)
	at com.kms.katalon.core.main.TestCaseExecutor.processExecutionPhase(TestCaseExecutor.java:301)
	at com.kms.katalon.core.main.TestCaseExecutor.accessMainPhase(TestCaseExecutor.java:293)
	at com.kms.katalon.core.main.TestCaseExecutor.execute(TestCaseExecutor.java:227)
	at com.kms.katalon.core.main.TestSuiteExecutor.accessTestCaseMainPhase(TestSuiteExecutor.java:129)
	at com.kms.katalon.core.main.TestSuiteExecutor.accessTestSuiteMainPhase(TestSuiteExecutor.java:112)
	at com.kms.katalon.core.main.TestSuiteExecutor.execute(TestSuiteExecutor.java:81)
	at com.kms.katalon.core.main.TestCaseMain.startTestSuite(TestCaseMain.java:157)
	at com.kms.katalon.core.main.TestCaseMain$startTestSuite$0.call(Unknown Source)
	at TempTestSuite1584329506754.run(TempTestSuite1584329506754.groovy:35)
Caused by: org.openqa.selenium.remote.UnreachableBrowserException: Error communicating with the remote browser. It may have died.
Build info: version: '3.7.1', revision: '8a0099a', time: '2017-11-06T21:07:36.161Z'
System info: host: 'C02XT4F3JGH5', ip: 'fe80:0:0:0:1c58:6e03:578a:4ebd%en0', os.name: 'Mac OS X', os.arch: 'x86_64', os.version: '10.15.3', java.version: '1.8.0_181'
Driver info: driver.version: RemoteWebDriver
Capabilities {acceptSslCerts: true, applicationCacheEnabled: false, browserConnectionEnabled: false, browserName: chrome, chrome: {chromedriverVersion: 2.33.506092 (733a02544d189e..., userDataDir: /tmp/.org.chromium.Chromium...}, cssSelectorsEnabled: true, databaseEnabled: false, handlesAlerts: true, hasTouchScreen: false, javascriptEnabled: true, locationContextEnabled: true, mobileEmulationEnabled: false, nativeEvents: true, networkConnectionEnabled: false, pageLoadStrategy: normal, platform: LINUX, platformName: LINUX, rotatable: false, setWindowRect: true, takesHeapSnapshot: true, takesScreenshot: true, unexpectedAlertBehaviour: , unhandledPromptBehavior: , version: 63.0.3239.132, webStorageEnabled: true}
Session ID: e74e89b67406cbe0af442bd50f1e4bd1
	at org.openqa.selenium.remote.RemoteWebDriver.execute(RemoteWebDriver.java:621)
	at com.kms.katalon.selenium.driver.CRemoteWebDriver.execute(CRemoteWebDriver.java:31)
	at org.openqa.selenium.remote.RemoteWebDriver.findElements(RemoteWebDriver.java:397)
	at org.openqa.selenium.remote.RemoteWebDriver.findElementsByXPath(RemoteWebDriver.java:476)
	at org.openqa.selenium.By$ByXPath.findElements(By.java:356)
	at org.openqa.selenium.remote.RemoteWebDriver.findElements(RemoteWebDriver.java:358)
	at com.kms.katalon.core.webui.common.WebUiCommonHelper.findWebElements(WebUiCommonHelper.java:754)
	at com.kms.katalon.core.webui.common.WebUiCommonHelper.findWebElement(WebUiCommonHelper.java:1049)
	at com.kms.katalon.core.webui.keyword.internal.WebUIAbstractKeyword.findWebElement(WebUIAbstractKeyword.groovy:27)
	at com.kms.katalon.core.webui.keyword.internal.WebUIAbstractKeyword.findWebElement(WebUIAbstractKeyword.groovy:26)
	at com.kms.katalon.core.webui.keyword.builtin.ScrollToElementKeyword$_scrollToElement_closure1.doCall(ScrollToElementKeyword.groovy:79)
	at com.kms.katalon.core.webui.keyword.builtin.ScrollToElementKeyword$_scrollToElement_closure1.call(ScrollToElementKeyword.groovy)
	at com.kms.katalon.core.webui.keyword.internal.WebUIKeywordMain.runKeyword(WebUIKeywordMain.groovy:20)
	at com.kms.katalon.core.webui.keyword.builtin.ScrollToElementKeyword.scrollToElement(ScrollToElementKeyword.groovy:88)
	at com.kms.katalon.core.webui.keyword.builtin.ScrollToElementKeyword.execute(ScrollToElementKeyword.groovy:68)
	at com.kms.katalon.core.keyword.internal.KeywordExecutor.executeKeywordForPlatform(KeywordExecutor.groovy:56)
	at com.kms.katalon.core.webui.keyword.WebUiBuiltInKeywords.scrollToElement(WebUiBuiltInKeywords.groovy:2975)
	at com.kms.katalon.core.webui.keyword.WebUiBuiltInKeywords$scrollToElement$2.call(Unknown Source)
	at Script1566572403500.run(Script1566572403500.groovy:25)
	at com.kms.katalon.core.main.ScriptEngine.run(ScriptEngine.java:194)
	at com.kms.katalon.core.main.ScriptEngine.runScriptAsRawText(ScriptEngine.java:119)
	at com.kms.katalon.core.main.TestCaseExecutor.runScript(TestCaseExecutor.java:331)
	at com.kms.katalon.core.main.TestCaseExecutor.doExecute(TestCaseExecutor.java:322)
	at com.kms.katalon.core.main.TestCaseExecutor.processExecutionPhase(TestCaseExecutor.java:301)
	at com.kms.katalon.core.main.TestCaseExecutor.accessMainPhase(TestCaseExecutor.java:293)
	at com.kms.katalon.core.main.TestCaseExecutor.execute(TestCaseExecutor.java:227)
	at com.kms.katalon.core.main.TestCaseMain.runTestCase(TestCaseMain.java:114)
	at com.kms.katalon.core.keyword.builtin.CallTestCaseKeyword$_callTestCase_closure1.doCall(CallTestCaseKeyword.groovy:59)
	at com.kms.katalon.core.keyword.builtin.CallTestCaseKeyword$_callTestCase_closure1.call(CallTestCaseKeyword.groovy)
	at com.kms.katalon.core.keyword.internal.KeywordMain.runKeyword(KeywordMain.groovy:66)
	at com.kms.katalon.core.keyword.builtin.CallTestCaseKeyword.callTestCase(CallTestCaseKeyword.groovy:81)
	at com.kms.katalon.core.keyword.builtin.CallTestCaseKeyword.execute(CallTestCaseKeyword.groovy:44)
	at com.kms.katalon.core.keyword.internal.KeywordExecutor.executeKeywordForPlatform(KeywordExecutor.groovy:56)
	at com.kms.katalon.core.keyword.BuiltinKeywords.callTestCase(BuiltinKeywords.groovy:334)
	at Script1584329087901.run(Script1584329087901.groovy:72)
	... 13 more
Caused by: java.net.SocketException: Connection reset
	at org.apache.http.impl.io.SessionInputBufferImpl.streamRead(SessionInputBufferImpl.java:137)
	at org.apache.http.impl.io.SessionInputBufferImpl.fillBuffer(SessionInputBufferImpl.java:153)
	at org.apache.http.impl.io.SessionInputBufferImpl.readLine(SessionInputBufferImpl.java:282)
	at org.apache.http.impl.conn.DefaultHttpResponseParser.parseHead(DefaultHttpResponseParser.java:138)
	at org.apache.http.impl.conn.DefaultHttpResponseParser.parseHead(DefaultHttpResponseParser.java:56)
	at org.apache.http.impl.io.AbstractMessageParser.parse(AbstractMessageParser.java:259)
	at org.apache.http.impl.DefaultBHttpClientConnection.receiveResponseHeader(DefaultBHttpClientConnection.java:163)
	at org.apache.http.impl.conn.CPoolProxy.receiveResponseHeader(CPoolProxy.java:165)
	at org.apache.http.protocol.HttpRequestExecutor.doReceiveResponse(HttpRequestExecutor.java:273)
	at org.apache.http.protocol.HttpRequestExecutor.execute(HttpRequestExecutor.java:125)
	at org.apache.http.impl.execchain.MainClientExec.execute(MainClientExec.java:272)
	at org.apache.http.impl.execchain.ProtocolExec.execute(ProtocolExec.java:185)
	at org.apache.http.impl.execchain.RetryExec.execute(RetryExec.java:89)
	at org.apache.http.impl.execchain.RedirectExec.execute(RedirectExec.java:111)
	at org.apache.http.impl.client.InternalHttpClient.doExecute(InternalHttpClient.java:185)
	at org.apache.http.impl.client.CloseableHttpClient.execute(CloseableHttpClient.java:72)
	at org.apache.http.impl.client.CloseableHttpClient.execute(CloseableHttpClient.java:56)
	at org.openqa.selenium.remote.internal.ApacheHttpClient.fallBackExecute(ApacheHttpClient.java:138)
	at org.openqa.selenium.remote.internal.ApacheHttpClient.execute(ApacheHttpClient.java:86)
	at org.openqa.selenium.remote.HttpCommandExecutor.execute(HttpCommandExecutor.java:161)
	at org.openqa.selenium.remote.RemoteWebDriver.execute(RemoteWebDriver.java:600)
	... 47 more


2020-03-16 09:53:22 - [MESSAGE][FAILED] - Unable to scroll to object 'Object Repository/Page_TestCentralPage/a_Enable  Or  Disable  Feature' (Root cause: com.kms.katalon.core.exception.StepFailedException: Unable to scroll to object 'Object Repository/Page_TestCentralPage/a_Enable  Or  Disable  Feature'
	at com.kms.katalon.core.webui.keyword.internal.WebUIKeywordMain.stepFailed(WebUIKeywordMain.groovy:64)
	at com.kms.katalon.core.webui.keyword.internal.WebUIKeywordMain.runKeyword(WebUIKeywordMain.groovy:26)
	at com.kms.katalon.core.webui.keyword.builtin.ScrollToElementKeyword.scrollToElement(ScrollToElementKeyword.groovy:88)
	at com.kms.katalon.core.webui.keyword.builtin.ScrollToElementKeyword.execute(ScrollToElementKeyword.groovy:68)
	at com.kms.katalon.core.keyword.internal.KeywordExecutor.executeKeywordForPlatform(KeywordExecutor.groovy:56)
	at com.kms.katalon.core.webui.keyword.WebUiBuiltInKeywords.scrollToElement(WebUiBuiltInKeywords.groovy:2975)
	at com.kms.katalon.core.webui.keyword.WebUiBuiltInKeywords$scrollToElement$2.call(Unknown Source)
	at SetFeatureToggle.run(SetFeatureToggle:25)
	at com.kms.katalon.core.main.ScriptEngine.run(ScriptEngine.java:194)
	at com.kms.katalon.core.main.ScriptEngine.runScriptAsRawText(ScriptEngine.java:119)
	at com.kms.katalon.core.main.TestCaseExecutor.runScript(TestCaseExecutor.java:331)
	at com.kms.katalon.core.main.TestCaseExecutor.doExecute(TestCaseExecutor.java:322)
	at com.kms.katalon.core.main.TestCaseExecutor.processExecutionPhase(TestCaseExecutor.java:301)
	at com.kms.katalon.core.main.TestCaseExecutor.accessMainPhase(TestCaseExecutor.java:293)
	at com.kms.katalon.core.main.TestCaseExecutor.execute(TestCaseExecutor.java:227)
	at com.kms.katalon.core.main.TestCaseMain.runTestCase(TestCaseMain.java:114)
	at com.kms.katalon.core.keyword.builtin.CallTestCaseKeyword$_callTestCase_closure1.doCall(CallTestCaseKeyword.groovy:59)
	at com.kms.katalon.core.keyword.builtin.CallTestCaseKeyword$_callTestCase_closure1.call(CallTestCaseKeyword.groovy)
	at com.kms.katalon.core.keyword.internal.KeywordMain.runKeyword(KeywordMain.groovy:66)
	at com.kms.katalon.core.keyword.builtin.CallTestCaseKeyword.callTestCase(CallTestCaseKeyword.groovy:81)
	at com.kms.katalon.core.keyword.builtin.CallTestCaseKeyword.execute(CallTestCaseKeyword.groovy:44)
	at com.kms.katalon.core.keyword.internal.KeywordExecutor.executeKeywordForPlatform(KeywordExecutor.groovy:56)
	at com.kms.katalon.core.keyword.BuiltinKeywords.callTestCase(BuiltinKeywords.groovy:334)
	at DMSTC-2921_ReplaceContractFromEventContentHavingAPCLot.run(DMSTC-2921_ReplaceContractFromEventContentHavingAPCLot:72)
	at com.kms.katalon.core.main.ScriptEngine.run(ScriptEngine.java:194)
	at com.kms.katalon.core.main.ScriptEngine.runScriptAsRawText(ScriptEngine.java:119)
	at com.kms.katalon.core.main.TestCaseExecutor.runScript(TestCaseExecutor.java:331)
	at com.kms.katalon.core.main.TestCaseExecutor.doExecute(TestCaseExecutor.java:322)
	at com.kms.katalon.core.main.TestCaseExecutor.processExecutionPhase(TestCaseExecutor.java:301)
	at com.kms.katalon.core.main.TestCaseExecutor.accessMainPhase(TestCaseExecutor.java:293)
	at com.kms.katalon.core.main.TestCaseExecutor.execute(TestCaseExecutor.java:227)
	at com.kms.katalon.core.main.TestSuiteExecutor.accessTestCaseMainPhase(TestSuiteExecutor.java:129)
	at com.kms.katalon.core.main.TestSuiteExecutor.accessTestSuiteMainPhase(TestSuiteExecutor.java:112)
	at com.kms.katalon.core.main.TestSuiteExecutor.execute(TestSuiteExecutor.java:81)
	at com.kms.katalon.core.main.TestCaseMain.startTestSuite(TestCaseMain.java:157)
	at com.kms.katalon.core.main.TestCaseMain$startTestSuite$0.call(Unknown Source)
	at TempTestSuite1584329506754.run(TempTestSuite1584329506754.groovy:35)
Caused by: org.openqa.selenium.remote.UnreachableBrowserException: Error communicating with the remote browser. It may have died.
Build info: version: '3.7.1', revision: '8a0099a', time: '2017-11-06T21:07:36.161Z'
System info: host: 'C02XT4F3JGH5', ip: 'fe80:0:0:0:1c58:6e03:578a:4ebd%en0', os.name: 'Mac OS X', os.arch: 'x86_64', os.version: '10.15.3', java.version: '1.8.0_181'
Driver info: driver.version: RemoteWebDriver
Capabilities {acceptSslCerts: true, applicationCacheEnabled: false, browserConnectionEnabled: false, browserName: chrome, chrome: {chromedriverVersion: 2.33.506092 (733a02544d189e..., userDataDir: /tmp/.org.chromium.Chromium...}, cssSelectorsEnabled: true, databaseEnabled: false, handlesAlerts: true, hasTouchScreen: false, javascriptEnabled: true, locationContextEnabled: true, mobileEmulationEnabled: false, nativeEvents: true, networkConnectionEnabled: false, pageLoadStrategy: normal, platform: LINUX, platformName: LINUX, rotatable: false, setWindowRect: true, takesHeapSnapshot: true, takesScreenshot: true, unexpectedAlertBehaviour: , unhandledPromptBehavior: , version: 63.0.3239.132, webStorageEnabled: true}
Session ID: e74e89b67406cbe0af442bd50f1e4bd1
	at org.openqa.selenium.remote.RemoteWebDriver.execute(RemoteWebDriver.java:621)
	at com.kms.katalon.selenium.driver.CRemoteWebDriver.execute(CRemoteWebDriver.java:31)
	at org.openqa.selenium.remote.RemoteWebDriver.findElements(RemoteWebDriver.java:397)
	at org.openqa.selenium.remote.RemoteWebDriver.findElementsByXPath(RemoteWebDriver.java:476)
	at org.openqa.selenium.By$ByXPath.findElements(By.java:356)
	at org.openqa.selenium.remote.RemoteWebDriver.findElements(RemoteWebDriver.java:358)
	at com.kms.katalon.core.webui.common.WebUiCommonHelper.findWebElements(WebUiCommonHelper.java:754)
	at com.kms.katalon.core.webui.common.WebUiCommonHelper.findWebElement(WebUiCommonHelper.java:1049)
	at com.kms.katalon.core.webui.keyword.internal.WebUIAbstractKeyword.findWebElement(WebUIAbstractKeyword.groovy:27)
	at com.kms.katalon.core.webui.keyword.internal.WebUIAbstractKeyword.findWebElement(WebUIAbstractKeyword.groovy:26)
	at com.kms.katalon.core.webui.keyword.builtin.ScrollToElementKeyword$_scrollToElement_closure1.doCall(ScrollToElementKeyword.groovy:79)
	at com.kms.katalon.core.webui.keyword.builtin.ScrollToElementKeyword$_scrollToElement_closure1.call(ScrollToElementKeyword.groovy)
	at com.kms.katalon.core.webui.keyword.internal.WebUIKeywordMain.runKeyword(WebUIKeywordMain.groovy:20)
	at com.kms.katalon.core.webui.keyword.builtin.ScrollToElementKeyword.scrollToElement(ScrollToElementKeyword.groovy:88)
	at com.kms.katalon.core.webui.keyword.builtin.ScrollToElementKeyword.execute(ScrollToElementKeyword.groovy:68)
	at com.kms.katalon.core.keyword.internal.KeywordExecutor.executeKeywordForPlatform(KeywordExecutor.groovy:56)
	at com.kms.katalon.core.webui.keyword.WebUiBuiltInKeywords.scrollToElement(WebUiBuiltInKeywords.groovy:2975)
	at com.kms.katalon.core.webui.keyword.WebUiBuiltInKeywords$scrollToElement$2.call(Unknown Source)
	at Script1566572403500.run(Script1566572403500.groovy:25)
	at com.kms.katalon.core.main.ScriptEngine.run(ScriptEngine.java:194)
	at com.kms.katalon.core.main.ScriptEngine.runScriptAsRawText(ScriptEngine.java:119)
	at com.kms.katalon.core.main.TestCaseExecutor.runScript(TestCaseExecutor.java:331)
	at com.kms.katalon.core.main.TestCaseExecutor.doExecute(TestCaseExecutor.java:322)
	at com.kms.katalon.core.main.TestCaseExecutor.processExecutionPhase(TestCaseExecutor.java:301)
	at com.kms.katalon.core.main.TestCaseExecutor.accessMainPhase(TestCaseExecutor.java:293)
	at com.kms.katalon.core.main.TestCaseExecutor.execute(TestCaseExecutor.java:227)
	at com.kms.katalon.core.main.TestCaseMain.runTestCase(TestCaseMain.java:114)
	at com.kms.katalon.core.keyword.builtin.CallTestCaseKeyword$_callTestCase_closure1.doCall(CallTestCaseKeyword.groovy:59)
	at com.kms.katalon.core.keyword.builtin.CallTestCaseKeyword$_callTestCase_closure1.call(CallTestCaseKeyword.groovy)
	at com.kms.katalon.core.keyword.internal.KeywordMain.runKeyword(KeywordMain.groovy:66)
	at com.kms.katalon.core.keyword.builtin.CallTestCaseKeyword.callTestCase(CallTestCaseKeyword.groovy:81)
	at com.kms.katalon.core.keyword.builtin.CallTestCaseKeyword.execute(CallTestCaseKeyword.groovy:44)
	at com.kms.katalon.core.keyword.internal.KeywordExecutor.executeKeywordForPlatform(KeywordExecutor.groovy:56)
	at com.kms.katalon.core.keyword.BuiltinKeywords.callTestCase(BuiltinKeywords.groovy:334)
	at Script1584329087901.run(Script1584329087901.groovy:72)
	... 13 more
Caused by: java.net.SocketException: Connection reset
	at org.apache.http.impl.io.SessionInputBufferImpl.streamRead(SessionInputBufferImpl.java:137)
	at org.apache.http.impl.io.SessionInputBufferImpl.fillBuffer(SessionInputBufferImpl.java:153)
	at org.apache.http.impl.io.SessionInputBufferImpl.readLine(SessionInputBufferImpl.java:282)
	at org.apache.http.impl.conn.DefaultHttpResponseParser.parseHead(DefaultHttpResponseParser.java:138)
	at org.apache.http.impl.conn.DefaultHttpResponseParser.parseHead(DefaultHttpResponseParser.java:56)
	at org.apache.http.impl.io.AbstractMessageParser.parse(AbstractMessageParser.java:259)
	at org.apache.http.impl.DefaultBHttpClientConnection.receiveResponseHeader(DefaultBHttpClientConnection.java:163)
	at org.apache.http.impl.conn.CPoolProxy.receiveResponseHeader(CPoolProxy.java:165)
	at org.apache.http.protocol.HttpRequestExecutor.doReceiveResponse(HttpRequestExecutor.java:273)
	at org.apache.http.protocol.HttpRequestExecutor.execute(HttpRequestExecutor.java:125)
	at org.apache.http.impl.execchain.MainClientExec.execute(MainClientExec.java:272)
	at org.apache.http.impl.execchain.ProtocolExec.execute(ProtocolExec.java:185)
	at org.apache.http.impl.execchain.RetryExec.execute(RetryExec.java:89)
	at org.apache.http.impl.execchain.RedirectExec.execute(RedirectExec.java:111)
	at org.apache.http.impl.client.InternalHttpClient.doExecute(InternalHttpClient.java:185)
	at org.apache.http.impl.client.CloseableHttpClient.execute(CloseableHttpClient.java:72)
	at org.apache.http.impl.client.CloseableHttpClient.execute(CloseableHttpClient.java:56)
	at org.openqa.selenium.remote.internal.ApacheHttpClient.fallBackExecute(ApacheHttpClient.java:138)
	at org.openqa.selenium.remote.internal.ApacheHttpClient.execute(ApacheHttpClient.java:86)
	at org.openqa.selenium.remote.HttpCommandExecutor.execute(HttpCommandExecutor.java:161)
	at org.openqa.selenium.remote.RemoteWebDriver.execute(RemoteWebDriver.java:600)
	... 47 more
)
[[ATTACHMENT|/Users/i331477/git/S4MicroServiceKatalon/Reports/TestSuite/20200316_090146/1584332600556.png]]

2020-03-16 09:53:22 - [MESSAGE][FAILED] - scrollToElement(findTestObject("Object Repository/Page_TestCentralPage/a_Enable  Or  Disable  Feature"), 3) FAILED.
Reason:
com.kms.katalon.core.exception.StepFailedException: Unable to scroll to object 'Object Repository/Page_TestCentralPage/a_Enable  Or  Disable  Feature'
	at com.kms.katalon.core.webui.keyword.internal.WebUIKeywordMain.stepFailed(WebUIKeywordMain.groovy:64)
	at com.kms.katalon.core.webui.keyword.internal.WebUIKeywordMain.runKeyword(WebUIKeywordMain.groovy:26)
	at com.kms.katalon.core.webui.keyword.builtin.ScrollToElementKeyword.scrollToElement(ScrollToElementKeyword.groovy:88)
	at com.kms.katalon.core.webui.keyword.builtin.ScrollToElementKeyword.execute(ScrollToElementKeyword.groovy:68)
	at com.kms.katalon.core.keyword.internal.KeywordExecutor.executeKeywordForPlatform(KeywordExecutor.groovy:56)
	at com.kms.katalon.core.webui.keyword.WebUiBuiltInKeywords.scrollToElement(WebUiBuiltInKeywords.groovy:2975)
	at com.kms.katalon.core.webui.keyword.WebUiBuiltInKeywords$scrollToElement$2.call(Unknown Source)
	at SetFeatureToggle.run(SetFeatureToggle:25)
	at com.kms.katalon.core.main.ScriptEngine.run(ScriptEngine.java:194)
	at com.kms.katalon.core.main.ScriptEngine.runScriptAsRawText(ScriptEngine.java:119)
	at com.kms.katalon.core.main.TestCaseExecutor.runScript(TestCaseExecutor.java:331)
	at com.kms.katalon.core.main.TestCaseExecutor.doExecute(TestCaseExecutor.java:322)
	at com.kms.katalon.core.main.TestCaseExecutor.processExecutionPhase(TestCaseExecutor.java:301)
	at com.kms.katalon.core.main.TestCaseExecutor.accessMainPhase(TestCaseExecutor.java:293)
	at com.kms.katalon.core.main.TestCaseExecutor.execute(TestCaseExecutor.java:227)
	at com.kms.katalon.core.main.TestCaseMain.runTestCase(TestCaseMain.java:114)
	at com.kms.katalon.core.keyword.builtin.CallTestCaseKeyword$_callTestCase_closure1.doCall(CallTestCaseKeyword.groovy:59)
	at com.kms.katalon.core.keyword.builtin.CallTestCaseKeyword$_callTestCase_closure1.call(CallTestCaseKeyword.groovy)
	at com.kms.katalon.core.keyword.internal.KeywordMain.runKeyword(KeywordMain.groovy:66)
	at com.kms.katalon.core.keyword.builtin.CallTestCaseKeyword.callTestCase(CallTestCaseKeyword.groovy:81)
	at com.kms.katalon.core.keyword.builtin.CallTestCaseKeyword.execute(CallTestCaseKeyword.groovy:44)
	at com.kms.katalon.core.keyword.internal.KeywordExecutor.executeKeywordForPlatform(KeywordExecutor.groovy:56)
	at com.kms.katalon.core.keyword.BuiltinKeywords.callTestCase(BuiltinKeywords.groovy:334)
	at DMSTC-2921_ReplaceContractFromEventContentHavingAPCLot.run(DMSTC-2921_ReplaceContractFromEventContentHavingAPCLot:72)
	at com.kms.katalon.core.main.ScriptEngine.run(ScriptEngine.java:194)
	at com.kms.katalon.core.main.ScriptEngine.runScriptAsRawText(ScriptEngine.java:119)
	at com.kms.katalon.core.main.TestCaseExecutor.runScript(TestCaseExecutor.java:331)
	at com.kms.katalon.core.main.TestCaseExecutor.doExecute(TestCaseExecutor.java:322)
	at com.kms.katalon.core.main.TestCaseExecutor.processExecutionPhase(TestCaseExecutor.java:301)
	at com.kms.katalon.core.main.TestCaseExecutor.accessMainPhase(TestCaseExecutor.java:293)
	at com.kms.katalon.core.main.TestCaseExecutor.execute(TestCaseExecutor.java:227)
	at com.kms.katalon.core.main.TestSuiteExecutor.accessTestCaseMainPhase(TestSuiteExecutor.java:129)
	at com.kms.katalon.core.main.TestSuiteExecutor.accessTestSuiteMainPhase(TestSuiteExecutor.java:112)
	at com.kms.katalon.core.main.TestSuiteExecutor.execute(TestSuiteExecutor.java:81)
	at com.kms.katalon.core.main.TestCaseMain.startTestSuite(TestCaseMain.java:157)
	at com.kms.katalon.core.main.TestCaseMain$startTestSuite$0.call(Unknown Source)
	at TempTestSuite1584329506754.run(TempTestSuite1584329506754.groovy:35)
Caused by: org.openqa.selenium.remote.UnreachableBrowserException: Error communicating with the remote browser. It may have died.
Build info: version: '3.7.1', revision: '8a0099a', time: '2017-11-06T21:07:36.161Z'
System info: host: 'C02XT4F3JGH5', ip: 'fe80:0:0:0:1c58:6e03:578a:4ebd%en0', os.name: 'Mac OS X', os.arch: 'x86_64', os.version: '10.15.3', java.version: '1.8.0_181'
Driver info: driver.version: RemoteWebDriver
Capabilities {acceptSslCerts: true, applicationCacheEnabled: false, browserConnectionEnabled: false, browserName: chrome, chrome: {chromedriverVersion: 2.33.506092 (733a02544d189e..., userDataDir: /tmp/.org.chromium.Chromium...}, cssSelectorsEnabled: true, databaseEnabled: false, handlesAlerts: true, hasTouchScreen: false, javascriptEnabled: true, locationContextEnabled: true, mobileEmulationEnabled: false, nativeEvents: true, networkConnectionEnabled: false, pageLoadStrategy: normal, platform: LINUX, platformName: LINUX, rotatable: false, setWindowRect: true, takesHeapSnapshot: true, takesScreenshot: true, unexpectedAlertBehaviour: , unhandledPromptBehavior: , version: 63.0.3239.132, webStorageEnabled: true}
Session ID: e74e89b67406cbe0af442bd50f1e4bd1
	at org.openqa.selenium.remote.RemoteWebDriver.execute(RemoteWebDriver.java:621)
	at com.kms.katalon.selenium.driver.CRemoteWebDriver.execute(CRemoteWebDriver.java:31)
	at org.openqa.selenium.remote.RemoteWebDriver.findElements(RemoteWebDriver.java:397)
	at org.openqa.selenium.remote.RemoteWebDriver.findElementsByXPath(RemoteWebDriver.java:476)
	at org.openqa.selenium.By$ByXPath.findElements(By.java:356)
	at org.openqa.selenium.remote.RemoteWebDriver.findElements(RemoteWebDriver.java:358)
	at com.kms.katalon.core.webui.common.WebUiCommonHelper.findWebElements(WebUiCommonHelper.java:754)
	at com.kms.katalon.core.webui.common.WebUiCommonHelper.findWebElement(WebUiCommonHelper.java:1049)
	at com.kms.katalon.core.webui.keyword.internal.WebUIAbstractKeyword.findWebElement(WebUIAbstractKeyword.groovy:27)
	at com.kms.katalon.core.webui.keyword.internal.WebUIAbstractKeyword.findWebElement(WebUIAbstractKeyword.groovy:26)
	at com.kms.katalon.core.webui.keyword.builtin.ScrollToElementKeyword$_scrollToElement_closure1.doCall(ScrollToElementKeyword.groovy:79)
	at com.kms.katalon.core.webui.keyword.builtin.ScrollToElementKeyword$_scrollToElement_closure1.call(ScrollToElementKeyword.groovy)
	at com.kms.katalon.core.webui.keyword.internal.WebUIKeywordMain.runKeyword(WebUIKeywordMain.groovy:20)
	at com.kms.katalon.core.webui.keyword.builtin.ScrollToElementKeyword.scrollToElement(ScrollToElementKeyword.groovy:88)
	at com.kms.katalon.core.webui.keyword.builtin.ScrollToElementKeyword.execute(ScrollToElementKeyword.groovy:68)
	at com.kms.katalon.core.keyword.internal.KeywordExecutor.executeKeywordForPlatform(KeywordExecutor.groovy:56)
	at com.kms.katalon.core.webui.keyword.WebUiBuiltInKeywords.scrollToElement(WebUiBuiltInKeywords.groovy:2975)
	at com.kms.katalon.core.webui.keyword.WebUiBuiltInKeywords$scrollToElement$2.call(Unknown Source)
	at Script1566572403500.run(Script1566572403500.groovy:25)
	at com.kms.katalon.core.main.ScriptEngine.run(ScriptEngine.java:194)
	at com.kms.katalon.core.main.ScriptEngine.runScriptAsRawText(ScriptEngine.java:119)
	at com.kms.katalon.core.main.TestCaseExecutor.runScript(TestCaseExecutor.java:331)
	at com.kms.katalon.core.main.TestCaseExecutor.doExecute(TestCaseExecutor.java:322)
	at com.kms.katalon.core.main.TestCaseExecutor.processExecutionPhase(TestCaseExecutor.java:301)
	at com.kms.katalon.core.main.TestCaseExecutor.accessMainPhase(TestCaseExecutor.java:293)
	at com.kms.katalon.core.main.TestCaseExecutor.execute(TestCaseExecutor.java:227)
	at com.kms.katalon.core.main.TestCaseMain.runTestCase(TestCaseMain.java:114)
	at com.kms.katalon.core.keyword.builtin.CallTestCaseKeyword$_callTestCase_closure1.doCall(CallTestCaseKeyword.groovy:59)
	at com.kms.katalon.core.keyword.builtin.CallTestCaseKeyword$_callTestCase_closure1.call(CallTestCaseKeyword.groovy)
	at com.kms.katalon.core.keyword.internal.KeywordMain.runKeyword(KeywordMain.groovy:66)
	at com.kms.katalon.core.keyword.builtin.CallTestCaseKeyword.callTestCase(CallTestCaseKeyword.groovy:81)
	at com.kms.katalon.core.keyword.builtin.CallTestCaseKeyword.execute(CallTestCaseKeyword.groovy:44)
	at com.kms.katalon.core.keyword.internal.KeywordExecutor.executeKeywordForPlatform(KeywordExecutor.groovy:56)
	at com.kms.katalon.core.keyword.BuiltinKeywords.callTestCase(BuiltinKeywords.groovy:334)
	at Script1584329087901.run(Script1584329087901.groovy:72)
	... 13 more
Caused by: java.net.SocketException: Connection reset
	at org.apache.http.impl.io.SessionInputBufferImpl.streamRead(SessionInputBufferImpl.java:137)
	at org.apache.http.impl.io.SessionInputBufferImpl.fillBuffer(SessionInputBufferImpl.java:153)
	at org.apache.http.impl.io.SessionInputBufferImpl.readLine(SessionInputBufferImpl.java:282)
	at org.apache.http.impl.conn.DefaultHttpResponseParser.parseHead(DefaultHttpResponseParser.java:138)
	at org.apache.http.impl.conn.DefaultHttpResponseParser.parseHead(DefaultHttpResponseParser.java:56)
	at org.apache.http.impl.io.AbstractMessageParser.parse(AbstractMessageParser.java:259)
	at org.apache.http.impl.DefaultBHttpClientConnection.receiveResponseHeader(DefaultBHttpClientConnection.java:163)
	at org.apache.http.impl.conn.CPoolProxy.receiveResponseHeader(CPoolProxy.java:165)
	at org.apache.http.protocol.HttpRequestExecutor.doReceiveResponse(HttpRequestExecutor.java:273)
	at org.apache.http.protocol.HttpRequestExecutor.execute(HttpRequestExecutor.java:125)
	at org.apache.http.impl.execchain.MainClientExec.execute(MainClientExec.java:272)
	at org.apache.http.impl.execchain.ProtocolExec.execute(ProtocolExec.java:185)
	at org.apache.http.impl.execchain.RetryExec.execute(RetryExec.java:89)
	at org.apache.http.impl.execchain.RedirectExec.execute(RedirectExec.java:111)
	at org.apache.http.impl.client.InternalHttpClient.doExecute(InternalHttpClient.java:185)
	at org.apache.http.impl.client.CloseableHttpClient.execute(CloseableHttpClient.java:72)
	at org.apache.http.impl.client.CloseableHttpClient.execute(CloseableHttpClient.java:56)
	at org.openqa.selenium.remote.internal.ApacheHttpClient.fallBackExecute(ApacheHttpClient.java:138)
	at org.openqa.selenium.remote.internal.ApacheHttpClient.execute(ApacheHttpClient.java:86)
	at org.openqa.selenium.remote.HttpCommandExecutor.execute(HttpCommandExecutor.java:161)
	at org.openqa.selenium.remote.RemoteWebDriver.execute(RemoteWebDriver.java:600)
	... 47 more


2020-03-16 09:53:22 - [MESSAGE][FAILED] - Unable to call Test Case 'Test Cases/DMS/UtilTests/SetFeatureToggle' (Root cause: com.kms.katalon.core.exception.StepFailedException: Call Test Case 'Test Cases/DMS/UtilTests/SetFeatureToggle' failed
	at com.kms.katalon.core.keyword.builtin.CallTestCaseKeyword$_callTestCase_closure1.doCall(CallTestCaseKeyword.groovy:63)
	at com.kms.katalon.core.keyword.builtin.CallTestCaseKeyword$_callTestCase_closure1.call(CallTestCaseKeyword.groovy)
	at com.kms.katalon.core.keyword.internal.KeywordMain.runKeyword(KeywordMain.groovy:66)
	at com.kms.katalon.core.keyword.builtin.CallTestCaseKeyword.callTestCase(CallTestCaseKeyword.groovy:81)
	at com.kms.katalon.core.keyword.builtin.CallTestCaseKeyword.execute(CallTestCaseKeyword.groovy:44)
	at com.kms.katalon.core.keyword.internal.KeywordExecutor.executeKeywordForPlatform(KeywordExecutor.groovy:56)
	at com.kms.katalon.core.keyword.BuiltinKeywords.callTestCase(BuiltinKeywords.groovy:334)
	at DMSTC-2921_ReplaceContractFromEventContentHavingAPCLot.run(DMSTC-2921_ReplaceContractFromEventContentHavingAPCLot:72)
	at com.kms.katalon.core.main.ScriptEngine.run(ScriptEngine.java:194)
	at com.kms.katalon.core.main.ScriptEngine.runScriptAsRawText(ScriptEngine.java:119)
	at com.kms.katalon.core.main.TestCaseExecutor.runScript(TestCaseExecutor.java:331)
	at com.kms.katalon.core.main.TestCaseExecutor.doExecute(TestCaseExecutor.java:322)
	at com.kms.katalon.core.main.TestCaseExecutor.processExecutionPhase(TestCaseExecutor.java:301)
	at com.kms.katalon.core.main.TestCaseExecutor.accessMainPhase(TestCaseExecutor.java:293)
	at com.kms.katalon.core.main.TestCaseExecutor.execute(TestCaseExecutor.java:227)
	at com.kms.katalon.core.main.TestSuiteExecutor.accessTestCaseMainPhase(TestSuiteExecutor.java:129)
	at com.kms.katalon.core.main.TestSuiteExecutor.accessTestSuiteMainPhase(TestSuiteExecutor.java:112)
	at com.kms.katalon.core.main.TestSuiteExecutor.execute(TestSuiteExecutor.java:81)
	at com.kms.katalon.core.main.TestCaseMain.startTestSuite(TestCaseMain.java:157)
	at com.kms.katalon.core.main.TestCaseMain$startTestSuite$0.call(Unknown Source)
	at TempTestSuite1584329506754.run(TempTestSuite1584329506754.groovy:35)
Caused by: com.kms.katalon.core.exception.StepFailedException: Unable to scroll to object 'Object Repository/Page_TestCentralPage/a_Enable  Or  Disable  Feature'
	at com.kms.katalon.core.webui.keyword.internal.WebUIKeywordMain.stepFailed(WebUIKeywordMain.groovy:64)
	at com.kms.katalon.core.webui.keyword.internal.WebUIKeywordMain.runKeyword(WebUIKeywordMain.groovy:26)
	at com.kms.katalon.core.webui.keyword.builtin.ScrollToElementKeyword.scrollToElement(ScrollToElementKeyword.groovy:88)
	at com.kms.katalon.core.webui.keyword.builtin.ScrollToElementKeyword.execute(ScrollToElementKeyword.groovy:68)
	at com.kms.katalon.core.keyword.internal.KeywordExecutor.executeKeywordForPlatform(KeywordExecutor.groovy:56)
	at com.kms.katalon.core.webui.keyword.WebUiBuiltInKeywords.scrollToElement(WebUiBuiltInKeywords.groovy:2975)
	at com.kms.katalon.core.webui.keyword.WebUiBuiltInKeywords$scrollToElement$2.call(Unknown Source)
	at SetFeatureToggle.run(SetFeatureToggle:25)
	at com.kms.katalon.core.main.ScriptEngine.run(ScriptEngine.java:194)
	at com.kms.katalon.core.main.ScriptEngine.runScriptAsRawText(ScriptEngine.java:119)
	at com.kms.katalon.core.main.TestCaseExecutor.runScript(TestCaseExecutor.java:331)
	at com.kms.katalon.core.main.TestCaseExecutor.doExecute(TestCaseExecutor.java:322)
	at com.kms.katalon.core.main.TestCaseExecutor.processExecutionPhase(TestCaseExecutor.java:301)
	at com.kms.katalon.core.main.TestCaseExecutor.accessMainPhase(TestCaseExecutor.java:293)
	at com.kms.katalon.core.main.TestCaseExecutor.execute(TestCaseExecutor.java:227)
	at com.kms.katalon.core.main.TestCaseMain.runTestCase(TestCaseMain.java:114)
	at com.kms.katalon.core.keyword.builtin.CallTestCaseKeyword$_callTestCase_closure1.doCall(CallTestCaseKeyword.groovy:59)
	... 20 more
Caused by: org.openqa.selenium.remote.UnreachableBrowserException: Error communicating with the remote browser. It may have died.
Build info: version: '3.7.1', revision: '8a0099a', time: '2017-11-06T21:07:36.161Z'
System info: host: 'C02XT4F3JGH5', ip: 'fe80:0:0:0:1c58:6e03:578a:4ebd%en0', os.name: 'Mac OS X', os.arch: 'x86_64', os.version: '10.15.3', java.version: '1.8.0_181'
Driver info: driver.version: RemoteWebDriver
Capabilities {acceptSslCerts: true, applicationCacheEnabled: false, browserConnectionEnabled: false, browserName: chrome, chrome: {chromedriverVersion: 2.33.506092 (733a02544d189e..., userDataDir: /tmp/.org.chromium.Chromium...}, cssSelectorsEnabled: true, databaseEnabled: false, handlesAlerts: true, hasTouchScreen: false, javascriptEnabled: true, locationContextEnabled: true, mobileEmulationEnabled: false, nativeEvents: true, networkConnectionEnabled: false, pageLoadStrategy: normal, platform: LINUX, platformName: LINUX, rotatable: false, setWindowRect: true, takesHeapSnapshot: true, takesScreenshot: true, unexpectedAlertBehaviour: , unhandledPromptBehavior: , version: 63.0.3239.132, webStorageEnabled: true}
Session ID: e74e89b67406cbe0af442bd50f1e4bd1
	at org.openqa.selenium.remote.RemoteWebDriver.execute(RemoteWebDriver.java:621)
	at com.kms.katalon.selenium.driver.CRemoteWebDriver.execute(CRemoteWebDriver.java:31)
	at org.openqa.selenium.remote.RemoteWebDriver.findElements(RemoteWebDriver.java:397)
	at org.openqa.selenium.remote.RemoteWebDriver.findElementsByXPath(RemoteWebDriver.java:476)
	at org.openqa.selenium.By$ByXPath.findElements(By.java:356)
	at org.openqa.selenium.remote.RemoteWebDriver.findElements(RemoteWebDriver.java:358)
	at com.kms.katalon.core.webui.common.WebUiCommonHelper.findWebElements(WebUiCommonHelper.java:754)
	at com.kms.katalon.core.webui.common.WebUiCommonHelper.findWebElement(WebUiCommonHelper.java:1049)
	at com.kms.katalon.core.webui.keyword.internal.WebUIAbstractKeyword.findWebElement(WebUIAbstractKeyword.groovy:27)
	at com.kms.katalon.core.webui.keyword.internal.WebUIAbstractKeyword.findWebElement(WebUIAbstractKeyword.groovy:26)
	at com.kms.katalon.core.webui.keyword.builtin.ScrollToElementKeyword$_scrollToElement_closure1.doCall(ScrollToElementKeyword.groovy:79)
	at com.kms.katalon.core.webui.keyword.builtin.ScrollToElementKeyword$_scrollToElement_closure1.call(ScrollToElementKeyword.groovy)
	at com.kms.katalon.core.webui.keyword.internal.WebUIKeywordMain.runKeyword(WebUIKeywordMain.groovy:20)
	at com.kms.katalon.core.webui.keyword.builtin.ScrollToElementKeyword.scrollToElement(ScrollToElementKeyword.groovy:88)
	at com.kms.katalon.core.webui.keyword.builtin.ScrollToElementKeyword.execute(ScrollToElementKeyword.groovy:68)
	at com.kms.katalon.core.keyword.internal.KeywordExecutor.executeKeywordForPlatform(KeywordExecutor.groovy:56)
	at com.kms.katalon.core.webui.keyword.WebUiBuiltInKeywords.scrollToElement(WebUiBuiltInKeywords.groovy:2975)
	at com.kms.katalon.core.webui.keyword.WebUiBuiltInKeywords$scrollToElement$2.call(Unknown Source)
	at Script1566572403500.run(Script1566572403500.groovy:25)
	at com.kms.katalon.core.main.ScriptEngine.run(ScriptEngine.java:194)
	at com.kms.katalon.core.main.ScriptEngine.runScriptAsRawText(ScriptEngine.java:119)
	at com.kms.katalon.core.main.TestCaseExecutor.runScript(TestCaseExecutor.java:331)
	at com.kms.katalon.core.main.TestCaseExecutor.doExecute(TestCaseExecutor.java:322)
	at com.kms.katalon.core.main.TestCaseExecutor.processExecutionPhase(TestCaseExecutor.java:301)
	at com.kms.katalon.core.main.TestCaseExecutor.accessMainPhase(TestCaseExecutor.java:293)
	at com.kms.katalon.core.main.TestCaseExecutor.execute(TestCaseExecutor.java:227)
	at com.kms.katalon.core.main.TestCaseMain.runTestCase(TestCaseMain.java:114)
	at com.kms.katalon.core.keyword.builtin.CallTestCaseKeyword$_callTestCase_closure1.doCall(CallTestCaseKeyword.groovy:59)
	at com.kms.katalon.core.keyword.builtin.CallTestCaseKeyword$_callTestCase_closure1.call(CallTestCaseKeyword.groovy)
	at com.kms.katalon.core.keyword.internal.KeywordMain.runKeyword(KeywordMain.groovy:66)
	at com.kms.katalon.core.keyword.builtin.CallTestCaseKeyword.callTestCase(CallTestCaseKeyword.groovy:81)
	at com.kms.katalon.core.keyword.builtin.CallTestCaseKeyword.execute(CallTestCaseKeyword.groovy:44)
	at com.kms.katalon.core.keyword.internal.KeywordExecutor.executeKeywordForPlatform(KeywordExecutor.groovy:56)
	at com.kms.katalon.core.keyword.BuiltinKeywords.callTestCase(BuiltinKeywords.groovy:334)
	at Script1584329087901.run(Script1584329087901.groovy:72)
	... 13 more
Caused by: java.net.SocketException: Connection reset
	at org.apache.http.impl.io.SessionInputBufferImpl.streamRead(SessionInputBufferImpl.java:137)
	at org.apache.http.impl.io.SessionInputBufferImpl.fillBuffer(SessionInputBufferImpl.java:153)
	at org.apache.http.impl.io.SessionInputBufferImpl.readLine(SessionInputBufferImpl.java:282)
	at org.apache.http.impl.conn.DefaultHttpResponseParser.parseHead(DefaultHttpResponseParser.java:138)
	at org.apache.http.impl.conn.DefaultHttpResponseParser.parseHead(DefaultHttpResponseParser.java:56)
	at org.apache.http.impl.io.AbstractMessageParser.parse(AbstractMessageParser.java:259)
	at org.apache.http.impl.DefaultBHttpClientConnection.receiveResponseHeader(DefaultBHttpClientConnection.java:163)
	at org.apache.http.impl.conn.CPoolProxy.receiveResponseHeader(CPoolProxy.java:165)
	at org.apache.http.protocol.HttpRequestExecutor.doReceiveResponse(HttpRequestExecutor.java:273)
	at org.apache.http.protocol.HttpRequestExecutor.execute(HttpRequestExecutor.java:125)
	at org.apache.http.impl.execchain.MainClientExec.execute(MainClientExec.java:272)
	at org.apache.http.impl.execchain.ProtocolExec.execute(ProtocolExec.java:185)
	at org.apache.http.impl.execchain.RetryExec.execute(RetryExec.java:89)
	at org.apache.http.impl.execchain.RedirectExec.execute(RedirectExec.java:111)
	at org.apache.http.impl.client.InternalHttpClient.doExecute(InternalHttpClient.java:185)
	at org.apache.http.impl.client.CloseableHttpClient.execute(CloseableHttpClient.java:72)
	at org.apache.http.impl.client.CloseableHttpClient.execute(CloseableHttpClient.java:56)
	at org.openqa.selenium.remote.internal.ApacheHttpClient.fallBackExecute(ApacheHttpClient.java:138)
	at org.openqa.selenium.remote.internal.ApacheHttpClient.execute(ApacheHttpClient.java:86)
	at org.openqa.selenium.remote.HttpCommandExecutor.execute(HttpCommandExecutor.java:161)
	at org.openqa.selenium.remote.RemoteWebDriver.execute(RemoteWebDriver.java:600)
	... 47 more
)

2020-03-16 09:53:22 - [MESSAGE][FAILED] - for ([i = 0, i < toggleList.size(), (i++)]) FAILED.
Reason:
com.kms.katalon.core.exception.StepFailedException: Call Test Case 'Test Cases/DMS/UtilTests/SetFeatureToggle' failed
	at com.kms.katalon.core.keyword.builtin.CallTestCaseKeyword$_callTestCase_closure1.doCall(CallTestCaseKeyword.groovy:63)
	at com.kms.katalon.core.keyword.builtin.CallTestCaseKeyword$_callTestCase_closure1.call(CallTestCaseKeyword.groovy)
	at com.kms.katalon.core.keyword.internal.KeywordMain.runKeyword(KeywordMain.groovy:66)
	at com.kms.katalon.core.keyword.builtin.CallTestCaseKeyword.callTestCase(CallTestCaseKeyword.groovy:81)
	at com.kms.katalon.core.keyword.builtin.CallTestCaseKeyword.execute(CallTestCaseKeyword.groovy:44)
	at com.kms.katalon.core.keyword.internal.KeywordExecutor.executeKeywordForPlatform(KeywordExecutor.groovy:56)
	at com.kms.katalon.core.keyword.BuiltinKeywords.callTestCase(BuiltinKeywords.groovy:334)
	at DMSTC-2921_ReplaceContractFromEventContentHavingAPCLot.run(DMSTC-2921_ReplaceContractFromEventContentHavingAPCLot:72)
	at com.kms.katalon.core.main.ScriptEngine.run(ScriptEngine.java:194)
	at com.kms.katalon.core.main.ScriptEngine.runScriptAsRawText(ScriptEngine.java:119)
	at com.kms.katalon.core.main.TestCaseExecutor.runScript(TestCaseExecutor.java:331)
	at com.kms.katalon.core.main.TestCaseExecutor.doExecute(TestCaseExecutor.java:322)
	at com.kms.katalon.core.main.TestCaseExecutor.processExecutionPhase(TestCaseExecutor.java:301)
	at com.kms.katalon.core.main.TestCaseExecutor.accessMainPhase(TestCaseExecutor.java:293)
	at com.kms.katalon.core.main.TestCaseExecutor.execute(TestCaseExecutor.java:227)
	at com.kms.katalon.core.main.TestSuiteExecutor.accessTestCaseMainPhase(TestSuiteExecutor.java:129)
	at com.kms.katalon.core.main.TestSuiteExecutor.accessTestSuiteMainPhase(TestSuiteExecutor.java:112)
	at com.kms.katalon.core.main.TestSuiteExecutor.execute(TestSuiteExecutor.java:81)
	at com.kms.katalon.core.main.TestCaseMain.startTestSuite(TestCaseMain.java:157)
	at com.kms.katalon.core.main.TestCaseMain$startTestSuite$0.call(Unknown Source)
	at TempTestSuite1584329506754.run(TempTestSuite1584329506754.groovy:35)
Caused by: com.kms.katalon.core.exception.StepFailedException: Unable to scroll to object 'Object Repository/Page_TestCentralPage/a_Enable  Or  Disable  Feature'
	at com.kms.katalon.core.webui.keyword.internal.WebUIKeywordMain.stepFailed(WebUIKeywordMain.groovy:64)
	at com.kms.katalon.core.webui.keyword.internal.WebUIKeywordMain.runKeyword(WebUIKeywordMain.groovy:26)
	at com.kms.katalon.core.webui.keyword.builtin.ScrollToElementKeyword.scrollToElement(ScrollToElementKeyword.groovy:88)
	at com.kms.katalon.core.webui.keyword.builtin.ScrollToElementKeyword.execute(ScrollToElementKeyword.groovy:68)
	at com.kms.katalon.core.keyword.internal.KeywordExecutor.executeKeywordForPlatform(KeywordExecutor.groovy:56)
	at com.kms.katalon.core.webui.keyword.WebUiBuiltInKeywords.scrollToElement(WebUiBuiltInKeywords.groovy:2975)
	at com.kms.katalon.core.webui.keyword.WebUiBuiltInKeywords$scrollToElement$2.call(Unknown Source)
	at SetFeatureToggle.run(SetFeatureToggle:25)
	at com.kms.katalon.core.main.ScriptEngine.run(ScriptEngine.java:194)
	at com.kms.katalon.core.main.ScriptEngine.runScriptAsRawText(ScriptEngine.java:119)
	at com.kms.katalon.core.main.TestCaseExecutor.runScript(TestCaseExecutor.java:331)
	at com.kms.katalon.core.main.TestCaseExecutor.doExecute(TestCaseExecutor.java:322)
	at com.kms.katalon.core.main.TestCaseExecutor.processExecutionPhase(TestCaseExecutor.java:301)
	at com.kms.katalon.core.main.TestCaseExecutor.accessMainPhase(TestCaseExecutor.java:293)
	at com.kms.katalon.core.main.TestCaseExecutor.execute(TestCaseExecutor.java:227)
	at com.kms.katalon.core.main.TestCaseMain.runTestCase(TestCaseMain.java:114)
	at com.kms.katalon.core.keyword.builtin.CallTestCaseKeyword$_callTestCase_closure1.doCall(CallTestCaseKeyword.groovy:59)
	... 20 more
Caused by: org.openqa.selenium.remote.UnreachableBrowserException: Error communicating with the remote browser. It may have died.
Build info: version: '3.7.1', revision: '8a0099a', time: '2017-11-06T21:07:36.161Z'
System info: host: 'C02XT4F3JGH5', ip: 'fe80:0:0:0:1c58:6e03:578a:4ebd%en0', os.name: 'Mac OS X', os.arch: 'x86_64', os.version: '10.15.3', java.version: '1.8.0_181'
Driver info: driver.version: RemoteWebDriver
Capabilities {acceptSslCerts: true, applicationCacheEnabled: false, browserConnectionEnabled: false, browserName: chrome, chrome: {chromedriverVersion: 2.33.506092 (733a02544d189e..., userDataDir: /tmp/.org.chromium.Chromium...}, cssSelectorsEnabled: true, databaseEnabled: false, handlesAlerts: true, hasTouchScreen: false, javascriptEnabled: true, locationContextEnabled: true, mobileEmulationEnabled: false, nativeEvents: true, networkConnectionEnabled: false, pageLoadStrategy: normal, platform: LINUX, platformName: LINUX, rotatable: false, setWindowRect: true, takesHeapSnapshot: true, takesScreenshot: true, unexpectedAlertBehaviour: , unhandledPromptBehavior: , version: 63.0.3239.132, webStorageEnabled: true}
Session ID: e74e89b67406cbe0af442bd50f1e4bd1
	at org.openqa.selenium.remote.RemoteWebDriver.execute(RemoteWebDriver.java:621)
	at com.kms.katalon.selenium.driver.CRemoteWebDriver.execute(CRemoteWebDriver.java:31)
	at org.openqa.selenium.remote.RemoteWebDriver.findElements(RemoteWebDriver.java:397)
	at org.openqa.selenium.remote.RemoteWebDriver.findElementsByXPath(RemoteWebDriver.java:476)
	at org.openqa.selenium.By$ByXPath.findElements(By.java:356)
	at org.openqa.selenium.remote.RemoteWebDriver.findElements(RemoteWebDriver.java:358)
	at com.kms.katalon.core.webui.common.WebUiCommonHelper.findWebElements(WebUiCommonHelper.java:754)
	at com.kms.katalon.core.webui.common.WebUiCommonHelper.findWebElement(WebUiCommonHelper.java:1049)
	at com.kms.katalon.core.webui.keyword.internal.WebUIAbstractKeyword.findWebElement(WebUIAbstractKeyword.groovy:27)
	at com.kms.katalon.core.webui.keyword.internal.WebUIAbstractKeyword.findWebElement(WebUIAbstractKeyword.groovy:26)
	at com.kms.katalon.core.webui.keyword.builtin.ScrollToElementKeyword$_scrollToElement_closure1.doCall(ScrollToElementKeyword.groovy:79)
	at com.kms.katalon.core.webui.keyword.builtin.ScrollToElementKeyword$_scrollToElement_closure1.call(ScrollToElementKeyword.groovy)
	at com.kms.katalon.core.webui.keyword.internal.WebUIKeywordMain.runKeyword(WebUIKeywordMain.groovy:20)
	at com.kms.katalon.core.webui.keyword.builtin.ScrollToElementKeyword.scrollToElement(ScrollToElementKeyword.groovy:88)
	at com.kms.katalon.core.webui.keyword.builtin.ScrollToElementKeyword.execute(ScrollToElementKeyword.groovy:68)
	at com.kms.katalon.core.keyword.internal.KeywordExecutor.executeKeywordForPlatform(KeywordExecutor.groovy:56)
	at com.kms.katalon.core.webui.keyword.WebUiBuiltInKeywords.scrollToElement(WebUiBuiltInKeywords.groovy:2975)
	at com.kms.katalon.core.webui.keyword.WebUiBuiltInKeywords$scrollToElement$2.call(Unknown Source)
	at Script1566572403500.run(Script1566572403500.groovy:25)
	at com.kms.katalon.core.main.ScriptEngine.run(ScriptEngine.java:194)
	at com.kms.katalon.core.main.ScriptEngine.runScriptAsRawText(ScriptEngine.java:119)
	at com.kms.katalon.core.main.TestCaseExecutor.runScript(TestCaseExecutor.java:331)
	at com.kms.katalon.core.main.TestCaseExecutor.doExecute(TestCaseExecutor.java:322)
	at com.kms.katalon.core.main.TestCaseExecutor.processExecutionPhase(TestCaseExecutor.java:301)
	at com.kms.katalon.core.main.TestCaseExecutor.accessMainPhase(TestCaseExecutor.java:293)
	at com.kms.katalon.core.main.TestCaseExecutor.execute(TestCaseExecutor.java:227)
	at com.kms.katalon.core.main.TestCaseMain.runTestCase(TestCaseMain.java:114)
	at com.kms.katalon.core.keyword.builtin.CallTestCaseKeyword$_callTestCase_closure1.doCall(CallTestCaseKeyword.groovy:59)
	at com.kms.katalon.core.keyword.builtin.CallTestCaseKeyword$_callTestCase_closure1.call(CallTestCaseKeyword.groovy)
	at com.kms.katalon.core.keyword.internal.KeywordMain.runKeyword(KeywordMain.groovy:66)
	at com.kms.katalon.core.keyword.builtin.CallTestCaseKeyword.callTestCase(CallTestCaseKeyword.groovy:81)
	at com.kms.katalon.core.keyword.builtin.CallTestCaseKeyword.execute(CallTestCaseKeyword.groovy:44)
	at com.kms.katalon.core.keyword.internal.KeywordExecutor.executeKeywordForPlatform(KeywordExecutor.groovy:56)
	at com.kms.katalon.core.keyword.BuiltinKeywords.callTestCase(BuiltinKeywords.groovy:334)
	at Script1584329087901.run(Script1584329087901.groovy:72)
	... 13 more
Caused by: java.net.SocketException: Connection reset
	at org.apache.http.impl.io.SessionInputBufferImpl.streamRead(SessionInputBufferImpl.java:137)
	at org.apache.http.impl.io.SessionInputBufferImpl.fillBuffer(SessionInputBufferImpl.java:153)
	at org.apache.http.impl.io.SessionInputBufferImpl.readLine(SessionInputBufferImpl.java:282)
	at org.apache.http.impl.conn.DefaultHttpResponseParser.parseHead(DefaultHttpResponseParser.java:138)
	at org.apache.http.impl.conn.DefaultHttpResponseParser.parseHead(DefaultHttpResponseParser.java:56)
	at org.apache.http.impl.io.AbstractMessageParser.parse(AbstractMessageParser.java:259)
	at org.apache.http.impl.DefaultBHttpClientConnection.receiveResponseHeader(DefaultBHttpClientConnection.java:163)
	at org.apache.http.impl.conn.CPoolProxy.receiveResponseHeader(CPoolProxy.java:165)
	at org.apache.http.protocol.HttpRequestExecutor.doReceiveResponse(HttpRequestExecutor.java:273)
	at org.apache.http.protocol.HttpRequestExecutor.execute(HttpRequestExecutor.java:125)
	at org.apache.http.impl.execchain.MainClientExec.execute(MainClientExec.java:272)
	at org.apache.http.impl.execchain.ProtocolExec.execute(ProtocolExec.java:185)
	at org.apache.http.impl.execchain.RetryExec.execute(RetryExec.java:89)
	at org.apache.http.impl.execchain.RedirectExec.execute(RedirectExec.java:111)
	at org.apache.http.impl.client.InternalHttpClient.doExecute(InternalHttpClient.java:185)
	at org.apache.http.impl.client.CloseableHttpClient.execute(CloseableHttpClient.java:72)
	at org.apache.http.impl.client.CloseableHttpClient.execute(CloseableHttpClient.java:56)
	at org.openqa.selenium.remote.internal.ApacheHttpClient.fallBackExecute(ApacheHttpClient.java:138)
	at org.openqa.selenium.remote.internal.ApacheHttpClient.execute(ApacheHttpClient.java:86)
	at org.openqa.selenium.remote.HttpCommandExecutor.execute(HttpCommandExecutor.java:161)
	at org.openqa.selenium.remote.RemoteWebDriver.execute(RemoteWebDriver.java:600)
	... 47 more]]></system-out>
         <system-err><![CDATA[2020-03-16 09:49:04 - [TEST_CASE][FAILED] - Test Cases/DMS/PricingConditionSupportForLots - Copy/DMSTC-2921_ReplaceContractFromEventContentHavingAPCLot: Test Cases/DMS/PricingConditionSupportForLots - Copy/DMSTC-2921_ReplaceContractFromEventContentHavingAPCLot FAILED.
Reason:
com.kms.katalon.core.exception.StepFailedException: Call Test Case 'Test Cases/DMS/UtilTests/SetFeatureToggle' failed
	at com.kms.katalon.core.keyword.builtin.CallTestCaseKeyword$_callTestCase_closure1.doCall(CallTestCaseKeyword.groovy:63)
	at com.kms.katalon.core.keyword.builtin.CallTestCaseKeyword$_callTestCase_closure1.call(CallTestCaseKeyword.groovy)
	at com.kms.katalon.core.keyword.internal.KeywordMain.runKeyword(KeywordMain.groovy:66)
	at com.kms.katalon.core.keyword.builtin.CallTestCaseKeyword.callTestCase(CallTestCaseKeyword.groovy:81)
	at com.kms.katalon.core.keyword.builtin.CallTestCaseKeyword.execute(CallTestCaseKeyword.groovy:44)
	at com.kms.katalon.core.keyword.internal.KeywordExecutor.executeKeywordForPlatform(KeywordExecutor.groovy:56)
	at com.kms.katalon.core.keyword.BuiltinKeywords.callTestCase(BuiltinKeywords.groovy:334)
	at DMSTC-2921_ReplaceContractFromEventContentHavingAPCLot.run(DMSTC-2921_ReplaceContractFromEventContentHavingAPCLot:72)
	at com.kms.katalon.core.main.ScriptEngine.run(ScriptEngine.java:194)
	at com.kms.katalon.core.main.ScriptEngine.runScriptAsRawText(ScriptEngine.java:119)
	at com.kms.katalon.core.main.TestCaseExecutor.runScript(TestCaseExecutor.java:331)
	at com.kms.katalon.core.main.TestCaseExecutor.doExecute(TestCaseExecutor.java:322)
	at com.kms.katalon.core.main.TestCaseExecutor.processExecutionPhase(TestCaseExecutor.java:301)
	at com.kms.katalon.core.main.TestCaseExecutor.accessMainPhase(TestCaseExecutor.java:293)
	at com.kms.katalon.core.main.TestCaseExecutor.execute(TestCaseExecutor.java:227)
	at com.kms.katalon.core.main.TestSuiteExecutor.accessTestCaseMainPhase(TestSuiteExecutor.java:129)
	at com.kms.katalon.core.main.TestSuiteExecutor.accessTestSuiteMainPhase(TestSuiteExecutor.java:112)
	at com.kms.katalon.core.main.TestSuiteExecutor.execute(TestSuiteExecutor.java:81)
	at com.kms.katalon.core.main.TestCaseMain.startTestSuite(TestCaseMain.java:157)
	at com.kms.katalon.core.main.TestCaseMain$startTestSuite$0.call(Unknown Source)
	at TempTestSuite1584329506754.run(TempTestSuite1584329506754.groovy:35)
Caused by: com.kms.katalon.core.exception.StepFailedException: Unable to scroll to object 'Object Repository/Page_TestCentralPage/a_Enable  Or  Disable  Feature'
	at com.kms.katalon.core.webui.keyword.internal.WebUIKeywordMain.stepFailed(WebUIKeywordMain.groovy:64)
	at com.kms.katalon.core.webui.keyword.internal.WebUIKeywordMain.runKeyword(WebUIKeywordMain.groovy:26)
	at com.kms.katalon.core.webui.keyword.builtin.ScrollToElementKeyword.scrollToElement(ScrollToElementKeyword.groovy:88)
	at com.kms.katalon.core.webui.keyword.builtin.ScrollToElementKeyword.execute(ScrollToElementKeyword.groovy:68)
	at com.kms.katalon.core.keyword.internal.KeywordExecutor.executeKeywordForPlatform(KeywordExecutor.groovy:56)
	at com.kms.katalon.core.webui.keyword.WebUiBuiltInKeywords.scrollToElement(WebUiBuiltInKeywords.groovy:2975)
	at com.kms.katalon.core.webui.keyword.WebUiBuiltInKeywords$scrollToElement$2.call(Unknown Source)
	at SetFeatureToggle.run(SetFeatureToggle:25)
	at com.kms.katalon.core.main.ScriptEngine.run(ScriptEngine.java:194)
	at com.kms.katalon.core.main.ScriptEngine.runScriptAsRawText(ScriptEngine.java:119)
	at com.kms.katalon.core.main.TestCaseExecutor.runScript(TestCaseExecutor.java:331)
	at com.kms.katalon.core.main.TestCaseExecutor.doExecute(TestCaseExecutor.java:322)
	at com.kms.katalon.core.main.TestCaseExecutor.processExecutionPhase(TestCaseExecutor.java:301)
	at com.kms.katalon.core.main.TestCaseExecutor.accessMainPhase(TestCaseExecutor.java:293)
	at com.kms.katalon.core.main.TestCaseExecutor.execute(TestCaseExecutor.java:227)
	at com.kms.katalon.core.main.TestCaseMain.runTestCase(TestCaseMain.java:114)
	at com.kms.katalon.core.keyword.builtin.CallTestCaseKeyword$_callTestCase_closure1.doCall(CallTestCaseKeyword.groovy:59)
	... 20 more
Caused by: org.openqa.selenium.remote.UnreachableBrowserException: Error communicating with the remote browser. It may have died.
Build info: version: '3.7.1', revision: '8a0099a', time: '2017-11-06T21:07:36.161Z'
System info: host: 'C02XT4F3JGH5', ip: 'fe80:0:0:0:1c58:6e03:578a:4ebd%en0', os.name: 'Mac OS X', os.arch: 'x86_64', os.version: '10.15.3', java.version: '1.8.0_181'
Driver info: driver.version: RemoteWebDriver
Capabilities {acceptSslCerts: true, applicationCacheEnabled: false, browserConnectionEnabled: false, browserName: chrome, chrome: {chromedriverVersion: 2.33.506092 (733a02544d189e..., userDataDir: /tmp/.org.chromium.Chromium...}, cssSelectorsEnabled: true, databaseEnabled: false, handlesAlerts: true, hasTouchScreen: false, javascriptEnabled: true, locationContextEnabled: true, mobileEmulationEnabled: false, nativeEvents: true, networkConnectionEnabled: false, pageLoadStrategy: normal, platform: LINUX, platformName: LINUX, rotatable: false, setWindowRect: true, takesHeapSnapshot: true, takesScreenshot: true, unexpectedAlertBehaviour: , unhandledPromptBehavior: , version: 63.0.3239.132, webStorageEnabled: true}
Session ID: e74e89b67406cbe0af442bd50f1e4bd1
	at org.openqa.selenium.remote.RemoteWebDriver.execute(RemoteWebDriver.java:621)
	at com.kms.katalon.selenium.driver.CRemoteWebDriver.execute(CRemoteWebDriver.java:31)
	at org.openqa.selenium.remote.RemoteWebDriver.findElements(RemoteWebDriver.java:397)
	at org.openqa.selenium.remote.RemoteWebDriver.findElementsByXPath(RemoteWebDriver.java:476)
	at org.openqa.selenium.By$ByXPath.findElements(By.java:356)
	at org.openqa.selenium.remote.RemoteWebDriver.findElements(RemoteWebDriver.java:358)
	at com.kms.katalon.core.webui.common.WebUiCommonHelper.findWebElements(WebUiCommonHelper.java:754)
	at com.kms.katalon.core.webui.common.WebUiCommonHelper.findWebElement(WebUiCommonHelper.java:1049)
	at com.kms.katalon.core.webui.keyword.internal.WebUIAbstractKeyword.findWebElement(WebUIAbstractKeyword.groovy:27)
	at com.kms.katalon.core.webui.keyword.internal.WebUIAbstractKeyword.findWebElement(WebUIAbstractKeyword.groovy:26)
	at com.kms.katalon.core.webui.keyword.builtin.ScrollToElementKeyword$_scrollToElement_closure1.doCall(ScrollToElementKeyword.groovy:79)
	at com.kms.katalon.core.webui.keyword.builtin.ScrollToElementKeyword$_scrollToElement_closure1.call(ScrollToElementKeyword.groovy)
	at com.kms.katalon.core.webui.keyword.internal.WebUIKeywordMain.runKeyword(WebUIKeywordMain.groovy:20)
	at com.kms.katalon.core.webui.keyword.builtin.ScrollToElementKeyword.scrollToElement(ScrollToElementKeyword.groovy:88)
	at com.kms.katalon.core.webui.keyword.builtin.ScrollToElementKeyword.execute(ScrollToElementKeyword.groovy:68)
	at com.kms.katalon.core.keyword.internal.KeywordExecutor.executeKeywordForPlatform(KeywordExecutor.groovy:56)
	at com.kms.katalon.core.webui.keyword.WebUiBuiltInKeywords.scrollToElement(WebUiBuiltInKeywords.groovy:2975)
	at com.kms.katalon.core.webui.keyword.WebUiBuiltInKeywords$scrollToElement$2.call(Unknown Source)
	at Script1566572403500.run(Script1566572403500.groovy:25)
	at com.kms.katalon.core.main.ScriptEngine.run(ScriptEngine.java:194)
	at com.kms.katalon.core.main.ScriptEngine.runScriptAsRawText(ScriptEngine.java:119)
	at com.kms.katalon.core.main.TestCaseExecutor.runScript(TestCaseExecutor.java:331)
	at com.kms.katalon.core.main.TestCaseExecutor.doExecute(TestCaseExecutor.java:322)
	at com.kms.katalon.core.main.TestCaseExecutor.processExecutionPhase(TestCaseExecutor.java:301)
	at com.kms.katalon.core.main.TestCaseExecutor.accessMainPhase(TestCaseExecutor.java:293)
	at com.kms.katalon.core.main.TestCaseExecutor.execute(TestCaseExecutor.java:227)
	at com.kms.katalon.core.main.TestCaseMain.runTestCase(TestCaseMain.java:114)
	at com.kms.katalon.core.keyword.builtin.CallTestCaseKeyword$_callTestCase_closure1.doCall(CallTestCaseKeyword.groovy:59)
	at com.kms.katalon.core.keyword.builtin.CallTestCaseKeyword$_callTestCase_closure1.call(CallTestCaseKeyword.groovy)
	at com.kms.katalon.core.keyword.internal.KeywordMain.runKeyword(KeywordMain.groovy:66)
	at com.kms.katalon.core.keyword.builtin.CallTestCaseKeyword.callTestCase(CallTestCaseKeyword.groovy:81)
	at com.kms.katalon.core.keyword.builtin.CallTestCaseKeyword.execute(CallTestCaseKeyword.groovy:44)
	at com.kms.katalon.core.keyword.internal.KeywordExecutor.executeKeywordForPlatform(KeywordExecutor.groovy:56)
	at com.kms.katalon.core.keyword.BuiltinKeywords.callTestCase(BuiltinKeywords.groovy:334)
	at Script1584329087901.run(Script1584329087901.groovy:72)
	... 13 more
Caused by: java.net.SocketException: Connection reset
	at org.apache.http.impl.io.SessionInputBufferImpl.streamRead(SessionInputBufferImpl.java:137)
	at org.apache.http.impl.io.SessionInputBufferImpl.fillBuffer(SessionInputBufferImpl.java:153)
	at org.apache.http.impl.io.SessionInputBufferImpl.readLine(SessionInputBufferImpl.java:282)
	at org.apache.http.impl.conn.DefaultHttpResponseParser.parseHead(DefaultHttpResponseParser.java:138)
	at org.apache.http.impl.conn.DefaultHttpResponseParser.parseHead(DefaultHttpResponseParser.java:56)
	at org.apache.http.impl.io.AbstractMessageParser.parse(AbstractMessageParser.java:259)
	at org.apache.http.impl.DefaultBHttpClientConnection.receiveResponseHeader(DefaultBHttpClientConnection.java:163)
	at org.apache.http.impl.conn.CPoolProxy.receiveResponseHeader(CPoolProxy.java:165)
	at org.apache.http.protocol.HttpRequestExecutor.doReceiveResponse(HttpRequestExecutor.java:273)
	at org.apache.http.protocol.HttpRequestExecutor.execute(HttpRequestExecutor.java:125)
	at org.apache.http.impl.execchain.MainClientExec.execute(MainClientExec.java:272)
	at org.apache.http.impl.execchain.ProtocolExec.execute(ProtocolExec.java:185)
	at org.apache.http.impl.execchain.RetryExec.execute(RetryExec.java:89)
	at org.apache.http.impl.execchain.RedirectExec.execute(RedirectExec.java:111)
	at org.apache.http.impl.client.InternalHttpClient.doExecute(InternalHttpClient.java:185)
	at org.apache.http.impl.client.CloseableHttpClient.execute(CloseableHttpClient.java:72)
	at org.apache.http.impl.client.CloseableHttpClient.execute(CloseableHttpClient.java:56)
	at org.openqa.selenium.remote.internal.ApacheHttpClient.fallBackExecute(ApacheHttpClient.java:138)
	at org.openqa.selenium.remote.internal.ApacheHttpClient.execute(ApacheHttpClient.java:86)
	at org.openqa.selenium.remote.HttpCommandExecutor.execute(HttpCommandExecutor.java:161)
	at org.openqa.selenium.remote.RemoteWebDriver.execute(RemoteWebDriver.java:600)
	... 47 more]]></system-err>
      </testcase>
      <testcase name="Test Cases/DMS/PricingConditionSupportForLots - Copy/DMSTC-2916_EventContentSheetExport" classname="Test Cases/DMS/PricingConditionSupportForLots - Copy/DMSTC-2916_EventContentSheetExport" status="ERROR">
         <error type="ERROR" message="Test Cases/DMS/PricingConditionSupportForLots - Copy/DMSTC-2916_EventContentSheetExport FAILED.
Reason:
com.jcraft.jsch.JSchException: Auth fail
	at com.jcraft.jsch.Session.connect(Session.java:484)
	at com.jcraft.jsch.Session.connect(Session.java:162)
	at com.jcraft.jsch.Session$connect$1.call(Unknown Source)
	at common.util.fileHandling.getConnection(fileHandling.groovy:71)
	at common.util.fileHandling.downloadFile(fileHandling.groovy:240)
	at common.util.fileHandling$downloadFile.call(Unknown Source)
	at common.util.aribakeywords.downloadFile(aribakeywords.groovy:450)
	at DMSTC-2916_EventContentSheetExport.run(DMSTC-2916_EventContentSheetExport:214)
	at com.kms.katalon.core.main.ScriptEngine.run(ScriptEngine.java:194)
	at com.kms.katalon.core.main.ScriptEngine.runScriptAsRawText(ScriptEngine.java:119)
	at com.kms.katalon.core.main.TestCaseExecutor.runScript(TestCaseExecutor.java:331)
	at com.kms.katalon.core.main.TestCaseExecutor.doExecute(TestCaseExecutor.java:322)
	at com.kms.katalon.core.main.TestCaseExecutor.processExecutionPhase(TestCaseExecutor.java:301)
	at com.kms.katalon.core.main.TestCaseExecutor.accessMainPhase(TestCaseExecutor.java:293)
	at com.kms.katalon.core.main.TestCaseExecutor.execute(TestCaseExecutor.java:227)
	at com.kms.katalon.core.main.TestSuiteExecutor.accessTestCaseMainPhase(TestSuiteExecutor.java:129)
	at com.kms.katalon.core.main.TestSuiteExecutor.accessTestSuiteMainPhase(TestSuiteExecutor.java:112)
	at com.kms.katalon.core.main.TestSuiteExecutor.execute(TestSuiteExecutor.java:81)
	at com.kms.katalon.core.main.TestCaseMain.startTestSuite(TestCaseMain.java:157)
	at com.kms.katalon.core.main.TestCaseMain$startTestSuite$0.call(Unknown Source)
	at TempTestSuite1584329506754.run(TempTestSuite1584329506754.groovy:35)
"/>
         <system-out><![CDATA[2020-03-16 09:53:22 - [TEST_CASE][ERROR] - Test Cases/DMS/PricingConditionSupportForLots - Copy/DMSTC-2916_EventContentSheetExport: Test Cases/DMS/PricingConditionSupportForLots - Copy/DMSTC-2916_EventContentSheetExport FAILED.
Reason:
com.jcraft.jsch.JSchException: Auth fail
	at com.jcraft.jsch.Session.connect(Session.java:484)
	at com.jcraft.jsch.Session.connect(Session.java:162)
	at com.jcraft.jsch.Session$connect$1.call(Unknown Source)
	at common.util.fileHandling.getConnection(fileHandling.groovy:71)
	at common.util.fileHandling.downloadFile(fileHandling.groovy:240)
	at common.util.fileHandling$downloadFile.call(Unknown Source)
	at common.util.aribakeywords.downloadFile(aribakeywords.groovy:450)
	at DMSTC-2916_EventContentSheetExport.run(DMSTC-2916_EventContentSheetExport:214)
	at com.kms.katalon.core.main.ScriptEngine.run(ScriptEngine.java:194)
	at com.kms.katalon.core.main.ScriptEngine.runScriptAsRawText(ScriptEngine.java:119)
	at com.kms.katalon.core.main.TestCaseExecutor.runScript(TestCaseExecutor.java:331)
	at com.kms.katalon.core.main.TestCaseExecutor.doExecute(TestCaseExecutor.java:322)
	at com.kms.katalon.core.main.TestCaseExecutor.processExecutionPhase(TestCaseExecutor.java:301)
	at com.kms.katalon.core.main.TestCaseExecutor.accessMainPhase(TestCaseExecutor.java:293)
	at com.kms.katalon.core.main.TestCaseExecutor.execute(TestCaseExecutor.java:227)
	at com.kms.katalon.core.main.TestSuiteExecutor.accessTestCaseMainPhase(TestSuiteExecutor.java:129)
	at com.kms.katalon.core.main.TestSuiteExecutor.accessTestSuiteMainPhase(TestSuiteExecutor.java:112)
	at com.kms.katalon.core.main.TestSuiteExecutor.execute(TestSuiteExecutor.java:81)
	at com.kms.katalon.core.main.TestCaseMain.startTestSuite(TestCaseMain.java:157)
	at com.kms.katalon.core.main.TestCaseMain$startTestSuite$0.call(Unknown Source)
	at TempTestSuite1584329506754.run(TempTestSuite1584329506754.groovy:35)


2020-03-16 09:53:22 - [TEST_STEP][PASSED] - Start listener action : sampleBeforeTestCase: null

2020-03-16 09:53:22 - [TEST_STEP][PASSED] - println(testCaseContext.getTestCaseId()): null

2020-03-16 09:53:22 - [TEST_STEP][PASSED] - println(testCaseContext.getTestCaseVariables()): null

2020-03-16 09:53:22 - [TEST_STEP][PASSED] - fileName = "TestData.xlsx": null

2020-03-16 09:53:22 - [TEST_STEP][PASSED] - fileRelPath = "/Test Files/dms/ExcelValidations/": null

2020-03-16 09:53:22 - [TEST_STEP][PASSED] - sheetName = "Shashi_pricingConditions": null

2020-03-16 09:53:22 - [TEST_STEP][PASSED] - dataTableName = "DataSet7": null

2020-03-16 09:53:22 - [TEST_STEP][PASSED] - columnHeader = "toggles": null

2020-03-16 09:53:23 - [TEST_STEP][PASSED] - APCRULE_LOC = "//label[@awname='AllowAdvancedPricingConditions_selectedItem::AdvancedPricingConditionRuleView_AllowAdvancedPricingConditions:currChoice']": null

2020-03-16 09:53:23 - [TEST_STEP][PASSED] - VALIDITYPERIOD_LOC = "//div[@awname='AdvancedPricingConditionRule.ValidityPeriodType::AdvancedPricingConditionRuleView_AdvancedPricingConditionRule.ValidityPeriodType:itemList']": null

2020-03-16 09:53:23 - [TEST_STEP][PASSED] - STARTDATE_LOC = "//input[@awname='AdvancedPricingConditionRule.ValidityPeriodStartDate::AdvancedPricingConditionRuleView_AdvancedPricingConditionRule.ValidityPeriodStartDate:textFieldAction_1']": null

2020-03-16 09:53:23 - [TEST_STEP][PASSED] - PERIOD_LOC = "//input[@awname='AdvancedPricingConditionRule.ValidityPeriodDuration::AdvancedPricingConditionRuleView_AdvancedPricingConditionRule.ValidityPeriodDuration:fieldValue']": null

2020-03-16 09:53:23 - [TEST_STEP][PASSED] - SCALETYPE_LOC = "//div[@awname='AdvancedPricingConditionRule.VolumeScaleType::AdvancedPricingConditionRuleView_AdvancedPricingConditionRule.VolumeScaleType:itemList']": null

2020-03-16 09:53:23 - [TEST_STEP][PASSED] - SCALE_LOC = "//input[@awname='AdvancedPricingConditionRule.Volumes::AdvancedPricingConditionRuleView_AdvancedPricingConditionRule.Volumes:newEntry']": null

2020-03-16 09:53:23 - [TEST_STEP][PASSED] - APCLOT_LOC = "//tr[@awname='0.4::AWRefreshRegion']//a//b[text()='Basket Lot']": null

2020-03-16 09:53:23 - [TEST_STEP][PASSED] - LOTCHILDITEM_LOC = "//tr[@awname='0.4_0.4.1::AWRefreshRegion']": null

2020-03-16 09:53:23 - [TEST_STEP][PASSED] - APCLINK_LOC = "//a[@awname='0.4_RITASHORTSTRINGIFZ000002::RITASHORTSTRINGIFZ000002:pricingInfoDisplay']": null

2020-03-16 09:53:23 - [TEST_STEP][PASSED] - LOT_TERM_APC_PRICE_LOC = "//input[@awname='_DerivedStringValue::PCCostTermView_DerivedStringValue:fieldValue']": null

2020-03-16 09:53:23 - [TEST_STEP][PASSED] - service = baseURL: null

2020-03-16 09:53:23 - [TEST_STEP][PASSED] - realm = realm: null

2020-03-16 09:53:23 - [TEST_STEP][PASSED] - appLoginUrl = service + "/Sourcing/Main?realm=" + realm: null

2020-03-16 09:53:23 - [TEST_STEP][PASSED] - userName = "customersupportadmin": null

2020-03-16 09:53:23 - [TEST_STEP][PASSED] - sourcingEvent = sourcingEvent + System.currentTimeMillis(): null

2020-03-16 09:53:23 - [TEST_STEP][PASSED] - callTestCase(findTestCase("DMS/UtilTests/LoginIntoApp"), ["appLoginUrl":appLoginUrl, "userName":userName], STOP_ON_FAILURE): Call Test Case 'Test Cases/DMS/UtilTests/LoginIntoApp' successfully

2020-03-16 09:53:23 - [TEST_CASE][PASSED] - Test Cases/DMS/UtilTests/LoginIntoApp: Test Cases/DMS/UtilTests/LoginIntoApp

2020-03-16 09:53:23 - [TEST_STEP][PASSED] - openBrowser(""): Browser is opened with url: ''

2020-03-16 09:53:23 - [MESSAGE][WARNING] - A browser is already opened. Closing browser and opening a new one

2020-03-16 09:53:23 - [MESSAGE][INFO] - Starting 'Remote' driver

2020-03-16 09:53:23 - [MESSAGE][INFO] - User set preference: ['browserName', 'chrome']

2020-03-16 09:53:23 - [MESSAGE][INFO] - Connecting to remote web server 'http://10.173.0.211:4444/wd/hub' with type 'Selenium'

2020-03-16 09:53:26 - [MESSAGE][PASSED] - Browser is opened with url: ''

2020-03-16 09:53:26 - [TEST_STEP][PASSED] - navigateToUrl(appLoginUrl): Navigate to 'https://svcdev7ss.ariba.com/Sourcing/Main?realm=s4SVAll' successfully

2020-03-16 09:53:28 - [MESSAGE][PASSED] - Navigate to 'https://svcdev7ss.ariba.com/Sourcing/Main?realm=s4SVAll' successfully

2020-03-16 09:53:28 - [TEST_STEP][PASSED] - common.util.aribakeywords.aribaClick(findTestObject("Object Repository/a_Test Central")): Element has been clicked

2020-03-16 09:53:29 - [MESSAGE][PASSED] - Object 'Object Repository/a_Test Central' is clickable

2020-03-16 09:53:30 - [MESSAGE][PASSED] - Scroll to object 'Object Repository/a_Test Central' successfully

2020-03-16 09:53:30 - [MESSAGE][PASSED] - Object 'Object Repository/a_Test Central' is visible

2020-03-16 09:53:31 - [MESSAGE][INFO] - Clicking element

2020-03-16 09:53:34 - [MESSAGE][PASSED] - Object: 'Object Repository/a_Test Central' is clicked on

2020-03-16 09:53:35 - [MESSAGE][INFO] - ************* JS EXECUTED ************: true

2020-03-16 09:53:36 - [MESSAGE][PASSED] - Delayed 1 second(s)

2020-03-16 09:53:36 - [MESSAGE][PASSED] - Element has been clicked

2020-03-16 09:53:36 - [TEST_STEP][PASSED] - setText(findTestObject("Object Repository/testcentralpageusername"), userName): Text 'customersupportadmin' is set on object 'Object Repository/testcentralpageusername'

2020-03-16 09:53:38 - [MESSAGE][PASSED] - Text 'customersupportadmin' is set on object 'Object Repository/testcentralpageusername'

2020-03-16 09:53:38 - [TEST_STEP][PASSED] - common.util.aribakeywords.aribaClick(findTestObject("Object Repository/testcentralsetuserbutton")): Element has been clicked

2020-03-16 09:53:39 - [MESSAGE][PASSED] - Object 'Object Repository/testcentralsetuserbutton' is clickable

2020-03-16 09:53:40 - [MESSAGE][PASSED] - Scroll to object 'Object Repository/testcentralsetuserbutton' successfully

2020-03-16 09:53:41 - [MESSAGE][PASSED] - Object 'Object Repository/testcentralsetuserbutton' is visible

2020-03-16 09:53:42 - [MESSAGE][INFO] - Clicking element

2020-03-16 09:53:43 - [MESSAGE][PASSED] - Object: 'Object Repository/testcentralsetuserbutton' is clicked on

2020-03-16 09:53:45 - [MESSAGE][INFO] - ************* JS EXECUTED ************: false

2020-03-16 09:53:46 - [MESSAGE][PASSED] - Delayed 1 second(s)

2020-03-16 09:53:47 - [MESSAGE][INFO] - ************* JS EXECUTED ************: true

2020-03-16 09:53:48 - [MESSAGE][PASSED] - Delayed 1 second(s)

2020-03-16 09:53:48 - [MESSAGE][PASSED] - Element has been clicked

2020-03-16 09:53:48 - [MESSAGE][PASSED] - Call Test Case 'Test Cases/DMS/UtilTests/LoginIntoApp' successfully

2020-03-16 09:53:48 - [TEST_STEP][PASSED] - callTestCase(findTestCase("DMS/UtilTests/CreateSourcingEvent"), ["sourcingEvent":sourcingEvent, "eventType":eventType, "rfpEventTemplate":rfpEventTemplate, "eventContentFileName":eventContentFileName, ... ], STOP_ON_FAILURE): Call Test Case 'Test Cases/DMS/UtilTests/CreateSourcingEvent' successfully

2020-03-16 09:53:48 - [TEST_CASE][PASSED] - Test Cases/DMS/UtilTests/CreateSourcingEvent: Test Cases/DMS/UtilTests/CreateSourcingEvent

2020-03-16 09:53:48 - [TEST_STEP][PASSED] - common.util.aribakeywords.aribaClick(findTestObject("Object Repository/a_TA..")): Element has been clicked

2020-03-16 09:53:49 - [MESSAGE][PASSED] - Object 'Object Repository/a_TA..' is clickable

2020-03-16 09:53:50 - [MESSAGE][PASSED] - Scroll to object 'Object Repository/a_TA..' successfully

2020-03-16 09:53:50 - [MESSAGE][PASSED] - Object 'Object Repository/a_TA..' is visible

2020-03-16 09:53:52 - [MESSAGE][INFO] - Clicking element

2020-03-16 09:53:53 - [MESSAGE][PASSED] - Object: 'Object Repository/a_TA..' is clicked on

2020-03-16 09:53:54 - [MESSAGE][INFO] - ************* JS EXECUTED ************: true

2020-03-16 09:53:55 - [MESSAGE][PASSED] - Delayed 1 second(s)

2020-03-16 09:53:55 - [MESSAGE][PASSED] - Element has been clicked

2020-03-16 09:53:55 - [TEST_STEP][PASSED] - common.util.aribakeywords.aribaClick(findTestObject("Object Repository/testCentral")): Element has been clicked

2020-03-16 09:53:56 - [MESSAGE][PASSED] - Object 'Object Repository/testCentral' is clickable

2020-03-16 09:53:57 - [MESSAGE][PASSED] - Scroll to object 'Object Repository/testCentral' successfully

2020-03-16 09:53:58 - [MESSAGE][PASSED] - Object 'Object Repository/testCentral' is visible

2020-03-16 09:53:59 - [MESSAGE][INFO] - Clicking element

2020-03-16 09:54:00 - [MESSAGE][PASSED] - Object: 'Object Repository/testCentral' is clicked on

2020-03-16 09:54:01 - [MESSAGE][INFO] - ************* JS EXECUTED ************: true

2020-03-16 09:54:02 - [MESSAGE][PASSED] - Delayed 1 second(s)

2020-03-16 09:54:02 - [MESSAGE][PASSED] - Element has been clicked

2020-03-16 09:54:02 - [TEST_STEP][PASSED] - common.util.aribakeywords.aribaClick(findTestObject("Object Repository/a_Create Sourcing Event")): Element has been clicked

2020-03-16 09:54:03 - [MESSAGE][PASSED] - Object 'Object Repository/a_Create Sourcing Event' is clickable

2020-03-16 09:54:04 - [MESSAGE][PASSED] - Scroll to object 'Object Repository/a_Create Sourcing Event' successfully

2020-03-16 09:54:05 - [MESSAGE][PASSED] - Object 'Object Repository/a_Create Sourcing Event' is visible

2020-03-16 09:54:06 - [MESSAGE][INFO] - Clicking element

2020-03-16 09:54:07 - [MESSAGE][PASSED] - Object: 'Object Repository/a_Create Sourcing Event' is clicked on

2020-03-16 09:54:08 - [MESSAGE][INFO] - ************* JS EXECUTED ************: false

2020-03-16 09:54:09 - [MESSAGE][PASSED] - Delayed 1 second(s)

2020-03-16 09:54:10 - [MESSAGE][INFO] - ************* JS EXECUTED ************: true

2020-03-16 09:54:11 - [MESSAGE][PASSED] - Delayed 1 second(s)

2020-03-16 09:54:11 - [MESSAGE][PASSED] - Element has been clicked

2020-03-16 09:54:11 - [TEST_STEP][PASSED] - common.util.aribakeywords.waitForPageToLoad(3): common.util.aribakeywords.waitForPageToLoad is PASSED

2020-03-16 09:54:12 - [MESSAGE][INFO] - ************* JS EXECUTED ************: true

2020-03-16 09:54:13 - [MESSAGE][PASSED] - Delayed 1 second(s)

2020-03-16 09:54:13 - [MESSAGE][PASSED] - common.util.aribakeywords.waitForPageToLoad is PASSED

2020-03-16 09:54:13 - [TEST_STEP][PASSED] - common.util.aribakeywords.aribaClick(findTestObject("Object Repository/input_Name of event__vusb0b")): Element has been clicked

2020-03-16 09:54:14 - [MESSAGE][PASSED] - Object 'Object Repository/input_Name of event__vusb0b' is clickable

2020-03-16 09:54:15 - [MESSAGE][PASSED] - Scroll to object 'Object Repository/input_Name of event__vusb0b' successfully

2020-03-16 09:54:15 - [MESSAGE][PASSED] - Object 'Object Repository/input_Name of event__vusb0b' is visible

2020-03-16 09:54:17 - [MESSAGE][INFO] - Clicking element

2020-03-16 09:54:18 - [MESSAGE][PASSED] - Object: 'Object Repository/input_Name of event__vusb0b' is clicked on

2020-03-16 09:54:19 - [MESSAGE][INFO] - ************* JS EXECUTED ************: true

2020-03-16 09:54:20 - [MESSAGE][PASSED] - Delayed 1 second(s)

2020-03-16 09:54:20 - [MESSAGE][PASSED] - Element has been clicked

2020-03-16 09:54:20 - [TEST_STEP][PASSED] - setText(findTestObject("Object Repository/input_Name of event__vusb0b"), sourcingEvent): Text 'EventLotWithAPCTerm_1584332603077' is set on object 'Object Repository/input_Name of event__vusb0b'

2020-03-16 09:54:22 - [MESSAGE][PASSED] - Text 'EventLotWithAPCTerm_1584332603077' is set on object 'Object Repository/input_Name of event__vusb0b'

2020-03-16 09:54:22 - [TEST_STEP][PASSED] - eventType = eventType: null

2020-03-16 09:54:22 - [TEST_STEP][PASSED] - selectOptionByValue(findTestObject("Page_TestStagerForm/select_(no selection)RFIRFPRFP"), eventType, true): All options with value '1' are selected in object 'Object Repository/Page_TestStagerForm/select_(no selection)RFIRFPRFP'  using regular expression

2020-03-16 09:54:33 - [MESSAGE][PASSED] - All options with value '1' are selected in object 'Object Repository/Page_TestStagerForm/select_(no selection)RFIRFPRFP'  using regular expression

2020-03-16 09:54:33 - [TEST_STEP][PASSED] - setText(findTestObject("Object Repository/input_Event Template Name__qty"), rfpEventTemplate): Text 'BasketLotTemplateforAPC' is set on object 'Object Repository/input_Event Template Name__qty'

2020-03-16 09:54:35 - [MESSAGE][PASSED] - Text 'BasketLotTemplateforAPC' is set on object 'Object Repository/input_Event Template Name__qty'

2020-03-16 09:54:35 - [TEST_STEP][PASSED] - setText(findTestObject("Object Repository/input_Event excel file to uplo"), eventContentFileName): Text 'BasketLotWithAPCEventContent.xls' is set on object 'Object Repository/input_Event excel file to uplo'

2020-03-16 09:54:37 - [MESSAGE][PASSED] - Text 'BasketLotWithAPCEventContent.xls' is set on object 'Object Repository/input_Event excel file to uplo'

2020-03-16 09:54:37 - [TEST_STEP][PASSED] - eventEndState = eventEndState: null

2020-03-16 09:54:37 - [TEST_STEP][PASSED] - selectOptionByValue(findTestObject("Object Repository/select_(no selection)draftprev"), eventEndState, true): All options with value '0' are selected in object 'Object Repository/select_(no selection)draftprev'  using regular expression

2020-03-16 09:54:46 - [MESSAGE][PASSED] - All options with value '0' are selected in object 'Object Repository/select_(no selection)draftprev'  using regular expression

2020-03-16 09:54:46 - [TEST_STEP][PASSED] - setText(findTestObject("Object Repository/input_Number Of Bids__yf32cb"), numberOfBids): Text '1' is set on object 'Object Repository/input_Number Of Bids__yf32cb'

2020-03-16 09:54:48 - [MESSAGE][PASSED] - Text '1' is set on object 'Object Repository/input_Number Of Bids__yf32cb'

2020-03-16 09:54:48 - [TEST_STEP][PASSED] - common.util.aribakeywords.aribaClick(findTestObject("Object Repository/div_Run Stager")): common.util.aribakeywords.aribaClick is PASSED

2020-03-16 09:54:49 - [MESSAGE][PASSED] - Object 'Object Repository/div_Run Stager' is clickable

2020-03-16 09:54:50 - [MESSAGE][PASSED] - Scroll to object 'Object Repository/div_Run Stager' successfully

2020-03-16 09:54:51 - [MESSAGE][PASSED] - Object 'Object Repository/div_Run Stager' is visible

2020-03-16 09:54:54 - [MESSAGE][PASSED] - Object: 'Object Repository/div_Run Stager' is clicked on

2020-03-16 09:54:55 - [MESSAGE][INFO] - ************* JS EXECUTED ************: false

2020-03-16 09:54:56 - [MESSAGE][PASSED] - Delayed 1 second(s)

2020-03-16 09:54:56 - [MESSAGE][INFO] - ************* JS EXECUTED ************: false

2020-03-16 09:54:57 - [MESSAGE][PASSED] - Delayed 1 second(s)

2020-03-16 09:54:58 - [MESSAGE][INFO] - ************* JS EXECUTED ************: false

2020-03-16 09:54:59 - [MESSAGE][PASSED] - Delayed 1 second(s)

2020-03-16 09:54:59 - [MESSAGE][INFO] - ************* JS EXECUTED ************: false

2020-03-16 09:55:00 - [MESSAGE][PASSED] - Delayed 1 second(s)

2020-03-16 09:55:01 - [MESSAGE][INFO] - ************* JS EXECUTED ************: false

2020-03-16 09:55:02 - [MESSAGE][PASSED] - Delayed 1 second(s)

2020-03-16 09:55:02 - [MESSAGE][INFO] - ************* JS EXECUTED ************: false

2020-03-16 09:55:03 - [MESSAGE][PASSED] - Delayed 1 second(s)

2020-03-16 09:55:03 - [MESSAGE][INFO] - ************* JS EXECUTED ************: false

2020-03-16 09:55:04 - [MESSAGE][PASSED] - Delayed 1 second(s)

2020-03-16 09:55:05 - [MESSAGE][INFO] - ************* JS EXECUTED ************: false

2020-03-16 09:55:06 - [MESSAGE][PASSED] - Delayed 1 second(s)

2020-03-16 09:55:06 - [MESSAGE][INFO] - ************* JS EXECUTED ************: false

2020-03-16 09:55:07 - [MESSAGE][PASSED] - Delayed 1 second(s)

2020-03-16 09:55:08 - [MESSAGE][INFO] - ************* JS EXECUTED ************: false

2020-03-16 09:55:09 - [MESSAGE][PASSED] - Delayed 1 second(s)

2020-03-16 09:55:09 - [MESSAGE][INFO] - ************* JS EXECUTED ************: false

2020-03-16 09:55:10 - [MESSAGE][PASSED] - Delayed 1 second(s)

2020-03-16 09:55:11 - [MESSAGE][INFO] - ************* JS EXECUTED ************: false

2020-03-16 09:55:12 - [MESSAGE][PASSED] - Delayed 1 second(s)

2020-03-16 09:55:12 - [MESSAGE][INFO] - ************* JS EXECUTED ************: false

2020-03-16 09:55:13 - [MESSAGE][PASSED] - Delayed 1 second(s)

2020-03-16 09:55:14 - [MESSAGE][INFO] - ************* JS EXECUTED ************: false

2020-03-16 09:55:15 - [MESSAGE][PASSED] - Delayed 1 second(s)

2020-03-16 09:55:15 - [MESSAGE][INFO] - ************* JS EXECUTED ************: false

2020-03-16 09:55:16 - [MESSAGE][PASSED] - Delayed 1 second(s)

2020-03-16 09:55:17 - [MESSAGE][INFO] - ************* JS EXECUTED ************: false

2020-03-16 09:55:18 - [MESSAGE][PASSED] - Delayed 1 second(s)

2020-03-16 09:55:18 - [MESSAGE][INFO] - ************* JS EXECUTED ************: false

2020-03-16 09:55:19 - [MESSAGE][PASSED] - Delayed 1 second(s)

2020-03-16 09:55:20 - [MESSAGE][INFO] - ************* JS EXECUTED ************: false

2020-03-16 09:55:21 - [MESSAGE][PASSED] - Delayed 1 second(s)

2020-03-16 09:55:21 - [MESSAGE][INFO] - ************* JS EXECUTED ************: false

2020-03-16 09:55:22 - [MESSAGE][PASSED] - Delayed 1 second(s)

2020-03-16 09:55:23 - [MESSAGE][INFO] - ************* JS EXECUTED ************: false

2020-03-16 09:55:24 - [MESSAGE][PASSED] - Delayed 1 second(s)

2020-03-16 09:55:24 - [MESSAGE][INFO] - ************* JS EXECUTED ************: true

2020-03-16 09:55:25 - [MESSAGE][PASSED] - Delayed 1 second(s)

2020-03-16 09:55:26 - [MESSAGE][PASSED] - Object 'Object Repository/Page_Ariba Spend Management/input__bt5lrc' is clickable

2020-03-16 09:55:26 - [MESSAGE][PASSED] - Web element with id: 'Object Repository/Page_Ariba Spend Management/StackTrace' located by 'By.xpath: //*[@awname = 'SHOW_STACK_TRACE']' is not present after '1' second(s)

2020-03-16 09:55:27 - [MESSAGE][PASSED] - Web element with id: 'Object Repository/Page_Ariba Spend Management/StagerError' located by 'By.xpath: //*[@awname = 'TestStagerErrorPage:toggleStackTrace']' is not present after '1' second(s)

2020-03-16 09:55:27 - [MESSAGE][PASSED] - Web element with id: 'Object Repository/Page_Ariba Spend Management/ReturnToLoginPage' located by 'By.xpath: //*[@awname = 'Return to the Ariba login page::ARPException:linkAction']' is not present after '1' second(s)

2020-03-16 09:55:27 - [MESSAGE][INFO] - in Run stager method

2020-03-16 09:55:27 - [MESSAGE][INFO] -  I am able to see set user. So returning from runstager wait.

2020-03-16 09:55:28 - [MESSAGE][INFO] - ************* JS EXECUTED ************: true

2020-03-16 09:55:29 - [MESSAGE][PASSED] - Delayed 1 second(s)

2020-03-16 09:55:30 - [MESSAGE][INFO] - ************* JS EXECUTED ************: true

2020-03-16 09:55:31 - [MESSAGE][PASSED] - Delayed 1 second(s)

2020-03-16 09:55:31 - [MESSAGE][PASSED] - common.util.aribakeywords.aribaClick is PASSED

2020-03-16 09:55:31 - [MESSAGE][PASSED] - Call Test Case 'Test Cases/DMS/UtilTests/CreateSourcingEvent' successfully

2020-03-16 09:55:31 - [TEST_STEP][PASSED] - aribakeywords.aribaClick(findTestObject("Object Repository/a_Buyer Monitoring Page")): Element has been clicked

2020-03-16 09:55:32 - [MESSAGE][PASSED] - Object 'Object Repository/a_Buyer Monitoring Page' is clickable

2020-03-16 09:55:33 - [MESSAGE][PASSED] - Scroll to object 'Object Repository/a_Buyer Monitoring Page' successfully

2020-03-16 09:55:34 - [MESSAGE][PASSED] - Object 'Object Repository/a_Buyer Monitoring Page' is visible

2020-03-16 09:55:35 - [MESSAGE][INFO] - Clicking element

2020-03-16 09:55:36 - [MESSAGE][PASSED] - Object: 'Object Repository/a_Buyer Monitoring Page' is clicked on

2020-03-16 09:55:37 - [MESSAGE][INFO] - ************* JS EXECUTED ************: false

2020-03-16 09:55:38 - [MESSAGE][PASSED] - Delayed 1 second(s)

2020-03-16 09:55:39 - [MESSAGE][INFO] - ************* JS EXECUTED ************: true

2020-03-16 09:55:40 - [MESSAGE][PASSED] - Delayed 1 second(s)

2020-03-16 09:55:40 - [MESSAGE][PASSED] - Element has been clicked

2020-03-16 09:55:40 - [TEST_STEP][PASSED] - aribakeywords.waitForPageToLoad(3): Delayed 1 second(s)

2020-03-16 09:55:41 - [MESSAGE][INFO] - ************* JS EXECUTED ************: true

2020-03-16 09:55:42 - [MESSAGE][PASSED] - Delayed 1 second(s)

2020-03-16 09:55:42 - [TEST_STEP][PASSED] - refresh(): Refresh successfully

2020-03-16 09:55:43 - [MESSAGE][PASSED] - Refresh successfully

2020-03-16 09:55:43 - [TEST_STEP][PASSED] - waitForElementPresent(findTestObject("Object Repository/button_action_draft"), 3): Object 'Object Repository/button_action_draft' is present

2020-03-16 09:55:43 - [MESSAGE][PASSED] - Object 'Object Repository/button_action_draft' is present

2020-03-16 09:55:43 - [TEST_STEP][PASSED] - aribakeywords.aribaClick(findTestObject("Object Repository/button_action_draft")): Element has been clicked

2020-03-16 09:55:44 - [MESSAGE][PASSED] - Object 'Object Repository/button_action_draft' is clickable

2020-03-16 09:55:45 - [MESSAGE][PASSED] - Scroll to object 'Object Repository/button_action_draft' successfully

2020-03-16 09:55:46 - [MESSAGE][PASSED] - Object 'Object Repository/button_action_draft' is visible

2020-03-16 09:55:47 - [MESSAGE][INFO] - Clicking element

2020-03-16 09:55:48 - [MESSAGE][PASSED] - Object: 'Object Repository/button_action_draft' is clicked on

2020-03-16 09:55:49 - [MESSAGE][INFO] - ************* JS EXECUTED ************: true

2020-03-16 09:55:50 - [MESSAGE][PASSED] - Delayed 1 second(s)

2020-03-16 09:55:50 - [MESSAGE][PASSED] - Element has been clicked

2020-03-16 09:55:50 - [TEST_STEP][PASSED] - aribakeywords.aribaClick(findTestObject("Object Repository/edit_event_link")): Element has been clicked

2020-03-16 09:55:51 - [MESSAGE][PASSED] - Object 'Object Repository/edit_event_link' is clickable

2020-03-16 09:55:52 - [MESSAGE][PASSED] - Scroll to object 'Object Repository/edit_event_link' successfully

2020-03-16 09:55:53 - [MESSAGE][PASSED] - Object 'Object Repository/edit_event_link' is visible

2020-03-16 09:55:55 - [MESSAGE][INFO] - Clicking element

2020-03-16 09:55:56 - [MESSAGE][PASSED] - Object: 'Object Repository/edit_event_link' is clicked on

2020-03-16 09:55:57 - [MESSAGE][INFO] - ************* JS EXECUTED ************: false

2020-03-16 09:55:58 - [MESSAGE][PASSED] - Delayed 1 second(s)

2020-03-16 09:55:58 - [MESSAGE][INFO] - ************* JS EXECUTED ************: true

2020-03-16 09:55:59 - [MESSAGE][PASSED] - Delayed 1 second(s)

2020-03-16 09:55:59 - [MESSAGE][PASSED] - Element has been clicked

2020-03-16 09:55:59 - [TEST_STEP][PASSED] - verifyElementPresent(aribakeywords.createTestObject(APCRULE_LOC), 3, STOP_ON_FAILURE): Object '//label[@awname='AllowAdvancedPricingConditions_selectedItem::AdvancedPricingConditionRuleView_AllowAdvancedPricingConditions:currChoice']' is present

2020-03-16 09:56:00 - [MESSAGE][PASSED] - Object '//label[@awname='AllowAdvancedPricingConditions_selectedItem::AdvancedPricingConditionRuleView_AllowAdvancedPricingConditions:currChoice']' is present

2020-03-16 09:56:00 - [TEST_STEP][PASSED] - verifyElementPresent(aribakeywords.createTestObject(VALIDITYPERIOD_LOC), 3, CONTINUE_ON_FAILURE): Object '//div[@awname='AdvancedPricingConditionRule.ValidityPeriodType::AdvancedPricingConditionRuleView_AdvancedPricingConditionRule.ValidityPeriodType:itemList']' is present

2020-03-16 09:56:00 - [MESSAGE][PASSED] - Object '//div[@awname='AdvancedPricingConditionRule.ValidityPeriodType::AdvancedPricingConditionRuleView_AdvancedPricingConditionRule.ValidityPeriodType:itemList']' is present

2020-03-16 09:56:00 - [TEST_STEP][PASSED] - verifyElementPresent(aribakeywords.createTestObject(STARTDATE_LOC), 3, STOP_ON_FAILURE): Object '//input[@awname='AdvancedPricingConditionRule.ValidityPeriodStartDate::AdvancedPricingConditionRuleView_AdvancedPricingConditionRule.ValidityPeriodStartDate:textFieldAction_1']' is present

2020-03-16 09:56:01 - [MESSAGE][PASSED] - Object '//input[@awname='AdvancedPricingConditionRule.ValidityPeriodStartDate::AdvancedPricingConditionRuleView_AdvancedPricingConditionRule.ValidityPeriodStartDate:textFieldAction_1']' is present

2020-03-16 09:56:01 - [TEST_STEP][PASSED] - verifyElementPresent(aribakeywords.createTestObject(PERIOD_LOC), 3, STOP_ON_FAILURE): Object '//input[@awname='AdvancedPricingConditionRule.ValidityPeriodDuration::AdvancedPricingConditionRuleView_AdvancedPricingConditionRule.ValidityPeriodDuration:fieldValue']' is present

2020-03-16 09:56:01 - [MESSAGE][PASSED] - Object '//input[@awname='AdvancedPricingConditionRule.ValidityPeriodDuration::AdvancedPricingConditionRuleView_AdvancedPricingConditionRule.ValidityPeriodDuration:fieldValue']' is present

2020-03-16 09:56:01 - [TEST_STEP][PASSED] - verifyElementPresent(aribakeywords.createTestObject(SCALETYPE_LOC), 3, STOP_ON_FAILURE): Object '//div[@awname='AdvancedPricingConditionRule.VolumeScaleType::AdvancedPricingConditionRuleView_AdvancedPricingConditionRule.VolumeScaleType:itemList']' is present

2020-03-16 09:56:02 - [MESSAGE][PASSED] - Object '//div[@awname='AdvancedPricingConditionRule.VolumeScaleType::AdvancedPricingConditionRuleView_AdvancedPricingConditionRule.VolumeScaleType:itemList']' is present

2020-03-16 09:56:02 - [TEST_STEP][PASSED] - verifyElementPresent(aribakeywords.createTestObject(SCALE_LOC), 3, STOP_ON_FAILURE): Object '//input[@awname='AdvancedPricingConditionRule.Volumes::AdvancedPricingConditionRuleView_AdvancedPricingConditionRule.Volumes:newEntry']' is present

2020-03-16 09:56:02 - [MESSAGE][PASSED] - Object '//input[@awname='AdvancedPricingConditionRule.Volumes::AdvancedPricingConditionRuleView_AdvancedPricingConditionRule.Volumes:newEntry']' is present

2020-03-16 09:56:02 - [TEST_STEP][PASSED] - aribakeywords.aribaClick(findTestObject("Object Repository/Content - Draft")): Element has been clicked

2020-03-16 09:56:03 - [MESSAGE][PASSED] - Object 'Object Repository/Content - Draft' is clickable

2020-03-16 09:56:04 - [MESSAGE][PASSED] - Scroll to object 'Object Repository/Content - Draft' successfully

2020-03-16 09:56:05 - [MESSAGE][PASSED] - Object 'Object Repository/Content - Draft' is visible

2020-03-16 09:56:07 - [MESSAGE][INFO] - Clicking element

2020-03-16 09:56:08 - [MESSAGE][PASSED] - Object: 'Object Repository/Content - Draft' is clicked on

2020-03-16 09:56:08 - [MESSAGE][INFO] - ************* JS EXECUTED ************: false

2020-03-16 09:56:09 - [MESSAGE][PASSED] - Delayed 1 second(s)

2020-03-16 09:56:10 - [MESSAGE][INFO] - ************* JS EXECUTED ************: true

2020-03-16 09:56:11 - [MESSAGE][PASSED] - Delayed 1 second(s)

2020-03-16 09:56:11 - [MESSAGE][PASSED] - Element has been clicked

2020-03-16 09:56:11 - [TEST_STEP][PASSED] - aribakeywords.waitForPageToLoad(3): Delayed 1 second(s)

2020-03-16 09:56:12 - [MESSAGE][INFO] - ************* JS EXECUTED ************: true

2020-03-16 09:56:13 - [MESSAGE][PASSED] - Delayed 1 second(s)

2020-03-16 09:56:13 - [TEST_STEP][PASSED] - driver = getWebDriver(): null

2020-03-16 09:56:13 - [TEST_STEP][PASSED] - lotSize = xpath(APCLOT_LOC)).size(): null

2020-03-16 09:56:14 - [TEST_STEP][PASSED] - verifyMatch(lotSize.toString(), "1", false, STOP_ON_FAILURE): Actual text '1' and expected text '1' are matched 

2020-03-16 09:56:14 - [MESSAGE][PASSED] - Actual text '1' and expected text '1' are matched 

2020-03-16 09:56:14 - [TEST_STEP][PASSED] - childItem = xpath(LOTCHILDITEM_LOC)).size(): null

2020-03-16 09:56:14 - [TEST_STEP][PASSED] - verifyMatch(childItem.toString(), "1", false, STOP_ON_FAILURE): Actual text '1' and expected text '1' are matched 

2020-03-16 09:56:14 - [MESSAGE][PASSED] - Actual text '1' and expected text '1' are matched 

2020-03-16 09:56:14 - [TEST_STEP][PASSED] - verifyTextPresent("View pricing conditions", false, STOP_ON_FAILURE): Text 'View pricing conditions' is present on page 

2020-03-16 09:56:16 - [MESSAGE][PASSED] - Text 'View pricing conditions' is present on page 

2020-03-16 09:56:16 - [TEST_STEP][PASSED] - apcLink = aribakeywords.createTestObject(APCLINK_LOC): null

2020-03-16 09:56:16 - [TEST_STEP][PASSED] - verifyElementPresent(apcLink, 3, STOP_ON_FAILURE): Object '//a[@awname='0.4_RITASHORTSTRINGIFZ000002::RITASHORTSTRINGIFZ000002:pricingInfoDisplay']' is present

2020-03-16 09:56:17 - [MESSAGE][PASSED] - Object '//a[@awname='0.4_RITASHORTSTRINGIFZ000002::RITASHORTSTRINGIFZ000002:pricingInfoDisplay']' is present

2020-03-16 09:56:17 - [TEST_STEP][PASSED] - aribakeywords.aribaClick(apcLink): Element has been clicked

2020-03-16 09:56:18 - [MESSAGE][PASSED] - Object '//a[@awname='0.4_RITASHORTSTRINGIFZ000002::RITASHORTSTRINGIFZ000002:pricingInfoDisplay']' is clickable

2020-03-16 09:56:19 - [MESSAGE][PASSED] - Scroll to object '//a[@awname='0.4_RITASHORTSTRINGIFZ000002::RITASHORTSTRINGIFZ000002:pricingInfoDisplay']' successfully

2020-03-16 09:56:20 - [MESSAGE][PASSED] - Object '//a[@awname='0.4_RITASHORTSTRINGIFZ000002::RITASHORTSTRINGIFZ000002:pricingInfoDisplay']' is visible

2020-03-16 09:56:21 - [MESSAGE][INFO] - Clicking element

2020-03-16 09:56:22 - [MESSAGE][PASSED] - Object: '//a[@awname='0.4_RITASHORTSTRINGIFZ000002::RITASHORTSTRINGIFZ000002:pricingInfoDisplay']' is clicked on

2020-03-16 09:56:23 - [MESSAGE][INFO] - ************* JS EXECUTED ************: false

2020-03-16 09:56:24 - [MESSAGE][PASSED] - Delayed 1 second(s)

2020-03-16 09:56:25 - [MESSAGE][INFO] - ************* JS EXECUTED ************: false

2020-03-16 09:56:26 - [MESSAGE][PASSED] - Delayed 1 second(s)

2020-03-16 09:56:26 - [MESSAGE][INFO] - ************* JS EXECUTED ************: true

2020-03-16 09:56:27 - [MESSAGE][PASSED] - Delayed 1 second(s)

2020-03-16 09:56:27 - [MESSAGE][PASSED] - Element has been clicked

2020-03-16 09:56:27 - [TEST_STEP][PASSED] - verifyTextPresent("Dec 2019 - Dec 9999", false, STOP_ON_FAILURE): Text 'Dec 2019 - Dec 9999' is present on page 

2020-03-16 09:56:29 - [MESSAGE][PASSED] - Text 'Dec 2019 - Dec 9999' is present on page 

2020-03-16 09:56:29 - [TEST_STEP][PASSED] - verifyTextPresent("To 5", false, STOP_ON_FAILURE): Text 'To 5' is present on page 

2020-03-16 09:56:30 - [MESSAGE][PASSED] - Text 'To 5' is present on page 

2020-03-16 09:56:30 - [TEST_STEP][PASSED] - termValue = xpath(LOT_TERM_APC_PRICE_LOC)).getAttribute("value"): null

2020-03-16 09:56:31 - [TEST_STEP][PASSED] - verifyMatch(termValue, "44", false, STOP_ON_FAILURE): Actual text '44' and expected text '44' are matched 

2020-03-16 09:56:31 - [MESSAGE][PASSED] - Actual text '44' and expected text '44' are matched 

2020-03-16 09:56:31 - [TEST_STEP][PASSED] - try: Element has been clicked

2020-03-16 09:56:31 - [TEST_STEP][PASSED] - aribakeywords.aribaClick(findTestObject("Page_Ariba Spend Management/span_Done")): Element has been clicked

2020-03-16 09:56:32 - [MESSAGE][PASSED] - Object 'Object Repository/Page_Ariba Spend Management/span_Done' is clickable

2020-03-16 09:56:33 - [MESSAGE][PASSED] - Scroll to object 'Object Repository/Page_Ariba Spend Management/span_Done' successfully

2020-03-16 09:56:34 - [MESSAGE][PASSED] - Object 'Object Repository/Page_Ariba Spend Management/span_Done' is visible

2020-03-16 09:56:35 - [MESSAGE][INFO] - Clicking element

2020-03-16 09:56:36 - [MESSAGE][PASSED] - Object: 'Object Repository/Page_Ariba Spend Management/span_Done' is clicked on

2020-03-16 09:56:38 - [MESSAGE][INFO] - ************* JS EXECUTED ************: true

2020-03-16 09:56:39 - [MESSAGE][PASSED] - Delayed 1 second(s)

2020-03-16 09:56:39 - [MESSAGE][PASSED] - Element has been clicked

2020-03-16 09:56:39 - [TEST_STEP][PASSED] - aribakeywords.aribaClick(aribakeywords.createTestObject("//button[@awname='ASCContentFrame:excelImportAction']")): Element has been clicked

2020-03-16 09:56:40 - [MESSAGE][PASSED] - Object '//button[@awname='ASCContentFrame:excelImportAction']' is clickable

2020-03-16 09:56:41 - [MESSAGE][PASSED] - Scroll to object '//button[@awname='ASCContentFrame:excelImportAction']' successfully

2020-03-16 09:56:42 - [MESSAGE][PASSED] - Object '//button[@awname='ASCContentFrame:excelImportAction']' is visible

2020-03-16 09:56:43 - [MESSAGE][INFO] - Clicking element

2020-03-16 09:56:44 - [MESSAGE][PASSED] - Object: '//button[@awname='ASCContentFrame:excelImportAction']' is clicked on

2020-03-16 09:56:45 - [MESSAGE][INFO] - ************* JS EXECUTED ************: false

2020-03-16 09:56:46 - [MESSAGE][PASSED] - Delayed 1 second(s)

2020-03-16 09:56:47 - [MESSAGE][INFO] - ************* JS EXECUTED ************: true

2020-03-16 09:56:48 - [MESSAGE][PASSED] - Delayed 1 second(s)

2020-03-16 09:56:48 - [MESSAGE][PASSED] - Element has been clicked

2020-03-16 09:56:48 - [TEST_STEP][PASSED] - usrDir = getProjectDir(): null

2020-03-16 09:56:48 - [TEST_STEP][PASSED] - fileToBeDwnld = aribakeywords.createTestObject("//a[@awname='ASPExcelImport:exportExcelDocumentAction']"): null

2020-03-16 09:56:48 - [TEST_STEP][PASSED] - excelName = sourcingEvent.trim() + ".xls": null

2020-03-16 09:56:48 - [TEST_STEP][ERROR] - aribakeywords.downloadFile(fileToBeDwnld, excelName, 3, 3): aribakeywords.downloadFile(fileToBeDwnld, excelName, 3, 3) FAILED.
Reason:
com.jcraft.jsch.JSchException: Auth fail
	at com.jcraft.jsch.Session.connect(Session.java:484)
	at com.jcraft.jsch.Session.connect(Session.java:162)
	at com.jcraft.jsch.Session$connect$1.call(Unknown Source)
	at common.util.fileHandling.getConnection(fileHandling.groovy:71)
	at common.util.fileHandling.downloadFile(fileHandling.groovy:240)
	at common.util.fileHandling$downloadFile.call(Unknown Source)
	at common.util.aribakeywords.downloadFile(aribakeywords.groovy:450)
	at DMSTC-2916_EventContentSheetExport.run(DMSTC-2916_EventContentSheetExport:214)
	at com.kms.katalon.core.main.ScriptEngine.run(ScriptEngine.java:194)
	at com.kms.katalon.core.main.ScriptEngine.runScriptAsRawText(ScriptEngine.java:119)
	at com.kms.katalon.core.main.TestCaseExecutor.runScript(TestCaseExecutor.java:331)
	at com.kms.katalon.core.main.TestCaseExecutor.doExecute(TestCaseExecutor.java:322)
	at com.kms.katalon.core.main.TestCaseExecutor.processExecutionPhase(TestCaseExecutor.java:301)
	at com.kms.katalon.core.main.TestCaseExecutor.accessMainPhase(TestCaseExecutor.java:293)
	at com.kms.katalon.core.main.TestCaseExecutor.execute(TestCaseExecutor.java:227)
	at com.kms.katalon.core.main.TestSuiteExecutor.accessTestCaseMainPhase(TestSuiteExecutor.java:129)
	at com.kms.katalon.core.main.TestSuiteExecutor.accessTestSuiteMainPhase(TestSuiteExecutor.java:112)
	at com.kms.katalon.core.main.TestSuiteExecutor.execute(TestSuiteExecutor.java:81)
	at com.kms.katalon.core.main.TestCaseMain.startTestSuite(TestCaseMain.java:157)
	at com.kms.katalon.core.main.TestCaseMain$startTestSuite$0.call(Unknown Source)
	at TempTestSuite1584329506754.run(TempTestSuite1584329506754.groovy:35)


2020-03-16 09:56:48 - [MESSAGE][INFO] - Cleanup for '/Users/i331477/git/S4MicroServiceKatalon/Reports/TestSuite/20200316_090146/EventLotWithAPCTerm_1584332603077.xls': false

2020-03-16 09:56:48 - [MESSAGE][INFO] - GridHostName:10.173.0.211

2020-03-16 09:56:53 - [MESSAGE][ERROR] - aribakeywords.downloadFile(fileToBeDwnld, excelName, 3, 3) FAILED.
Reason:
com.jcraft.jsch.JSchException: Auth fail
	at com.jcraft.jsch.Session.connect(Session.java:484)
	at com.jcraft.jsch.Session.connect(Session.java:162)
	at com.jcraft.jsch.Session$connect$1.call(Unknown Source)
	at common.util.fileHandling.getConnection(fileHandling.groovy:71)
	at common.util.fileHandling.downloadFile(fileHandling.groovy:240)
	at common.util.fileHandling$downloadFile.call(Unknown Source)
	at common.util.aribakeywords.downloadFile(aribakeywords.groovy:450)
	at DMSTC-2916_EventContentSheetExport.run(DMSTC-2916_EventContentSheetExport:214)
	at com.kms.katalon.core.main.ScriptEngine.run(ScriptEngine.java:194)
	at com.kms.katalon.core.main.ScriptEngine.runScriptAsRawText(ScriptEngine.java:119)
	at com.kms.katalon.core.main.TestCaseExecutor.runScript(TestCaseExecutor.java:331)
	at com.kms.katalon.core.main.TestCaseExecutor.doExecute(TestCaseExecutor.java:322)
	at com.kms.katalon.core.main.TestCaseExecutor.processExecutionPhase(TestCaseExecutor.java:301)
	at com.kms.katalon.core.main.TestCaseExecutor.accessMainPhase(TestCaseExecutor.java:293)
	at com.kms.katalon.core.main.TestCaseExecutor.execute(TestCaseExecutor.java:227)
	at com.kms.katalon.core.main.TestSuiteExecutor.accessTestCaseMainPhase(TestSuiteExecutor.java:129)
	at com.kms.katalon.core.main.TestSuiteExecutor.accessTestSuiteMainPhase(TestSuiteExecutor.java:112)
	at com.kms.katalon.core.main.TestSuiteExecutor.execute(TestSuiteExecutor.java:81)
	at com.kms.katalon.core.main.TestCaseMain.startTestSuite(TestCaseMain.java:157)
	at com.kms.katalon.core.main.TestCaseMain$startTestSuite$0.call(Unknown Source)
	at TempTestSuite1584329506754.run(TempTestSuite1584329506754.groovy:35)]]></system-out>
         <system-err><![CDATA[2020-03-16 09:53:22 - [TEST_CASE][ERROR] - Test Cases/DMS/PricingConditionSupportForLots - Copy/DMSTC-2916_EventContentSheetExport: Test Cases/DMS/PricingConditionSupportForLots - Copy/DMSTC-2916_EventContentSheetExport FAILED.
Reason:
com.jcraft.jsch.JSchException: Auth fail
	at com.jcraft.jsch.Session.connect(Session.java:484)
	at com.jcraft.jsch.Session.connect(Session.java:162)
	at com.jcraft.jsch.Session$connect$1.call(Unknown Source)
	at common.util.fileHandling.getConnection(fileHandling.groovy:71)
	at common.util.fileHandling.downloadFile(fileHandling.groovy:240)
	at common.util.fileHandling$downloadFile.call(Unknown Source)
	at common.util.aribakeywords.downloadFile(aribakeywords.groovy:450)
	at DMSTC-2916_EventContentSheetExport.run(DMSTC-2916_EventContentSheetExport:214)
	at com.kms.katalon.core.main.ScriptEngine.run(ScriptEngine.java:194)
	at com.kms.katalon.core.main.ScriptEngine.runScriptAsRawText(ScriptEngine.java:119)
	at com.kms.katalon.core.main.TestCaseExecutor.runScript(TestCaseExecutor.java:331)
	at com.kms.katalon.core.main.TestCaseExecutor.doExecute(TestCaseExecutor.java:322)
	at com.kms.katalon.core.main.TestCaseExecutor.processExecutionPhase(TestCaseExecutor.java:301)
	at com.kms.katalon.core.main.TestCaseExecutor.accessMainPhase(TestCaseExecutor.java:293)
	at com.kms.katalon.core.main.TestCaseExecutor.execute(TestCaseExecutor.java:227)
	at com.kms.katalon.core.main.TestSuiteExecutor.accessTestCaseMainPhase(TestSuiteExecutor.java:129)
	at com.kms.katalon.core.main.TestSuiteExecutor.accessTestSuiteMainPhase(TestSuiteExecutor.java:112)
	at com.kms.katalon.core.main.TestSuiteExecutor.execute(TestSuiteExecutor.java:81)
	at com.kms.katalon.core.main.TestCaseMain.startTestSuite(TestCaseMain.java:157)
	at com.kms.katalon.core.main.TestCaseMain$startTestSuite$0.call(Unknown Source)
	at TempTestSuite1584329506754.run(TempTestSuite1584329506754.groovy:35)]]></system-err>
      </testcase>
      <system-out><![CDATA[2020-03-16 09:01:48 - [TEST_SUITE][FAILED] - TestSuite: Test Cases/DMS/PricingConditionSupportForLots - Copy/DMSTC-2917_DownloadBidComparisonWithAPCLot FAILED.
Reason:
com.kms.katalon.core.exception.StepFailedException: Call Test Case 'Test Cases/DMS/UtilTests/CreateSourcingEvent' failed
	at com.kms.katalon.core.keyword.builtin.CallTestCaseKeyword$_callTestCase_closure1.doCall(CallTestCaseKeyword.groovy:63)
	at com.kms.katalon.core.keyword.builtin.CallTestCaseKeyword$_callTestCase_closure1.call(CallTestCaseKeyword.groovy)
	at com.kms.katalon.core.keyword.internal.KeywordMain.runKeyword(KeywordMain.groovy:66)
	at com.kms.katalon.core.keyword.builtin.CallTestCaseKeyword.callTestCase(CallTestCaseKeyword.groovy:81)
	at com.kms.katalon.core.keyword.builtin.CallTestCaseKeyword.execute(CallTestCaseKeyword.groovy:44)
	at com.kms.katalon.core.keyword.internal.KeywordExecutor.executeKeywordForPlatform(KeywordExecutor.groovy:56)
	at com.kms.katalon.core.keyword.BuiltinKeywords.callTestCase(BuiltinKeywords.groovy:334)
	at DMSTC-2917_DownloadBidComparisonWithAPCLot.run(DMSTC-2917_DownloadBidComparisonWithAPCLot:103)
	at com.kms.katalon.core.main.ScriptEngine.run(ScriptEngine.java:194)
	at com.kms.katalon.core.main.ScriptEngine.runScriptAsRawText(ScriptEngine.java:119)
	at com.kms.katalon.core.main.TestCaseExecutor.runScript(TestCaseExecutor.java:331)
	at com.kms.katalon.core.main.TestCaseExecutor.doExecute(TestCaseExecutor.java:322)
	at com.kms.katalon.core.main.TestCaseExecutor.processExecutionPhase(TestCaseExecutor.java:301)
	at com.kms.katalon.core.main.TestCaseExecutor.accessMainPhase(TestCaseExecutor.java:293)
	at com.kms.katalon.core.main.TestCaseExecutor.execute(TestCaseExecutor.java:227)
	at com.kms.katalon.core.main.TestSuiteExecutor.accessTestCaseMainPhase(TestSuiteExecutor.java:129)
	at com.kms.katalon.core.main.TestSuiteExecutor.accessTestSuiteMainPhase(TestSuiteExecutor.java:112)
	at com.kms.katalon.core.main.TestSuiteExecutor.execute(TestSuiteExecutor.java:81)
	at com.kms.katalon.core.main.TestCaseMain.startTestSuite(TestCaseMain.java:157)
	at com.kms.katalon.core.main.TestCaseMain$startTestSuite$0.call(Unknown Source)
	at TempTestSuite1584329506754.run(TempTestSuite1584329506754.groovy:35)
Caused by: com.kms.katalon.core.exception.StepFailedException: Fail to click on Object : TestObject - 'Object Repository/div_Run Stager'
Test Element : [[CRemoteWebDriver: chrome on LINUX (2031313509a64c5dfac1d73a917290f5)] -> xpath: //td[@awname = 'TestStagerForm:runStager']]

Stack Trace : com.kms.katalon.core.exception.StepFailedException: Unable to verify object 'Object Repository/Page_Ariba Spend Management/StackTrace' is not present


	at com.kms.katalon.core.util.KeywordUtil.markFailedAndStop(KeywordUtil.java:27)
	at com.kms.katalon.core.util.KeywordUtil$markFailedAndStop$1.call(Unknown Source)
	at common.util.aribakeywords.aribaClick(aribakeywords.groovy:93)
	at common.util.aribakeywords.invokeMethod(aribakeywords.groovy)
	at com.kms.katalon.core.main.CustomKeywordDelegatingMetaClass.invokeStaticMethod(CustomKeywordDelegatingMetaClass.java:49)
	at CreateSourcingEvent.run(CreateSourcingEvent:48)
	at com.kms.katalon.core.main.ScriptEngine.run(ScriptEngine.java:194)
	at com.kms.katalon.core.main.ScriptEngine.runScriptAsRawText(ScriptEngine.java:119)
	at com.kms.katalon.core.main.TestCaseExecutor.runScript(TestCaseExecutor.java:331)
	at com.kms.katalon.core.main.TestCaseExecutor.doExecute(TestCaseExecutor.java:322)
	at com.kms.katalon.core.main.TestCaseExecutor.processExecutionPhase(TestCaseExecutor.java:301)
	at com.kms.katalon.core.main.TestCaseExecutor.accessMainPhase(TestCaseExecutor.java:293)
	at com.kms.katalon.core.main.TestCaseExecutor.execute(TestCaseExecutor.java:227)
	at com.kms.katalon.core.main.TestCaseMain.runTestCase(TestCaseMain.java:114)
	at com.kms.katalon.core.keyword.builtin.CallTestCaseKeyword$_callTestCase_closure1.doCall(CallTestCaseKeyword.groovy:59)
	... 20 more]]></system-out>
      <system-err><![CDATA[2020-03-16 09:01:48 - [TEST_SUITE][FAILED] - TestSuite: Test Cases/DMS/PricingConditionSupportForLots - Copy/DMSTC-2917_DownloadBidComparisonWithAPCLot FAILED.
Reason:
com.kms.katalon.core.exception.StepFailedException: Call Test Case 'Test Cases/DMS/UtilTests/CreateSourcingEvent' failed
	at com.kms.katalon.core.keyword.builtin.CallTestCaseKeyword$_callTestCase_closure1.doCall(CallTestCaseKeyword.groovy:63)
	at com.kms.katalon.core.keyword.builtin.CallTestCaseKeyword$_callTestCase_closure1.call(CallTestCaseKeyword.groovy)
	at com.kms.katalon.core.keyword.internal.KeywordMain.runKeyword(KeywordMain.groovy:66)
	at com.kms.katalon.core.keyword.builtin.CallTestCaseKeyword.callTestCase(CallTestCaseKeyword.groovy:81)
	at com.kms.katalon.core.keyword.builtin.CallTestCaseKeyword.execute(CallTestCaseKeyword.groovy:44)
	at com.kms.katalon.core.keyword.internal.KeywordExecutor.executeKeywordForPlatform(KeywordExecutor.groovy:56)
	at com.kms.katalon.core.keyword.BuiltinKeywords.callTestCase(BuiltinKeywords.groovy:334)
	at DMSTC-2917_DownloadBidComparisonWithAPCLot.run(DMSTC-2917_DownloadBidComparisonWithAPCLot:103)
	at com.kms.katalon.core.main.ScriptEngine.run(ScriptEngine.java:194)
	at com.kms.katalon.core.main.ScriptEngine.runScriptAsRawText(ScriptEngine.java:119)
	at com.kms.katalon.core.main.TestCaseExecutor.runScript(TestCaseExecutor.java:331)
	at com.kms.katalon.core.main.TestCaseExecutor.doExecute(TestCaseExecutor.java:322)
	at com.kms.katalon.core.main.TestCaseExecutor.processExecutionPhase(TestCaseExecutor.java:301)
	at com.kms.katalon.core.main.TestCaseExecutor.accessMainPhase(TestCaseExecutor.java:293)
	at com.kms.katalon.core.main.TestCaseExecutor.execute(TestCaseExecutor.java:227)
	at com.kms.katalon.core.main.TestSuiteExecutor.accessTestCaseMainPhase(TestSuiteExecutor.java:129)
	at com.kms.katalon.core.main.TestSuiteExecutor.accessTestSuiteMainPhase(TestSuiteExecutor.java:112)
	at com.kms.katalon.core.main.TestSuiteExecutor.execute(TestSuiteExecutor.java:81)
	at com.kms.katalon.core.main.TestCaseMain.startTestSuite(TestCaseMain.java:157)
	at com.kms.katalon.core.main.TestCaseMain$startTestSuite$0.call(Unknown Source)
	at TempTestSuite1584329506754.run(TempTestSuite1584329506754.groovy:35)
Caused by: com.kms.katalon.core.exception.StepFailedException: Fail to click on Object : TestObject - 'Object Repository/div_Run Stager'
Test Element : [[CRemoteWebDriver: chrome on LINUX (2031313509a64c5dfac1d73a917290f5)] -> xpath: //td[@awname = 'TestStagerForm:runStager']]

Stack Trace : com.kms.katalon.core.exception.StepFailedException: Unable to verify object 'Object Repository/Page_Ariba Spend Management/StackTrace' is not present


	at com.kms.katalon.core.util.KeywordUtil.markFailedAndStop(KeywordUtil.java:27)
	at com.kms.katalon.core.util.KeywordUtil$markFailedAndStop$1.call(Unknown Source)
	at common.util.aribakeywords.aribaClick(aribakeywords.groovy:93)
	at common.util.aribakeywords.invokeMethod(aribakeywords.groovy)
	at com.kms.katalon.core.main.CustomKeywordDelegatingMetaClass.invokeStaticMethod(CustomKeywordDelegatingMetaClass.java:49)
	at CreateSourcingEvent.run(CreateSourcingEvent:48)
	at com.kms.katalon.core.main.ScriptEngine.run(ScriptEngine.java:194)
	at com.kms.katalon.core.main.ScriptEngine.runScriptAsRawText(ScriptEngine.java:119)
	at com.kms.katalon.core.main.TestCaseExecutor.runScript(TestCaseExecutor.java:331)
	at com.kms.katalon.core.main.TestCaseExecutor.doExecute(TestCaseExecutor.java:322)
	at com.kms.katalon.core.main.TestCaseExecutor.processExecutionPhase(TestCaseExecutor.java:301)
	at com.kms.katalon.core.main.TestCaseExecutor.accessMainPhase(TestCaseExecutor.java:293)
	at com.kms.katalon.core.main.TestCaseExecutor.execute(TestCaseExecutor.java:227)
	at com.kms.katalon.core.main.TestCaseMain.runTestCase(TestCaseMain.java:114)
	at com.kms.katalon.core.keyword.builtin.CallTestCaseKeyword$_callTestCase_closure1.doCall(CallTestCaseKeyword.groovy:59)
	... 20 more]]></system-err>
   </testsuite>
</testsuites>
